
启动多 Expert 圆桌打磨（最多 5 轮）
============================================================

▶ 第 1 轮 — 圆桌研讨

[学科内容专家] Calling tool: load_skill with {'skill_name': 'case_knowledge'}
╔══ 学科内容专家 ═══ 17:01:29 （用时 30.5s）

── 修改意见 ──
1. 【位置】例题1｜【问题】例题包含两个子问题（①标价500元打8折后售价；②打8折后售价400元求标价），但分析部分只解答了第二个问题，第一个问题未给出答案和计算过程。｜【依据】rubric_mapping: C 一般性不严谨｜【建议】补充第一问的解答：售价 = 500 × 0.8 = 400（元），使两个子问题均有完整解答。
2. 【位置】巩固练习 练习1｜【问题】设篮球 x 个，解 65x + 45(10 − x) = 520 得 x = 3.5，即篮球 3.5 个、排球 6.5 个，不符合实际物品个数须为整数的情境。教案未提供答案，但数据设计导致问题无法得到有实际意义的整数解。｜【依据】rubric_mapping: C 一般性不严谨｜【建议】调整数据使解为整数，例如将总花费改为 530 元（得篮球 4 个、排球 6 个），或改为 510 元（得篮球 3 个、排球 7 个），需教研复核确认。
3. 【位置】板书设计｜【问题】行程模型写为 "s₁ + s₂ = s总"，该式仅适用于相遇问题，并非所有行程问题的通用模型。｜【依据】rubric_mapping: C 一般性不严谨｜【建议】改为 "相遇问题：s₁ + s₂ = s总"，明确模型适用条件。
4. 【位置】课堂小结｜【问题】"行程问题：路程 = 速度 × 时间" 过于泛化，未体现本节课实际使用的相遇模型（s₁ + s₂ = s总），与例题3不匹配。｜【依据】rubric_mapping: C 一般性不严谨｜【建议】改为 "相遇问题：甲路程 + 乙路程 = 总路程" 或保留 "路程 = 速度 × 时间" 作为基础公式，再补充本节课使用的具体模型。
5. 【位置】标题及全文｜【问题】标题为 "购物中的数学"，但例题2（植树分配）和例题3（行程）均与购物无关，标题与大部分教学内容不匹配。｜【依据】rubric_mapping: E3 术语统一｜【建议】将标题改为 "一元一次方程的应用" 或 "一元一次方程的应用——购物与生活"，使标题能涵盖所有例题类型。
6. 【位置】情境导入与新知探究｜【问题】情境导入用 "买笔和笔记本" 问题，但例题1直接切换为服装打折，导入情境未延续到后续例题，过渡生硬。｜【依据】rubric_mapping: E5 环节过渡与逻辑关系｜【建议】将情境导入的问题改编为与例题1相同的打折场景，或在新知探究开头用一句话衔接（如 "刚才我们用算术方法解决了购物问题，下面学习如何用方程解决更多购物问题"）。
[素养导向教研员] Calling tool: load_skill with {'skill_name': 'case_knowledge'}
╔══ 素养导向教研员 ═══ 17:02:11 （用时 72.6s）

── 修改意见 ──
1. 【位置】教学目标｜【问题】目标使用"知识与技能""过程与方法""情感态度与价值观"三维框架，未使用义教数学课标规定的素养目标语言；缺少"三会"总纲（会用数学的眼光观察现实世界、会用数学的思维思考现实世界、会用数学的语言表达现实世界）及对应学段的下位要素（如模型意识、应用意识、运算能力等）｜【依据】rubric_mapping: 数学义教使用"三会"总纲及对应学段表述｜【建议】将目标改写为素养目标格式，例如："【模型意识】能从购物情境中识别等量关系，建立一元一次方程模型并求解，体会方程是刻画现实世界中等量关系的数学语言。"
2. 【位置】教学目标｜【问题】目标中无任何可观察的行为动词，"理解""掌握""体会""培养"均不可直接观察，无法判断学生是否达成｜【依据】rubric_mapping: F1 素养目标行为化——要求"能做什么"的行为同时出现｜【建议】将每条目标替换为"能……"的行为表述，如"能根据购物小票中的数量与总价信息，设未知数列出一元一次方程并求解"。
3. 【位置】教学过程·情境导入｜【问题】导入情境（购物小票）在后续例题中未被继续使用：例题1跳至服装打折、例题2跳至植树分配、例题3跳至行程问题，情境仅起"开场"作用，未在至少两个后续环节中实质承载探究任务｜【依据】rubric_mapping: F4 真实情境与探究——要求导入后至少两个环节实质使用情境｜【建议】将例题1—例题3全部替换为购物情境下的子问题（如：不同折扣组合、团购与单品比价、满减与打折哪个更划算），使"购物"情境贯穿新知探究全程。
4. 【位置】教学过程·新知探究｜【问题】例题的分析、设元、列方程、求解均由教师直接呈现，未给学生留出自主组织路径、选择方法或表达思路的空间；无任何"你是怎样想到的""为什么这样设元"等思路外显要求｜【依据】rubric_mapping: F3 思维参与——要求递进问题链和合格的思路外显；F5 学生主体与生成——要求学生自主组织路径、产出可观察成果｜【建议】将每个例题改为"学生先独立尝试→小组交流思路→全班展示不同设元/列式方法→教师点拨优化"的流程，并在小组交流环节增设追问："你们为什么设这个量为未知数？等量关系从哪里找到的？"
5. 【位置】教学过程·巩固练习｜【问题】练习1和练习2仅有题目，没有明确说明如何检核学生是否达成目标；未设置检核标准或可观察的达成证据，无法判断"会列方程"到什么程度算合格｜【依据】rubric_mapping: F6 目标达成检核——要求检核内容对应本课目标，且水平描述能被本课活动实际观察｜【建议】在巩固练习后增加"检核环节"：学生交换批改并标注等量关系来源，教师巡视记录典型的正确/错误列式，选取2—3份不同思路在班级展示讨论，以此作为目标达成的可观察证据。
6. 【位置】教学目标｜【问题】"情感态度与价值观"目标（感受数学与日常生活的紧密联系）无对应的教学活动和检核证据，属于"写了但没落实"｜【依据】rubric_mapping: F6 目标达成检核——要求检核内容对应本课目标｜【建议】删除该条目标，或将其实质化为可观察行为，例如："能用数学语言向同伴解释购物决策中的数量关系，体会方程作为决策工具的价值"，并在小结环节让学生用一句话说说"方程帮自己解决了什么购物问题"。
7. 【位置】教学过程｜【问题】未提供官方学情 profile，无法判断任务难度、开放度、先备知识、支架与分层是否适配学生实际｜【依据】rubric_mapping: D5 学情检查——仅以输入 profile 为证据｜【建议】请补充官方学情数据（如学生对方程概念的掌握程度、生活购物经验、运算能力分布等），再据此调整例题的开放度（如将部分例题改为条件缺失或多余信息的变式）和支架（如为后进生提供等量关系填空模板）。
╔══ 学情适配专家 ═══ 17:02:13 （用时 74.7s）

── 无修改意见 ──

  [主持人] 汇总合并中...
  [主持人] 用时 16.7s
    ✓ 合并完成

  合并后教案预览（前200字）:
    # 一元一次方程的应用——购物中的数学

## 教学目标

### 【模型意识】
1. 能从购物情境中识别等量关系，建立一元一次方程模型并求解，体会方程是刻画现实世界中等量关系的数学语言。
2. 能根据购物小票中的数量与总价信息，设未知数列出一元一次方程并求解。
3. 能运用方程模型解决分配问题、相遇问题等常见生活情境，检验解是否符合实际意义。
4. 能用数学语言向同伴解释购物决策中的数量关系，体...

  [评审专家] 评审中...
  评审用时 21.9s
  总分: 84.25/100 (上一轮: -) | should_stop: False
  评分明细: A=10, B=11.25, C=20, D=10.5, E=10, F=22.5

▶ 第 2 轮 — 圆桌研讨

╔══ 素养导向教研员 ═══ 17:03:05 （用时 13.7s）

── 修改意见 ──
1. 【位置】教学过程·新知探究（例题2、例题3）｜【问题】情境导入使用"购物小票"，但例题2（植树分配）和例题3（行程相遇）完全脱离购物情境，情境仅起开场作用，未在导入后至少两个环节中实质承载任务，上一轮已指出此问题但未修改｜【依据】rubric_mapping: F4 真实情境与探究——要求导入后至少两个环节实质使用情境｜【建议】将例题2改为购物中的"打包分配"问题（如：买笔和笔记本两种组合包装，总价不变求各组合数量），将例题3改为购物中的"合买分摊"问题（如：两人合买同一商品，各出多少钱使总花费刚好等于商品总价），使"购物"情境贯穿整节新课。
2. 【位置】教学目标｜【问题】目标仅标注"【模型意识】"一个素养要素，未使用义教数学课标"三会"总纲语言（会用数学的眼光观察现实世界、会用数学的思维思考现实世界、会用数学的语言表达现实世界），也未体现运算能力、应用意识等本课可发展的其他核心素养要素｜【依据】rubric_mapping: 数学义教使用"三会"总纲及对应学段的数感、量感、符号意识、运算能力、几何直观、空间观念、推理、数据、模型、应用与创新表述｜【建议】将目标标题改为"【模型意识·应用意识】"或在总述中引用"三会"框架，例如在目标前加一句："本课聚焦'会用数学的语言表达现实世界'，重点发展模型意识和应用意识。"
3. 【位置】教学过程·新知探究（例题1—例题3）｜【问题】教师追问仅停留在"设哪个量为未知数""等量关系从哪里找到"，属于事实性回忆，未要求学生比较不同设元策略的优劣或解释"为什么这样设更简洁"，缺乏递进性问题链和深层思维外显｜【依据】rubric_mapping: F3 思维参与——要求递进问题链和合格的思路外显；孤立的"说说怎么想"不算证据｜【建议】在每个例题的追问中增加比较性问题，如："如果设另一个量为未知数，方程会变成什么样？哪种设元方法更简单？为什么？"并要求学生在小组内用"先……再……因为……"的句式完整表述思路。
4. 【位置】教学过程·新知探究（例题1—例题3）｜【问题】"学生独立尝试→小组交流→全班展示"后，教师直接给出完整解答过程，未让学生对不同方法进行评价、修正或择优，学生缺少自主判断和迭代产出的机会｜【依据】rubric_mapping: F5 学生主体与生成——要求学生自主组织路径、产出可观察成果，并根据差异产生讨论或迭代｜【建议】在全班展示不同设元方法后，改为"学生互评：哪种方法更优？为什么？"，然后由学生自己修正初始解答，教师仅在学生无法达成一致时介入点拨。
5. 【位置】教学过程·巩固练习｜【问题】检核环节设计了交换批改和展示讨论，但未给出具体的达成标准（如"能正确列出方程的占多少比例视为达标""何种错误需全班纠正"），检核仍缺乏可操作的水平描述｜【依据】rubric_mapping: F6 目标达成检核——要求检核内容对应本课目标，且水平描述能被本课活动实际观察｜【建议】在检核环节前增加一句标准说明，例如："能独立设未知数列出正确方程并检验解的意义为'达标'；能正确标注等量关系来源为'良好'；能指出同伴列式中的等量关系错误为'优秀'"。
6. 【位置】教学过程｜【问题】全篇未提供官方学情 profile，无法判断例题难度、开放度、支架与分层是否适配学生实际；上一轮已指出但未补充｜【依据】rubric_mapping: D5 学情检查——仅以输入 profile 为证据，不用教案自拟学情替代｜【建议】请补充官方学情数据（如学生对方程概念的掌握程度、购物生活经验、运算能力分布等），再据此调整：①为后进生提供"等量关系填空模板"支架；②为学优生增加"条件多余或缺失"的变式挑战。
╔══ 学科内容专家 ═══ 17:03:16 （用时 25.0s）

── 无修改意见 ──
[学情适配专家] Calling tool: load_skill with {'skill_name': 'case_knowledge'}
╔══ 学情适配专家 ═══ 17:03:48 （用时 57.0s）

── 修改意见 ──
1. 【位置】教学过程 例题2、例题3｜【问题】两例题分别为植树分配问题和相遇问题，与课题"购物中的数学"及目标1、2、4中的"购物情境""购物决策"脱节，情境贯穿性断裂，导致目标4"购物决策中的数量关系"无对应活动支撑｜【依据】rubric_mapping: D1｜【建议】将例题2替换为购物满减/优惠券分摊问题（如"两人合购满减商品，如何分摊费用"），将例题3替换为购物比价问题（如"两家超市同款商品不同折扣，哪家更划算"），使全部例题统一在购物情境下，并为目标4提供实质活动载体

2. 【位置】教学过程 新知探究（例题1—3）｜【问题】所有例题均未提供学生典型错误预设与应对策略，例如学生可能将"多出6棵"误列为"2x - 6"、将相遇问题中的路程和误写为路程差等｜【依据】rubric_mapping: B3｜【建议】在每个例题的"教师点拨优化"后增加"预设与应对"子项，列出该题最常见的2—3种错误列式及教师回应话术（如"有同学列了2x - 6 = 3x + 12，大家看看等号两边分别表示什么？"）

3. 【位置】教学重点与难点｜【问题】难点"理解题意，准确找到等量关系并建模"在全文中未获得分层支架或变式突破，仅靠教师追问"等量关系在哪里"作为唯一应对，缺乏对学困生的脚手架设计｜【依据】rubric_mapping: D2｜【建议】在例题1之后增加一个"支架小站"环节：提供填空式等量关系模板（如"___ × ___ = ___"）、关键词语对照表（"多出→+""缺少→-"），供有需要的小组取用；在巩固练习中设置一道"找等量关系"专项训练（只列等量关系不求解）

4. 【位置】教案全文｜【问题】缺少学情分析，无法判断例题难度（如相遇问题是否已学）、学生已有方程基础水平、以及购物情境的生活经验差异，导致D5学情开放度与支架问题无法核对｜【依据】rubric_mapping: D5｜【建议】在教学目标前增加"学情分析"推荐件，包含：①学生已掌握一元一次方程解法但建模经验不足；②对"多/少""共/差"等关键词的数学化转译是常见障碍；③购物情境贴近生活但折扣计算可能涉及百分数需课前唤醒

5. 【位置】教学目标 目标4｜【问题】目标4"能用数学语言向同伴解释购物决策中的数量关系"在全文中仅有课堂小结一句"用一句话说说"作为检核，缺乏结构化活动（如角色扮演、方案对比论证）让同伴真正经历"解释—质疑—修正"过程｜【依据】rubric_mapping: D1｜【建议】在巩固练习后增加"购物决策论证"环节（5分钟）：每组从练习1或替换后的例题中选取一个方案，用方程向邻组解释"为什么这个购买方案更划算"，邻组用"我同意/质疑，因为……"句式回应，教师记录典型论证作为目标4的可观察证据

  [主持人] 汇总合并中...
  [主持人] 用时 27.9s
    ✓ 合并完成

  合并后教案预览（前200字）:
    # 一元一次方程的应用——购物中的数学

## 学情分析（推荐件）
- 学生已掌握一元一次方程的解法，但将实际问题转化为方程模型的建模经验不足。
- 对“多出/缺少”“共/差”等关键词的数学化转译是常见障碍，容易混淆加减关系。
- 购物情境贴近生活，但折扣计算涉及百分数，部分学生可能遗忘，需课前唤醒。

## 教学目标

**本课聚焦“会用数学的语言表达现实世界”，重点发展模型意识和应用意识。**...

  [评审专家] 评审中...
  评审用时 29.4s
  总分: 75.75/100 (上一轮: 84.25) | should_stop: False
  评分明细: A=4, B=11.25, C=20, D=10.5, E=10, F=20

▶ 第 3 轮 — 圆桌研讨

╔══ 学情适配专家 ═══ 17:04:59 （用时 13.1s）

── 修改意见 ──
1. 【位置】教案全文｜【问题】教案在例题3"预设与应对"处中断，课堂小结、巩固练习、布置作业、板书设计、教学反思均缺失，常规课核心件"教学过程"不完整（缺小结与巩固环节），A结构完整性严重扣分｜【依据】rubric_mapping: 常规课核心件——教学过程应含情境导入、探究学习、例题巩固、课堂小结或同义环节｜【建议】补全课堂小结（含列方程五步骤回顾及三种购物模型总结）、巩固练习（至少2道购物情境练习题，附等量关系标注检核标准）、布置作业（必做+选做，与目标1—3对应）、板书设计及教学反思

2. 【位置】教学目标 目标4｜【问题】目标4"能用数学语言向同伴解释购物决策中的数量关系"在现有教案中仅有"学生互评：哪种方法更优"作为活动，该活动聚焦方法优劣比较而非"解释决策中的数量关系"，目标与活动不匹配，且无结构化同伴互动设计｜【依据】rubric_mapping: D1｜【建议】在例题探究后增加"购物决策论证"环节（5分钟）：每组选择一道例题或自拟方案，用方程向邻组论证"为什么这个方案更划算"，邻组用"我同意/质疑，因为……"句式回应，教师记录典型论证作为目标4的可观察证据

3. 【位置】教学过程 例题3｜【问题】例题3设便宜金额为 $y$ 列方程 $80 \times 0.8 = 85 \times 0.75 + y$，但学生更自然的思路是先分别计算实付价再比较相减；强行列方程偏离实际比价决策逻辑，与目标3"体会方程作为决策工具的价值"形成逻辑张力｜【依据】rubric_mapping: D1｜【建议】将例题3主解法改为"分别计算两家实付价→比较大小→计算差价"三步法，方程解法作为拓展思路放在"想一想"中，突出比价问题的实际决策流程

4. 【位置】教学过程 例题1、2、3｜【问题】三组例题的"学生互评"重复使用同一句式"哪种方法更优？为什么？"，缺乏渐进变化，学生可能形成机械应答，且未体现目标4要求的"向同伴解释"的完整互动过程｜【依据】rubric_mapping: B1 环节展开度｜【建议】将互评设计为递进形式：例题1侧重"比较不同设元方法的优劣"，例题2侧重"论证等量关系选择的合理性"，例题3侧重"向同伴完整解释购买决策的依据"，使互评层次随探究深入逐步提升
╔══ 素养导向教研员 ═══ 17:05:00 （用时 14.2s）

── 修改意见 ──
1. 【位置】教学过程·后半部分（例题3之后）｜【问题】教案在例题3的"预设与应对"中突然中断，缺少巩固练习、课堂小结、板书设计和作业布置四个环节；上一轮已要求补全这些环节，本轮未完成｜【依据】rubric_mapping: F6 目标达成检核——要求检核内容对应本课目标；D5 学情检查——巩固练习是检验学情适配的关键环节｜【建议】补全完整教学过程：①巩固练习设置2—3道购物情境变式题（如满减与打折哪个更划算、团购分摊），并附检核标准；②课堂小结让学生用"先……再……最后……"句式完整复述建模过程；③板书设计保留；④作业设置分层（必做为基础购物列方程，选做为开放设计题如"为家庭购物设计最优支付方案"）。
2. 【位置】教学过程·新知探究（例题1—例题3）｜【问题】学生互评环节仅停留在"哪种方法更优？为什么？"，教师在学生互评后直接给出标准答案，未留出"学生根据互评意见自主修正→二次展示修正后方案→教师再点拨"的迭代空间，学生缺少从错误到正确的完整生成过程｜【依据】rubric_mapping: F5 学生主体与生成——要求学生自主组织路径、产出可观察成果，并根据差异产生讨论或迭代｜【建议】将"学生互评→教师点拨优化"改为"学生互评→学生自主修正初始解答→小组内二次交流修正方案→教师选取典型修正前后对比进行全班点评"，让学生经历完整的"尝试—反思—修正"迭代。
3. 【位置】教学过程·例题1教师追问｜【问题】追问的第一问"你们设哪个量为未知数？等量关系从哪里找到的？"属于事实性回忆，第二问"如果设第一问的售价为未知数，方程会变成什么样？哪种设元方法更简单？为什么？"虽有比较但仅涉及设元方法，未触及更深层的思维层次（如"等量关系是否唯一？如果换个角度找等量关系，方程会怎样？"）｜【依据】rubric_mapping: F3 思维参与——要求递进问题链和合格的思路外显｜【建议】在每个例题的追问中增加第三层递进问题，例如例题1可追问："除了标价×折扣=售价这个等量关系，还能找到其他等量关系吗？如果换个等量关系列方程，结果一样吗？为什么？"
4. 【位置】教学过程·支架小站｜【问题】支架小站设在例题1之后，但学情分析指出"折扣计算涉及百分数，部分学生可能遗忘"，而例题1恰好涉及折扣计算，支架应在例题1之前或之中提供而非之后，时序错位导致学困生在例题1环节已遇到困难却无支架可用｜【依据】rubric_mapping: D5 学情检查——检查任务难度、开放度、先备知识、支架与分层是否明确呼应profile｜【建议】将支架小站移至情境导入之后、例题1之前，作为"课前唤醒"环节；或在例题1的学生独立尝试阶段将填空模板作为"可选提示卡"提前发放给需要的学生，而非事后补充。
5. 【位置】教学目标｜【问题】目标3表述为"能运用方程模型解决购物中的优惠分摊、比价等问题"，但教案中例题2（满减优惠分摊）和例题3（比价）均涉及折扣和百分数运算，而学情分析指出"折扣计算涉及百分数，部分学生可能遗忘"，目标3未体现对折扣计算这一先备技能的唤醒或检核｜【依据】rubric_mapping: F1 素养目标行为化——要求"能做什么"的行为同时出现；D5 学情检查——以输入profile为证据｜【建议】在目标3中增加先备技能提示，或增设一条前置目标："能回顾并正确计算百分数折扣（如八折=0.8），为购物建模扫清计算障碍。"
╔══ 学科内容专家 ═══ 17:05:09 （用时 23.4s）

── 修改意见 ──
1. 【位置】教学过程·新知探究·例题3｜【问题】教案在"折扣相同的情况下才能"处截断，缺少预设与应对的后续内容，且整个教学过程缺少巩固练习、课堂小结、布置作业和板书设计等核心环节，教案不完整。｜【依据】rubric_mapping: C 一般性不严谨｜【建议】补全例题3被截断的预设与应对内容（如"折扣相同的情况下才能直接比较折扣率；原价不同时，需分别计算实际售价再比较"），并补充巩固练习、课堂小结、布置作业和板书设计环节。
2. 【位置】学情分析｜【问题】标题写为"学情分析（推荐件）"，其中"（推荐件）"非标准教案术语，易引起使用者对学情分析是否为必填项的困惑。｜【依据】rubric_mapping: E3 术语统一｜【建议】删除"（推荐件）"，改为"学情分析"即可。
3. 【位置】支架小站·关键词对照表｜【问题】"多出"对应"总量 + 多出的量 = ……"表述含混：若"总量"指已分配的量，则"总量 + 多出的量 = 实际总数"正确；但学生可能误将"总量"理解为最终总数，导致逻辑混乱。｜【依据】rubric_mapping: C 一般性不严谨｜【建议】改为"多出 → 每人分的总量 + 多出的数量 = 物品总数"，使等量关系方向清晰，待教研核对。
4. 【位置】教学过程·新知探究｜【问题】该环节标注时长20分钟，但包含例题1（含学生互评）、支架小站（3分钟）、例题2（含学生互评）、例题3（含学生互评），共四个子活动，实际所需时间远超20分钟。｜【依据】rubric_mapping: C 一般性不严谨｜【建议】将新知探究时长调整为30—35分钟，或将支架小站设为课前预习材料、课上只做简要回顾。
5. 【位置】教学目标 目标4｜【问题】目标4要求"能用数学语言向同伴解释购物决策中的数量关系"，但教学过程中虽有"学生互评"环节，并未设计让学生系统阐述决策理由的具体任务（如口头汇报框架或书面表达模板），目标缺乏可观察的评估活动支撑。｜【依据】rubric_mapping: C 一般性不严谨｜【建议】在例题2或例题3的展示环节后增加"写一句购物建议"或"用方程向同伴说明选择理由"的微写作/口头表达任务，使目标4有对应活动可检。

  [主持人] 汇总合并中...
  [主持人] 用时 56.9s
    ✓ 合并完成

  合并后教案预览（前200字）:
    # 一元一次方程的应用——购物中的数学

## 学情分析
- 学生已掌握一元一次方程的解法，但将实际问题转化为方程模型的建模经验不足。
- 对“多出/缺少”“共/差”等关键词的数学化转译是常见障碍，容易混淆加减关系。
- 购物情境贴近生活，但折扣计算涉及百分数，部分学生可能遗忘，需课前唤醒。

## 教学目标

**本课聚焦“会用数学的语言表达现实世界”，重点发展模型意识和应用意识。**

###...

  [评审专家] 评审中...
  评审用时 10.2s
  总分: 74.75/100 (上一轮: 75.75) | should_stop: False
  评分明细: A=4, B=11.25, C=20, D=10.5, E=9, F=20

▶ 第 4 轮 — 圆桌研讨

[学情适配专家] Calling tool: load_skill with {'skill_name': 'rubric_mapping'}
╔══ 素养导向教研员 ═══ 17:06:29 （用时 13.2s）

── 修改意见 ──
1. 【位置】教学过程｜【问题】教案在例题3"预设与应对"处中断，缺少巩固练习、课堂小结、板书设计、布置作业四个核心环节，导致F6目标达成检核完全无法执行——没有巩固练习就没有可观察的学生表现来检核目标1—4是否达成｜【依据】rubric_mapping: F6 目标达成检核——要求检核内容对应本课目标，且水平描述能被本课活动实际观察｜【建议】补全完整教学过程：①巩固练习设置2—3道购物情境变式题（如"满200减30"与"全场八折"哪个更划算、团购分摊），并附检核标准（"能独立列正确方程并检验为达标；能指出同伴列式错误为优秀"）；②课堂小结让学生用"先找等量关系→再设未知数→再列方程→再求解检验"的句式完整复述建模过程，并对照目标0—4逐条自评达成情况。
2. 【位置】教学过程·新知探究（例题1—例题3）｜【问题】学生互评环节均标注了"递进主题"（如"比较不同设元方法的优劣""论证等量关系选择的合理性"），但未给出学生互评时可参照的评价标准或评分维度，学生缺乏评价工具，互评容易流于表面｜【依据】rubric_mapping: F5 学生主体与生成——要求学生自主组织路径、产出可观察成果｜【建议】为每个互评环节提供2—3条简易评价维度，例如例题1互评标准："①是否说清了设元理由（1分）；②是否比较了至少两种方法（1分）；③是否给出了优化建议（1分）。"让学生有据可依地互评。
3. 【位置】教学过程·例题3教师追问第三层｜【问题】第三层追问"除了比较实付价，还能从折扣率角度思考吗？为什么不能只看折扣率？"是教师直接引导学生得出"不能只看折扣率"的结论，属于封闭式追问，未给学生留出自主发现和论证的空间｜【依据】rubric_mapping: F3 思维参与——要求递进问题链和合格的思路外显｜【建议】将第三层追问改为开放式探究问题："如果只看折扣率，你会建议去哪家？实际结果和你预想的一样吗？为什么会出现差异？请用计算验证你的猜想。"让学生先预测、再计算、再反思，经历完整的认知冲突与修正过程。
4. 【位置】教学目标·目标0｜【问题】目标0"能回顾并正确计算百分数折扣"虽已前置，但学情分析指出"折扣计算涉及百分数，部分学生可能遗忘"，而支架小站中仅举例"八折=0.8，七五折=0.75"，未设置让学生当堂计算验证的环节，目标0在教学中无对应的可观察检核活动｜【依据】rubric_mapping: F1 素养目标行为化——要求"能做什么"的行为同时出现；F6 目标达成检核——要求检核内容对应本课目标｜【建议】在支架小站中增加1分钟快速检测：出示3道折扣换算题（如"六折=？三折=？八五折=？"），学生举手或写板展示答案，教师据此判断是否需额外讲解，使目标0有可观察的达成证据。
5. 【位置】教学过程·例题2｜【问题】例题2"满减优惠分摊"情境中，合并付款满200减30，小明商品65元+小红商品140元=205元，刚好满足满减条件。但学情未说明学生是否已具备"满减"的生活经验，若学生对"满减规则"不熟悉，则建模前的题意理解本身已构成额外认知负荷｜【依据】rubric_mapping: D5 学情检查——检查任务难度、开放度、先备知识、支架与分层是否明确呼应profile｜【建议】在呈现例题2前增加30秒"满减规则速懂"环节：用一句话+一个简单例子说明"购物满200元就可以少付30元"，并请一位学生用自己的话复述规则，确认全体理解后再进入建模。
╔══ 学科内容专家 ═══ 17:06:34 （用时 18.1s）

── 修改意见 ──
1. 【位置】教学过程·新知探究·例题3｜【问题】教案在例题3的"预设与应对"中截断（"回应：'折扣相同的情况下才能"处中止），且缺少巩固练习、课堂小结、布置作业、板书设计等全部后续环节，教学过程不完整。｜【依据】rubric_mapping: C 一般性不严谨｜【建议】补全例题3被截断的预设与应对（如"折扣相同的情况下才能直接比较折扣率；原价不同时，需分别计算实际售价再比较"），并补全巩固练习（至少2道购物情境变式题）、课堂小结（回顾五步骤及三种购物模型）、布置作业和板书设计。
2. 【位置】教学目标｜【问题】目标编号从"0."开始，不符合常规教学目标从1开始编号的惯例；且目标0（折扣计算）属于先备知识唤醒，不宜与核心目标并列编号。｜【依据】rubric_mapping: E4 编号跳档与层级混乱｜【建议】将目标0改为"课前唤醒"环节中的复习目标，核心目标从1开始编号；或标注为"前置目标"以区别于核心目标。
3. 【位置】教学过程·课前唤醒·关键词对照表｜【问题】"多出"的对应关系写为"每人分的总量 + 多出的数量 = 物品总数"，其中"每人分的总量"易被学生误解为"每人分到的数量"（人均量）而非"已分配的总量"（人均量×人数），导致等量关系混淆。｜【依据】rubric_mapping: C 一般性不严谨｜【建议】改为"每人分得的数量 × 人数 + 多出的数量 = 物品总数"，使乘法关系显式化，待教研核对。
╔══ 学情适配专家 ═══ 17:06:42 （用时 25.8s）

── 修改意见 ──
1. 【位置】教案全文｜【问题】教案在例题3"预设与应对"处中断，缺少巩固练习、课堂小结、布置作业、板书设计四个环节；常规课核心件"教学过程"不完整（缺巩固练习与课堂小结），上一轮已连续三次要求补全但未完成，A结构完整性严重扣分｜【依据】rubric_mapping: 常规课核心件——教学过程应含情境导入、探究学习、例题巩固、课堂小结或同义环节｜【建议】补全：①巩固练习（2道购物情境变式题，如"买3送1"优惠问题、购物满减与折扣组合问题，附等量关系标注检核标准）；②课堂小结（回顾列方程五步骤，总结三种购物模型，用"今天我学会了……"句式让学生口头输出）；③布置作业（必做对应目标1—2，选做对应目标3—4）；④板书设计（保留现有结构，增加"购物模型"专栏）

2. 【位置】教学目标 目标0｜【问题】目标编号为"0."，且内容为"回顾并正确计算百分数折扣"，属于先备知识唤醒而非本课新授目标；将其列为教学目标违反教学目标应指向"本课新达成的学习结果"的基本规范，且造成目标—活动—评价映射混乱｜【依据】rubric_mapping: D1——每条目标应有对应活动与检核证据｜【建议】删除目标0编号或将内容移入学情分析"课前准备"子项；支架小站中的折扣唤醒改为"课前热身"环节而非目标，确保目标1—4编号连续且均为本课新授目标

3. 【位置】教学目标 目标4｜【问题】目标4"用数学语言向同伴解释购物决策中的数量关系"对应的活动仅为学生互评"用'因为…所以…'向同伴说明你的购买建议"，该活动聚焦"购买建议"而非"数量关系"的解释，且缺少结构化同伴互动（如质疑—回应—修正的完整对话链），目标与活动不匹配｜【依据】rubric_mapping: D1——独立核对每条目标的活动与检核证据，不采信自我声明｜【建议】在例题3之后增加"购物论证会"环节（5分钟）：每组选一道例题，用方程向邻组完整解释"等量关系是什么→方程怎么列→解的意义是什么→为什么选这个方案"，邻组用"我同意/质疑，因为……"句式回应；教师记录至少3条含"等量关系""方程""决策"关键词的学生发言作为目标4的可观察证据

4. 【位置】教学过程 情境导入｜【问题】导入中购物小票问题（笔2元/支、笔记本5元/本，共9件花27元）学生用算术方法（如假设法、列举法）即可求解，但教师过渡语说"下面学习用方程解决"，后续例题却未回扣该导入问题让学生尝试用方程重新求解，导入产出未被新知探究实质使用，形成环节拼盘｜【依据】rubric_mapping: D3——要求前环节产出被后环节实质使用，不把过渡语当作衔接证据｜【建议】在例题1之后增加"回看导入"微环节（2分钟）：要求学生用方程重新求解导入中的购物小票问题（设笔x支，则笔记本9-x本，列方程2x+5(9-x)=27），对比算术方法与方程方法的异同，使导入产出成为新知探究的第一个应用对象

  [主持人] 汇总合并中...
  [主持人] 用时 29.7s
    ✓ 合并完成

  合并后教案预览（前200字）:
    # 一元一次方程的应用——购物中的数学

## 学情分析
- 学生已掌握一元一次方程的解法，但将实际问题转化为方程模型的建模经验不足。
- 对“多出/缺少”“共/差”等关键词的数学化转译是常见障碍，容易混淆加减关系。
- 购物情境贴近生活，但折扣计算涉及百分数，部分学生可能遗忘，需课前唤醒。

## 教学目标

**本课聚焦“会用数学的语言表达现实世界”，重点发展模型意识和应用意识。**

###...

  [评审专家] 评审中...
  评审用时 49.4s
  总分: 86.625/100 (上一轮: 74.75) | should_stop: False
  评分明细: A=4, B=13.125, C=20, D=12, E=10, F=27.5

▶ 第 5 轮 — 圆桌研讨

╔══ 学情适配专家 ═══ 17:08:13 （用时 11.8s）

── 修改意见 ──
1. 【位置】教学过程｜【问题】教案在巩固练习后缺失课堂小结环节（含列方程五步骤回顾及三种购物模型总结），常规课核心件"教学过程"应含课堂小结或同义环节，当前结构不完整｜【依据】rubric_mapping: 常规课核心件——教学过程应含情境导入、探究学习、例题巩固、课堂小结或同义环节｜【建议】在巩固练习后增加"课堂小结"环节（3分钟）：①教师引导学生回顾列方程五步骤；②学生用"今天我学会了用方程解决____问题，关键是找到____"句式口头输出；③教师总结三种购物模型（折扣、满减分摊、比价），呼应目标1—3

2. 【位置】教学过程｜【问题】缺少布置作业和板书设计两个非核心件，导致D4（核对作业/板书与目标）无法执行——无法判断作业是否对应目标1—3、板书是否涵盖核心模型｜【依据】rubric_mapping: D4——对常规课核对作业/板书与目标｜【建议】在课堂小结后增加：①布置作业——必做题：教材对应练习题（对应目标1—2）；选做题：自编一道购物情境方程应用题并求解（对应目标3—4）；②板书设计——保留现有"步骤+模型"结构，增加"购物模型"专栏列出折扣、满减分摊、比价三种情境的等量关系式

3. 【位置】教学过程 五、巩固练习｜【问题】检核标准"达标/良好/优秀"三级描述未与教学目标1—4逐一绑定，例如"达标"描述"能独立设未知数列出正确方程"对应目标1和2，但未覆盖目标3（比价、分摊）和目标4（解释决策），导致目标3—4在巩固环节无可观察检核点｜【依据】rubric_mapping: D1——独立核对每条目标的活动与检核证据｜【建议】在检核标准中增加目标3—4的对应层级：达标（能正确列方程求解购物问题，对应目标1—2）；良好（能完成两种方案比较并检验解的意义，对应目标3）；优秀（能向同伴完整解释决策依据并用方程论证，对应目标4）
╔══ 学科内容专家 ═══ 17:08:14 （用时 13.2s）

── 修改意见 ──
1. 【位置】教学过程｜【问题】教案缺少课堂小结、布置作业和板书设计三个核心环节，上一轮及此前多轮评审已反复要求补全，至今未完成。｜【依据】rubric_mapping: C 一般性不严谨｜【建议】补全：①课堂小结（回顾列方程五步骤，总结三种购物模型：折扣、满减分摊、比价）；②布置作业（如教材习题+1道购物情境选做题）；③板书设计（列出步骤与模型对应关系）。
2. 【位置】教学过程｜【问题】各环节时间合计：情境导入5分钟 + 课前唤醒2分钟 + 新知探究30分钟 + 购物论证会5分钟 + 巩固练习10分钟 = 52分钟，超过常规课45分钟课时。｜【依据】rubric_mapping: C 一般性不严谨｜【建议】将新知探究压缩至25分钟（如缩短学生互评与二次交流时间），或将课前唤醒的快速检测并入情境导入，使总时间控制在45分钟以内。
3. 【位置】巩固练习·练习2｜【问题】"甲超市满200减30，乙超市全场八五折。小明要买一件标价240元的商品"——甲超市实付210元，乙超市实付204元，乙更划算且便宜6元。但教案未给出答案，且"满200减30"与例题2的满减规则相同，变式梯度不足。｜【依据】rubric_mapping: C 一般性不严谨｜【建议】补充答案（乙超市更划算，便宜6元），并将练习2改为不同满减门槛的对比（如"甲超市满300减50，乙超市满200减30，小明要买一件标价280元的商品"），增加变式层次。
╔══ 素养导向教研员 ═══ 17:08:52 （用时 51.1s）

── 修改意见 ──
1. 【位置】教学过程·巩固练习｜【问题】检核标准仅覆盖目标1—3（列方程、比较方案），未覆盖目标0（折扣计算）和目标4（用数学语言解释决策），导致两条目标在本环节无可观察的达成证据；目标4的检核依赖"购物论证会"中教师记录关键词，但学生层面缺少自评标准｜【依据】rubric_mapping: F6 目标达成检核——要求检核内容对应本课目标，且水平描述能被本课活动实际观察｜【建议】在巩固练习检核标准中增加一栏："目标0：折扣换算全部正确（1分）；目标4：能用'因为…所以…'向同伴完整解释决策依据（1分）"。同时，在购物论证会中增设学生自评环节："对照目标4，给自己解释决策的清晰度打分（1—3分）。"
2. 【位置】教学过程·课前唤醒·支架小站｜【问题】快速检测中"八五折=？"的答案（0.85）在支架小站的折扣唤醒举例（八折=0.8，七五折=0.75）中未出现，学情分析指出"部分学生可能遗忘"，但支架未覆盖检测中出现的所有折扣类型，可能导致检测时部分学生仍不会换算｜【依据】rubric_mapping: D5 学情检查——检查先备知识与支架是否明确呼应profile｜【建议】在折扣唤醒举例中增加"八五折=0.85"的示例，使举例覆盖快速检测中出现的所有折扣类型（六折、三折、八五折），确保支架与检测内容一致。
3. 【位置】教学过程·购物论证会｜【问题】邻组回应句式"我同意/质疑，因为……"仅提供了回应框架，未给出"质疑"时可参照的标准（如质疑什么：等量关系是否正确？设元是否合理？解是否符合实际意义？），学生可能不知从何质疑，导致讨论流于表面｜【依据】rubric_mapping: F5 学生主体与生成——要求学生产出可观察成果，并根据差异产生讨论或迭代｜【建议】在邻组回应前增加质疑提示卡，列出三个可质疑方向：①等量关系找对了吗？②设元合理吗？③解符合实际意义吗？每组至少选择一条进行质疑或补充。

  [主持人] 汇总合并中...
  [主持人] 用时 18.0s
    ✓ 合并完成

  合并后教案预览（前200字）:
    # 一元一次方程的应用——购物中的数学

## 学情分析
- 学生已掌握一元一次方程的解法，但将实际问题转化为方程模型的建模经验不足。
- 对“多出/缺少”“共/差”等关键词的数学化转译是常见障碍，容易混淆加减关系。
- 购物情境贴近生活，但折扣计算涉及百分数，部分学生可能遗忘，需课前唤醒。

## 教学目标

**本课聚焦“会用数学的语言表达现实世界”，重点发展模型意识和应用意识。**

###...

  [评审专家] 评审中...
  评审用时 15.1s
  总分: 95.625/100 (上一轮: 86.625) | should_stop: False
  评分明细: A=10, B=13.125, C=20, D=15, E=10, F=27.5

============================================================
最终教案:

# 一元一次方程的应用——购物中的数学

## 学情分析
- 学生已掌握一元一次方程的解法，但将实际问题转化为方程模型的建模经验不足。
- 对“多出/缺少”“共/差”等关键词的数学化转译是常见障碍，容易混淆加减关系。
- 购物情境贴近生活，但折扣计算涉及百分数，部分学生可能遗忘，需课前唤醒。

## 教学目标

**本课聚焦“会用数学的语言表达现实世界”，重点发展模型意识和应用意识。**

### 【模型意识·应用意识】
1. 能从购物情境中识别等量关系，建立一元一次方程模型并求解，体会方程是刻画现实世界中等量关系的数学语言。
2. 能根据购物小票中的数量与总价信息，设未知数列出一元一次方程并求解。
3. 能运用方程模型解决购物中的优惠分摊、比价等问题，检验解是否符合实际意义。
4. 能用数学语言向同伴解释购物决策中的数量关系，体会方程作为决策工具的价值。

## 教学重点与难点
- **重点**：找出实际问题中的等量关系，正确列出一元一次方程。
- **难点**：理解题意，准确找到等量关系并建模。

## 教学过程

### 一、情境导入与课前唤醒（5分钟）

**情境导入（3分钟）**：
展示商场购物小票，提出问题：“小明去文具店买笔和笔记本，共花了27元。其中笔每支2元，笔记本每本5元。小明一共买了9件文具。你能算出他买了几支笔、几本笔记本吗？”
小组讨论，尝试用已有方法解决问题。
教师过渡：“刚才我们用算术方法解决了购物问题。下面我们学习如何用方程解决更多购物中的实际问题。”

**支架小站与快速检测（2分钟）**：
**复习目标**：能正确计算百分数折扣。
提供填空模板和关键词对照表：
- 单价 × 数量 = 总价
- 原价 × 折扣 = 现价
- 甲部分 + 乙部分 = 整体
- “多出” → 每人分得的数量 × 人数 + 多出的数量 = 物品总数
- “缺少” → 每人分得的数量 × 人数 − 缺少的数量 = 物品总数
- “共” → 两部分相加
- “比……贵/便宜” → 相差关系

**折扣唤醒**：八折=0.8，七五折=0.75，八五折=0.85，举例计算。

**快速检测**：出示“六折=？三折=？八五折=？”，学生举手或写板展示，教师判断是否需要额外讲解。

**设计意图**：从生活情境出发激发兴趣，同时唤醒先备知识，为建模扫清计算障碍。

---

### 二、新知探究（25分钟）

#### 例题1：购物折扣问题

某商店举行促销活动，每件商品按标价的8折出售。一件衣服标价500元，打折后售价是多少？如果一件衣服打8折后售价为400元，它的标价是多少？

**学生活动**：先独立尝试，小组交流。

**教师追问**（三层递进）：
1. “你们设哪个量为未知数？等量关系从哪里找到的？”
2. “如果设第一问的售价为未知数，方程会变成什么样？哪种设元方法更简单？为什么？”
3. “除了标价×折扣=售价这个等量关系，还能找到其他等量关系吗？如果换个等量关系列方程，结果一样吗？为什么？”

**全班展示**：选取2—3种不同设元方法。

**学生互评**（递进主题：比较不同设元方法的优劣）：
- 评价维度：①是否说清了设元理由（1分）；②是否比较了至少两种方法（1分）；③是否给出了优化建议（1分）。
- 互评句式：“哪种方法更优？为什么？”

**学生自主修正** → 小组内二次交流 → 教师对比点评。

**教师点拨优化**：
- 第一问：售价 = 500 × 0.8 = 400（元）
- 第二问：设标价为 $x$ 元，则 $0.8x = 400$，$x = 500$

**预设与应对**：
- 常见错误1：折扣率写成8。回应：“八折即0.8。”
- 常见错误2：解方程写成 $x = 400 \times 0.8$。回应：“等号两边同时除以0.8。”

---

#### 回看导入（1.5分钟）

**教师引导**：“现在用方程重新求解导入问题。”
设笔 $x$ 支，笔记本 $(9-x)$ 本，列方程 $2x + 5(9-x) = 27$，求解并与算术方法对比。
**教师追问**：“算术方法和方程方法有什么不同？哪种更通用？”

---

#### 例题2：购物满减优惠分摊问题

**满减规则速懂**（30秒）：“购物满200元减30元。”请一位学生复述。

某超市：购物满200元减30元。小明买了65元商品，小红买了若干商品。两人合并付款共优惠30元，实际支付175元。小红买了多少钱的商品？

**学生活动**：独立尝试，小组交流。

**教师追问**（三层递进）：
1. “合并付款前后的总价有什么关系？等量关系是什么？”
2. “如果设小明单独付款为未知数，方程会变成什么样？哪种设元更简单？”
3. “还能找到其他等量关系吗？比如用优惠后的单价来列方程？”

**全班展示** → **学生互评**（递进主题：论证等量关系选择的合理性）：
- 评价维度：①是否说清了等量关系来源（1分）；②是否论证了选择合理性（1分）；③是否提出了替代方案（1分）。
- 互评句式：“这个等量关系合理吗？为什么选择它？”

**学生自主修正** → 小组内二次交流 → 教师对比点评。

**教师点拨优化**：设小红买了 $x$ 元，$(65 + x) - 30 = 175$，解得 $x = 140$。

**预设与应对**：
- 常见错误：忘记减30或加30。回应：“优惠是减少，不是增加。”

---

#### 例题3：超市比价问题

甲超市：书包标价80元，打八折；乙超市：同款标价85元，打七五折。哪家更划算？便宜多少元？

**学生活动**：独立尝试，小组交流。

**教师追问**（三层递进）：
1. “先算什么，再算什么？等量关系是什么？”
2. “如果设甲超市便宜 $y$ 元，方程怎么列？哪种方法更简单？”
3. **开放式探究**：“如果只看折扣率，你会建议去哪家？实际结果和你预想的一样吗？为什么？请用计算验证。”

**全班展示**（三步法为主，方程法为“想一想”拓展）→ **学生互评**（递进主题：向同伴完整解释购买决策的依据）：
- 评价维度：①是否说清了等量关系（1分）；②是否用计算验证了结论（1分）；③是否完整解释了决策理由（1分）。
- 互评句式：“请用‘因为…所以…’向同伴说明你的购买建议。”

**学生自主修正** → 小组内二次交流 → 教师对比点评。

**教师点拨优化**：
- 甲：$80 \times 0.8 = 64$（元）
- 乙：$85 \times 0.75 = 63.75$（元）
- 乙更划算，便宜 $64 - 63.75 = 0.25$（元）
- **想一想**：设便宜 $y$ 元，$80 \times 0.8 = 85 \times 0.75 + y$，$y = 0.25$

**预设与应对**：
- 常见错误：直接比折扣。回应：“折扣相同才能比；原价不同需算实付价。”

---

### 三、购物论证会（5分钟）

**教师组织**：每组从三道例题中任选一道，用方程向邻组完整解释“等量关系→方程→解的意义→为什么选这个方案”。

**质疑提示卡**（三个方向）：
① 等量关系找对了吗？
② 设元合理吗？
③ 解符合实际意义吗？
每组至少选择一条进行质疑或补充。

**邻组回应**：用“我同意/质疑，因为……”句式。

**学生自评**：对照目标4，给自己解释决策的清晰度打分（1—3分）。

**教师记录**：至少记录3条含“等量关系”“方程”“决策”关键词的学生发言。

**设计意图**：为目标4提供结构化活动支撑，让学生经历完整的论证过程。

---

### 四、巩固练习（8分钟）

**练习1**：某商店“买3送1”，每件原价15元。小明买4件，实际支付多少？如果选“全场八折”，买4件需多少？哪种更划算？
（答案：买3送1付3件钱45元；八折付4×15×0.8=48元；买3送1更划算）

**练习2**：甲超市满300减50，乙超市满200减30。小明要买一件标价280元的商品，去哪家更划算？便宜多少元？
（答案：甲实付280-50=230元；乙实付280-30=250元；甲更划算，便宜20元）

**检核标准**：
- **达标**：能正确设未知数列出方程并检验解的意义；折扣换算全部正确（对应目标1、2及前置技能）。
- **良好**：能完成两种方案比较，正确标注等量关系来源（对应目标3）。
- **优秀**：能向同伴完整解释决策依据并用方程论证（对应目标4）。

---

### 五、课堂小结（2分钟）

**教师引导**：
1. 回顾列方程五步骤：审题→设元→列方程→解方程→检验。
2. 学生用“今天我学会了用方程解决____问题，关键是找到____”句式口头输出。
3. 教师总结三种购物模型：
   - 折扣问题：原价×折扣=现价
   - 满减分摊：合并总价−优惠=实际支付
   - 比价问题：分别计算实付价再比较

---

### 六、布置作业（1分钟）

**必做题**：教材第85页练习题第1-3题（对应目标1-2）。
**选做题**：自编一道购物情境方程应用题并求解，要求写出等量关系（对应目标3-4）。

---

## 板书设计

```
一元一次方程的应用——购物中的数学

一、步骤              二、购物模型
1. 审题               1. 折扣：原价×折扣=现价
2. 设元               2. 满减分摊：总价−优惠=实付
3. 列方程             3. 比价：分别算实付再比较
4. 解方程
5. 检验
```

## 教学反思

（课后填写）

  → .\outputs_practice\demo001_MATH01_polished.md
  → .\outputs_practice\demo001_MATH01_process.json

==================================================
运行格式自检...
================================================================
附录 D 提交契约自查报告
目标目录: G:\.Study\.CS\repo\Xpert\code\outputs_practice
================================================================

-- WARN (4) ----------------------------------------
[WARN] STR-04  demo001_BIO01_polished.md: 未发现'过程/任务'类标题（教学过程/任务链/教学环节…）
         修复: 教学过程/任务链是核心结构件，请确认标题可被识别。
[WARN] STR-04  demo001_CHN01_polished.md: 未发现'过程/任务'类标题（教学过程/任务链/教学环节…）
         修复: 教学过程/任务链是核心结构件，请确认标题可被识别。
[WARN] SCH-08  demo001_CHN01_process.json: roles 仅 2 个（工程实现目标要求 ≥3 个差异化专家角色）
         修复: 确认专家角色数量满足需求文档第三节；主持人不计入专家角色数。
[WARN] STR-04  demo001_MATH02_polished.md: 未发现'过程/任务'类标题（教学过程/任务链/教学环节…）
         修复: 教学过程/任务链是核心结构件，请确认标题可被识别。

-- PASS (14) ----------------------------------------
[PASS] NAME-OK 发现 4 对命名合规且成对的提交文件
[PASS] ENC-OK  demo001_BIO01_polished.md: UTF-8 编码、非空（5260 字符）
[PASS] TEX-OK  demo001_BIO01_polished.md: LaTeX 定界符配对正常（$$ ×0, $ ×0）
[PASS] JSN-OK  demo001_BIO01_process.json: Schema 校验通过（roles ×5, discussion ×15, modifications ×67）
[PASS] ENC-OK  demo001_CHN01_polished.md: UTF-8 编码、非空（5017 字符）
[PASS] TEX-OK  demo001_CHN01_polished.md: LaTeX 定界符配对正常（$$ ×0, $ ×0）
[PASS] JSN-OK  demo001_CHN01_process.json: Schema 校验通过（roles ×2, discussion ×4, modifications ×25）
[PASS] ENC-OK  demo001_MATH01_polished.md: UTF-8 编码、非空（4278 字符）
[PASS] TEX-OK  demo001_MATH01_polished.md: LaTeX 定界符配对正常（$$ ×0, $ ×34）
[PASS] STR-OK  demo001_MATH01_polished.md: 标题结构粗检通过（检出 7 个一/二级标题）
[PASS] JSN-OK  demo001_MATH01_process.json: Schema 校验通过（roles ×5, discussion ×25, modifications ×89）
[PASS] ENC-OK  demo001_MATH02_polished.md: UTF-8 编码、非空（2125 字符）
[PASS] TEX-OK  demo001_MATH02_polished.md: LaTeX 定界符配对正常（$$ ×0, $ ×8）
[PASS] JSN-OK  demo001_MATH02_process.json: Schema 校验通过（roles ×5, discussion ×25, modifications ×125）

================================================================
结论: WARN — 契约层通过，可提交；4 项警告建议处理（结构类警告不处理的评分后果自负）。
================================================================

