
启动 Expert-Judge 打磨循环（最多 5 轮）
============================================================

▶ 第 1 轮 — Expert 思考中...

我发现当前教案存在以下问题：

1. **驱动性问题不够聚焦**：虽然描述了“为山区小学设计测力计”的情境，但缺少一个开放、真实、挑战性的驱动性问题来统领整个项目。需要明确提出一个核心问题，激发学生探究。

2. **教学目标可测量性不足**：目标1中“理解弹力的概念”缺乏具体行为表现；目标2的“测量误差≤10%”是好的，但需要明确学生如何展示；目标4的情感目标可单独列出。建议按照知识、能力、情感三维度细化，使用可观察动词。

3. **缺少教学重难点**：教案未明确重难点，导致教师难以聚焦关键内容。需要根据PBL项目特点，将“弹力与胡克定律的理解”和“测力计刻度标定与迭代优化”作为重难点。

4. **活动1探究深度可加强**：虽然设计了实验，但对“弹性限度”的讨论不够深入，图像分析引导可更具体。建议增加对非线性段的分析，并引导学生思考如何利用线性段。

5. **活动2设计环节缺少刻度标定指导**：学生可能不知道如何将橡皮筋伸长量转化为刻度。需要增加“如何确定刻度均匀性”的子任务，并鼓励多根橡皮筋并联等创新方案。

6. **活动3评价量规可补充工程文档维度**：量规只关注成品，缺少对设计过程、说明书、迭代记录的评价。建议增加“设计报告完整性”维度。

7. **总结反思环节可更聚焦迭代经验**：自我评价问题较泛，可引导学生具体描述迭代改进的过程和效果。

8. **结构完整性**：教案缺少“教学重难点”和“驱动性问题”的明确标题，需要在开头补充。同时，活动之间的过渡可以更自然。

基于以上分析，我将对教案进行打磨，保留原有学科内容和结构，重点优化驱动性问题、教学目标、重难点、活动细节和评价量规。

  Judge 评审中...
  总分: 90/100 | should_stop: True
  评分明细: A=9, B=12, C=20, D=14, E=10, F=25

  ✓ 达到终止条件，打磨完成。

============================================================
最终教案:

# 设计一款皮筋测力计

设计团队：某教育研究团队（信息已按合作协议脱敏）

## 驱动性问题

**如何用橡皮筋制作一把准确、耐用、刻度清晰的测力计，让山区小学的同学也能轻松测量力的大小？**

## 项目简介

弹簧测力计是初中物理实验中常用的测量工具。但你知道吗？用一根普通的橡皮筋，也能制作出简易测力计。橡皮筋被拉伸时会产生弹力，拉伸长度与所受拉力之间有什么关系？如何让自制的皮筋测力计测量更准确、刻度更均匀？本项目以“设计一款皮筋测力计”为驱动任务，让学生在动手制作中理解弹力和胡克定律的本质，体验工程设计与迭代优化的完整流程。

## 教学重难点

- **重点**：通过实验探究橡皮筋伸长量与拉力的关系，理解胡克定律及其适用条件；掌握测力计刻度标定的方法。
- **难点**：如何利用橡皮筋的非线性特性，选择合适的线性段进行刻度标定，并通过迭代优化提高测量精度。

## 项目目标

### 知识与技能
1. 能通过实验记录橡皮筋在不同拉力下的伸长量数据，绘制 $F-\Delta L$ 图像，并用自己的语言描述弹力概念及胡克定律的内容。
2. 能根据给定材料（橡皮筋、纸板、回形针、砝码等）设计并制作一款简易测力计，完成刻度标定，实现量程 0-5N、分度值 ≤ 0.5N，测量误差 ≤ 10%。

### 过程与方法
3. 能完整经历“问题定义 → 方案设计 → 原型制作 → 测试迭代”的工程设计过程，运用控制变量法和数据处理方法（列表法、图像法）分析实验数据。

### 情感态度与价值观
4. 在小组合作中主动沟通、认真倾听，能客观评价自己与他人的设计方案，并提出有建设性的改进建议，培养实事求是、精益求精的科学态度。

## 项目导引：认识弹力与测量

### 【项目背景】

弹簧测力计是实验室中最常见的测量工具之一，无论是测量重力、拉力还是摩擦力，都离不开它。但如果没有现成的弹簧测力计，你能用身边的材料自己做一个吗？

橡皮筋是生活中常见的弹性材料，用它制作测力计可行吗？用橡皮筋做的测力计和用弹簧做的有什么不同？如何让自制的测力计测量得更准确？

*（图略：弹簧测力计与橡皮筋对比图）*

### 【开启项目】

假设你是一名产品设计师，接到一个紧急任务：为某山区小学设计一批简易测力计，用于科学课教学。材料有限——只有橡皮筋、硬纸板、回形针、砝码和刻度贴纸。要求测力计量程 0-5N，刻度清晰，使用方便。

---

**【调查分析】** 要完成这个任务，我们需要先弄清楚：弹力是什么？橡皮筋的伸长与拉力有什么关系？

---

### 【项目策划】

#### 活动1：探究橡皮筋的伸长与拉力的关系

**实验目的**：探究橡皮筋伸长量 $\Delta L$ 与所受拉力 $F$ 之间的关系，找出适合制作测力计的线性范围。

**实验器材**：橡皮筋、铁架台、刻度尺、钩码（每个 0.5N，共 10 个）。

**实验步骤**：

1. 将橡皮筋一端固定在铁架台上，另一端自然下垂，记录初始位置 $L_0$。
2. 逐个悬挂钩码（每次增加 0.5N），记录每次的总长度 $L$，计算伸长量 $\Delta L = L - L_0$。
3. 继续增加钩码直至橡皮筋明显失去弹性或断裂，记录超出弹性限度时的现象。
4. 将数据记录在表格中，以拉力 $F$ 为横坐标、伸长量 $\Delta L$ 为纵坐标，绘制 $F-\Delta L$ 关系图像。

**【交流研讨】**

1. 观察图像：在拉力较小时，$\Delta L$ 与 $F$ 是什么关系？是正比吗？与弹簧的 $F-\Delta L$ 图像有何异同？
2. 当拉力增大到某个值后，图像发生了什么变化？这说明橡皮筋存在什么特性？
3. 如果要制作测力计，你会选择图像中的哪一段作为量程？为什么？如何确定这个线性段的范围？
4. 如果换用不同粗细或材质的橡皮筋，图像会怎样变化？这对设计有什么启示？

*（图略：学生实验场景示意图）*

**数据记录表**：

| 钩码个数 | 拉力 $F$ (N) | 橡皮筋总长度 $L$ (cm) | 伸长量 $\Delta L$ (cm) | 备注 |
|----------|-------------|----------------------|----------------------|------|
| 0        | 0           | $L_0$ =              | 0                    | 初始 |
| 1        | 0.5         |                      |                      |      |
| 2        | 1.0         |                      |                      |      |
| 3        | 1.5         |                      |                      |      |
| 4        | 2.0         |                      |                      |      |
| …        | …           | …                    | …                    |      |

---

#### 活动2：设计并制作皮筋测力计

**设计要求**：

- 量程：0-5N
- 分度值：≤ 0.5N
- 材料：橡皮筋若干、硬纸板、回形针、刻度贴纸、胶带
- 可以小组为单位，也可个人独立完成

**【设计方案】**

1. 根据活动1的数据，确定橡皮筋的线性范围。如果单根橡皮筋线性段不足 5N，可考虑多根橡皮筋并联使用。
2. 画出测力计设计草图，标注各部件名称和功能。
3. 完成设计表：

| 部件 | 材料 | 功能说明 |
|------|------|---------|
| 弹性元件 | 橡皮筋（数量、规格） | 提供弹力，拉伸长度与拉力成线性关系 |
| 外壳 | 硬纸板 | 固定刻度，保护内部 |
| 挂钩 | 回形针 | 连接被测量物体 |
| 指针 | 回形针/牙签 | 指示刻度位置 |
| 刻度标尺 | 刻度贴纸 | 根据线性段数据标定刻度值 |

**【刻度标定步骤】**

1. 将测力计空载时指针位置标记为 0N。
2. 依次悬挂已知重量的砝码（如 0.5N、1.0N、1.5N……直到 5N），每次记录指针位置，并在刻度贴纸上对应标记。
3. 检查相邻刻度间距是否均匀。若间距不均匀，说明超出了线性范围，应缩小量程或更换橡皮筋。
4. 在刻度贴纸上画出分度线（如每 0.5N 一条主刻度线，每 0.1N 一条细分刻度线）。

**【测试与迭代】**

1. 用已知重力的物体（如标准砝码、已知质量的苹果等）检验测力计的准确性，记录测量值与真实值的偏差。
2. 如果偏差超过 10%，分析原因（如橡皮筋非线性、固定点松动、刻度标定误差等），并改进设计（如更换橡皮筋、调整固定方式、重新标定刻度、增加导轨减少摩擦等）。
3. 记录至少 2 次迭代改进前后的测量数据对比，填入下表：

| 迭代次数 | 改进措施 | 测试物体 | 真实值 (N) | 测量值 (N) | 误差 (%) |
|---------|---------|---------|-----------|-----------|---------|
| 1       |         |         |           |           |         |
| 2       |         |         |           |           |         |

---

#### 活动3：产品发布与互评

**【成果展示】**

各小组展示测力计成品及其使用说明（包括量程、分度值、使用注意事项），现场测量指定物体的重力，并记录测量结果。

**【生生互评】**

评价维度包括：测量准确性、刻度清晰度、结构稳固性、设计创意、设计报告完整性（含设计草图、迭代记录、使用说明）。

| 评价维度 | 评分标准 | 得分（1-5） | 备注 |
|---------|---------|------------|------|
| 测量准确性 | 与弹簧测力计测量值偏差 ≤ 10% | | 现场测量 |
| 刻度清晰度 | 刻度线均匀、数字清晰可见，分度值合理 | | |
| 结构稳固性 | 反复使用后不松脱、不变形 | | |
| 设计创意 | 有独特的结构或材料创新（如并联橡皮筋、防侧滑装置等） | | |
| 设计报告完整性 | 包含设计草图、迭代记录、使用说明，内容详实 | | |

---

## 项目总结与反思

### 【KWL 反思表】

| K（我知道的） | W（我想知道的） | L（我学到的） |
|--------------|----------------|--------------|
|               |                |              |
|               |                |              |

### 【自我评价】

1. 通过本项目的学习，我对弹力和胡克定律有了怎样的新认识？请用具体例子说明。
2. 在设计和制作过程中，我遇到了哪些困难？是如何解决的？哪一次迭代改进效果最明显？
3. 如果重新做一次，我会在哪些方面做得更好？我的设计方案还有哪些可以优化的地方？
4. 在小组合作中，我哪些方面做得好？哪些方面需要改进？

  → .\outputs_practice\demo001_MATH02_polished.md
  → .\outputs_practice\demo001_MATH02_process.json

==================================================
运行格式自检...
================================================================
附录 D 提交契约自查报告
目标目录: G:\.Study\.CS\repo\Xpert\code\outputs_practice
================================================================

-- WARN (5) ----------------------------------------
[WARN] STR-04  demo001_CHN01_polished.md: 未发现'过程/任务'类标题（教学过程/任务链/教学环节…）
         修复: 教学过程/任务链是核心结构件，请确认标题可被识别。
[WARN] SCH-08  demo001_CHN01_process.json: roles 仅 2 个（工程实现目标要求 ≥3 个差异化专家角色）
         修复: 确认专家角色数量满足需求文档第三节；主持人不计入专家角色数。
[WARN] SCH-08  demo001_MATH01_process.json: roles 仅 2 个（工程实现目标要求 ≥3 个差异化专家角色）
         修复: 确认专家角色数量满足需求文档第三节；主持人不计入专家角色数。
[WARN] STR-04  demo001_MATH02_polished.md: 未发现'过程/任务'类标题（教学过程/任务链/教学环节…）
         修复: 教学过程/任务链是核心结构件，请确认标题可被识别。
[WARN] SCH-08  demo001_MATH02_process.json: roles 仅 2 个（工程实现目标要求 ≥3 个差异化专家角色）
         修复: 确认专家角色数量满足需求文档第三节；主持人不计入专家角色数。

-- PASS (11) ----------------------------------------
[PASS] NAME-OK 发现 3 对命名合规且成对的提交文件
[PASS] ENC-OK  demo001_CHN01_polished.md: UTF-8 编码、非空（5017 字符）
[PASS] TEX-OK  demo001_CHN01_polished.md: LaTeX 定界符配对正常（$$ ×0, $ ×0）
[PASS] JSN-OK  demo001_CHN01_process.json: Schema 校验通过（roles ×2, discussion ×4, modifications ×25）
[PASS] ENC-OK  demo001_MATH01_polished.md: UTF-8 编码、非空（2834 字符）
[PASS] TEX-OK  demo001_MATH01_polished.md: LaTeX 定界符配对正常（$$ ×0, $ ×34）
[PASS] STR-OK  demo001_MATH01_polished.md: 标题结构粗检通过（检出 6 个一/二级标题）
[PASS] JSN-OK  demo001_MATH01_process.json: Schema 校验通过（roles ×2, discussion ×2, modifications ×14）
[PASS] ENC-OK  demo001_MATH02_polished.md: UTF-8 编码、非空（4284 字符）
[PASS] TEX-OK  demo001_MATH02_polished.md: LaTeX 定界符配对正常（$$ ×0, $ ×32）
[PASS] JSN-OK  demo001_MATH02_process.json: Schema 校验通过（roles ×2, discussion ×2, modifications ×14）

================================================================
结论: WARN — 契约层通过，可提交；5 项警告建议处理（结构类警告不处理的评分后果自负）。
================================================================

