
启动 Expert-Judge 打磨循环（最多 5 轮）
============================================================

▶ 第 1 轮 — Expert 思考中...

我发现当前教案存在以下问题，需要进行打磨优化：

1. **驱动性问题不够突出**：项目简介中虽然提到了“如何让自制的皮筋测力计测量更准确、刻度更均匀？”，但不够精炼和开放，缺乏真实情境的紧迫感。需要将驱动性问题提炼为一句核心问题，并置于项目开头，激发学生探究欲望。

2. **教学目标表述可优化**：目标1中“知道……并能用其解释”可以更具体，如“能运用胡克定律定性解释橡皮筋的非线性特点”；目标2中“完成刻度标定”可增加“能通过实验数据拟合出拉力-伸长量关系曲线”等可测量行为。同时缺少明确的教学重难点，需补充。

3. **活动1探究性不足**：当前实验步骤为直接给出，学生只需按流程操作，缺乏自主提出假设、设计实验、分析数据的过程。应改为更开放的任务链：先让学生预测关系，再自主设计实验方案，最后对比弹簧与橡皮筋的差异，强化科学探究。

4. **活动2设计环节缺少迭代论证**：只要求画草图和测试，缺少“方案论证”环节（如小组内比较不同设计、讨论优缺点），以及迭代改进的明确记录要求。可增加“方案可行性分析”和“迭代日志”模板。

5. **评价量规不够完善**：生生互评表只有4个维度，且评分标准较模糊（如“刻度清晰度”未定义何为清晰）。应补充自评和教师评价，细化各等级描述（如1-5分对应不同表现），并增加“使用方便性”“创新性”等维度。

6. **项目总结缺少工程反思**：KWL表格虽好，但未引导学生总结工程设计中的经验教训（如迭代优化策略、团队协作问题）。可增加“工程日志”或“迭代反思”环节。

基于以上分析，我将对教案进行系统性打磨，保留原有学科内容和结构，优化探究性、开放性和评价完整性。

  Judge 评审中...
  总分: 73/100 | should_stop: False
  评分明细: A=2, B=11, C=15, D=12, E=9, F=24

▶ 第 2 轮 — Expert 思考中...

根据评审反馈，当前教案在结构完整性（缺作业布置）、内容丰富性（缺预设回答）、内容准确性（缺完整实验方案示例）方面存在明显不足。我将进行以下修改：

1. **补充作业布置**：在项目总结后增加分层作业（基础、拓展、挑战），用于巩固和延伸，形成教学闭环。
2. **细化预设回答与应对策略**：在活动1的交流研讨中，针对每个问题预设学生可能出现的回答（如认为橡皮筋也是正比、弹性限度概念模糊等），并给出教师引导方向，提升课堂可执行性。
3. **提供完整实验方案示例**：在活动1的自主实验设计后，增加一个“参考方案”作为教师备选或学生对照，包含完整步骤、数据记录表（含示例数据）和图像分析要点，确保内容准确性。
4. **优化教学目标行为化表述**：将目标中的“理解”“知道”等改为“能描述”“能绘制”“能解释”等可观察可测量的行为动词，并增加与评价的一致性。
5. **调整结构顺序**：在项目总结后明确插入“作业布置”板块，并用二级标题区分。

  Judge 评审中...
  总分: 92/100 | should_stop: True
  评分明细: A=8, B=13, C=20, D=14, E=9, F=28

  ✓ 达到终止条件，打磨完成。

============================================================
最终教案:

# 设计一款皮筋测力计

设计团队：某教育研究团队（信息已按合作协议脱敏）

## 项目简介

**驱动性问题**：如果你是一名产品设计师，需要为山区小学设计一款简易测力计，材料只有橡皮筋、硬纸板、回形针、砝码和刻度贴纸，如何让这款测力计量程达到0-5N、刻度均匀且使用方便？

弹簧测力计是初中物理实验中常用的测量工具。但你知道吗？用一根普通的橡皮筋，也能制作出简易测力计。橡皮筋被拉伸时会产生弹力，拉伸长度与所受拉力之间是什么关系？如何让自制的皮筋测力计测量更准确、刻度更均匀？本项目以“设计一款皮筋测力计”为驱动任务，让学生在动手制作中理解弹力和胡克定律的本质，体验工程设计与迭代优化的完整流程。

## 教学目标

1. 能通过实验探究，绘制橡皮筋的拉力-伸长量（$F-\Delta L$）图像，并描述橡皮筋伸长量与拉力的非线性关系；能对比弹簧的线性关系，说出胡克定律的适用条件（弹性限度内），能用弹力知识解释生活中至少一个弹性物体的使用场景。

2. 能根据给定材料（橡皮筋、纸板、回形针、砝码等）设计并制作一款简易测力计；能通过实验数据拟合出拉力-伸长量曲线，完成刻度标定；能测量0-5N范围内的拉力，测量误差 ≤ 10%，并能用图像法解释刻度不均匀的原因。

3. 能完整经历“问题定义 → 方案设计 → 原型制作 → 测试迭代”的工程设计过程；能运用控制变量法和数据处理方法（列表法、图像法）进行实验；能记录至少2次迭代改进前后的数据对比，并分析误差来源。

4. 在小组合作中能主动参与讨论，客观评价自己与他人的设计方案，并提出至少一条基于证据的改进建议。

## 教学重难点

- **教学重点**：通过探究实验理解弹力与伸长量的关系；能根据实验数据标定测力计刻度。
- **教学难点**：分析橡皮筋的非线性特性，设计出刻度相对均匀的测力计；在迭代优化中运用工程思维解决实际问题。

## 项目导引：认识弹力与测量

### 【项目背景】

弹簧测力计是实验室中最常见的测量工具之一，无论是测量重力、拉力还是摩擦力，都离不开它。但如果没有现成的弹簧测力计，你能用身边的材料自己做一个吗？

橡皮筋是生活中常见的弹性材料，用它制作测力计可行吗？用橡皮筋做的测力计和用弹簧做的有什么不同？如何让自制的测力计测量得更准确？

*（图略：弹簧测力计与橡皮筋对比图）*

### 【开启项目】

假设你是一名产品设计师，接到一个紧急任务：为某山区小学设计一批简易测力计，用于科学课教学。材料有限——只有橡皮筋、硬纸板、回形针、砝码和刻度贴纸。要求测力计量程0-5N，刻度清晰，使用方便。

---

**【调查分析】** 要完成这个任务，我们需要先弄清楚：弹力是什么？橡皮筋的伸长与拉力有什么关系？弹簧和橡皮筋的弹性特点有什么不同？

---

### 【项目策划】

#### 活动1：探究橡皮筋的伸长与拉力的关系

**实验目的**：探究橡皮筋伸长量 $\Delta L$ 与所受拉力 $F$ 之间的关系，并与弹簧进行对比。

**引导性问题**：
- 你认为橡皮筋的伸长量与拉力是正比关系吗？请写出你的假设。
- 如何设计实验来验证你的假设？需要控制哪些变量？
- 如果橡皮筋的伸长量与拉力不是正比，那它有什么特点？如何用图像表示？

**实验器材**：橡皮筋、弹簧（可选）、铁架台、刻度尺、钩码（每个0.5N，共10个）。

**自主实验设计**（学生小组讨论后填写）：
1. 实验步骤（简述）：
2. 数据记录表（自行设计表格，包含拉力、总长度、伸长量等）：
3. 预期结果（画出你预测的 $F-\Delta L$ 图像草图）：

**参考方案（教师备选/学生对照）**：
- **实验步骤**：①将橡皮筋一端固定在铁架台上，另一端自然下垂，用刻度尺测出初始长度 $L_0$；②逐个悬挂钩码（每次增加0.5N），记录每次总长度 $L$，计算伸长量 $\Delta L = L - L_0$；③重复三次取平均值；④更换弹簧重复上述步骤（若时间允许）。
- **数据记录表示例**（含示例数据，橡皮筋可能非线性）：

| 钩码个数 | 拉力 F (N) | 总长度 L (cm) | 伸长量 ΔL (cm) | 备注 |
|----------|-----------|--------------|----------------|------|
| 0        | 0         | 10.0         | 0              |      |
| 1        | 0.5       | 12.5         | 2.5            |      |
| 2        | 1.0       | 15.5         | 5.5            |      |
| 3        | 1.5       | 19.0         | 9.0            |      |
| 4        | 2.0       | 23.0         | 13.0           |      |
| 5        | 2.5       | 27.5         | 17.5           |      |
| …        | …         | …            | …              |      |

- **图像分析**：以 $F$ 为纵轴、$\Delta L$ 为横轴作图，橡皮筋的图像是一条斜率逐渐增大的曲线（非线性），而弹簧的图像是一条过原点的直线（线性）。说明橡皮筋的伸长量与拉力不成正比，弹簧在弹性限度内成正比（胡克定律）。

**实施实验**：小组合作完成实验，记录数据，绘制 $F-\Delta L$ 关系图像。

**【交流研讨】**（含预设回答与教师应对）

1. **问题**：根据你的图像，橡皮筋的伸长量与拉力之间是什么关系？是正比关系吗？与弹簧有什么不同？
   - **预设学生回答**：可能认为也是正比（因为直观感觉拉得越长越费力），或观察到曲线后认为“不是正比”。
   - **教师应对**：引导学生观察图像是否过原点、是否为直线。强调判断正比关系的标准：图像是过原点的直线。橡皮筋的图像是曲线，说明橡皮筋的伸长量与拉力不成正比，而弹簧在弹性限度内是正比关系。可追问：“为什么橡皮筋的伸长量增加得越来越快？”（因为橡皮筋分子间作用力随拉伸变化，弹性模量非线性）

2. **问题**：在橡皮筋弹性限度内和超出弹性限度时，图像有什么变化？如何确定弹性限度？
   - **预设学生回答**：可能不知道弹性限度的概念，或认为橡皮筋一直能拉。
   - **教师应对**：演示或提示：当拉力过大，橡皮筋失去弹性（无法恢复原长），此时图像出现明显转折（斜率突变）。弹性限度就是转折点对应的拉力值。引导学生从实验中找出数据点偏离趋势的位置。

3. **问题**：如果让你用橡皮筋制作测力计，你会选择哪一段范围作为量程？为什么？
   - **预设学生回答**：可能选择全部数据范围，或只选前几组。
   - **教师应对**：强调测力计需要稳定可重复的弹性范围，应选择图像中近似直线（斜率变化较小）的一段作为量程，这样刻度相对均匀。例如，从0到2.0N之间曲线较缓，可作量程。引导学生结合误差分析。

4. **问题**：对比弹簧测力计的刻度，橡皮筋测力计的刻度是否均匀？如果不均匀，你能想到什么方法让刻度更均匀？（提示：是否可以使用多根橡皮筋并联？）
   - **预设学生回答**：可能说“不均匀，因为不是正比”，并联后可能改善。
   - **教师应对**：引导学生思考并联多根橡皮筋可以分摊拉力，使每根橡皮筋的伸长量减小，从而让整体伸长量与拉力更接近线性关系。可举例：两根相同橡皮筋并联，拉力为2N时每根受1N，伸长量减小，曲线更缓。也可考虑使用弹簧代替橡皮筋，但材料限制下只能优化。

*（图略：学生实验场景示意图）*

---

#### 活动2：设计并制作皮筋测力计

**设计要求**：
- 量程：0-5N
- 分度值：≤ 0.5N
- 材料：橡皮筋若干、硬纸板、回形针、刻度贴纸、胶带、剪刀
- 可以小组为单位，也可个人独立完成

**【设计方案与论证】**

1. **头脑风暴**：小组内讨论至少两种不同的设计思路（如单根橡皮筋、多根并联、不同固定方式等），画出草图。
2. **方案论证**：比较各方案的优缺点，填写下表，选择最优方案。

| 方案编号 | 设计草图（简述） | 优点 | 缺点 | 可行性评估（高/中/低） |
|---------|----------------|------|------|----------------------|
| 1       |                |      |      |                      |
| 2       |                |      |      |                      |

3. **确定最终方案**：画出详细设计图，标注各部件材料、尺寸和功能。

| 部件 | 材料 | 功能说明 |
|------|------|---------|
|      |      |         |
|      |      |         |

**【原型制作】** 根据设计图制作测力计原型。

**【测试与迭代】**

1. 用已知重力的物体（如砝码）检验你的测力计是否准确，记录测量值与实际值的偏差。
2. 如果有偏差，分析原因（如橡皮筋弹性不均、固定松动、刻度标定错误等），并改进设计。
3. 记录至少2次迭代改进前后的测量数据对比，填写《迭代日志》。

**迭代日志模板**：

| 迭代次数 | 改进措施 | 改进后测量值（N） | 实际值（N） | 误差（%） | 改进效果评价 |
|---------|---------|------------------|------------|----------|-------------|
| 1       |         |                  |            |          |             |
| 2       |         |                  |            |          |             |

---

#### 活动3：产品发布与互评

**【成果展示】**

各小组展示测力计成品及其使用说明，现场测量指定物体的重力（如一个文具盒、一个水杯等），并简要介绍设计思路和迭代过程。

**【评价环节】**（包括自评、互评和教师评价）

**自评表**（小组内每人填写）：

| 评价维度 | 我的表现（1-5分） | 具体说明 |
|---------|------------------|---------|
| 参与度   |                  |         |
| 合作沟通 |                  |         |
| 问题解决 |                  |         |

**生生互评表**（对其他小组评分，1-5分，需给出评语）：

| 评价维度 | 评分标准（5分为优秀，1分为待改进） | 得分 | 评语 |
|---------|----------------------------------|------|------|
| 测量准确性 | 与弹簧测力计测量值偏差 ≤ 5%得5分；偏差5%~10%得4分；偏差>10%得3分以下 |      |      |
| 刻度清晰度 | 刻度线均匀、数字清晰易读、有单位标注 |      |      |
| 结构稳固性 | 反复使用后不松脱、不变形、挂钩牢固 |      |      |
| 使用方便性 | 操作简单、读数方便、适合小学生使用 |      |      |
| 设计创意 | 有独特的结构或材料创新，能解决实际问题（如刻度不均匀问题） |      |      |

**教师评价**：根据小组展示和迭代日志，综合评定项目成果。

## 项目总结与反思

### 【KWL反思表】

| K（我知道的） | W（我想知道的） | L（我学到的） |
|--------------|----------------|--------------|
|               |                |              |
|               |                |              |

### 【工程日志反思】

1. 在设计和制作过程中，我们遇到了哪些困难？是如何解决的？请记录至少一个关键问题及解决方案。
2. 如果重新做一次，我们会在哪些方面做得更好？请从“设计思路”“实验方法”“团队协作”三个角度思考。
3. 通过本项目，你对工程设计的“迭代优化”有什么新理解？这对未来的学习有什么启发？

### 【自我评价】

1. 通过本项目的学习，我对弹力和胡克定律有了怎样的新认识？能否用所学知识解释生活中的一个弹力现象？
2. 在小组合作中，我扮演了什么角色？有哪些收获和不足？
3. 如果让你给山区小学的老师写一份使用说明，你会如何介绍这款皮筋测力计的优缺点和注意事项？

## 作业布置

为巩固项目学习成果，请完成以下分层作业（任选其一或全部完成）：

**【基础作业】**（面向全体）
1. 整理本次项目实验数据，在方格纸上精确绘制橡皮筋的 $F-\Delta L$ 图像，并标注弹性限度范围。
2. 用文字简述：为什么橡皮筋测力计的刻度通常不均匀？如何利用多根橡皮筋并联改善刻度均匀性？

**【拓展作业】**（面向能力较强学生）
3. 查阅资料，了解弹簧测力计中弹簧的材质要求（如碳素弹簧钢），对比橡皮筋的优缺点，撰写一份200字左右的《橡皮筋测力计与弹簧测力计对比报告》。

**【挑战作业】**（面向学有余力学生）
4. 尝试设计一种“刻度均匀的橡皮筋测力计”新方案（可结合杠杆、滑轮等机械结构），画出设计草图并说明原理。如果条件允许，制作改进版原型并测试效果。

**提交要求**：基础作业和拓展作业于下周一前提交；挑战作业可延后一周，作为额外加分项。

  → .\outputs_practice\demo001_MATH02_polished.md
  → .\outputs_practice\demo001_MATH02_process.json

==================================================
运行格式自检...
================================================================
附录 D 提交契约自查报告
目标目录: G:\.Study\.CS\repo\Xpert\code\outputs_practice
================================================================

-- WARN (5) ----------------------------------------
[WARN] STR-04  demo001_CHN01_polished.md: 未发现'过程/任务'类标题（教学过程/任务链/教学环节…）
         修复: 教学过程/任务链是核心结构件，请确认标题可被识别。
[WARN] SCH-08  demo001_CHN01_process.json: roles 仅 2 个（工程实现目标要求 ≥3 个差异化专家角色）
         修复: 确认专家角色数量满足需求文档第三节；主持人不计入专家角色数。
[WARN] SCH-08  demo001_MATH01_process.json: roles 仅 2 个（工程实现目标要求 ≥3 个差异化专家角色）
         修复: 确认专家角色数量满足需求文档第三节；主持人不计入专家角色数。
[WARN] STR-04  demo001_MATH02_polished.md: 未发现'过程/任务'类标题（教学过程/任务链/教学环节…）
         修复: 教学过程/任务链是核心结构件，请确认标题可被识别。
[WARN] SCH-08  demo001_MATH02_process.json: roles 仅 2 个（工程实现目标要求 ≥3 个差异化专家角色）
         修复: 确认专家角色数量满足需求文档第三节；主持人不计入专家角色数。

-- PASS (11) ----------------------------------------
[PASS] NAME-OK 发现 3 对命名合规且成对的提交文件
[PASS] ENC-OK  demo001_CHN01_polished.md: UTF-8 编码、非空（5017 字符）
[PASS] TEX-OK  demo001_CHN01_polished.md: LaTeX 定界符配对正常（$$ ×0, $ ×0）
[PASS] JSN-OK  demo001_CHN01_process.json: Schema 校验通过（roles ×2, discussion ×4, modifications ×25）
[PASS] ENC-OK  demo001_MATH01_polished.md: UTF-8 编码、非空（2834 字符）
[PASS] TEX-OK  demo001_MATH01_polished.md: LaTeX 定界符配对正常（$$ ×0, $ ×34）
[PASS] STR-OK  demo001_MATH01_polished.md: 标题结构粗检通过（检出 6 个一/二级标题）
[PASS] JSN-OK  demo001_MATH01_process.json: Schema 校验通过（roles ×2, discussion ×2, modifications ×14）
[PASS] ENC-OK  demo001_MATH02_polished.md: UTF-8 编码、非空（6282 字符）
[PASS] TEX-OK  demo001_MATH02_polished.md: LaTeX 定界符配对正常（$$ ×0, $ ×22）
[PASS] JSN-OK  demo001_MATH02_process.json: Schema 校验通过（roles ×2, discussion ×4, modifications ×23）

================================================================
结论: WARN — 契约层通过，可提交；5 项警告建议处理（结构类警告不处理的评分后果自负）。
================================================================

