
启动多 Expert 圆桌打磨（最多 5 轮）
============================================================

▶ 第 1 轮 — 圆桌研讨

  [素养导向教研员] 思考中...
我发现本教案虽然设计了生活情境，但核心素养的落实存在明显问题：素养目标仅停留在“理解”“经历”等模糊表述，缺乏可观测的行为动词；教学过程以教师讲解、学生模仿为主，思维过程未显性化；真实情境仅作为导入，未贯穿全课，且例题类型脱离“购物”主线，未能形成驱动性问题链。学生被动接受模型，缺乏自主建模和反思的机会。
    ✓ 收到意见 (545 字)
  [学科内容专家] 思考中...
## 分析思考

该教案整体框架完整，但在学科内容层面存在以下核心问题：

1. **教学目标与实际教学脱节**：知识与技能目标要求掌握“去分母、去括号”等步骤，但所有例题均为不含分母、无需去括号的简单方程，目标与内容不匹配，易导致学生认知断层。

2. **例题设计缺乏层次性与变式**：三个例题（销售、分配、行程）并列呈现，难度跳跃（例题2的方程复杂度高于例题1和3），且未设计变式训练。例如，销售问题仅涉及单一折扣，分配问题只给出“多出与缺少”一种模式，行程问题只有相遇无追及，不利于学生灵活建模。

3. **情境导入与后续内容割裂**：导入中的“笔和笔记本”问题（鸡兔同笼型）未被课堂解决，也未作为例题或练习使用，造成认知起点与教学主线脱节，削弱了情境的引导作用。

4. **巩固练习缺乏变式层次**：练习2与例题2几乎雷同（仅数字不同），练习1虽换情境但本质仍是“总和”模型，未体现从模仿到迁移的递进，不利于深度学习。

5. **解题过程规范性不足**：例题1解方程直接写“x = 400 ÷ 0.8”，未体现“系数化为1”的规范步骤，容易误导学生忽视方程变形规则。

6. **板书设计过于简略**：仅列出步骤和模型名称，未呈现典型方程及关键等量关系，不利于学生形成结构化认知。

---
    ✓ 收到意见 (1077 字)
  [学情适配专家] 思考中...
## 分析思考

从学情适配角度审视本教案，主要存在以下问题：

1. **开放度偏低**：整节课以教师讲授和例题示范为主，学生活动仅限于小组讨论和模仿练习，缺乏自主探究和开放性问题。对于已掌握方程解法的学生，难以激发深层思维；对于基础薄弱学生，被动接受可能导致理解浮于表面。

2. **认知负荷偏高**：一节课内集中呈现购物、分配、行程三类不同模型，且每个例题均需独立分析等量关系。七年级学生初学方程应用，信息密度过大，容易造成混淆和疲劳。特别是行程问题（相对抽象）与前两个问题跨度较大，可能超出部分学生的瞬时接受能力。

3. **差异化支持不足**：教案未体现分层设计。基础薄弱学生缺乏支架（如等量关系提示、步骤分解表）；基础好学生缺少挑战（如变式、自编题、多解探究）。作业中的“选做题”难度与必做题接近，未真正实现分层。

4. **情境导入与核心内容衔接不够自然**：导入问题（笔和笔记本）实际是二元一次方程组场景，若强行用一元一次方程（设一个未知数，另一个用代数式表示），对初学者可能造成认知冲突，增加理解负担。

---
    ✓ 收到意见 (839 字)

  [主持人] 汇总合并中...
好的，作为主持人（Chair），我将汇总三位专家的修改意见，进行冲突检测与合并，并输出最终的修改计划和打磨后的完整教案。

---

### 合并思路与冲突处理说明

经分析三位专家的意见，整体目标一致，均旨在提升教案的素养导向性、学科严谨性和学情适配度。主要存在以下需协调的冲突点：

1.  **关于例题数量与内容**：
    - `r_literacy` 建议重构驱动性问题，并未明确要求删减例题。
    - `r_subject` 建议重构例题顺序并增加变式，保留并强化了行程问题。
    - `r_learner` 建议精简例题，将行程问题移至下一课时或作为选学，以降低认知负荷。
    - **裁决**：采纳 `r_learner` 的核心建议，将行程问题（原例题3）调整为选学内容或课后探究，本课时聚焦购物和分配两类问题。同时采纳 `r_subject` 的建议，将导入问题纳入例题序列（作为例题0），并重构剩余例题的顺序与变式，确保知识逻辑清晰。这既降低了单课时认知负荷，又保证了学科内容的完整性。

2.  **关于情境导入的设计**：
    - `r_literacy` 建议将全课情境统一为“班级购买奖品预算问题”。
    - `r_subject` 建议将原导入问题直接作为“例题0”纳入教学环节。
    - `r_learner` 建议将导入问题改为更直接的一元一次方程情境。
    - **裁决**：采纳 `r_literacy` 关于统一情境的宏观思路，结合 `r_subject` 和 `r_learner` 的具体建议，将导入问题改造为“班级购买奖品”的清晰情境，并作为“例题0”直接引出方程建模。这样既实现了情境统一，又降低了学生的初次认知冲突，使导入与新知探究无缝衔接。

3.  **关于教学目标的具体表述**：
    - `r_literacy` 要求将素养目标行为化，强调可观察、可测量的行为动词。
    - `r_subject` 要求调整知识与技能目标，使其与实际教学内容匹配（删除去分母、去括号要求）。
    - **裁决**：两者不冲突，可同时采纳。先按照 `r_subject` 的建议调整知识与技能目标的范畴，再按照 `r_literacy` 的建议对所有目标进行行为化改写，使其更具体、可评。

基于以上分析，我已将无冲突的意见直接合并，并对冲突点做出了如上裁决。以下是整合后的修改计划。

### 合并后的修改计划

(来自 r_literacy) **重构驱动性问题**：将全课情境统一为“班级购买奖品预算问题”，并设置子问题链。
(来自 r_learner & r_subject) **优化并整合情境导入**：将导入改造为“买笔和笔记本”的直接方程情境，并作为“例题0”纳入新知探究环节。
(来自 r_subject) **调整教学目标**：将目标2中的“去分母、去括号”删除，明确为“移项、合并同类项、系数化为1”。
(来自 r_literacy) **素养目标行为化**：将目标1、4、6改写为具体可观察的行为目标。
(来自 r_subject & r_learner) **重构例题序列与变式**：按“一步方程→两步方程”逻辑排序，例题0（一步，导入问题）→ 例题1（一步，折扣问题）→ 例题2（两步，分配问题）。为每个例题设计1-2个变式。
(来自 r_learner) **精简例题数量**：将行程问题（原例题3）移至课后选做或下一课时，本课时聚焦购物和分配。
(来自 r_literacy) **增加思维显性化环节**：在例题分析后增加“说说设x的理由”、“圈出等量关系并解释”等追问。
(来自 r_literacy) **强化建模与验证**：在巩固练习前增加“先估算再列方程”的环节，并在小结前引导学生反思等量关系的合理性。
(来自 r_learner) **设计分层任务与差异化支持**：为基础薄弱学生提供“等量关系提示卡”和“步骤填空题”；为基础好学生设计“编题挑战”和“一题多解”。
(来自 r_subject) **规范解题过程书写**：在例题解答中，完整写出解方程每一步。
(来自 r_subject) **丰富板书设计**：增加典型等量关系式，并预留导入问题解答区域。
(来自 r_literacy) **设计素养表现性评价**：在课堂小结后增加“迁移应用”任务。
(来自 r_learner) **课堂小结增加学生反思环节**：先让学生归纳易错点，再教师总结。
(来自 r_subject) **补充教学反思方向**：在教案中预留具体反思提示。
(来自 r_learner) **作业分层明确化**：将选做题分为层次A（数据改编）和层次B（自编题）。
    ✓ 合并完成

  合并后教案预览（前200字）:
    # 一元一次方程的应用——购物中的数学（打磨版）

## 教学目标

### 知识与技能
1. 能从“班级购买奖品”等购物情境中找出已知量和未知量，并用文字语言描述等量关系。
2. 掌握解一元一次方程的基本步骤（移项、合并同类项、系数化为1），并能熟练求解。
3. 能用自己的语言解释方程中每个代数式的实际意义，并验证解是否符合情境。

### 过程与方法
4. 经历“实际问题 → 建立方程模型 →...

  [评审专家] 评审中...
  总分: 88/100 (上一轮: -) | should_stop: True
  评分明细: A=9, B=13, C=20, D=13, E=10, F=23

  ✓ 达到终止条件，打磨完成。

============================================================
最终教案:

# 一元一次方程的应用——购物中的数学（打磨版）

## 教学目标

### 知识与技能
1. 能从“班级购买奖品”等购物情境中找出已知量和未知量，并用文字语言描述等量关系。
2. 掌握解一元一次方程的基本步骤（移项、合并同类项、系数化为1），并能熟练求解。
3. 能用自己的语言解释方程中每个代数式的实际意义，并验证解是否符合情境。

### 过程与方法
4. 经历“实际问题 → 建立方程模型 → 求解 → 验证”的完整过程，体会方程是刻画现实世界中等量关系的重要数学模型。
5. 通过小组合作与自主探究，培养分析问题、解决问题的能力。

### 情感态度与价值观
6. 能举出生活中其他可用一元一次方程解决的问题实例，感受数学的应用价值，增强应用意识。

## 教学重点与难点
- **重点**：找出实际问题中的等量关系，正确列出一元一次方程。
- **难点**：理解题意，准确找到等量关系并建立方程模型。

## 教学过程

### 一、情境导入（5分钟）

**教师活动**：创设情境：“班级要购买笔和笔记本作为期中考试奖品，共需购买9件文具，总预算为27元。已知笔每支2元，笔记本每本5元。设笔买了x支，请用含x的式子表示笔记本的数量，并列出方程。”

**学生活动**：独立思考，尝试列出方程：`2x + 5(9 - x) = 27`。同桌互相说说“为什么这样列方程”。

**设计意图**：从贴近学生生活的班级活动出发，直接构建一元一次方程模型，降低认知冲突，自然引入主题。

---

### 二、新知探究（25分钟）

#### 【例题0：奖品购买问题】

**问题**：如上情境，求笔和笔记本各买了多少？

**分析**：
- **等量关系**：笔的总价 + 笔记本的总价 = 总预算
- **设元**：设笔买了x支，则笔记本买了(9-x)本。
- **列方程**：`2x + 5(9 - x) = 27`
- **解方程**：
    - 去括号：`2x + 45 - 5x = 27`
    - 移项：`2x - 5x = 27 - 45`
    - 合并同类项：`-3x = -18`
    - 系数化为1：`x = 6`
- **验证**：x=6时，笔记本为3本。总价：2×6 + 5×3 = 12 + 15 = 27，符合题意。

**答案**：笔买了6支，笔记本买了3本。

**追问**：如果不设笔为x支，设笔记本为y本，方程会变成什么样？哪种更简单？

---

#### 【例题1：折扣问题】

某商店举行促销活动，一件衣服打8折后售价为400元，它的标价是多少？

**分析**：
- **等量关系**：标价 × 折扣率 = 售价
- **设元**：设标价为x元。
- **列方程**：`0.8x = 400`
- **解方程**：
    - 系数化为1：`x = 400 ÷ 0.8`
    - 计算得：`x = 500`
- **验证**：x=500时，打8折为500×0.8=400，符合题意。

**答案**：标价为500元。

**变式1**：如果标价500元，打x折后售价为400元，求折扣x。

**追问**：请同桌互相说说你设x为标价的理由。从哪句话找到等量关系的？请圈出来。

---

#### 【例题2：分配问题】

某班学生去植树，每人植2棵则多出6棵树苗；每人植3棵则缺少12棵树苗。求该班学生人数和树苗总数。

**分析**：
- **等量关系**：树苗总数不变（第一种分配方式的总量 = 第二种分配方式的总量）
- **设元**：设学生人数为x。
- **列方程**：`2x + 6 = 3x - 12`
- **解方程**：
    - 移项：`2x - 3x = -12 - 6`
    - 合并同类项：`-x = -18`
    - 系数化为1：`x = 18`
- **验证**：x=18时，树苗总数：2×18+6=42（棵）。第二种分配：3×18-12=54-12=42（棵），符合题意。

**答案**：该班有18名学生，树苗共42棵。

**变式1**：如果每人分3本，则剩余20本；如果每人分4本，则剩余5本。求人数和图书数。

**追问**：如果改变一个条件，把“多出6棵”改为“少出6棵”，方程会怎样变化？为什么？

---

### 三、巩固练习（10分钟）

**活动前**：请先尝试用估算或列表法尝试解决练习1，再对比方程法的优势。

**练习1**：班级购买篮球和排球共10个，共花费520元。已知篮球每个65元，排球每个45元。求篮球和排球各买了多少个？
（*基础薄弱学生提示卡：总价=篮球总价+排球总价*）

**练习2（分层）**：
- **基础题（填空式）**：某班学生分图书，每人分3本，则多出20本；每人分4本，则还缺25本。设人数为x，根据“图书总数不变”列方程：`____ = ____`。
- **提高题**：将一批图书分给学生，如果每人分3本，则剩余20本；如果每人分4本，则还缺25本。这个班有多少名学生？图书共有多少本？

**编题挑战（学有余力）**：根据等量关系“标价×0.8=售价”或“每人3本+20=每人4本-25”，自编一道应用题并解答。

---

### 四、课堂小结（5分钟）

**学生活动**：先独立思考，再用思维导图或口头归纳“列方程解应用题的易错点”（如单位统一、解是否符合实际）。

**教师引导**：

1.  **列方程解应用题的一般步骤**：
    - **审题**：弄清题意，找出已知量和未知量。
    - **设元**：用字母表示未知数。
    - **列方程**：找到等量关系，列出方程。
    - **解方程**：求出未知数的值。
    - **检验**：检查解是否符合实际意义。

2.  **本节课常见的等量关系类型**：
    - **销售问题**：售价 = 标价 × 折扣
    - **分配问题**：两种分配方式的总量相等

3.  **迁移应用（素养表现性评价）**：用今天的方法解决“买m支笔和n本笔记本，总价不超过30元，有多少种购买方案？”（要求：写出方程并说明解的合理性）

---

### 五、布置作业（2分钟）

- **必做题**：教材第85页 练习题第1-2题（购物问题与分配问题）。
- **选做题**：
    - **层次A（中等）**：将例题2中“多出6棵”改为“多出18棵”，其他条件不变，重新求解。
    - **层次B（挑战）**：自编一道包含两种分配方式的应用题并求解。
    - **探究题**：尝试用线段图分析并解答原教案中的行程问题（A、B两地相距240km，甲车60km/h，乙车40km/h，相向而行，几小时后相遇？）。

## 板书设计

```
一元一次方程的应用——购物中的数学

一、步骤                     二、常见模型（等量关系）
1. 审题                     【例题0】笔总价 + 本总价 = 总预算
2. 设元                     【例题1】标价 × 折扣 = 售价
3. 列方程                   【例题2】第一种分配总量 = 第二种分配总量
4. 解方程
5. 检验

【例题0解答区域】               【例题1、2关键方程与解答区域】
```

## 教学反思（课后填写）

（可围绕以下方向反思）
1.  学生是否能在变式中自主找到等量关系？哪些环节需要加强建模训练？
2.  分层任务是否有效覆盖了不同水平的学生？基础薄弱学生在“提示卡”帮助下是否达成目标？
3.  课堂开放度是否足够？学生自主建模和编题环节的参与度如何？

  → G:/.Study/.CS/repo/Xpert/code/outputs_practice/demo001_MATH01_polished.md
  → G:/.Study/.CS/repo/Xpert/code/outputs_practice/demo001_MATH01_process.json

==================================================
运行格式自检...
================================================================
附录 D 提交契约自查报告
目标目录: G:\.Study\.CS\repo\Xpert\code\outputs_practice
================================================================

-- WARN (3) ----------------------------------------
[WARN] STR-04  demo001_CHN01_polished.md: 未发现'过程/任务'类标题（教学过程/任务链/教学环节…）
         修复: 教学过程/任务链是核心结构件，请确认标题可被识别。
[WARN] SCH-08  demo001_CHN01_process.json: roles 仅 2 个（工程实现目标要求 ≥3 个差异化专家角色）
         修复: 确认专家角色数量满足需求文档第三节；主持人不计入专家角色数。
[WARN] STR-04  demo001_MATH02_polished.md: 未发现'过程/任务'类标题（教学过程/任务链/教学环节…）
         修复: 教学过程/任务链是核心结构件，请确认标题可被识别。

-- PASS (11) ----------------------------------------
[PASS] NAME-OK 发现 3 对命名合规且成对的提交文件
[PASS] ENC-OK  demo001_CHN01_polished.md: UTF-8 编码、非空（5017 字符）
[PASS] TEX-OK  demo001_CHN01_polished.md: LaTeX 定界符配对正常（$$ ×0, $ ×0）
[PASS] JSN-OK  demo001_CHN01_process.json: Schema 校验通过（roles ×2, discussion ×4, modifications ×25）
[PASS] ENC-OK  demo001_MATH01_polished.md: UTF-8 编码、非空（3410 字符）
[PASS] TEX-OK  demo001_MATH01_polished.md: LaTeX 定界符配对正常（$$ ×0, $ ×0）
[PASS] STR-OK  demo001_MATH01_polished.md: 标题结构粗检通过（检出 6 个一/二级标题）
[PASS] JSN-OK  demo001_MATH01_process.json: Schema 校验通过（roles ×5, discussion ×5, modifications ×24）
[PASS] ENC-OK  demo001_MATH02_polished.md: UTF-8 编码、非空（2125 字符）
[PASS] TEX-OK  demo001_MATH02_polished.md: LaTeX 定界符配对正常（$$ ×0, $ ×8）
[PASS] JSN-OK  demo001_MATH02_process.json: Schema 校验通过（roles ×5, discussion ×25, modifications ×125）

================================================================
结论: WARN — 契约层通过，可提交；3 项警告建议处理（结构类警告不处理的评分后果自负）。
================================================================

