  [素养导向教研员] 加载技能: ['responsibility', 'knowledge_boundary', 'rubric_mapping', 'case_knowledge']
  [学科内容专家] 加载技能: ['responsibility', 'knowledge_boundary', 'rubric_mapping', 'case_knowledge']
  [学情适配专家] 加载技能: ['responsibility', 'knowledge_boundary', 'rubric_mapping', 'case_knowledge']
  [主持人] 加载技能: ['responsibility', 'knowledge_boundary']
  [评审专家] 加载技能: ['evaluation_rubric', 'knowledge_boundary', 'responsibility', 'scoring_rules']

启动多 Expert 圆桌打磨（最多 5 轮）
============================================================

▶ 第 1 轮 — 圆桌研讨

╔══ 素养导向教研员 ═══ 16:09:19 （用时 11.0s）

── 修改意见 ──
1. 【教学目标】知识与技能第1条｜【问题】未使用义教数学课标核心素养语言（如模型意识、应用意识），行为描述不够具体｜【依据】rubric_mapping: F1 素养目标行为化｜【建议】改为“能在购物情境中识别等量关系，建立一元一次方程模型，并解释方程中每个量的实际意义，发展模型意识”
2. 【教学过程】新知探究｜【问题】例题2（分配问题）和例题3（行程问题）脱离“购物中的数学”主题，情境不连续｜【依据】rubric_mapping: F4 真实情境与探究｜【建议】将例题2替换为购物中的分配问题（如买不同单价商品的数量分配），将例题3替换为购物行程问题（如往返购物商场的路程与时间），或调整课题为“一元一次方程的应用”
3. 【教学过程】例题讲解｜【问题】教师直接给出等量关系和分析，未要求学生外显“怎样想到”等量关系，思维参与不足｜【依据】rubric_mapping: F3 思维参与｜【建议】在每个例题中增加“学生尝试说出等量关系并说明依据”的环节，或设计问题链（如“哪些量已知？哪些未知？它们之间有什么相等关系？”）引导学生自主分析
4. 【教学过程】巩固练习｜【问题】练习1和2均为封闭性题目，学生无自主组织路径或方法选择的空间，缺乏生成性讨论｜【依据】rubric_mapping: F5 学生主体与生成｜【建议】增加一个开放性问题，如“请你设计一个购物问题，使得列出的方程是3x+2(10-x)=30，并解释设计思路”，小组内互评并讨论不同设计
5. 【教学过程】课堂小结后缺少目标检核｜【问题】未设置可观察的检核活动来评估学生能否独立完成“找等量关系—列方程—求解—验证”全过程｜【依据】rubric_mapping: F6 目标达成检核｜【建议】在巩固练习后增加“即时检测”：给出一道新的购物情境题，要求学生独立写出等量关系、列方程并求解，教师巡视收集典型错例并当堂反馈
6. 【教学过程】整体学情适配｜【问题】未提供官方学情profile，但根据七年级学生常见困难（找等量关系、理解题意），教案中未设置分层支架或辅助工具｜【依据】rubric_mapping: D5 学情检查｜【建议】在例题1后增加“小贴士”：用表格整理已知量、未知量和等量关系；在巩固练习中标注“基础题”和“挑战题”，如练习1为基础，练习2为挑战，并允许学生选择
╔══ 学科内容专家 ═══ 16:09:23 （用时 15.5s）

── 修改意见 ──
1. 【位置】教学过程｜三、巩固练习｜练习1｜【问题】篮球每个65元、排球每个45元，共10个花费520元，解得篮球3.5个，非整数，不符合实际意义，题目数据设计不合理｜【依据】rubric_mapping: 一般性不严谨（学科事实含糊）｜【建议】修改数据使解为整数，例如篮球每个60元、排球每个40元，总价520元，则篮球6个、排球4个；或由教研复核其他整数解方案
2. 【位置】教学过程｜二、新知探究｜例题1｜【问题】第一问“一件衣服标价500元，打折后售价是多少？”未给出解答，仅处理了第二问，内容不完整｜【依据】rubric_mapping: 一般性不严谨（学科事实含糊）｜【建议】补充第一问解答：售价 = 500 × 0.8 = 400元；并在分析中明确两个小问的对应关系
3. 【位置】教案标题｜【问题】标题“购物中的数学”仅对应例题1，而例题2（分配）和例题3（行程）与购物无关，标题与内容不一致｜【依据】responsibility: E3术语一致｜【建议】将标题改为“一元一次方程的应用”或“一元一次方程在购物、分配、行程问题中的应用”
╔══ 学情适配专家 ═══ 16:09:37 （用时 29.0s）

── 修改意见 ──
1. 【位置】教学过程-新知探究（例题1-3）｜【问题】未明确写出教师活动与学生活动，仅呈现例题分析与答案，缺少师生互动描述｜【依据】rubric_mapping: B1｜【建议】在每个例题后补充“教师活动：引导学生圈画关键数据、设未知数、找等量关系；学生活动：独立尝试列方程，小组内核对，代表板演”
2. 【位置】教学过程-巩固练习｜【问题】仅列出两道练习题目，缺少教师活动、学生活动、组织形式和时间分配｜【依据】rubric_mapping: B1｜【建议】写明“学生独立完成（8分钟），教师巡视指导，收集典型错误；集体订正时请学生讲解思路（4分钟）”
3. 【位置】教学过程-新知探究｜【问题】未针对难点“准确找到等量关系”提供预设与应对，直接给出等量关系式｜【依据】rubric_mapping: B3｜【建议】在例题分析前增加“预设学生可能误将‘多出’‘缺少’直接加减，教师通过对比两种分配方式的总量关系，引导学生用线段图或表格列出等式”
4. 【位置】教学过程-新知探究｜【问题】未提供任何支架材料（如图表、线段图、列表）帮助学生建模｜【依据】rubric_mapping: B4｜【建议】为行程问题配线段图，为分配问题配“人数—棵数”对照表，将文字关系可视化
5. 【位置】教学目标-过程与方法第5条｜【问题】“通过小组合作探究”在教学中仅情境导入有小组讨论，新知探究和巩固练习未安排小组合作活动｜【依据】rubric_mapping: D1｜【建议】在例题1或巩固练习中明确设置“小组合作：每人先独立列方程，再小组内交流等量关系，统一答案后派代表展示”
6. 【位置】教学过程-新知探究（例题2、3）｜【问题】例题2（分配）和例题3（行程）与课题“购物中的数学”主题不一致，导致环节衔接与课题脱节｜【依据】rubric_mapping: D3｜【建议】将例题2、3替换为购物情境，如“满减优惠中的总价计算”“组合购买中的数量关系”，或修改课题为“一元一次方程的应用（一）”
7. 【位置】教学难点｜【问题】未提供变式或脚手架帮助学生突破“理解题意，准确找到等量关系”｜【依据】rubric_mapping: D2｜【建议】在例题前增加“找等量关系”专项活动：给出一段文字，学生圈画“共”“比…多”“折扣”等关键词，并写出对应的等式结构
8. 【位置】教学过程-课堂小结｜【问题】只有教师引导，缺少学生活动，未体现学生对步骤和模型的主动建构｜【依据】rubric_mapping: B1｜【建议】改为“学生先自己回顾列方程步骤，同桌互说；教师再请2-3名学生分享，最后板书总结”
9. 【位置】教学反思｜【问题】仅写“课后填写”，无实质内容｜【依据】rubric_mapping: 推荐件｜【建议】补充预设反思方向，如“学生找等量关系的常见错误及对策”“各环节时间是否合理”等，便于课后填写

  [主持人] 汇总合并中...
经分析三位专家的意见，存在以下冲突与互补：

- **标题与内容一致性**：r_literacy、r_subject、r_learner 均指出例题2、3脱离“购物中的数学”主题。解决方案有两种：替换例题或修改标题。我裁决**采纳替换例题方案**（保留原标题），因为这样既能维持课题的生动性，又能让三种模型（销售、分配、行程）均融入统一购物情境，符合 r_literacy 的“真实情境连续”要求。同时采纳 r_subject 关于标题的建议，将课题微调为“一元一次方程的应用——购物中的数学”（与替换后内容一致，无需大改）。
- **练习1数据**：r_subject 发现非整数解，必须修改数据使解为整数，这是学科严谨性硬约束，无冲突。
- **教学目标素养化**：r_literacy 要求改写目标1，与 r_learner 要求落实小组合作（目标5）不冲突，分别处理。
- **活动描述与支架**：r_learner 要求补充教师/学生活动、预设、支架、专项活动；r_literacy 要求增加思维参与环节、开放题、即时检测。两者互补，合并实施。
- **课堂小结**：r_learner 要求增加学生活动，与原有教师引导不冲突，改为学生先回顾再分享。

合并后的修改计划（按教案结构顺序）：

1. **教学目标**（来自 r_literacy）：将知识与技能第1条改写为素养行为目标，体现模型意识。
2. **教学过程-情境导入**（来自 r_learner）：补充小组讨论的具体要求（已隐含，无需大改）。
3. **教学过程-新知探究-例题1**：  
   - 来自 r_subject：补充第一问解答（售价=400元）。  
   - 来自 r_literacy：增加学生说等量关系的问题链。  
   - 来自 r_learner：补充教师活动、学生活动描述；增加“小贴士”表格支架；增加预设常见错误及应对；设置小组合作环节（对应目标5）。
4. **教学过程-新知探究-例题2**（替换为购物分配问题）：  
   - 来自 r_literacy 和 r_learner：替换为购物情境中的分配问题（买不同单价商品的数量分配）。  
   - 同样补充活动描述、支架、小组合作。
5. **教学过程-新知探究-例题3**（替换为购物行程问题）：  
   - 来自 r_literacy 和 r_learner：替换为往返商场的行程问题。  
   - 配线段图支架，补充活动。
6. **教学过程-巩固练习**：  
   - 来自 r_subject：修改练习1数据使解为整数。  
   - 来自 r_literacy：增加开放性问题（设计购物问题）。  
   - 来自 r_learner：补充教师活动、学生活动、时间分配。  
   - 来自 r_literacy：增加即时检测（独立完成新情境题）。
7. **教学过程-课堂小结**（来自 r_learner）：改为学生先回顾、同桌互说，再教师总结。
8. **教学难点突破**（来自 r_learner）：在例题前增加“找等量关系”专项活动（圈画关键词）。
9. **教学反思**（来自 r_learner）：补充预设反思方向。
10. **板书设计**：根据替换例题更新模型名称。
  [主持人] 用时 41.8s
    ✓ 合并完成

  合并后教案预览（前200字）:
    # 一元一次方程的应用——购物中的数学

## 教学目标

### 知识与技能
1. 能在购物情境中识别等量关系，建立一元一次方程模型，并解释方程中每个量的实际意义，发展模型意识。（修改自原第1条，依据 r_literacy 素养目标行为化要求）
2. 掌握解一元一次方程的基本步骤（去分母、去括号、移项、合并同类项、系数化为1）。
3. 能检验方程的解是否符合实际问题的意义。

### 过程与方法...

  [评审专家] 评审中...
  评审用时 19.8s
  总分: 68.167/100 (上一轮: -) | should_stop: False
  评分明细: A=1.667, B=15, C=20, D=7.5, E=9, F=15

▶ 第 2 轮 — 圆桌研讨

╔══ 素养导向教研员 ═══ 16:10:47 （用时 8.4s）

── 修改意见 ──
1. 【教学过程】三、巩固及之后环节缺失｜【问题】教案在“三、巩固”后无任何内容，缺少巩固练习、课堂小结、作业和板书设计，导致无法设置目标达成检核活动（F6），且结构不完整｜【依据】rubric_mapping: F6 目标达成检核；responsibility: 核对F6｜【建议】补全巩固练习（至少2道购物情境题，含一道开放设计题）、课堂小结（学生自主梳理步骤与模型）、布置作业（分层）和板书设计；在巩固练习后增加“即时检测”：给出一道新购物情境题，要求学生独立写出等量关系、列方程并求解，教师巡视收集典型错例并当堂反馈
╔══ 学情适配专家 ═══ 16:10:51 （用时 12.6s）

── 修改意见 ──
1. 【位置】教学过程-三、巩固｜【问题】仅有标题“三、巩固”，无具体练习题目、教师活动、学生活动、时间分配等实质内容｜【依据】rubric_mapping: A 结构完整性｜【建议】补全巩固练习环节：设计2-3道购物情境的变式题（如“满减优惠”“组合折扣”），写明学生独立练习、小组互批、教师巡视纠错等师生活动，分配约10分钟
2. 【位置】教学过程｜【问题】缺少课堂小结环节｜【依据】rubric_mapping: A 结构完整性｜【建议】在巩固练习后增加课堂小结（约3分钟），让学生回顾列方程的一般步骤，并归纳购物情境中的常见等量关系类型
3. 【位置】教学过程｜【问题】缺少布置作业和板书设计｜【依据】rubric_mapping: D4｜【建议】补充作业布置（含必做与选做，与购物主题一致）和板书设计（呈现步骤框架与核心等量关系式）
4. 【位置】教学目标-第2条｜【问题】“掌握解一元一次方程的基本步骤”在教学中未单独强化，仅通过例题求解隐含体现｜【依据】rubric_mapping: D1｜【建议】在课堂小结中明确要求学生说出步骤名称，或在巩固练习后安排1分钟“步骤接龙”活动
5. 【位置】教学过程-例题3｜【问题】支架“出示线段图”仅文字描述，未实际画出线段图结构｜【依据】rubric_mapping: B4｜【建议】在教案中画出简图：家——(去程 x km, 5 km/h)——商场——(返程 x km, 15 km/h)——家，并标注时间表达式
6. 【位置】教学过程-专项活动（找等量关系）｜【问题】学生活动仅描述“圈画关键词”，缺少集体订正和错误对比的具体设计｜【依据】rubric_mapping: B3｜【建议】增加“教师展示2-3份学生圈画结果，引导对比不同关键词对应的等式结构，强化模型意识”
7. 【位置】教学反思｜【问题】仍为“课后填写”，无预设反思方向｜【依据】rubric_mapping: 推荐件｜【建议】补充预设反思点，如“专项活动时间是否充足”“学生从表格迁移到线段图的困难程度”
╔══ 学科内容专家 ═══ 16:11:06 （用时 27.5s）

── 修改意见 ──
1. 【位置】教学过程｜三、巩固｜【问题】教案在“三、巩固”后直接插入“上一轮评审反馈”和“其他专家的意见”等元信息，未提供任何巩固练习题目、学生活动或组织形式，导致该环节内容缺失；同时后续课堂小结、布置作业、板书设计等环节均未出现，教案结构不完整｜【依据】rubric_mapping: E4 编号跳档与层级混乱｜【建议】删除所有评审反馈和专家意见元信息，补全巩固练习（至少两道与购物情境相关的应用题，含教师活动、学生活动、时间分配），并恢复课堂小结、布置作业、板书设计等环节
2. 【位置】教学过程｜专项活动｜【问题】该活动下“教师活动”中出示的短句示例“买3件T恤和2条裤子共花了420元”“每件T恤比每条裤子便宜30元”等，未给出对应的等量关系式或后续验证，活动设计不完整｜【依据】rubric_mapping: 一般性不严谨（学科事实含糊）｜【建议】在短句后补充一个完整示范，例如：“买3件T恤和2条裤子共花了420元” → 等量关系：3×T恤单价 + 2×裤子单价 = 420元；并说明学生需独立完成其余短句
3. 【位置】整个教案｜【问题】多处出现“依据 r_literacy”“依据 r_learner”等内部注释，属于与教学目标无关的冗余文字，影响教案可读性｜【依据】rubric_mapping: E2 删减重复段落和车轱话｜【建议】删除所有“依据...”形式的注释，保留修改后的内容即可

  [主持人] 汇总合并中...
经分析三位专家的意见，存在以下冲突与处理：

- **结构缺失**：三位专家一致指出“三、巩固”后内容缺失，需补全巩固练习、课堂小结、布置作业、板书设计。无冲突，合并实施。
- **内部注释**：r_subject 要求删除所有“依据 r_...”注释，其他专家无反对意见。采纳，终稿中删除全部此类注释。
- **专项活动**：r_subject 要求补充完整示范，r_learner 要求增加对比设计。两者互补，合并：先给出示范，再展示学生结果对比。
- **步骤强化**：r_learner 建议在课堂小结中增加步骤接龙，与原有小结设计不冲突，合并实施。
- **线段图**：r_learner 要求画出，r_subject 无异议。采纳，用文本简图呈现。

合并后的修改计划（按教案结构顺序）：
1. **删除所有内部注释**（如“依据 r_...”）（来自 r_subject）。
2. **专项活动**：补充完整示范（来自 r_subject）；增加学生圈画结果对比设计（来自 r_learner）。
3. **例题3**：用文本画出线段图（来自 r_learner）。
4. **巩固练习**：补全两道购物情境题（封闭+开放），并增加即时检测（来自 r_literacy、r_subject、r_learner）。
5. **课堂小结**：改为学生先回顾，同桌互说，教师总结；增加步骤接龙（来自 r_learner）。
6. **布置作业**：分层，与购物主题一致（来自 r_learner）。
7. **板书设计**：补全（来自 r_literacy、r_learner）。
8. **教学反思**：补充预设反思方向（来自 r_learner）。
  [主持人] 用时 23.3s
    ✓ 合并完成

  合并后教案预览（前200字）:
    # 一元一次方程的应用——购物中的数学

## 教学目标

### 知识与技能
1. 能在购物情境中识别等量关系，建立一元一次方程模型，并解释方程中每个量的实际意义，发展模型意识。
2. 掌握解一元一次方程的基本步骤（去分母、去括号、移项、合并同类项、系数化为1）。
3. 能检验方程的解是否符合实际问题的意义。

### 过程与方法
4. 经历“实际问题 → 建立方程模型 → 求解 → 验证”的完...

  [评审专家] 评审中...
  评审用时 26.9s
  总分: 93.5/100 (上一轮: 68.167) | should_stop: False
  评分明细: A=10, B=15, C=20, D=13.5, E=10, F=25

▶ 第 3 轮 — 圆桌研讨

╔══ 学科内容专家 ═══ 16:12:01 （用时 4.7s）

── 修改意见 ──
1. 【位置】教学过程｜三、巩固练习｜练习1｜【问题】“小丽买了3件同款T恤和1条裤子，原价共需支付320元”中只给出总原价，未给出裤子或T恤的单价信息，无法列方程求出每件T恤的原价，题目条件缺失｜【依据】rubric_mapping: 重大知识性错误（例题答案不可求）｜【建议】补充一个已知量，例如“已知每条裤子原价80元”，则方程可解：设T恤每件x元，则3x+80=320，x=80；或改为其他完整条件
2. 【位置】教案末尾｜“上一轮评审反馈：……”及后续“其他专家的意见供参考”全部内容｜【问题】教案正文后附加了大量元信息（评审反馈、专家意见），不属于教案内容，造成冗余和结构混乱｜【依据】rubric_mapping: E2 删减重复段落和车轱话｜【建议】删除“上一轮评审反馈”及之后所有元信息，教案以“教学反思”结束
╔══ 素养导向教研员 ═══ 16:12:09 （用时 12.7s）

── 修改意见 ──
1. 【教学过程】三、巩固练习｜练习1｜【问题】题目“满200减40，原价320，实际支付280”中，3x+y=320与3x+y-40=280实质为同一方程，无法求出T恤单价，数据设计不合理｜【依据】knowledge_boundary: 学科正确性转交r_subject｜【建议】将数据改为可解整数解，如“原价共需支付360元，实际支付320元，且已知裤子每条80元”，或由教研复核其他整数解方案
2. 【教学过程】二、新知探究｜例题2｜【问题】学生活动仅要求独立设未知数并小组交流，未提供自主选择设元方式（如设甲x件或设乙x件）并对比的机会，主体性可进一步强化｜【依据】rubric_mapping: F5 学生主体与生成｜【建议】在小组交流前增加“你还可以设哪个量为未知数？试试看”，然后对比两种设元列出的方程，讨论哪种更简便
3. 【教学过程】三、巩固练习｜即时检测｜【问题】教师活动仅描述“收集典型错例并当堂反馈”，未明确如何利用错例引导学生反思思维过程，思维外显可加强｜【依据】rubric_mapping: F3 思维参与｜【建议】在教师活动中补充“展示2-3份典型错例，请学生分析错误原因（如等量关系找错、解方程步骤错误等），并说出正确思路”
╔══ 学情适配专家 ═══ 16:12:18 （用时 21.8s）

── 修改意见 ──
本轮无新增修改建议

  [主持人] 汇总合并中...
经分析三位专家的意见，存在以下冲突与处理：

- **练习1数据不可解**：r_literacy 和 r_subject 一致指出条件缺失，建议补充裤子单价80元。无冲突，合并采纳。
- **删除元信息**：r_subject 要求删除“上一轮评审反馈”等元信息。当前教案原文末尾并无此类内容，故无需操作，但确保输出终稿不含任何元信息。
- **例题2设元对比**：r_literacy 建议增加对比设元方式，r_learner 无意见，采纳。
- **即时检测反思利用**：r_literacy 建议补充利用错例引导学生反思的具体设计，采纳。

合并后的修改计划（按教案结构顺序）：
1. **巩固练习-练习1**：补充条件“已知每条裤子原价80元”，使方程可解。
2. **例题2**：在学生活动中增加“你还可以设哪个量为未知数？试试看”，并对比两种设元方式。
3. **即时检测**：在教师活动中补充“展示2-3份典型错例，请学生分析错误原因并说出正确思路”。
4. **确认删除所有元信息**（原文已无，终稿确保无）。
  [主持人] 用时 13.5s
    ✓ 合并完成

  合并后教案预览（前200字）:
    # 一元一次方程的应用——购物中的数学

## 教学目标

### 知识与技能
1. 能在购物情境中识别等量关系，建立一元一次方程模型，并解释方程中每个量的实际意义，发展模型意识。
2. 掌握解一元一次方程的基本步骤（去分母、去括号、移项、合并同类项、系数化为1）。
3. 能检验方程的解是否符合实际问题的意义。

### 过程与方法
4. 经历“实际问题 → 建立方程模型 → 求解 → 验证”的完...

  [评审专家] 评审中...
  评审用时 10.3s
  总分: 93.5/100 (上一轮: 93.5) | should_stop: True
  评分明细: A=10, B=15, C=20, D=13.5, E=10, F=25

  ✓ 达到终止条件，打磨完成。

============================================================
最终教案:

# 一元一次方程的应用——购物中的数学

## 教学目标

### 知识与技能
1. 能在购物情境中识别等量关系，建立一元一次方程模型，并解释方程中每个量的实际意义，发展模型意识。
2. 掌握解一元一次方程的基本步骤（去分母、去括号、移项、合并同类项、系数化为1）。
3. 能检验方程的解是否符合实际问题的意义。

### 过程与方法
4. 经历“实际问题 → 建立方程模型 → 求解 → 验证”的完整过程，体会方程是刻画现实世界中等量关系的重要数学模型。
5. 通过小组合作探究，培养分析问题、解决问题的能力。

### 情感态度与价值观
6. 感受数学与日常生活的紧密联系，增强应用数学的意识。

## 教学重点与难点
- **重点**：找出实际问题中的等量关系，正确列出一元一次方程。
- **难点**：理解题意，准确找到等量关系并建模。

### 难点突破策略
- 在例题前增加“找等量关系”专项活动：给出购物情境短句，学生圈画“共”“比…多”“折扣”“满减”等关键词，并写出对应的等式结构。
- 每个例题配可视化支架（表格或线段图），预设学生常见错误并对比引导。

## 教学过程

### 一、情境导入（5分钟）

**教师活动**：展示商场购物小票，提出问题：“小明去文具店买笔和笔记本，共花了27元。其中笔每支2元，笔记本每本5元。小明一共买了9件文具。你能算出他买了几支笔、几本笔记本吗？”

**学生活动**：小组讨论（2分钟），尝试用已有方法（如列举、算术）解决问题；代表汇报思路。

**设计意图**：从生活情境出发，激发学习兴趣，自然引入方程建模思想。

---

### 二、新知探究（20分钟）

#### ◆ 专项活动：找等量关系（3分钟）
**教师活动**：
- 出示购物情境短句：
  - “买3件T恤和2条裤子共花了420元”
  - “每件T恤比每条裤子便宜30元”
- 先完整示范第一个短句：圈画“共”和“便宜”，写出等量关系“3×T恤单价 + 2×裤子单价 = 420元”。
- 学生独立完成第二个短句的圈画和等量关系式。
- 教师展示2-3份学生结果，引导对比不同关键词对应的等式结构（如“比…便宜”对应减法关系），强化模型意识。

---

#### 例题1：购物折扣问题（6分钟）

某商店举行促销活动，每件商品按标价的8折出售。
（1）一件衣服标价500元，打折后售价是多少？
（2）一件衣服打8折后售价为400元，它的标价是多少？

**教师活动**：
- 引导学生圈画“标价”“8折”“售价”等关键词。
- 提问：“第一问中已知什么？求什么？等量关系是什么？”（学生尝试回答）
- 补充第一问解答：售价 = 500 × 0.8 = 400元。
- 预设学生可能混淆“标价”与“售价”，通过对比两个小问强化关系。

**学生活动**：
- 独立完成第一问计算。
- 小组内互相说出第二问的等量关系并说明依据。
- 代表板演解答过程。

**支架**（小贴士）：

| 已知量 | 未知量 | 等量关系 |
|--------|--------|----------|
| 折扣率0.8，售价400元 | 标价 x 元 | 标价 × 折扣率 = 售价 |

**答案**：（1）400元；（2）标价为500元。

---

#### 例题2：购物分配问题（6分钟）

某商店购进甲、乙两种商品共10件。甲商品进价每件30元，乙商品进价每件20元，总进价为260元。甲、乙两种商品各进了多少件？

**教师活动**：
- 引导学生分析：“总件数10件是哪个等量关系？”“总进价260元又对应什么？”
- 预设学生可能误设一个未知数直接列式，引导用表格整理。
- 提问：“你还可以设哪个量为未知数？试试看。”（例如设乙商品 x 件，则甲商品 (10-x) 件），然后对比两种设元列出的方程，讨论哪种更简便。

**学生活动**：
- 独立设未知数（设甲商品 x 件，则乙商品 (10-x) 件）。
- 尝试另一种设元方式（设乙商品 x 件），对比两种方程。
- 小组内交流等量关系并核对方程。
- 板演求解并检验解的整数合理性。

**支架**（表格）：

| 商品 | 件数 | 单价（元） | 进价合计（元） |
|------|------|------------|----------------|
| 甲   | x    | 30         | 30x            |
| 乙   | 10-x | 20         | 20(10-x)       |
| 合计 | 10   | —          | 30x+20(10-x)=260 |

**答案**：甲商品6件，乙商品4件。

---

#### 例题3：购物行程问题（5分钟）

小明从家去商场购物，去时步行速度5 km/h，返回时骑自行车速度15 km/h，往返共用4小时。家到商场的距离是多少千米？

**教师活动**：
- 出示线段图：
  ```
  家 ——(去程 x km, 5 km/h)—— 商场 ——(返程 x km, 15 km/h)—— 家
  ```
- 提问：“往返共用4小时，即哪两个时间相加？等量关系是什么？”
- 预设学生可能忽略“往返路程相同”，通过线段图对比引导。

**学生活动**：
- 独立设距离为 x km，列出方程 x/5 + x/15 = 4。
- 同桌互说等量关系。
- 求解并检验（x=15，符合实际）。

**支架**（线段图如上）。

**答案**：家到商场距离为15 km。

---

### 三、巩固练习（10分钟）

**练习1（封闭题）**：某商场进行满减促销，消费满200元减40元。小丽买了3件同款T恤和1条裤子，已知每条裤子原价80元，3件T恤和1条裤子原价共需支付320元。问：每件T恤的原价是多少元？（提示：先判断是否满足满减条件，再列方程求解）

**练习2（开放题）**：请你设计一个购物问题，使得列出的方程是 3x + 2(10-x) = 30，并解释设计思路。小组内互评并讨论不同方案。

**即时检测**（3分钟）：某文具店促销，笔记本每本6元，钢笔每支8元。小明买了笔记本和钢笔共5件，花了34元。请独立写出等量关系、列方程并求解。教师巡视收集典型错例并当堂反馈。

**教师活动**：学生独立完成练习1和即时检测（共8分钟），教师巡视指导，收集典型错误；集体订正时请学生讲解思路（2分钟）。练习2作为小组合作任务（5分钟），小组内交流设计，代表展示。

**即时检测反馈设计**：展示2-3份典型错例，请学生分析错误原因（如等量关系找错、解方程步骤错误等），并说出正确思路。

---

### 四、课堂小结（4分钟）

**学生活动**：
- 先自己回顾列方程解应用题的步骤，同桌互说。
- 进行“步骤接龙”：全班依次说出“审题—设元—列方程—解方程—检验”中的一个步骤，强化记忆。

**教师活动**：请2-3名学生分享购物情境中常见的等量关系类型（折扣、分配、行程），教师板书总结。

---

### 五、布置作业（1分钟）

**必做题**：教材第85页练习题第1-4题（与购物情境相关）。

**选做题**：设计一道与“满减优惠”“组合折扣”相关的购物应用题，列出方程并求解，下节课分享。

---

## 板书设计

```
一元一次方程的应用——购物中的数学

一、列方程解应用题的步骤
1. 审题 —— 找已知量、未知量
2. 设元 —— 用字母表示未知数
3. 列方程 —— 找等量关系
4. 解方程 —— 求解
5. 检验 —— 符合实际意义

二、常见购物模型
1. 折扣问题：标价 × 折扣率 = 售价
2. 分配问题：甲总价 + 乙总价 = 总价
3. 行程问题：去程时间 + 返程时间 = 总时间
```

## 教学反思

（课后填写，预设反思方向：①专项活动时间是否充足，学生从关键词到等量关系的迁移是否顺畅；②例题2表格支架和例题3线段图的使用效果，学生是否依赖支架；③开放题的设计是否激发了学生的创造性；④即时检测中典型错例的类型及应对策略；⑤各环节时间分配是否合理，是否需要调整。）

  → G:/.Study/.CS/repo/Xpert/code/outputs_practice/demo001_MATH01_polished.md
  → G:/.Study/.CS/repo/Xpert/code/outputs_practice/demo001_MATH01_process.json

==================================================
运行格式自检...
================================================================
附录 D 提交契约自查报告
目标目录: G:\.Study\.CS\repo\Xpert\code\outputs_practice
================================================================

-- WARN (4) ----------------------------------------
[WARN] STR-04  demo001_BIO01_polished.md: 未发现'过程/任务'类标题（教学过程/任务链/教学环节…）
         修复: 教学过程/任务链是核心结构件，请确认标题可被识别。
[WARN] STR-04  demo001_CHN01_polished.md: 未发现'过程/任务'类标题（教学过程/任务链/教学环节…）
         修复: 教学过程/任务链是核心结构件，请确认标题可被识别。
[WARN] SCH-08  demo001_CHN01_process.json: roles 仅 2 个（工程实现目标要求 ≥3 个差异化专家角色）
         修复: 确认专家角色数量满足需求文档第三节；主持人不计入专家角色数。
[WARN] STR-04  demo001_MATH02_polished.md: 未发现'过程/任务'类标题（教学过程/任务链/教学环节…）
         修复: 教学过程/任务链是核心结构件，请确认标题可被识别。

-- PASS (14) ----------------------------------------
[PASS] NAME-OK 发现 4 对命名合规且成对的提交文件
[PASS] ENC-OK  demo001_BIO01_polished.md: UTF-8 编码、非空（5260 字符）
[PASS] TEX-OK  demo001_BIO01_polished.md: LaTeX 定界符配对正常（$$ ×0, $ ×0）
[PASS] JSN-OK  demo001_BIO01_process.json: Schema 校验通过（roles ×5, discussion ×15, modifications ×67）
[PASS] ENC-OK  demo001_CHN01_polished.md: UTF-8 编码、非空（5017 字符）
[PASS] TEX-OK  demo001_CHN01_polished.md: LaTeX 定界符配对正常（$$ ×0, $ ×0）
[PASS] JSN-OK  demo001_CHN01_process.json: Schema 校验通过（roles ×2, discussion ×4, modifications ×25）
[PASS] ENC-OK  demo001_MATH01_polished.md: UTF-8 编码、非空（3608 字符）
[PASS] TEX-OK  demo001_MATH01_polished.md: LaTeX 定界符配对正常（$$ ×0, $ ×0）
[PASS] STR-OK  demo001_MATH01_polished.md: 标题结构粗检通过（检出 6 个一/二级标题）
[PASS] JSN-OK  demo001_MATH01_process.json: Schema 校验通过（roles ×5, discussion ×15, modifications ×52）
[PASS] ENC-OK  demo001_MATH02_polished.md: UTF-8 编码、非空（2125 字符）
[PASS] TEX-OK  demo001_MATH02_polished.md: LaTeX 定界符配对正常（$$ ×0, $ ×8）
[PASS] JSN-OK  demo001_MATH02_process.json: Schema 校验通过（roles ×5, discussion ×25, modifications ×125）

================================================================
结论: WARN — 契约层通过，可提交；4 项警告建议处理（结构类警告不处理的评分后果自负）。
================================================================

