
启动多 Expert 圆桌打磨（最多 5 轮）
============================================================

▶ 第 1 轮 — 圆桌研讨

[素养导向教研员] Calling tool: load_skill with {'skill_name': 'rubric_mapping'}
[素养导向教研员] Calling tool: load_skill with {'skill_name': 'knowledge_boundary'}
╔══ 素养导向教研员 ═══ 18:25:14 （用时 14.5s）

── 修改意见 ──
1. 【位置】教学目标｜【问题】素养目标未使用义教数学课标规定的“三会”语言（会用数学的眼光观察现实世界、会用数学的思维思考现实世界、会用数学的语言表达现实世界），仍沿用旧版三维目标框架｜【依据】rubric_mapping: F1 素养目标行为化 + 学科×学段语言·数学义教｜【建议】将教学目标改写为以“三会”为纲的行为化表述，例如：“能在购物情境中识别数量关系，用方程表达等量关系（数学眼光）；能分析已知与未知的关系，选择设元策略并求解（数学思维）；能解释方程解的实际意义并验证合理性（数学语言）”
2. 【位置】教学目标｜【问题】目标中未出现课标核心素养要素（如模型意识、运算能力、推理意识），学段课标符合性不足｜【依据】rubric_mapping: F2 学段课标符合 + 学科×学段语言·数学义教｜【建议】在目标中明确嵌入“模型意识”（列方程刻画等量关系）和“运算能力”（规范求解）等课标术语，并确保每个目标对应一个可观察行为
3. 【位置】教学过程·新知探究｜【问题】三个例题均由教师直接给出分析和等量关系，未设置递进问题链要求学生外显思路（如“你是从哪里发现等量关系的？”“为什么设这个量为未知数？”），思维参与层次停留在听讲与模仿｜【依据】rubric_mapping: F3 思维参与｜【建议】在每个例题的“分析”前增加一个学生独立思考与表达环节，如：“先不给等量关系，让学生尝试找出已知与未知之间的相等关系并说明理由”；并在例题之间设置追问，如“例2与例1的等量关系类型有何不同？你判断的依据是什么？”
4. 【位置】教学过程·情境导入 → 新知探究｜【问题】导入中的“购物小票”情境仅在导入环节出现，后续三个例题（购物折扣、植树分配、行程问题）彼此孤立且与购物情境脱节，情境未在至少两个后续环节中承载任务｜【依据】rubric_mapping: F4 真实情境与探究｜【建议】将三个例题统一嵌套在同一购物或消费主题下（如：例1为单品折扣计算，例2为团购分配问题，例3为送货行程问题），使情境贯穿导入至巩固练习
5. 【位置】教学过程｜【问题】全程由教师呈现例题、分析、解法与答案，学生无自主组织解题路径、选择方法或产出可观察成果的机会，也无基于差异的讨论或迭代环节｜【依据】rubric_mapping: F5 学生主体与生成｜【建议】在巩固练习中增加开放性任务，如“请你自己编一道能用一元一次方程解决的购物问题，并和同桌交换求解”；或提供多组数据让学生自主选择设元策略并比较优劣
6. 【位置】教学过程·巩固练习｜【问题】无明确的目标达成检核机制——未说明练习完成后依据什么标准判断学生是否达成“能根据等量关系列方程”的目标，也未设计可观察的测量活动｜【依据】rubric_mapping: F6 目标达成检核｜【建议】在巩固练习后增加一个2分钟的“出口任务”，如：“请写出你今天学到的一种等量关系类型并现场列出一个方程”，教师据此收集全班达成证据；同时为练习1和练习2分别设定可观察的达标描述（如：能独立写出设元和方程即为达标）
7. 【位置】教学过程｜【问题】教案未提供任何学情分析，未说明学生的先备知识（如是否已掌握合并同类项、移项）、认知起点或分层需求，任务难度与开放度无依据可查｜【依据】rubric_mapping: D5 学情检查｜【建议】补充学情分析段落，明确学生已学基础（如整式运算、等式性质）和常见困难（如找等量关系、设元策略），并据此为巩固练习设计分层支架（如给学困生提供等量关系填空式提示，给学优生增加多未知数开放题）
[学科内容专家] Calling tool: load_skill with {'skill_name': 'case_knowledge'}
╔══ 学情适配专家 ═══ 18:25:16 （用时 17.0s）

── 修改意见 ──
1. 【位置】教学目标·知识与技能第3条｜【问题】"能检验方程的解是否符合实际问题的意义"在情境导入、新知探究、巩固练习、课堂小结四个环节中均未设计对应的师生活动或检核步骤，成为孤立目标。｜【依据】rubric_mapping: D1｜【建议】在例题1完成后增加一个"检验"子步骤，例如追问："标价500元打8折是400元，符合题意吗？如果算出标价600元，打8折后是480元，与已知矛盾，说明什么？"将验算嵌入每个例题的收尾。

2. 【位置】教学重点与难点｜【问题】难点"理解题意，准确找到等量关系并建模"在教学过程中未获得任何脚手架、变式或直观化支撑——三个例题均直接给出等量关系式，未展示如何从文字中提取"不变量"或"相等关系"的策略。｜【依据】rubric_mapping: D2｜【建议】在例题1分析前插入一个"找等量关系"支架步骤：先让学生圈出题中表示相等关系的词（"共""比…多""是…的几倍"），再用表格或线段图将已知量和未知量可视化，最后才列方程。

3. 【位置】教学过程·新知探究·例题1—3｜【问题】三个例题均只呈现教师讲解（分析→方程→解答），未写明对应的学生活动；且未预设任何学生可能出现的典型错误或误区（如设未知数时漏单位、移项忘变号、解出分数后不知如何取舍）。｜【依据】rubric_mapping: B1, B3｜【建议】在每个例题后增加"学生活动"分栏：例如"独立尝试列式→同桌互检→全班交流易错点"；同时为每个例题补充1—2个预设错误（如例题2中学生可能误列 2x − 6 = 3x + 12），并写明教师如何纠正。

4. 【位置】教学过程·新知探究｜【问题】例题1（购物）、例题2（分配）、例题3（行程）之间无任何过渡语或衔接说明，前一例题的产出未被后一例题实质使用，形成"环节拼盘"。｜【依据】rubric_mapping: D3｜【建议】在例题1后增加一句过渡："刚才我们用'标价×折扣=售价'解决了购物问题，其实生活中还有另一类问题——总量按两种不同方式分配，但总量不变。下面看例题2。"使"等量关系"这条主线贯穿始终。

5. 【位置】教学过程·巩固练习｜【问题】练习1和练习2未注明组织形式（独立完成/同桌互助/小组合作）、时间分配和反馈方式，且练习1（篮球排球）与导入情境（文具店）和例题1（衣服打折）的购物主题脱节。｜【依据】rubric_mapping: B2, D3｜【建议】将练习1改为与导入一致的购物情境（如"买笔和笔记本"的变式），并注明"学生独立列方程4分钟→同桌交换检查2分钟→教师选取典型解法投影展示2分钟"，剩余4分钟处理练习2。
[学科内容专家] Calling tool: load_skill with {'skill_name': 'rubric_mapping'}
╔══ 学科内容专家 ═══ 18:26:08 （用时 68.8s）

── 无修改意见 ──

  [主持人] 汇总合并中...
  [主持人] 用时 18.1s
╔══ 主持人冲突分析 ═══
经分析两位专家的意见，未发现真冲突。素养导向教研员（r_literacy）的7条提案与学情适配专家（r_learner）的5条提案在目标、流程、支架和检核维度上互补，可全部合并。唯一需注意的潜在张力是：素养导向教研员建议在例题前增加独立思考环节（增加开放度），而学情适配专家建议增加支架（降低开放度），但两者并非对立——可在独立思考环节中嵌入支架式问题（如先圈词、再画图），实现“先尝试后支架”的递进。因此合并时采纳双方建议，将开放性与支架性结合。

合并后的修改计划：
- (来自 r_literacy #7) 在教学目标前补充学情分析段落，明确先备知识与分层需求。
- (来自 r_literacy #1, #2) 将教学目标改写为以“三会”为纲的行为化表述，嵌入“模型意识”“运算能力”等课标术语。
- (来自 r_learner #2) 在难点支撑中增加“找等量关系”支架步骤（圈词、画图）。
- (来自 r_literacy #4) 将三个例题统一嵌套在购物主题下，情境贯穿始终。
- (来自 r_literacy #3, r_learner #3) 在每个例题分析前增加学生独立思考与表达环节，并补充学生活动分栏与预设错误。
- (来自 r_learner #1) 在例题1完成后嵌入检验子步骤，并在后续例题收尾时重复。
- (来自 r_learner #4) 在例题间增加过渡语，使等量关系主线清晰。
- (来自 r_learner #5) 修改巩固练习1为购物情境，注明组织形式、时间分配和反馈方式。
- (来自 r_literacy #5, #6) 在巩固练习中增加开放性任务（编题交换）和出口任务（写出等量关系类型并现场列方程），并设定达标描述。
    ✓ 合并完成

  合并后教案预览（前200字）:
    # 一元一次方程的应用——购物中的数学

## 学情分析
(来自 素养导向教研员) 学生已掌握整式运算（合并同类项、移项）和等式性质，具备解一元一次方程的基本技能。常见困难包括：从文字中提取等量关系、选择合理的设元策略、检验解的合理性。班级中存在分层需求：学困生需支架式引导（如填空式等量关系提示），学优生可挑战多未知数开放题。本设计据此在探究环节设置“圈词—画图—列式”三步支架，并在巩固练习中提供...

  [评审专家] 评审中...
  评审用时 6.6s
  总分: 92/100 (上一轮: -) | should_stop: True
  评分明细: A=9, B=13, C=20, D=14, E=9, F=27

  ✓ 达到终止条件，打磨完成。

============================================================
最终教案:

# 一元一次方程的应用——购物中的数学

## 学情分析
(来自 素养导向教研员) 学生已掌握整式运算（合并同类项、移项）和等式性质，具备解一元一次方程的基本技能。常见困难包括：从文字中提取等量关系、选择合理的设元策略、检验解的合理性。班级中存在分层需求：学困生需支架式引导（如填空式等量关系提示），学优生可挑战多未知数开放题。本设计据此在探究环节设置“圈词—画图—列式”三步支架，并在巩固练习中提供分层任务。

## 教学目标
(来自 素养导向教研员) 以义教数学课标“三会”为纲，嵌入课标核心素养要素（模型意识、运算能力、推理意识），每个目标对应可观察行为：

1. **会用数学的眼光观察现实世界**：能在购物情境中识别数量关系，用方程表达等量关系（模型意识）。
2. **会用数学的思维思考现实世界**：能分析已知与未知的关系，选择设元策略并求解（运算能力、推理意识）。
3. **会用数学的语言表达现实世界**：能解释方程解的实际意义并验证合理性（推理意识）。

## 教学重点与难点
- **重点**：找出实际问题中的等量关系，正确列出一元一次方程。
- **难点**：理解题意，准确找到等量关系并建模。
  - (来自 学情适配专家) **难点支撑**：在例题分析前插入“找等量关系”支架——学生先圈出题中表示相等关系的词（“共”“比…多”“是…的几倍”），再用表格或线段图将已知量和未知量可视化，最后列方程。

## 教学过程

### 一、情境导入（5分钟）

**教师活动**：展示商场购物小票，提出问题：“小明去文具店买笔和笔记本，共花了27元。其中笔每支2元，笔记本每本5元。小明一共买了9件文具。你能算出他买了几支笔、几本笔记本吗？”

**学生活动**：小组讨论，尝试用已有方法解决问题。

**设计意图**：从生活情境出发，激发学习兴趣，自然引入方程建模思想。

---

### 二、新知探究（20分钟）

#### 例题1：购物问题——单品折扣

某商店举行促销活动，每件商品按标价的8折出售。一件衣服标价500元，打折后售价是多少？如果一件衣服打8折后售价为400元，它的标价是多少？

**(来自 素养导向教研员) 学生独立思考与表达环节**：先不给等量关系，让学生尝试找出已知与未知之间的相等关系并说明理由。教师巡视，收集典型思路。

**(来自 学情适配专家) 找等量关系支架**：学生圈出“打8折”“售价”等关键词，用线段图表示标价与折扣的关系。

**学生活动**：独立尝试列式→同桌互检→全班交流易错点。

**(来自 学情适配专家) 预设错误**：部分学生可能误列 0.8 × 400 = x，教师引导纠正：标价 × 折扣率 = 售价，标价是未知数。

**分析**：
- 等量关系：标价 × 折扣率 = 售价
- 设标价为 \(x\) 元，则 \(0.8x = 400\)
- 解：\(x = 400 \div 0.8 = 500\)

**(来自 学情适配专家) 检验子步骤**：追问：“标价500元打8折是400元，符合题意吗？如果算出标价600元，打8折后是480元，与已知矛盾，说明什么？”学生回答：解必须符合实际意义。

**答案**：标价为500元。

**(来自 学情适配专家) 过渡语**：“刚才我们用‘标价×折扣=售价’解决了购物问题，其实生活中还有另一类问题——总量按两种不同方式分配，但总量不变。下面看例题2，同样是购物中的分配问题。”

---

#### 例题2：购物问题——团购分配

某班学生去团购植树工具，每人买2把则多出6把；每人买3把则缺少12把。求该班学生人数和工具总数。

**(来自 素养导向教研员) 学生独立思考与表达环节**：学生先圈出“多出”“缺少”等关键词，用表格表示两种分配方式，尝试找出等量关系。

**学生活动**：独立尝试列式→同桌互检→全班交流易错点。

**(来自 学情适配专家) 预设错误**：学生可能误列 \(2x - 6 = 3x + 12\)，教师引导：多出6把意味着树苗总数比2x多6，所以是 \(2x + 6\)；缺少12把意味着树苗总数比3x少12，所以是 \(3x - 12\)。

**分析**：
- 等量关系：树苗总数不变
- 设学生人数为 \(x\)，则 \(2x + 6 = 3x - 12\)
- 解：\(2x - 3x = -12 - 6\)，\(-x = -18\)，\(x = 18\)
- 树苗总数：\(2 \times 18 + 6 = 42\)

**(来自 学情适配专家) 检验子步骤**：追问：“18人每人2把是36把，多6把，共42把；18人每人3把是54把，缺12把，共42把。结果一致吗？说明什么？”

**答案**：该班有18名学生，工具共42把。

**(来自 学情适配专家) 过渡语**：“例题2中我们用了‘总量不变’的等量关系。购物中有时还会涉及路程问题——比如送货。下面看例题3，同样是购物主题下的行程问题。”

---

#### 例题3：购物问题——送货行程

A、B两家文具店相距240km，甲车从A店出发以60km/h的速度驶向B店，同时乙车从B店出发以40km/h的速度驶向A店。几小时后两车相遇？

**(来自 素养导向教研员) 学生独立思考与表达环节**：学生先圈出“相距”“同时”“相遇”等关键词，用线段图表示两车路程，尝试找出等量关系。

**学生活动**：独立尝试列式→同桌互检→全班交流易错点。

**(来自 学情适配专家) 预设错误**：学生可能误列 \(60t = 40t + 240\)，教师引导：两车相向而行，总路程是两车路程之和。

**分析**：
- 等量关系：甲车路程 + 乙车路程 = 总路程
- 设 \(t\) 小时后相遇，则 \(60t + 40t = 240\)
- 解：\(100t = 240\)，\(t = 2.4\)

**(来自 学情适配专家) 检验子步骤**：追问：“2.4小时甲车走了144km，乙车走了96km，和为240km，符合吗？如果算出t=3，两车路程和是300km，超出240km，说明什么？”

**答案**：2.4小时后两车相遇。

---

### 三、巩固练习（12分钟）

(来自 学情适配专家) 练习1改为购物情境，注明组织形式与时间分配：

**练习1**（独立完成4分钟→同桌交换检查2分钟→教师选取典型解法投影展示2分钟）：小明去体育用品店买篮球和排球共10个，共花费520元。已知篮球每个65元，排球每个45元。求篮球和排球各买了多少个？

(来自 素养导向教研员) 练习2保持原题，但增加开放性任务与出口任务：

**练习2**（独立完成4分钟）：将一批图书分给某班学生阅读，如果每人分3本，则剩余20本；如果每人分4本，则还缺25本。这个班有多少名学生？图书共有多少本？

**(来自 素养导向教研员) 开放性任务**（2分钟）：“请你自己编一道能用一元一次方程解决的购物问题，并和同桌交换求解。”

**(来自 素养导向教研员) 出口任务**（2分钟）：“请写出你今天学到的一种等量关系类型并现场列出一个方程。”教师收集全班达成证据。

**(来自 素养导向教研员) 达标描述**：练习1中能独立写出设元和方程即为达标；练习2中能正确设元并求解即为达标；出口任务中能写出等量关系类型并列出方程即为达标。

---

### 四、课堂小结（5分钟）

**教师引导**：

1. 列方程解应用题的一般步骤：
   - 审题：弄清题意，找出已知量和未知量
   - 设元：用字母表示未知数
   - 列方程：找到等量关系，列出方程
   - 解方程：求出未知数的值
   - 检验：检查解是否符合实际意义

2. 常见的等量关系类型：
   - 销售问题：售价 = 标价 × 折扣
   - 分配问题：两种分配方式的总量相等
   - 行程问题：路程 = 速度 × 时间

---

### 五、布置作业（3分钟）

**必做题**：教材第85页 练习题第1-4题

**选做题**：小明和父母去游乐园，成人票每张80元，儿童票每张40元，他们共买了4张票，花了240元。请列出方程并求解，判断小明的票是成人票还是儿童票。

## 板书设计

```
一元一次方程的应用——购物中的数学

一、步骤                     二、常见模型
1. 审题（圈词、画图）       1. 销售：标价×折扣=售价
2. 设元                     2. 分配：两种方式总量相等
3. 列方程                   3. 行程：s₁ + s₂ = s总
4. 解方程
5. 检验
```

## 教学反思

（课后填写）

  → .\outputs_practice\demo001_MATH01_polished.md
  → .\outputs_practice\demo001_MATH01_process.json

==================================================
运行格式自检...
================================================================
附录 D 提交契约自查报告
目标目录: G:\.Study\.CS\repo\Xpert\code\outputs_practice
================================================================

-- WARN (4) ----------------------------------------
[WARN] STR-04  demo001_BIO01_polished.md: 未发现'过程/任务'类标题（教学过程/任务链/教学环节…）
         修复: 教学过程/任务链是核心结构件，请确认标题可被识别。
[WARN] STR-04  demo001_CHN01_polished.md: 未发现'过程/任务'类标题（教学过程/任务链/教学环节…）
         修复: 教学过程/任务链是核心结构件，请确认标题可被识别。
[WARN] SCH-08  demo001_CHN01_process.json: roles 仅 2 个（工程实现目标要求 ≥3 个差异化专家角色）
         修复: 确认专家角色数量满足需求文档第三节；主持人不计入专家角色数。
[WARN] STR-04  demo001_MATH02_polished.md: 未发现'过程/任务'类标题（教学过程/任务链/教学环节…）
         修复: 教学过程/任务链是核心结构件，请确认标题可被识别。

-- PASS (14) ----------------------------------------
[PASS] NAME-OK 发现 4 对命名合规且成对的提交文件
[PASS] ENC-OK  demo001_BIO01_polished.md: UTF-8 编码、非空（5260 字符）
[PASS] TEX-OK  demo001_BIO01_polished.md: LaTeX 定界符配对正常（$$ ×0, $ ×0）
[PASS] JSN-OK  demo001_BIO01_process.json: Schema 校验通过（roles ×5, discussion ×15, modifications ×67）
[PASS] ENC-OK  demo001_CHN01_polished.md: UTF-8 编码、非空（5017 字符）
[PASS] TEX-OK  demo001_CHN01_polished.md: LaTeX 定界符配对正常（$$ ×0, $ ×0）
[PASS] JSN-OK  demo001_CHN01_process.json: Schema 校验通过（roles ×2, discussion ×4, modifications ×25）
[PASS] ENC-OK  demo001_MATH01_polished.md: UTF-8 编码、非空（3819 字符）
[PASS] TEX-OK  demo001_MATH01_polished.md: LaTeX 定界符配对正常（$$ ×0, $ ×0）
[PASS] STR-OK  demo001_MATH01_polished.md: 标题结构粗检通过（检出 7 个一/二级标题）
[PASS] JSN-OK  demo001_MATH01_process.json: Schema 校验通过（roles ×5, discussion ×5, modifications ×18）
[PASS] ENC-OK  demo001_MATH02_polished.md: UTF-8 编码、非空（2125 字符）
[PASS] TEX-OK  demo001_MATH02_polished.md: LaTeX 定界符配对正常（$$ ×0, $ ×8）
[PASS] JSN-OK  demo001_MATH02_process.json: Schema 校验通过（roles ×5, discussion ×25, modifications ×125）

================================================================
结论: WARN — 契约层通过，可提交；4 项警告建议处理（结构类警告不处理的评分后果自负）。
================================================================

