
启动多 Expert 圆桌打磨（最多 5 轮）
============================================================

▶ 第 1 轮 — 圆桌研讨

[学科内容专家] Calling tool: load_skill with {'skill_name': 'case_knowledge'}
[学情适配专家] Calling tool: load_skill with {'skill_name': 'rubric_mapping'}
╔══ 学情适配专家 ═══ 18:19:51 （用时 21.2s）

── 修改意见 ──
1. 【位置】标题与例题内容｜【问题】课题为"购物中的数学"，但例题2（植树分配）和例题3（行程问题）与购物无关，标题与主体内容不一致，削弱情境连贯性。｜【依据】rubric_mapping: D3 前环节产出被后环节实质使用｜【建议】将例题2和例题3替换为购物相关情境，例如"团购优惠分摊"和"满减凑单"；或在标题中改为"一元一次方程的应用（三类型）"以匹配实际内容。

2. 【位置】教学过程 二、新知探究（例题1-3）｜【问题】三组例题均只呈现分析过程和答案，未写明教师活动、学生活动、组织形式与时间分配，无法判断课堂如何执行。｜【依据】rubric_mapping: B1 环节展开度、B2 可执行颗粒度｜【建议】为每组例题补充：教师提问语与追问设计、学生独立演算或小组板演的组织形式、预计用时（如"例题1: 教师引导分析3min→学生独立列式2min→全班核对1min"）。

3. 【位置】教学过程 三、巩固练习｜【问题】仅列出两道练习题，未写教师活动、学生活动、组织形式、时间分配和反馈方式，无法判断练习如何开展与检核。｜【依据】rubric_mapping: B1 环节展开度、B2 可执行颗粒度｜【建议】补充：学生独立完成（5min）→小组互批（3min）→教师针对典型错误集中讲评（4min）；注明是否需要实物投影展示学生作答。

4. 【位置】教学过程 二、新知探究｜【问题】未针对"理解题意、找到等量关系"这一难点设置任何预设（学生常见错误或卡点）及应对支架，例题直接给出等量关系，学生未经历自主建模过程。｜【依据】rubric_mapping: B3 预设与应对、D2 难点突破｜【建议】在例题1前增设"找等量关系"支架活动：出示去掉数字的购物情境，让学生圈出关键词（如"打折""共花""比…多"），再填入具体数据列式；预设学生易混淆"标价×折扣=售价"与"标价-折扣=售价"，设计追问辨析。

5. 【位置】教学目标 第3条、教学过程｜【目标】"能检验方程的解是否符合实际问题的意义"——教学过程无任何检验环节，学生未实际练习验证解的合理性。｜【依据】rubric_mapping: D1 目标—活动—检核映射｜【建议】在例题1后增加一步：追问"x=500是否符合题意？标价500元打8折后售价400元，反过来算是否成立？"；在巩固练习后设计1分钟"验根互查"活动。

6. 【位置】教学目标 第5条、教学过程｜【目标】"通过小组合作探究"——仅情境导入出现一次"小组讨论"，新知探究与巩固练习均未体现小组合作。｜【依据】rubric_mapping: D1 目标—活动—检核映射｜【建议】在例题2（分配问题）改为小组合作完成：每组用画图或列表法分析等量关系，再列方程求解；板演后小组互评。

7. 【位置】教学过程 一、情境导入→二、新知探究｜【问题】导入中学生"尝试用已有方法解决问题"的产出未被新知探究实质使用，两个环节之间缺少衔接。｜【依据】rubric_mapping: D3 前环节产出被后环节实质使用｜【建议】导入讨论后，教师追问"刚才有的组用算术法、有的用尝试法，有没有一种通用方法能解决所有这类问题？"引出方程建模的必要性，自然过渡到例题1。
╔══ 学科内容专家 ═══ 18:19:53 （用时 22.5s）

── 无修改意见 ──
[素养导向教研员] Calling tool: load_skill with {'skill_name': 'rubric_mapping'}
[素养导向教研员] Calling tool: load_skill with {'skill_name': 'knowledge_boundary'}
╔══ 素养导向教研员 ═══ 18:20:09 （用时 39.1s）

── 修改意见 ──
1. 【位置】教学目标（知识与技能、过程与方法、情感态度与价值观）｜【问题】未使用2022版义教数学课标核心素养语言（"三会"体系），仍沿用旧版三维目标框架，缺少模型意识、应用意识、推理意识等课标术语｜【依据】rubric_mapping: 学科×学段语言-数学义教｜【建议】将目标改写为以"三会"统领，例如："会用数学的眼光观察购物情境中的等量关系，发展模型意识；会用数学的思维分析数量关系并建立方程，发展推理意识；会用数学的语言表达解题过程和检验结果，发展应用意识"
2. 【位置】教学目标｜【问题】"理解""掌握""能检验"等行为虽可观察，但未与对应核心素养要素（如模型意识、应用意识）建立明确关联，素养目标行为化不完整｜【依据】rubric_mapping: F1 素养目标行为化｜【建议】每条目标同时出现课标素养名称和可观察行为动词，例如"通过分析购物情境中的等量关系并列出方程，发展模型意识（能用自己的语言解释方程中每个部分对应的实际问题含义）"
3. 【位置】教学过程 一、情境导入｜【问题】购物小票情境仅在导入环节使用，后续新知探究的三个例题（购物、分配、行程）与该情境脱节，未在至少两个后续环节中实质承载该情境｜【依据】rubric_mapping: F4 真实情境与探究｜【建议】将例题1、巩固练习和作业统一到"商场购物"主情境下，例如将分配问题和行程问题替换为购物中的满减、组合优惠等场景，使情境贯穿导入—探究—练习全流程
4. 【位置】教学过程 二、新知探究（例题1-3）｜【问题】教师直接给出分析和完整解题过程，未设置递进问题链或要求学生外显思路（如"你是怎么想到设这个未知数的""等量关系是怎么找到的"）｜【依据】rubric_mapping: F3 思维参与｜【建议】在每个例题中插入1-2个追问，如"为什么设标价为x而不是折扣率""如果换一种设元方式，方程会变成什么样"，并安排学生同桌互讲思路后全班交流
5. 【位置】教学过程 二、新知探究—三、巩固练习｜【问题】学生仅按教师示范的固定路径解答同类型题目，没有自主组织解题路径、选择方法或产出可观察成果（如解题方案图、错例分析报告）的空间｜【依据】rubric_mapping: F5 学生主体与生成｜【建议】在巩固练习后增设"方案对比"环节：让不同列式方法的小组展示并讨论哪种设元更简洁，形成可观察的板书对比成果
6. 【位置】教学过程｜【问题】全课无任何目标达成检核环节——没有量规、没有自评/互评、没有针对不同水平学生的达标判断标准｜【依据】rubric_mapping: F6 目标达成检核｜【建议】在巩固练习后设置3分钟"自我检核"：给出一道变式题，要求学生在纸上按"审题—设元—列方程—检验"四步写出过程，教师巡视收集典型样本作为当堂达成证据
7. 【位置】教学过程 三、巩固练习｜【问题】练习1、2与情境导入的"购物"主题不一致（练习1回到购物但买的是篮球排球，练习2变成分图书），且未标注分层要求｜【依据】rubric_mapping: D5 学情检查｜【建议】将练习统一到购物情境中，并标注基础层（直接套用例题模型）和挑战层（需自行寻找等量关系），以呼应不同学力学生的先备知识差异

  [主持人] 冲突识别与裁决中...
╔══ 主持人冲突分析 ═══
经分析两位专家的意见，存在以下关系：
- **可组合分歧**：素养导向教研员建议将例题2、3替换为购物情境，学情适配专家提出同样建议，方向一致，可合并处理。
- **互补建议**：素养导向教研员关注素养目标语言与思维参与，学情适配专家关注环节展开度与难点突破，二者无冲突，可全部采纳。
- **无真冲突**：所有建议均能在不同维度上共存，无需二选一裁决。

**合并后的修改计划**：
1. (来自 r_literacy) 将教学目标改写为以"三会"统领，每条目标同时出现课标素养名称和可观察行为动词。
2. (来自 r_literacy + r_learner) 将例题2（植树分配）和例题3（行程问题）替换为购物相关情境（如团购优惠分摊、满减凑单），使情境贯穿导入—探究—练习全流程。
3. (来自 r_literacy) 在每个例题中插入1-2个递进追问，如"为什么设标价为x而不是折扣率""如果换一种设元方式会怎样"，并安排同桌互讲思路。
4. (来自 r_literacy) 在巩固练习后增设"方案对比"环节，让不同列式方法的小组展示并讨论哪种设元更简洁，形成板书对比成果。
5. (来自 r_literacy) 在巩固练习后设置3分钟"自我检核"变式题，要求学生按"审题—设元—列方程—检验"四步写出过程，教师巡视收集典型样本。
6. (来自 r_literacy + r_learner) 将巩固练习统一到购物情境中，并标注基础层和挑战层分层要求。
7. (来自 r_learner) 为每组例题补充教师提问语与追问设计、学生独立演算或小组板演的组织形式、预计用时（如"例题1: 教师引导分析3min→学生独立列式2min→全班核对1min"）。
8. (来自 r_learner) 为巩固练习补充：学生独立完成（5min）→小组互批（3min）→教师针对典型错误集中讲评（4min）；注明是否需要实物投影展示。
9. (来自 r_learner) 在例题1前增设"找等量关系"支架活动：出示去掉数字的购物情境，让学生圈出关键词，再填入数据列式；预设学生易混淆点，设计追问辨析。
10. (来自 r_learner) 在例题1后增加验根追问"x=500是否符合题意？标价500元打8折后售价400元，反过来算是否成立？"；在巩固练习后设计1分钟"验根互查"活动。
11. (来自 r_learner) 将例题2改为小组合作完成：每组用画图或列表法分析等量关系，再列方程求解；板演后小组互评。
12. (来自 r_learner) 在导入讨论后，教师追问"刚才有的组用算术法、有的用尝试法，有没有一种通用方法能解决所有这类问题？"引出方程建模的必要性，自然过渡到例题1。

---POLISHED---

# 一元一次方程的应用——购物中的数学

## 教学目标

### 会用数学的眼光观察现实世界
1. 通过分析购物情境中的等量关系并列出方程，发展模型意识（能用自己的语言解释方程中每个部分对应的实际问题含义）。

### 会用数学的思维思考现实世界
2. 通过建立方程模型解决购物中的实际问题，发展推理意识（能说明从问题到方程的推理过程）。

### 会用数学的语言表达现实世界
3. 通过书写解题过程和检验结果，发展应用意识（能规范地写出"审题—设元—列方程—求解—检验"的完整过程）。

## 教学重点与难点
- **重点**：找出实际问题中的等量关系，正确列出一元一次方程。
- **难点**：理解题意，准确找到等量关系并建模。

## 教学过程

### 一、情境导入（5分钟）

**教师活动**：展示商场购物小票，提出问题："小明去文具店买笔和笔记本，共花了27元。其中笔每支2元，笔记本每本5元。小明一共买了9件文具。你能算出他买了几支笔、几本笔记本吗？"

**学生活动**：小组讨论，尝试用已有方法（算术法、尝试法）解决问题。

**教师追问**："刚才有的组用算术法、有的用尝试法，有没有一种通用方法能解决所有这类问题？"（引出方程建模的必要性，自然过渡到例题1）

**设计意图**：从生活情境出发，激发学习兴趣，自然引入方程建模思想。

---

### 二、新知探究（20分钟）

#### 【支架活动：找等量关系】（2分钟）

**教师活动**：出示去掉数字的购物情境，让学生圈出关键词（如"打折""共花""比…多"），再填入具体数据列式。

**预设与应对**：学生易混淆"标价×折扣=售价"与"标价-折扣=售价"，设计追问"打折是乘还是减？为什么？"

---

#### 例题1：购物问题——打折促销（6分钟）

某商店举行促销活动，每件商品按标价的8折出售。一件衣服标价500元，打折后售价是多少？如果一件衣服打8折后售价为400元，它的标价是多少？

**教师引导分析（3分钟）**：
- 提问："为什么设标价为x而不是折扣率？"（追问1）
- 提问："如果换一种设元方式，比如设售价为x，方程会变成什么样？"（追问2）

**学生独立列式（2分钟）**：同桌互讲思路后全班交流。

**全班核对（1分钟）**：
- 等量关系：标价 × 折扣率 = 售价
- 设标价为 $x$ 元，则 $0.8x = 400$
- 解：$x = 400 \div 0.8 = 500$

**验根追问**："x=500是否符合题意？标价500元打8折后售价400元，反过来算是否成立？"

**答案**：标价为500元。

---

#### 例题2：购物问题——团购优惠分摊（8分钟）

某商场推出团购活动：买3件商品打8折，买5件商品打7折。小明和同学共6人决定一起购买，每人买一件标价相同的商品。如果单独购买每件商品不打折，每人需付80元。如果采用团购方案，按买5件打7折的方案购买，每人需付多少元？

**教师引导分析（2分钟）**：
- 提问："团购方案中，实际购买了几件？打几折？"
- 追问："总价怎么算？每人分摊多少？"

**学生活动（4分钟）**：小组合作完成，每组用画图或列表法分析等量关系，再列方程求解；板演后小组互评。

**全班核对（2分钟）**：
- 等量关系：团购总价 = 每人分摊价 × 人数
- 设每人需付 $x$ 元，则 $6x = 5 \times 80 \times 0.7$
- 解：$6x = 280$，$x \approx 46.67$

**验根**：每人付46.67元，6人共付280元，与团购总价一致。

**答案**：每人约需付46.67元。

---

#### 例题3：购物问题——满减凑单（4分钟）

商场推出"满200减50"活动。小明想买一件标价180元的衣服和一双标价60元的袜子。他需要再买多少元的商品才能享受满减优惠？

**教师引导分析（2分钟）**：
- 提问："满减的条件是什么？现在总价多少？还差多少？"
- 追问："如果设再买x元的商品，总价怎么表示？满减后实际支付多少？"

**学生独立完成（1.5分钟）**：列方程求解。

**全班核对（0.5分钟）**：
- 等量关系：现有总价 + 再买金额 ≥ 200
- 设再买 $x$ 元商品，则 $180 + 60 + x \geq 200$
- 解：$x \geq -40$，即不需要再买（已满足满减条件）
- 实际支付：$200 - 50 = 150$元

**答案**：不需要再买，实际支付150元。

---

### 三、巩固练习（12分钟）

**练习1（基础层）**：商场中，篮球每个65元，排球每个45元。小明用520元买了篮球和排球共10个。求篮球和排球各买了多少个？

**练习2（挑战层）**：商场推出"买三送一"活动，小明买了4件商品，实际只付了3件的钱，共付了120元。每件商品原价多少元？如果按原价购买，小明需要付多少元？

**学生独立完成（5分钟）**：按"审题—设元—列方程—检验"四步写出过程。

**小组互批（3分钟）**：同桌交换批改，标注错误类型。

**教师集中讲评（4分钟）**：针对典型错误（如等量关系找错、检验遗漏）进行讲解。

**验根互查（1分钟）**：同桌互相检查解的合理性。

**方案对比（额外3分钟，若时间允许）**：让不同列式方法的小组展示并讨论哪种设元更简洁，形成板书对比成果。

---

### 四、课堂小结（5分钟）

**教师引导**：

1. 列方程解应用题的一般步骤：
   - 审题：弄清题意，找出已知量和未知量
   - 设元：用字母表示未知数
   - 列方程：找到等量关系，列出方程
   - 解方程：求出未知数的值
   - 检验：检查解是否符合实际意义

2. 常见的等量关系类型（购物情境下）：
   - 打折问题：标价 × 折扣 = 售价
   - 团购问题：总价 ÷ 人数 = 每人分摊
   - 满减问题：满减后总价 = 原总价 - 减免金额

---

### 五、布置作业（3分钟）

**必做题**：教材第85页 练习题第1-4题（购物情境改编版）

**选做题**：小明和父母去游乐园，成人票每张80元，儿童票每张40元，他们共买了4张票，花了240元。请列出方程并求解，判断小明的票是成人票还是儿童票。

## 板书设计

```
一元一次方程的应用——购物中的数学

一、步骤                     二、常见模型
1. 审题                     1. 打折：标价×折扣=售价
2. 设元                     2. 团购：总价÷人数=每人分摊
3. 列方程                   3. 满减：满减后总价=原总价-减免
4. 解方程
5. 检验
```

## 教学反思

（课后填写）

  [主持人] 根据计划修改教案...
  [主持人] 总用时 40.2s（其中计划 17.8s）
    ✓ 合并完成

  合并后教案预览（前200字）:
    # 一元一次方程的应用——购物中的数学

## 教学目标

### 会用数学的眼光观察现实世界
1. 通过分析购物情境中的等量关系并列出方程，发展模型意识（能用自己的语言解释方程中每个部分对应的实际问题含义）。

### 会用数学的思维思考现实世界
2. 通过建立方程模型解决购物中的实际问题，发展推理意识（能说明从问题到方程的推理过程）。

### 会用数学的语言表达现实世界
3. 通过书写解题过...

  [评审专家] 评审中...
  [DEBUG] Judge 返回 0 分（第1次），原始响应前300字: {
  "scores": {
    "A": {
      "score": 9,
      "max": 10,
      "evidence": "教案包含教学目标、教学重点与难点、教学过程（情境导入、新知探究、巩固练习、课堂小结、布置作业）、板书设计、教学反思（待填），所有核心结构件齐全。推荐件中学情分析和教材分析缺失，教学反思无实质内容。",
      "suggestions": "建议增加学情分析（如学生已有知识基础、常见困难）和教材分析（本课在单元中的位置），使结构更完整。"
    },
    "B": {
      "score": 13,
      "ma
  重试...
  评审用时 34.2s
  总分: 74/100 (上一轮: -) | should_stop: False
  评分明细: A=9, B=13, C=5, D=13, E=10, F=24

▶ 第 2 轮 — 圆桌研讨

