
启动多 Expert 圆桌打磨（最多 5 轮）
============================================================

▶ 第 1 轮 — 圆桌研讨

[学科内容专家] Calling tool: load_skill with {'skill_name': 'case_knowledge'}
[素养导向教研员] Calling tool: load_skill with {'skill_name': 'rubric_mapping'}
[素养导向教研员] Calling tool: load_skill with {'skill_name': 'knowledge_boundary'}
[学情适配专家] Calling tool: load_skill with {'skill_name': 'rubric_mapping'}
[学情适配专家] Calling tool: load_skill with {'skill_name': 'knowledge_boundary'}
[学情适配专家] Calling tool: load_skill with {'skill_name': 'responsibility'}
╔══ 学情适配专家 ═══ 18:06:29 （用时 16.9s）

── 修改意见 ──
1. 【位置】教学过程/二、新知探究｜【问题】仅列出例题内容与分析，未写明教师活动、学生活动、组织形式及关键问题，导致环节不可执行｜【依据】rubric_mapping: B1 环节展开度｜【建议】为每个例题补充：教师如何引导学生分析等量关系（如追问"什么不变？"）、学生以独立思考还是小组讨论完成、全班交流什么内容

2. 【位置】教学过程/二、新知探究｜【问题】对"理解题意、找等量关系"这一难点未预判学生典型错误，无任何预设与应对｜【依据】rubric_mapping: B3 预设与应对｜【建议】针对例题2（分配问题）预设学生易混淆"多出"与"缺少"的符号，补充追问："多出6棵树苗'意味着方程左边是+6还是-6？为什么？"

3. 【位置】教学过程/二、新知探究/例题3｜【问题】例题3（行程问题）与课题"购物中的数学"无关，且三个例题间无衔接说明，前环节产出未被后环节实质使用｜【依据】rubric_mapping: D3 环节衔接｜【建议】将例题3替换为购物相关变式（如打折与满减组合的阶梯计价问题），或在例题间增加过渡语说明三类问题共享"总量相等"的建模思想

4. 【位置】教学目标/知识与技能2｜【问题】目标要求"去分母、去括号"步骤，但所有例题均未涉及这两步，该目标无对应活动与检核证据｜【依据】rubric_mapping: D1 目标-活动检核｜【建议】补充一个含分母或括号的购物问题例题，或将目标表述调整为仅覆盖本课实际练习的移项与合并同类项步骤

5. 【位置】教学过程/三、巩固练习｜【问题】仅列出两道练习题，无时间分配、组织形式、教师活动、学生活动及反馈方式｜【依据】rubric_mapping: B2 可执行颗粒度｜【建议】补充：学生独立完成8分钟，同桌互批2分钟，教师选取典型错误全班展示2分钟；同时提供练习1的等量关系分析表格作为支架

6. 【位置】教学重点与难点｜【问题】难点"理解题意、找等量关系"在教学中仅靠教师口头分析突破，未提供可视化工具或支架材料｜【依据】rubric_mapping: D2 难点突破｜【建议】引入"线段图法"（例题1标价与售价关系）或"表格法"（例题2两种分配方案对比）作为等量关系分析支架，在例题讲解中示范使用

7. 【位置】教学过程/一、情境导入｜【问题】导入问题（笔2元、本5元、共9件花27元）在后续新知探究和巩固练习中从未被回用，成为孤立活动｜【依据】rubric_mapping: D3 环节衔接｜【建议】将导入问题作为"例题0"在探究环节首用方程求解并检验，使其产出（方程模型）被后续例题实质继承
╔══ 学科内容专家 ═══ 18:06:37 （用时 24.2s）

── 无修改意见 ──
╔══ 素养导向教研员 ═══ 18:06:40 （用时 27.8s）

── 修改意见 ──
1. 【位置】教学目标｜【问题】目标使用"知识与技能""过程与方法""情感态度与价值观"旧框架，未使用义教数学课标"三会"总纲语言，且行为不可观察（如"体会""感受"）｜【依据】rubric_mapping: F1 素养目标行为化｜【建议】将目标改写为"会用数学的眼光发现购物情境中的等量关系""会用数学的思维建立方程模型并求解""会用数学的语言解释方程解的实际意义"，每个目标搭配可观察行为动词（如"列出""求解""检验"）。
2. 【位置】教学目标｜【问题】目标未出现义教数学课标的核心素养关键词（模型意识、应用意识、运算能力等），与学段课标要求脱节｜【依据】rubric_mapping: F2 学段课标符合｜【建议】在目标中嵌入对应素养名称，例如"在购物问题中发展模型意识和应用意识，提升运算能力"，使素养名称与行为描述同时出现。
3. 【位置】教学过程（情境导入+新知探究）｜【问题】未设置任何让学生外显思维过程（"怎样想到""为何这样设元"）的环节；例题由教师直接给出分析和方程，学生仅被动接收｜【依据】rubric_mapping: F3 思维参与｜【建议】在例题1之后增加一个追问："你为什么要设标价为x？等量关系你是从哪里找到的？"并要求小组互相解释思路后全班分享，教师据此捕捉典型误区。
4. 【位置】教学过程（情境导入至巩固练习）｜【问题】购物情境仅在导入环节出现一次，后续例题2（植树分配）、例题3（行程相遇）均与购物无关，情境未在后续环节持续承载任务｜【依据】rubric_mapping: F4 真实情境与探究｜【建议】将例题2和例题3替换为购物情境的变式，例如"商店买三送一与打折哪个更划算""团购与个人购买的总价比较"，使同一情境贯穿导入—探究—练习至少三个环节。
5. 【位置】教学过程（新知探究+巩固练习）｜【问题】所有问题由教师预设，学生无自主组织路径、选择方法或产出可观察成果的空间；练习为封闭式题目，无差异讨论或迭代｜【依据】rubric_mapping: F5 学生主体与生成｜【建议】在巩固练习后增设一个开放环节："请每组自己编一道能用一元一次方程解决的购物问题，交换给其他组求解并互评"，让学生自主产出并依据差异展开讨论。
6. 【位置】教学过程（全课）｜【问题】无任何目标达成检核机制，无法判断学生是否达成"能列方程""能求解""能检验"等目标；课堂小结仅为教师复述步骤｜【依据】rubric_mapping: F6 目标达成检核｜【建议】在巩固练习后增加一个3分钟"检核卡"活动：给出一个购物情境，要求每位学生独立写出设元、方程和检验过程，教师巡视收集典型样本作为达成证据。
7. 【位置】教学过程（全课）｜【问题】未提供官方学情profile，但教案中无任何分层支架或差异化任务设计，默认全班同一起点和进度｜【依据】rubric_mapping: D5 学情检查｜【建议】若学情profile显示存在计算薄弱生，则在巩固练习中设置"支架版"（给出设元提示和部分方程）与"挑战版"（自行设元并多步检验）两个路径供选择。

  [主持人] 汇总合并中...
  [主持人] 用时 19.0s
    ✓ 合并完成

  合并后教案预览（前200字）:
    # 一元一次方程的应用——购物中的数学

## 教学目标

1. **会用数学的眼光发现购物情境中的等量关系**（模型意识）：能根据购物问题中的已知量和未知量，找出等量关系，列出方程。
2. **会用数学的思维建立方程模型并求解**（运算能力）：能运用移项、合并同类项等步骤正确解一元一次方程，并在简单情境中处理含括号的方程。
3. **会用数学的语言解释方程解的实际意义**（应用意识）：能检验方程...

  [评审专家] 评审中...
  评审用时 17.0s
  总分: 88/100 (上一轮: -) | should_stop: False
  评分明细: A=8, B=13, C=19, D=13, E=8, F=27

▶ 第 2 轮 — 圆桌研讨

╔══ 学情适配专家 ═══ 18:07:27 （用时 10.5s）

── 修改意见 ──
1. 【位置】教学过程/二、新知探究/例题2｜【问题】例题2（植树分配）与课题"购物中的数学"主题不一致，上一轮评审已建议替换为购物情境但未落实｜【依据】rubric_mapping: D3 环节衔接｜【建议】将例题2替换为购物情境的分配问题，如"买3件送1件"与"买5件打7折"两种优惠方案下总价相等的购物问题

2. 【位置】教学过程/四、检核卡活动｜【问题】检核卡活动仅要求学生完成解题过程，缺少简易评价量规，无法将学生产出转化为可追溯的目标达成证据｜【依据】rubric_mapping: D1 目标-活动检核｜【建议】在检核卡底部附三档量规：★能正确设元列方程；★★能正确求解并检验；★★★能用数学语言完整解释每一步的意义，巡视时按档位记录达成人数

3. 【位置】教学过程/五、开放编题环节｜【问题】编题（2分钟）、交换求解（2分钟）、互评（1分钟）共5分钟，时间分配偏紧，且未说明编题质量要求，可能导致互评环节流于形式｜【依据】rubric_mapping: B2 可执行颗粒度｜【建议】将编题环节延长至8分钟（编题3分钟+交换求解3分钟+互评2分钟），并明确编题要求：必须包含一个明确的等量关系且涉及购物情境

4. 【位置】推荐件缺失｜【问题】缺少学情分析和教材分析两个推荐件，不利于后续教师根据班级实际调整难度与开放度｜【依据】rubric_mapping: 常规课推荐件｜【建议】在教学目标前补充学情分析（学生已有移项合并基础、对折扣概念的生活经验、可能的符号混淆点）和教材分析（本课在方程单元中的位置及与后续一元一次不等式应用的衔接关系）
╔══ 素养导向教研员 ═══ 18:07:27 （用时 10.6s）

── 修改意见 ──
1. 【位置】教学过程/二、新知探究/例题2｜【问题】例题2为植树分配问题，与购物主题不一致；过渡语试图用"多与少"衔接，但情境已脱离购物场景，削弱了F4情境连贯性｜【依据】rubric_mapping: F4 真实情境与探究｜【建议】将例题2替换为购物中的分配问题，例如"买笔和笔记本共10件，总价不超过30元，已知笔2元、笔记本5元，最多能买几本笔记本？"，保持购物情境在导入后至少三个环节连续承载。
2. 【位置】教学过程/二、新知探究/例题1｜【问题】教师追问"你为什么要设标价为x？等量关系你是从哪里找到的？"后，未说明如何利用学生回答调整教学（如分类展示不同思路、针对典型误区即时纠正）｜【依据】rubric_mapping: F3 思维参与｜【建议】在追问后补充教师应对策略："将学生思路分为'从问题倒推'和'从条件顺推'两类，分别板书对比，追问'两种思路最后得到的方程一样吗？为什么？'"使思路外显服务于后续教学。
3. 【位置】教学过程/四、检核卡活动｜【问题】检核卡仅有情境和任务，未给出判断学生是否达标的简单标准，教师收集样本后缺少明确的"达标/未达标"判定依据｜【依据】rubric_mapping: F6 目标达成检核｜【建议】在检核卡旁附一个三档快速检核标准：A（设元正确+方程正确+检验完整）、B（设元或方程有误但检验意识正确）、C（未完成或方向错误），便于教师课后统计达成率。
4. 【位置】教学目标/第3条｜【问题】"会用数学的语言解释方程解的实际意义"中的"解释"行为不够具体，无法直接观察学生是否做到｜【依据】rubric_mapping: F1 素养目标行为化｜【建议】改为"能口头或书面说明方程的解在购物情境中的具体含义（如'x=6表示买了6支笔'），并判断该解是否合理"，使行为可观察、可检核。
5. 【位置】教学过程/五、开放编题环节｜【问题】编题环节要求"包含明确的等量关系"，但未给出评价标准或示例，学生可能编出无意义或无法求解的问题｜【依据】rubric_mapping: F5 学生主体与生成｜【建议】增加一个编题支架："你的题目中必须有一个明确的等量关系（如总价固定、数量固定或折扣后价格相等），并写出该等量关系"，同时教师准备1个示范编题供参考。
╔══ 学科内容专家 ═══ 18:07:35 （用时 19.2s）

── 无修改意见 ──

  [主持人] 汇总合并中...
  [主持人] 用时 17.9s
    ✓ 合并完成

  合并后教案预览（前200字）:
    # 一元一次方程的应用——购物中的数学

## 学情分析

学生已掌握一元一次方程的解法（移项、合并同类项），具备基本的代数运算能力。在生活经验方面，学生对购物中的折扣、优惠、满减等概念有直观认识，但对“打折与满减组合”“买送方案比较”等复杂情境缺乏建模经验。可能的典型错误包括：混淆折扣率与打折后的价格、在分配问题中符号判断错误（多出/缺少）、忽略解的合理性检验。本课需通过可视化支架和分层练习帮助...

  [评审专家] 评审中...
  评审用时 25.3s
  总分: 94/100 (上一轮: 88) | should_stop: False
  评分明细: A=10, B=13, C=20, D=14, E=9, F=28

▶ 第 3 轮 — 圆桌研讨

╔══ 学情适配专家 ═══ 18:08:26 （用时 7.4s）

── 修改意见 ──
1. 【位置】教学过程/三、巩固练习/练习2｜【问题】练习2为"图书分配"问题，脱离"购物中的数学"课题情境，且与导入至例题3连续四个购物环节脱节｜【依据】rubric_mapping: D3 环节衔接｜【建议】将练习2替换为购物情境分配问题，如"某店买3件T恤送1双袜子，T恤每件60元，袜子每双15元。小明买了若干件T恤和袜子共12件，花了540元，求T恤和袜子各多少件"

2. 【位置】教学过程/二、新知探究/例题2问题（2）｜【问题】方案A方程含取整函数⌊x/4⌋，超出七年级一元一次方程范畴，学生无法独立求解，该活动不可执行｜【依据】rubric_mapping: B2 可执行颗粒度｜【建议】将问题（2）限定为方案B单方案求解（15×0.7×x=84，得x=8），问题（1）直接计算对比两种方案即可，删除方案A的方程求解要求

3. 【位置】七、布置作业/选做题｜【问题】选做题情境为游乐园门票，与课题"购物中的数学"不一致，削弱主题聚焦度｜【依据】rubric_mapping: D4 作业与目标一致性｜【建议】将选做题改为纯购物情境，如"某店满200减50，同时可叠加一张8折券（只能选一种优惠）。小明买了一件标价280元的衣服，哪种优惠更划算？如果实际支付了194元，他可能选择了哪种优惠？"
╔══ 学科内容专家 ═══ 18:08:39 （用时 20.6s）

── 无修改意见 ──
╔══ 素养导向教研员 ═══ 18:08:48 （用时 28.8s）

── 修改意见 ──
1. 【位置】教学过程/三、巩固练习/练习2｜【问题】练习2为"图书分配"问题，与购物主题无关，破坏了F4要求的情境在导入后至少两个环节持续承载的原则｜【依据】rubric_mapping: F4 真实情境与探究｜【建议】将练习2替换为购物情境的分配问题，例如"某商店买3支笔送1块橡皮，笔每支2元，橡皮每块3元。小明共拿到12件文具，他实际付了多少钱？"，使巩固练习环节也与购物主题一致。
2. 【位置】教学过程/七、布置作业/选做题｜【问题】选做题情境为游乐园购票，虽属购买行为但与"购物中的数学"主题（商品折扣、优惠方案）关联较弱，削弱了主题聚焦度｜【依据】rubric_mapping: F4 真实情境与探究｜【建议】将选做题改为纯购物情境，如"某商店推出'满100减20'和'全场8折'两种优惠，不能叠加。小明想买一件标价150元的衣服，哪种优惠更划算？如果他想用最少的钱买两件标价分别为120元和80元的衣服，应如何选择？"
3. 【位置】教学过程/四、检核卡活动｜【问题】检核卡仅覆盖目标3（解释解的实际意义）和目标2（求解），未直接检核目标1（从情境中发现等量关系并列出方程）的达成情况｜【依据】rubric_mapping: F6 目标达成检核｜【建议】在检核卡中增加一个前置步骤："请先圈出题目中的已知量和未知量，写出等量关系式，再列方程求解"，使三条目标均有对应的可观察证据。

  [主持人] 汇总合并中...
  [主持人] 用时 29.8s
    ✓ 合并完成

  合并后教案预览（前200字）:
    # 一元一次方程的应用——购物中的数学

## 学情分析

学生已掌握一元一次方程的解法（移项、合并同类项），具备基本的代数运算能力。在生活经验方面，学生对购物中的折扣、优惠、满减等概念有直观认识，但对“打折与满减组合”“买送方案比较”等复杂情境缺乏建模经验。可能的典型错误包括：混淆折扣率与打折后的价格、在分配问题中符号判断错误（多出/缺少）、忽略解的合理性检验。本课需通过可视化支架和分层练习帮助...

  [评审专家] 评审中...
  评审用时 12.1s
  总分: 94/100 (上一轮: 94) | should_stop: True
  评分明细: A=10, B=13, C=20, D=14, E=9, F=28

  ✓ 达到终止条件，打磨完成。

============================================================
最终教案:

# 一元一次方程的应用——购物中的数学

## 学情分析

学生已掌握一元一次方程的解法（移项、合并同类项），具备基本的代数运算能力。在生活经验方面，学生对购物中的折扣、优惠、满减等概念有直观认识，但对“打折与满减组合”“买送方案比较”等复杂情境缺乏建模经验。可能的典型错误包括：混淆折扣率与打折后的价格、在分配问题中符号判断错误（多出/缺少）、忽略解的合理性检验。本课需通过可视化支架和分层练习帮助学生突破难点。

## 教材分析

本课是七年级上册一元一次方程单元的应用课，在掌握方程解法后，重点训练“实际问题→方程模型”的转化能力。本课选用的购物情境贴近学生生活，有助于培养模型意识和应用意识。后续将学习一元一次不等式和不等式组的应用，本课中的“方案比较”和“分类讨论”思想为后续学习奠定基础。

## 教学目标

1. **会用数学的眼光发现购物情境中的等量关系**（模型意识）：能根据购物问题中的已知量和未知量，找出等量关系，列出方程。
2. **会用数学的思维建立方程模型并求解**（运算能力）：能运用移项、合并同类项等步骤正确解一元一次方程，并在简单情境中处理含括号的方程。
3. **会用数学的语言解释方程解的实际意义**（应用意识）：能口头或书面说明方程的解在购物情境中的具体含义（如“x=6表示买了6支笔”），并判断该解是否合理。

**素养目标**：在购物问题中发展模型意识和应用意识，提升运算能力。

## 教学重点与难点

- **重点**：找出实际问题中的等量关系，正确列出一元一次方程。
- **难点**：理解题意，准确找到等量关系并建模。
- **难点突破策略**：引入线段图法（例题1）和表格法（例题2、例题3）作为可视化支架，在例题讲解中示范使用。

## 教学过程

### 一、情境导入（5分钟）

**教师活动**：展示商场购物小票，提出问题：“小明去文具店买笔和笔记本，共花了27元。其中笔每支2元，笔记本每本5元。小明一共买了9件文具。你能算出他买了几支笔、几本笔记本吗？”

**学生活动**：小组讨论，尝试用已有方法（如列表、猜测）解决问题。教师巡视，了解学生初始思路。

**设计意图**：从生活情境出发，激发学习兴趣。本问题将作为“例题0”在探究环节首用方程求解并检验，使其产出（方程模型）被后续例题继承。

---

### 二、新知探究（20分钟）

**过渡语**：刚才大家用多种方法解决了购物问题，现在我们把这个问题转化为方程来求解——这就是今天要学习的“一元一次方程的应用”。

#### 例题0（源于导入）：购物问题

**问题**：小明买笔（2元/支）和笔记本（5元/本）共9件，花了27元。各买了多少？

**教师活动**：
1. 引导学生找出等量关系：笔的总价 + 笔记本的总价 = 27元；笔的数量 + 笔记本的数量 = 9件。
2. 设笔买了x支，则笔记本买了(9-x)本，列出方程：2x + 5(9-x) = 27。
3. 示范解方程（含括号的移项合并），并强调检验：x=6，则笔6支，笔记本3本，总价2×6+5×3=27，符合题意。

**学生活动**：在教师引导下尝试列出方程并求解。同桌互讲思路。

**设计意图**：将导入问题转化为方程模型，使学生直观感受“实际问题→方程”的转化过程，同时覆盖含括号方程的解法。

---

#### 例题1：打折问题

某商店举行促销活动，每件商品按标价的8折出售。一件衣服标价500元，打折后售价是多少？如果一件衣服打8折后售价为400元，它的标价是多少？

**教师活动**：
1. 展示线段图：标价——（×0.8）——>售价，帮助学生理解折扣关系。
2. 追问：“你为什么要设标价为x？等量关系你是从哪里找到的？”（引导学生外显思维）
3. 将学生思路分为“从问题倒推”和“从条件顺推”两类，分别板书对比，追问：“两种思路最后得到的方程一样吗？为什么？”（帮助学生理解等量关系的本质不变性）
4. 组织小组讨论：每人先独立思考，再向同伴解释思路，然后全班分享典型解法。
5. 捕捉常见误区：部分学生可能混淆“标价×折扣=售价”与“售价÷折扣=标价”的关系，通过对比辨析强化理解。

**学生活动**：独立思考后小组互讲，代表全班展示。记录等量关系：标价×折扣率=售价。

**答案**：标价为500元。

---

**过渡语**：购物中除了直接打折，还有“买送”和“打折”两种优惠方式的比较。接下来我们看看如何用方程解决方案选择问题。

#### 例题2：购物中的方案比较问题

某文具店推出两种优惠方案：方案A“买3件送1件”，方案B“买5件打7折”。小明想买一些笔记本，原价每本15元。请问：
（1）小明买8本笔记本，哪种方案更划算？
（2）小明实际支付了84元，他买了多少本笔记本？此时哪种方案更划算？

**教师活动**：
1. 展示表格法分析两种方案：

| 方案 | 优惠规则 | 购买数量 | 实际支付 |
|------|----------|----------|----------|
| A    | 买3送1   | 8本      | 15 × 6 = 90元 |
| B    | 打7折    | 8本      | 15 × 0.7 × 8 = 84元 |

2. 预设学生易混淆“买3送1”的实际含义，追问：“买3送1相当于每买4件只付3件的钱，你能用式子表示吗？”
3. 问题（1）直接计算对比：方案A付6本的钱90元，方案B付84元，方案B更划算。
4. 问题（2）：引导学生用方案B列方程求解：设买了x本，则15 × 0.7 × x = 84，解得x=8。追问：“此时方案A需要付多少钱？是否与84元相等？”学生计算方案A：买8本送2本，付6本的钱90元，不等于84元，故只能选方案B。
5. 强调：当两种方案支付金额不同时，实际支付金额只能对应其中一种方案。

**学生活动**：填写表格，小组讨论两种方案的差异，独立列方程求解问题（2），全班核对答案并讨论方案选择依据。

**答案**：
（1）方案A：90元；方案B：84元。方案B更划算。
（2）设买了x本，方案B：15 × 0.7 × x = 84，解得x=8。此时方案A需付90元，不等于84元，故小明选择了方案B，买了8本笔记本。

---

**过渡语**：购物中还有更复杂的优惠组合。接下来我们看看“打折与满减”同时出现时，如何用方程解决。

#### 例题3：购物情境变式——打折与满减组合

某商场推出优惠活动：所有商品打8折，同时满200元减30元。小明买了一件标价300元的衣服和一双标价150元的鞋子。请问小明实际需要支付多少钱？如果小明实际支付了330元，他买的商品标价总和是多少？

**教师活动**：
1. 引导学生分析优惠顺序：先打折，再判断是否满足满减条件。
2. 设标价总和为x元，则打折后为0.8x元；判断0.8x是否≥200，若是则再减30元。
3. 列出方程：0.8x - 30 = 330（假设满足满减条件），求解并检验。
4. 追问：“为什么可以假设满足满减条件？如果不满足怎么办？”（引导学生分类讨论）

**学生活动**：小组合作分析优惠规则，尝试列方程并求解，全班讨论分类讨论的必要性。

**答案**：标价总和为450元。

---

### 三、巩固练习（10分钟）

**教师活动**：发放练习纸，包含两个版本供选择：
- **支架版**：给出设元提示和部分方程，学生补充完整并求解。
- **挑战版**：自行设元并完成多步检验。

**学生活动**：
1. 学生独立完成所选版本（8分钟）。
2. 同桌互批（2分钟），教师巡视选取典型错误全班展示。

**练习1**：某班购买篮球和排球共10个，共花费520元。已知篮球每个65元，排球每个45元。求篮球和排球各买了多少个？

**练习2

  → .\outputs_practice\demo001_MATH01_polished.md
  → .\outputs_practice\demo001_MATH01_process.json

==================================================
运行格式自检...
================================================================
附录 D 提交契约自查报告
目标目录: G:\.Study\.CS\repo\Xpert\code\outputs_practice
================================================================

-- WARN (4) ----------------------------------------
[WARN] STR-04  demo001_BIO01_polished.md: 未发现'过程/任务'类标题（教学过程/任务链/教学环节…）
         修复: 教学过程/任务链是核心结构件，请确认标题可被识别。
[WARN] STR-04  demo001_CHN01_polished.md: 未发现'过程/任务'类标题（教学过程/任务链/教学环节…）
         修复: 教学过程/任务链是核心结构件，请确认标题可被识别。
[WARN] SCH-08  demo001_CHN01_process.json: roles 仅 2 个（工程实现目标要求 ≥3 个差异化专家角色）
         修复: 确认专家角色数量满足需求文档第三节；主持人不计入专家角色数。
[WARN] STR-04  demo001_MATH02_polished.md: 未发现'过程/任务'类标题（教学过程/任务链/教学环节…）
         修复: 教学过程/任务链是核心结构件，请确认标题可被识别。

-- PASS (14) ----------------------------------------
[PASS] NAME-OK 发现 4 对命名合规且成对的提交文件
[PASS] ENC-OK  demo001_BIO01_polished.md: UTF-8 编码、非空（5260 字符）
[PASS] TEX-OK  demo001_BIO01_polished.md: LaTeX 定界符配对正常（$$ ×0, $ ×0）
[PASS] JSN-OK  demo001_BIO01_process.json: Schema 校验通过（roles ×5, discussion ×15, modifications ×67）
[PASS] ENC-OK  demo001_CHN01_polished.md: UTF-8 编码、非空（5017 字符）
[PASS] TEX-OK  demo001_CHN01_polished.md: LaTeX 定界符配对正常（$$ ×0, $ ×0）
[PASS] JSN-OK  demo001_CHN01_process.json: Schema 校验通过（roles ×2, discussion ×4, modifications ×25）
[PASS] ENC-OK  demo001_MATH01_polished.md: UTF-8 编码、非空（3417 字符）
[PASS] TEX-OK  demo001_MATH01_polished.md: LaTeX 定界符配对正常（$$ ×0, $ ×0）
[PASS] STR-OK  demo001_MATH01_polished.md: 标题结构粗检通过（检出 6 个一/二级标题）
[PASS] JSN-OK  demo001_MATH01_process.json: Schema 校验通过（roles ×5, discussion ×15, modifications ×47）
[PASS] ENC-OK  demo001_MATH02_polished.md: UTF-8 编码、非空（2125 字符）
[PASS] TEX-OK  demo001_MATH02_polished.md: LaTeX 定界符配对正常（$$ ×0, $ ×8）
[PASS] JSN-OK  demo001_MATH02_process.json: Schema 校验通过（roles ×5, discussion ×25, modifications ×125）

================================================================
结论: WARN — 契约层通过，可提交；4 项警告建议处理（结构类警告不处理的评分后果自负）。
================================================================

