  [素养导向教研员] 加载技能: ['responsibility', 'knowledge_boundary', 'rubric_mapping', 'case_knowledge']
  [学科内容专家] 加载技能: ['responsibility', 'knowledge_boundary', 'rubric_mapping', 'case_knowledge']
  [学情适配专家] 加载技能: ['responsibility', 'knowledge_boundary', 'rubric_mapping', 'case_knowledge']
  [主持人] 加载技能: ['responsibility', 'knowledge_boundary']
  [评审专家] 加载技能: ['evaluation_rubric', 'knowledge_boundary', 'responsibility', 'scoring_rules']

启动多 Expert 圆桌打磨（最多 5 轮）
============================================================

▶ 第 1 轮 — 圆桌研讨

  [素养导向教研员] 用时 28.2s, 意见 861 字
  ✓ 收到 素养导向教研员 意见 (861 字): ...
  [学情适配专家] 用时 29.3s, 意见 1151 字
  ✓ 收到 学情适配专家 意见 (1151 字): ...
  [学科内容专家] 用时 55.2s, 意见 486 字
  ✓ 收到 学科内容专家 意见 (486 字): ...

  [主持人] 汇总合并中...
经分析三位专家的意见，存在以下潜在冲突并已处理：

- **统一情境 vs 例题类型多样性**：素养导向教研员建议将三个例题统一为一个连贯情境（如商场促销），但学科内容专家和学情适配专家均未反对，且原例题包含分配和行程问题，强行统一可能失真。裁决：部分采纳——将情境导入问题作为例题0（购物情境），例题1保持购物（与情境衔接），例题2、3保留原类型，但在小结中回顾情境导入的方程解法，实现“情境贯穿”而非“全统一”。
- **开放性练习与任务量**：素养导向教研员建议增加自编题等开放性练习，学情适配专家建议增加找等量关系口头练习和小组合作。两者互补，合并执行：先口头练习（3分钟），再小组合作自编题（5分钟），不增加总时长。
- **形成性评价与小结时间**：素养导向教研员建议设计独立完成的新情境问题作为检核，学情适配专家无反对。采纳，将小结中教师总结改为学生独立完成+教师反馈，时间从5分钟调整为6分钟（含评价）。

合并后的修改计划：
- (来自 r_literacy, r_learner) 补充学情分析段落
- (来自 r_literacy) 教学目标改为行为化目标，融入“三会”和核心素养名称
- (来自 r_subject) 例题1补充第一小问分析（标价500元打8折求售价）
- (来自 r_learner) 将情境导入问题作为例题0，纳入新知探究，用方程解决
- (来自 r_literacy, r_learner) 每个例题后增加追问外显思维、检验环节、预设学生错误
- (来自 r_learner) 明确区分师生活动，补充教师活动与学生活动描述
- (来自 r_learner) 巩固练习增加找等量关系口头练习、小组合作自编题、时间分配、支架表格
- (来自 r_subject) 修改练习1数据为510元（解为整数），修改选做题条件（补充“小明是儿童”）
- (来自 r_literacy) 课堂小结改为形成性评价：学生独立完成新情境题并反馈
- (来自 r_learner) 增加等量关系分析表支架材料
  [主持人] 用时 27.9s
    ✓ 合并完成

  合并后教案预览（前200字）:
    # 一元一次方程的应用——购物中的数学

## 学情分析

学生已掌握一元一次方程的解法（去分母、去括号、移项、合并同类项、系数化为1），能进行基本计算。但在实际问题中，学生对等量关系的抽象存在困难，容易混淆“多出”与“缺少”的符号，且缺乏检验解是否符合实际意义的习惯。本节课需提供支架（如等量关系分析表）和变式训练，帮助学生突破难点。

## 教学目标

### 知识与技能
1. 能根据实际问题中...

  [评审专家] 评审中...
  评审解析可能失败（0分），重试...
  评审用时 41.9s
  总分: 93.125/100 (上一轮: -) | should_stop: False
  评分明细: A=10, B=13.125, C=20, D=15, E=10, F=25

▶ 第 2 轮 — 圆桌研讨

  [素养导向教研员] 用时 12.1s, 意见 985 字
  ✓ 收到 素养导向教研员 意见 (985 字): ...
  [学情适配专家] 用时 13.1s, 意见 533 字
  ✓ 收到 学情适配专家 意见 (533 字): ...
  [学科内容专家] 用时 15.5s, 意见 0 字
  ✓ 收到 学科内容专家 意见 (0 字): ...

  [主持人] 汇总合并中...
经分析三位专家的意见，存在以下潜在冲突并已处理：

- **情境连贯 vs 模型多样性**：素养导向教研员建议将例题2（分配）和例题3（行程）统一为购物情境，但保留原情境有助于学生接触不同模型，且学情适配专家未要求统一。裁决：部分采纳——保留原情境，在例题2前增加衔接语“生活中除了购物，还有分配和行程问题”，并在小结中回顾情境导入的方程解法，实现“情境贯穿”而非全统一。
- **思维外显方式**：素养导向教研员建议增设“写一写”环节，学情适配专家要求增加追问。两者互补，合并为：每个例题后先追问再写一写（1分钟），不增加总时长，通过整合实现。
- **开放性问题与自编题**：素养导向教研员建议从购物小票自选数据编题，原教案已有自编应用题环节。合并：将自编应用题改为“从购物小票自选数据编题”，保留小组合作形式。
- **时间超限**：原教案总时间约54分钟，超出一节课（45分钟）。调整：将情境导入并入例题0，压缩巩固练习各子环节，总时间控制在约47分钟（可接受范围内，教师可灵活微调）。

合并后的修改计划：
- (来自 r_literacy) 教学目标增加“会用数学的眼光观察现实世界”和“会用数学的思维思考等量关系”。
- (来自 r_literacy, r_learner) 每个例题后增设“写一写”思维外显环节，并增加小组交流要求。
- (来自 r_literacy) 自编应用题改为“从购物小票自选数据编题”。
- (来自 r_literacy) 形成性评价后增加30秒自我检核。
- (来自 r_literacy) 在例题0时引导学生使用等量关系分析表支架。
- (来自 r_learner) 例题3增加预设错误及应对（忘记画线段图、方向错误）。
- (来自 r_learner) 选做题补充要求写出检验过程。
- (来自 r_literacy) 例题2前增加衔接语，保持模型多样性。
- 时间结构调整：情境导入并入例题0，压缩巩固练习各子环节。
  [主持人] 用时 54.7s
    ✓ 合并完成

  合并后教案预览（前200字）:
    # 一元一次方程的应用——购物中的数学

## 学情分析

学生已掌握一元一次方程的解法（去分母、去括号、移项、合并同类项、系数化为1），能进行基本计算。但在实际问题中，学生对等量关系的抽象存在困难，容易混淆“多出”与“缺少”的符号，且缺乏检验解是否符合实际意义的习惯。本节课需提供支架（如等量关系分析表）和变式训练，帮助学生突破难点。

## 教学目标

### 知识与技能
1. 能从购物情境中抽...

  [评审专家] 评审中...
  评审用时 75.9s
  总分: 0/100 (上一轮: 93.125) | should_stop: False
  评分明细: A=0, B=0, C=0, D=0, E=0, F=0

▶ 第 3 轮 — 圆桌研讨

  [学科内容专家] 用时 14.1s, 意见 0 字
  ✓ 收到 学科内容专家 意见 (0 字): ...
  [学情适配专家] 用时 18.8s, 意见 220 字
  ✓ 收到 学情适配专家 意见 (220 字): ...
  [素养导向教研员] 用时 19.7s, 意见 513 字
  ✓ 收到 素养导向教研员 意见 (513 字): ...

  [主持人] 汇总合并中...
经分析两位专家的意见，存在以下潜在冲突并已处理：

- **情境连贯 vs 模型多样性**：素养导向教研员要求将例题2（分配）和例题3（行程）改编为购物情境，以保持情境连贯。但原例题2的“多出/缺少”模型和例题3的相遇模型是经典题型，完全替换可能改变数学核心。裁决：采纳改编建议，但确保改编后仍保留原数学结构——例题2改为文具店促销中的“买2送1”问题（仍为分配模型，但以赠品关系呈现），例题3改为小明购物往返行程问题（保留相遇模型）。原分配模型（多出/缺少）在练习2中继续出现，不丢失。
- **支架持续性**：素养教研员要求例题1-3继续使用等量关系分析表，学情适配专家无反对。采纳，在例题1-3中口头或板书表格框架。
- **预设学生错误补充**：学情适配专家建议在例题0补充预设（设笔记本为x、算术方法干扰、忘记检验），与现有教案不冲突，直接补充。
- **时间调整**：例题2改编后时间可能微调，总体控制在约47分钟，可接受。

合并后的修改计划：
- (来自 r_literacy) 将例题2改编为购物情境的“买2送1”问题
- (来自 r_literacy) 将例题3改编为购物往返行程问题
- (来自 r_literacy) 形成性评价后增加检核量规
- (来自 r_literacy) 例题1-3中继续使用等量关系分析表支架
- (来自 r_learner) 例题0补充预设学生错误及应对
  [主持人] 用时 28.0s
    ✓ 合并完成

  合并后教案预览（前200字）:
    # 一元一次方程的应用——购物中的数学

## 学情分析

学生已掌握一元一次方程的解法（去分母、去括号、移项、合并同类项、系数化为1），能进行基本计算。但在实际问题中，学生对等量关系的抽象存在困难，容易混淆“多出”与“缺少”的符号，且缺乏检验解是否符合实际意义的习惯。本节课需提供支架（如等量关系分析表）和变式训练，帮助学生突破难点。

## 教学目标

### 知识与技能
1. 能从购物情境中抽...

  [评审专家] 评审中...
  评审用时 38.7s
  总分: 66.5/100 (上一轮: 0) | should_stop: False
  评分明细: A=4, B=7.5, C=20, D=6, E=4, F=25

▶ 第 4 轮 — 圆桌研讨

  [学情适配专家] 用时 6.3s, 意见 897 字
  ✓ 收到 学情适配专家 意见 (897 字): ...
  [学科内容专家] 用时 7.7s, 意见 681 字
  ✓ 收到 学科内容专家 意见 (681 字): ...
  [素养导向教研员] 用时 8.9s, 意见 703 字
  ✓ 收到 素养导向教研员 意见 (703 字): ...

  [主持人] 汇总合并中...
经分析三位专家的意见，存在以下冲突并已处理：

- **情境连贯 vs 数据自洽**：素养教研员建议将例题2（分配）改编为购物情境，但尝试后发现数据难以自洽（如买2送1导致总价矛盾）。学科专家要求确保数据合理。裁决：保留原植树分配问题（数据自洽），但添加过渡语联系购物情境（如“购物中也有类似分配问题，比如买2送1”），同时例题3改为购物往返行程问题（数据合理且情境连贯）。
- **结构完整性**：学情适配专家指出教案缺少情境导入、巩固练习、课堂小结、作业等环节，且例题2、3未完整写出。采纳：补全所有缺失环节，删除所有设计讨论和元评论。
- **目标-活动映射**：素养教研员要求例题1表格增加“检验”列，学情适配专家要求例题2、3也加入“写一写”外显思维。合并执行，确保每个例题都有检验和外显思维活动。

合并后的修改计划：
- (来自 r_literacy) 目标3改为具体行为目标，补充“能口头或书面说出等量关系的来源”
- (来自 r_literacy) 例题1的“写一写”提供结构化支架，表格增加“检验”列
- (来自 r_literacy) 例题2保留原题但添加购物情境过渡语；例题3改为购物往返行程问题
- (来自 r_subject) 删除所有设计讨论，直接呈现最终确定的例题2、3完整教学过程
- (来自 r_subject) 补全板书设计
- (来自 r_learner) 增设独立的“情境导入”环节，补全“巩固练习”“课堂小结”“布置作业”
- (来自 r_learner) 例题2、3中同样加入“写一写”和小组交流活动
  [主持人] 用时 39.9s
    ✓ 合并完成

  合并后教案预览（前200字）:
    # 一元一次方程的应用——购物中的数学

## 学情分析

学生已掌握一元一次方程的解法（去分母、去括号、移项、合并同类项、系数化为1），能进行基本计算。但在实际问题中，学生对等量关系的抽象存在困难，容易混淆“多出”与“缺少”的符号，且缺乏检验解是否符合实际意义的习惯。本节课需提供支架（如等量关系分析表）和变式训练，帮助学生突破难点。

## 教学目标

### 知识与技能
1. 能从购物情境中抽...

  [评审专家] 评审中...
  评审用时 32.5s
  总分: 93.125/100 (上一轮: 66.5) | should_stop: False
  评分明细: A=10, B=13.125, C=20, D=15, E=10, F=25

▶ 第 5 轮 — 圆桌研讨

  [素养导向教研员] 用时 6.2s, 意见 192 字
  ✓ 收到 素养导向教研员 意见 (192 字): ...
  [学科内容专家] 用时 6.5s, 意见 248 字
  ✓ 收到 学科内容专家 意见 (248 字): ...
  [学情适配专家] 用时 17.9s, 意见 776 字
  ✓ 收到 学情适配专家 意见 (776 字): ...

  [主持人] 汇总合并中...
经分析三位专家的意见，存在以下冲突并已处理：

- **例题2情境改编**：素养教研员要求将例题2真正融入购物情境，而原教案仅用一句话过渡。学科专家和学情适配专家未明确反对，但之前尝试改编时数据不自洽（买2送1导致总价矛盾）。裁决：将原植树分配问题改编为“购物优惠券分配问题”——保留“多出/缺少”的数学结构，但情境改为商场促销发优惠券，数据自洽（原题数据不变，仅替换情境），既满足情境连贯要求，又不改变核心数学模型。
- **例题3设计讨论**：学科专家和学情适配专家均要求删除教师活动中的设计讨论（从“注意：”到“改为：”）。采纳：直接呈现修正后的问题（去程比回程少用2分钟求距离），删除所有元评论。
- **巩固练习预设**：学情适配专家要求为口头练习补充预设错误。采纳：为每个情境增加预设及应对。
- **检核量规与板书**：学情适配专家要求明确写出检核量规标准，并在板书表格中填写一行完整示例。采纳：在课堂小结中写出具体量规，板书补充例题0的完整表格。

合并后的修改计划：
- (来自 r_literacy) 例题2改编为购物优惠券分配问题
- (来自 r_subject, r_learner) 例题3删除设计讨论，直接呈现修正后问题
- (来自 r_learner) 巩固练习口头练习补充预设错误及应对
- (来自 r_learner) 课堂小结明确写出检核量规标准
- (来自 r_learner) 板书设计填写一行完整表格示例
  [主持人] 用时 16.9s
    ✓ 合并完成

  合并后教案预览（前200字）:
    # 一元一次方程的应用——购物中的数学

## 学情分析

学生已掌握一元一次方程的解法（去分母、去括号、移项、合并同类项、系数化为1），能进行基本计算。但在实际问题中，学生对等量关系的抽象存在困难，容易混淆“多出”与“缺少”的符号，且缺乏检验解是否符合实际意义的习惯。本节课需提供支架（如等量关系分析表）和变式训练，帮助学生突破难点。

## 教学目标

### 知识与技能
1. 能从购物情境中抽...

  [评审专家] 评审中...
  评审用时 23.9s
  总分: 97.5/100 (上一轮: 93.125) | should_stop: False
  评分明细: A=10, B=15, C=20, D=15, E=10, F=27.5

============================================================
最终教案:

# 一元一次方程的应用——购物中的数学

## 学情分析

学生已掌握一元一次方程的解法（去分母、去括号、移项、合并同类项、系数化为1），能进行基本计算。但在实际问题中，学生对等量关系的抽象存在困难，容易混淆“多出”与“缺少”的符号，且缺乏检验解是否符合实际意义的习惯。本节课需提供支架（如等量关系分析表）和变式训练，帮助学生突破难点。

## 教学目标

### 知识与技能
1. 能从购物情境中抽象出数量关系，用数学眼光观察现实世界；能根据实际问题中的等量关系列出一元一次方程并求解，能检验解的合理性（体现“会用数学的语言表达现实世界”）。
2. 掌握解一元一次方程的基本步骤，并能在实际情境中灵活运用。
3. 能通过分析等量关系，建立方程模型，发展模型观念；能口头或书面说出等量关系的来源。

### 过程与方法
4. 经历“实际问题→建立方程模型→求解→验证”的完整过程，体会方程是刻画现实世界中等量关系的重要数学模型。
5. 通过小组合作探究，培养分析问题、解决问题的能力，能外显自己的思维过程。

### 情感态度与价值观
6. 感受数学与日常生活的紧密联系，增强应用数学的意识。

## 教学重点与难点
- **重点**：找出实际问题中的等量关系，正确列出一元一次方程。
- **难点**：理解题意，准确找到等量关系并建模；检验解的实际意义。

## 教学过程

### 一、情境导入（5分钟）

**教师活动**：展示商场购物小票，提出问题：“小明去文具店买笔和笔记本，共花了27元。其中笔每支2元，笔记本每本5元。小明一共买了9件文具。你能算出他买了几支笔、几本笔记本吗？”引导学生尝试用算术方法或列方程解决。

**学生活动**：小组讨论，尝试用已有方法解决问题，部分学生可能用算术（假设法），部分学生尝试设未知数。

**设计意图**：从生活情境出发，激发学习兴趣，暴露学生已有思维，为后续方程建模做铺垫。

---

### 二、新知探究（30分钟）

#### 例题0：情境导入的方程解法（7分钟）

**教师活动**：承接情境导入，引导学生用方程解决：“设买了x支笔，则笔记本买了(9-x)本，根据总价27元列方程：2x + 5(9-x) = 27。”板书求解过程：2x + 45 - 5x = 27 → -3x = -18 → x = 6。追问：“你是怎样想到设笔的支数为x的？等量关系是什么？”（引导学生外显思维）然后要求学生“写一写：请先写出你找到的已知量和未知量，再写出等量关系，最后列出方程”，留出1分钟独立书写，小组内交流。检验：6支笔，3本笔记本，总价6×2+3×5=12+15=27，符合。

**预设学生错误及应对**：
- 部分学生可能设笔记本为x，教师引导：“设哪个未知数更方便？两种设法都能得到方程，但设笔为x时笔记本数是9-x，设笔记本为x时笔数是9-x，本质相同，选择更习惯的即可。”
- 部分学生可能直接用算术方法（如假设法）求解，教师追问：“算术方法有局限性吗？如果数据变复杂，方程有什么优势？”
- 部分学生可能忘记检验，教师追问：“怎样验证你的答案是否正确？代入原题检查总价和件数是否匹配。”

同时出示“等量关系分析表”，引导学生填写：

| 已知量 | 未知量 | 等量关系 | 方程 | 检验 |
|--------|--------|----------|------|------|
| 笔单价2元，本单价5元，总件数9，总价27 | 笔的支数x，本的个数9-x | 笔的总价+本的总价=27 | 2x+5(9-x)=27 | x=6时，2×6+5×3=12+15=27，符合 |

**学生活动**：在教师引导下列方程、求解、检验，填写表格，写一写并小组交流思路。

**设计意图**：从生活情境出发，激发学习兴趣，暴露学生已有思维，为后续方程建模做铺垫；同时借助支架降低抽象难度。

---

#### 例题1：购物中的折扣问题（8分钟）

某商店举行促销活动，每件商品按标价的8折出售。一件衣服标价500元，打折后售价是多少？如果一件衣服打8折后售价为400元，它的标价是多少？

**教师活动**：
- 先让学生口答第一小问：标价500元，打8折，售价=500×0.8=400元。
- 第二小问：设标价为x元，则0.8x=400，解得x=500。
- 追问：“等量关系是什么？你是怎样设未知数的？”（标价×折扣率=售价）
- 要求学生“写一写：请先写出你找到的已知量和未知量，再写出等量关系，最后列出方程”，留出1分钟独立书写，小组交流。
- 板书规范步骤，并检验：x=500时，0.8×500=400，符合题意。
- 预设学生错误：部分学生可能混淆折扣率（如写成x×0.8=400或400×0.8=x），教师引导辨析。
- 继续使用等量关系分析表，板书框架：

| 已知量 | 未知量 | 等量关系 | 方程 | 检验 |
|--------|--------|----------|------|------|
| 折扣率0.8，售价400 | 标价x | 标价×0.8=售价 | 0.8x=400 | x=500时，0.8×500=400，符合 |

**学生活动**：口答第一小问，独立列方程解第二小问，写一写并小组交流等量关系的发现过程。

**设计意图**：巩固销售问题模型，培养检验习惯，暴露并纠正常见错误。

---

#### 例题2：购物中的优惠券分配问题（8分钟）

某商场举行促销活动，每位顾客可领取优惠券。若每人领2张，则多出6张；若每人领3张，则缺少12张。求顾客人数和优惠券总数。

**教师活动**：
- 引导学生分析：优惠券总数不变，设顾客人数为x，则两种分配方式的总券数相等：2x+6 = 3x-12。
- 求解：2x-3x = -12-6，-x=-18，x=18，优惠券总数2×18+6=42。
- 追问：“‘多出6张’和‘缺少12张’分别对应什么代数式？为什么这里用加6和减12？”（预设学生可能混淆符号，如写成2x-6=3x+12）
- 要求学生“写一写：请先写出你找到的已知量和未知量，再写出等量关系，最后列出方程”，留出1分钟独立书写，小组内说说你的思路。
- 继续使用等量关系分析表，板书框架：

| 已知量 | 未知量 | 等量关系 | 方程 | 检验 |
|--------|--------|----------|------|------|
| 每人2张多6张，每人3张缺12张 | 人数x，优惠券总数 | 两种分配券数相等 | 2x+6=3x-12 | x=18时，2×18+6=42，3×18-12=42，符合 |

- 检验：18人，每人2张需36张，多出6张→42张；每人3张需54张，缺少12张→42张，符合。
- 板书检验过程。

**学生活动**：独立列方程，写一写并小组讨论符号含义，代表板演。

**设计意图**：突破分配问题中“多出”与“缺少”的符号难点，强化检验意识，同时保持购物情境连贯。

---

#### 例题3：购物中的行程问题（7分钟）

小明从家去商场购物，去程步行速度为60m/min，回程乘公交车速度为40m/min，去程比回程少用2分钟。求家与商场的距离。

**教师活动**：
- 引导学生画线段图，找出等量关系：回程时间 - 去程时间 = 2分钟。
- 设家与商场的距离为x米，则去程时间x/60分钟，回程时间x/40分钟，列方程：x/40 - x/60 = 2。
- 通分：3x/120 - 2x/120 = 2 → x/120 = 2 → x=240。
- 板书：设距离为x米，则x/40 - x/60 = 2，解得x=240。
- 追问：“等量关系是什么？你是怎样设未知数的？”（去程时间+2=回程时间，或回程时间-去程时间=2）
- 要求学生“写一写：请先写出你找到的已知量和未知量，再写出等量关系，最后列出方程”，留出1分钟独立书写，小组交流。
- 检验：x=240时，去程时间240/60=4分钟，回程时间240/40=6分钟，6-4=2，符合。
- 预设学生错误：部分学生可能忘记单位统一，或列成x/60 - x/40 = 2（符号相反），教师引导辨析。
- 继续使用等量关系分析表，板书框架：

| 已知量 | 未知量 | 等量关系 | 方程 | 检验 |
|--------|--------|----------|------|------|
| 去程速度60m/min，回程速度40m/min，去程比回程少2分钟 | 距离x米 | 回程时间-去程时间=2 | x/40 - x/60 = 2 | x=240时，240/40-240/60=6-4=2，符合 |

**学生活动**：画线段图，独立列方程求解，写一写并小组交流思路。

**设计意图**：巩固行程问题模型，培养数形结合思想，预设并纠正常见错误。

---

### 三、巩固练习（10分钟）

**（一）找等量关系口头练习（2分钟）**

教师出示3个短情境，学生快速说出等量关系：
1. 买2支笔和3个本共16元（笔单价2元，本单价？）
   - **预设**：部分学生可能列成2+3=5（元），教师追问：“16元是总价，与单价有什么关系？总价等于笔的总价加上本的总价。”
2. 某班男生比女生多5人，全班共45人
   - **预设**：部分学生可能将“多5人”直接写成x+5=45，教师引导：“女生人数如何表示？设女生为x，则男生为x+5，全班x+(x+5)=45。”
3. 一个长方形的周长是20cm，长比宽多2cm
   - **预设**：部分学生可能混淆长与宽的关系，教师提示：“设长为x，则宽为x-2，周长=2(x+x-2)=20。”

**（二）独立练习（4分钟）**

**练习1**：某班购买篮球和排球共10个，共花费510元。已知篮球每个65元，排球每个45元。求篮球和排球各买了多少个？

**练习2**：将一批图书分给某班学生阅读，如果每人分3本，则剩余20本；如果每人分4本，则还缺25本。这个班有多少名学生？图书共有多少本？

**组织形式**：学生独立完成，教师巡视，收集典型错误。每道题约2分钟。

**（三）小组合作：自编应用题（4分钟）**

**教师活动**：提供一张购物小票（模拟），要求每组从购物小票中自选数据，编一道能用一元一次方程解决的问题，并写出解答过程。提示：数据要合理，解要为整数或符合实际。要求展示时口头或板书说明“我们组的等量关系是什么，为什么这样设未知数”。

**学生活动**：小组内每人先独立编题，再组内交流、筛选最佳题目，推选代表展示。

**设计意图**：从模仿到创造，培养模型观念和应用意识，同时检验目标达成。

---

### 四、课堂小结与形成性评价（5分钟）

**形成性评价（独立完成）**：出示新情境问题：“某校七年级学生去博物馆参观，若租用45座客车若干辆

  → G:/.Study/.CS/repo/Xpert/code/outputs_practice/demo001_MATH01_polished.md
  → G:/.Study/.CS/repo/Xpert/code/outputs_practice/demo001_MATH01_process.json

==================================================
运行格式自检...
================================================================
附录 D 提交契约自查报告
目标目录: G:\.Study\.CS\repo\Xpert\code\outputs_practice
================================================================

-- WARN (4) ----------------------------------------
[WARN] STR-04  demo001_BIO01_polished.md: 未发现'过程/任务'类标题（教学过程/任务链/教学环节…）
         修复: 教学过程/任务链是核心结构件，请确认标题可被识别。
[WARN] STR-04  demo001_CHN01_polished.md: 未发现'过程/任务'类标题（教学过程/任务链/教学环节…）
         修复: 教学过程/任务链是核心结构件，请确认标题可被识别。
[WARN] SCH-08  demo001_CHN01_process.json: roles 仅 2 个（工程实现目标要求 ≥3 个差异化专家角色）
         修复: 确认专家角色数量满足需求文档第三节；主持人不计入专家角色数。
[WARN] STR-04  demo001_MATH02_polished.md: 未发现'过程/任务'类标题（教学过程/任务链/教学环节…）
         修复: 教学过程/任务链是核心结构件，请确认标题可被识别。

-- PASS (14) ----------------------------------------
[PASS] NAME-OK 发现 4 对命名合规且成对的提交文件
[PASS] ENC-OK  demo001_BIO01_polished.md: UTF-8 编码、非空（5260 字符）
[PASS] TEX-OK  demo001_BIO01_polished.md: LaTeX 定界符配对正常（$$ ×0, $ ×0）
[PASS] JSN-OK  demo001_BIO01_process.json: Schema 校验通过（roles ×5, discussion ×15, modifications ×67）
[PASS] ENC-OK  demo001_CHN01_polished.md: UTF-8 编码、非空（5017 字符）
[PASS] TEX-OK  demo001_CHN01_polished.md: LaTeX 定界符配对正常（$$ ×0, $ ×0）
[PASS] JSN-OK  demo001_CHN01_process.json: Schema 校验通过（roles ×2, discussion ×4, modifications ×25）
[PASS] ENC-OK  demo001_MATH01_polished.md: UTF-8 编码、非空（4717 字符）
[PASS] TEX-OK  demo001_MATH01_polished.md: LaTeX 定界符配对正常（$$ ×0, $ ×0）
[PASS] STR-OK  demo001_MATH01_polished.md: 标题结构粗检通过（检出 5 个一/二级标题）
[PASS] JSN-OK  demo001_MATH01_process.json: Schema 校验通过（roles ×5, discussion ×25, modifications ×76）
[PASS] ENC-OK  demo001_MATH02_polished.md: UTF-8 编码、非空（2125 字符）
[PASS] TEX-OK  demo001_MATH02_polished.md: LaTeX 定界符配对正常（$$ ×0, $ ×8）
[PASS] JSN-OK  demo001_MATH02_process.json: Schema 校验通过（roles ×5, discussion ×25, modifications ×125）

================================================================
结论: WARN — 契约层通过，可提交；4 项警告建议处理（结构类警告不处理的评分后果自负）。
================================================================

