
启动多 Expert 圆桌打磨（最多 5 轮）
============================================================

▶ 第 1 轮 — 圆桌研讨

  ✓ 收到 素养导向教研员 意见 (522 字): ### 分析思考

该教案在“核心素养落实”上存在三个突出问题：

1. **素养目标行为化不足**：教学目标中“理解”“掌握”“经历”“体会”等动词过于笼统，缺乏可观察、可测量的具体行为表现，无法判断学生是否真正达成了素养目标。例如“能根...
  ✓ 收到 学情适配专家 意见 (612 字): ### 分析思考

该教案在学情适配方面存在以下问题：

1. **开放度调适失衡**：情境导入部分采用了半开放的小组讨论，但新知探究环节立即转为全讲授式，三个例题均由教师直接给出分析、方程和解法，学生缺乏自主建模和试错的机会。这种“先放后...
  ✓ 收到 学科内容专家 意见 (801 字): ## 分析思考

该教案整体结构完整，但在学科内容层面存在若干问题，需要从概念准确性、例题设计的层次性与代表性、以及认知逻辑链三个维度进行审视。

1. **标题与内容不一致**：教案标题为“购物中的数学”，但例题2（植树分配）和例题3（行...

  [主持人] 汇总合并中...
好的，各位专家。作为本次教研活动的主持人，我已仔细审阅了来自素养导向教研员、学科内容专家和学情适配专家的全部修改意见。

经过分析，各位专家的意见高度互补，核心方向一致，但在具体实施细节上存在少量冲突。我将进行冲突检测与合并，形成一份综合且可执行的修改计划。

---

### 合并思路与冲突处理说明

1.  **核心冲突：情境统一与例题精简**
    *   **冲突**：`r_literacy` 要求所有例题（包括行程问题）均改编为购物情境；`r_subject` 建议将标题改为更宽泛的“实际问题与方程”，保留多种情境；`r_learner` 则建议精简例题，将行程问题移至下课时，聚焦核心模型。
    *   **裁决**：采纳 `r_learner` 和 `r_literacy` 的建议，以“购物”为主线统一情境，并将行程问题（例题3）移至下一课时或作为选学拓展。这样做既保证了情境的连贯性，降低了学生的认知负荷，又符合专家们聚焦核心模型的共识。标题沿用 `r_literacy` 建议的“购物中的数学”，但内容调整为纯购物情境。

2.  **次要冲突：例题拆分与思维显性化**
    *   `r_subject` 建议将例题1拆分为两个小问，先算术后方程；`r_literacy` 建议在例题后增加“思维显性化”追问。
    *   **裁决**：两者不冲突，且相辅相成。采纳 `r_subject` 的拆分建议，使例题1的层次感更强；同时采纳 `r_literacy` 的追问建议，在例题1的两个小问之间和之后加入追问，引导学生深度思考。

3.  **潜在冲突：任务量与开放性**
    *   `r_literacy` 建议增加开放性任务；`r_learner` 建议精简例题并增加差异化支架。
    *   **裁决**：不冲突，可以结合。采纳 `r_learner` 的精简建议，为开放性任务和差异化练习腾出空间。将开放性任务作为课堂巩固或分层作业的一部分，确保所有学生都有时间完成基础任务。

4.  **其他意见整合**
    *   所有专家都强调了**检验**环节的重要性，将整合到例题解答过程中。
    *   `r_subject` 提出的**板书模型补充**和 `r_literacy`、`r_learner` 提出的**课堂小结改革**，将一并采纳，使板书更具策略性，小结更具学生主体性。

### 合并后的修改计划

(来自 r_literacy) **1. 教学目标行为化**：将目标1改为“能从购物情境中找出等量关系，并用方程表示”；将目标4改为“能用口头或书面语言完整表述‘审题—设元—列方程—求解—检验’的建模过程”。

(来自 r_subject, r_literacy, r_learner) **2. 重构例题体系**：
    *   **情境导入**：保留“买笔和笔记本”问题，作为“例题0”，让学生初次体验建模。
    *   **例题1**：采纳 `r_subject` 建议，拆分为两个小问（先算术后方程），并采纳 `r_literacy` 建议，加入“思维显性化”追问。
    *   **例题2**：采纳 `r_literacy` 和 `r_learner` 建议，将原“植树分配”问题改编为“优惠券分配”的购物情境。
    *   **例题3**：采纳 `r_learner` 建议，将行程问题（例题3）移至下一课时或作为选学拓展。

(来自 r_subject) **3. 增加变式与检验示范**：在巩固练习中，将练习2改为 `r_subject` 建议的两种变式（余余、缺缺）。在例题2解答后，增加规范的检验书写示范。

(来自 r_learner) **4. 提供差异化支架**：
    *   在巩固练习中，为基础薄弱学生提供“等量关系填空”和半完成方程。
    *   为基础好学生增设“用两种不同方法列方程”或“提出购物相关问题”的挑战。

(来自 r_literacy, r_learner) **5. 改革课堂小结**：将教师主导的步骤总结，改为“小组内互讲列方程步骤”，并请学生代表发言，教师补充。板书留白部分步骤，让学生上台填写关键词。

(来自 r_subject) **6. 优化板书**：在板书“常见模型”下方补充核心策略：“寻找问题中的不变量（如总价、总数等），建立相等关系。”
    ✓ 合并完成

  合并后教案预览（前200字）:
    # 一元一次方程的应用——购物中的数学

## 教学目标

### 知识与技能
1. 能从购物情境中找出等量关系，并用一元一次方程表示。
2. 掌握解一元一次方程的基本步骤（去分母、去括号、移项、合并同类项、系数化为1）。
3. 能检验方程的解是否符合实际问题的意义。

### 过程与方法
4. 经历“实际问题 → 建立方程模型 → 求解 → 验证”的完整过程，能用口头或书面语言完整表述“审题—设...

  [评审专家] 评审中...
  总分: 87/100 (上一轮: -) | should_stop: False
  评分明细: A=9, B=13, C=20, D=12, E=9, F=24

▶ 第 2 轮 — 圆桌研讨

  ✓ 收到 学情适配专家 意见 (662 字): ### 分析思考

该教案在上一轮反馈基础上做了显著改进：统一了购物情境，增加了思维显性化追问，提供了分层支架与挑战，板书留白促进主动建构。但从学情适配角度看，仍存在以下问题：

1. **开放度调适不充分**：新知探究环节仍以教师讲解为主...
  ✓ 收到 素养导向教研员 意见 (820 字): ### 分析思考

该教案经过上一轮修改，在素养落实上已有明显提升：教学目标中的行为动词更具体（如“找出等量关系”“用方程表示”“完整表述建模过程”），教学过程增加了“思维显性化追问”，情境也基本统一在“购物”主题下，并设计了差异化支架。但...
  ✓ 收到 学科内容专家 意见 (1083 字): ## 分析思考

作为学科内容专家，我从概念准确性、例题与变式设计、认知逻辑链三个维度对本教案进行审视。整体上，教案经过上一轮修改后质量有明显提升，情境统一、步骤清晰、思维显性化设计合理。但仍存在以下学科内容层面的问题：

1. **教学目...

  [主持人] 汇总合并中...
好的，作为主持人，我仔细审阅了三位专家基于上一轮修改后教案提出的新意见。这些意见在深化思维、完善细节、丰富支架等方面高度互补，但也在具体实施上存在一些需要协调之处。我将进行冲突检测与合并，形成最终打磨方案。

---

### 合并思路与冲突处理说明

1.  **核心冲突：教学目标表述与内容覆盖**
    *   **冲突**：`r_subject` 建议将“去分母、去括号”从目标中降级，明确为本课时“不要求掌握”；而 `r_literacy` 和 `r_learner` 都建议在巩固练习或作业中增加含去括号、去分母的题目。
    *   **裁决**：采纳 `r_subject` 的建议，调整目标表述，明确本课时核心是“移项、合并同类项、系数化为1”，而去括号作为“挑战”或“拓展”出现，不纳入基础目标。这样既保证了目标的精准聚焦，又为学有余力的学生提供了上升空间。在练习中，含括号的题目将作为“挑战”或B层作业出现，并标注为“需要去括号”。

2.  **次要冲突：情境重构与时间分配**
    *   `r_literacy` 提出了“小明购物省钱计划”这一宏大且连贯的情境，并建议增加评价量规、错误辨析等环节。
    *   `r_learner` 则明确建议压缩新知探究至15分钟，延长练习时间，并担心时间紧张。
    *   **裁决**：采纳 `r_literacy` 的情境重构思路，因为它能极大提升课堂的连贯性和趣味性，与“购物中的数学”主题完美契合。同时，采纳 `r_learner` 的时间分配建议。为了在有限时间内完成更丰富的活动，将部分内容进行整合或分层：
        *   “例题0”（买笔和笔记本）直接作为情境导入的解答，不再单独占用新知探究时间。
        *   `r_literacy` 提出的“错误辨析”环节，直接融入例题2的“思维显性化”中，作为其核心部分，不再另设环节。
        *   “评价量规”在课堂小结前快速出示，用于学生自评，不占用大量讲授时间。

3.  **其他意见整合**
    *   `r_subject` 提出的“例题1第1问答案及对比分析”、“完善设元追问”、“明确写出变式题答案”、“所有例题增加检验”等，都是对教案细节的精准打磨，全部采纳。
    *   `r_literacy` 提出的“补充含去括号的例题”与 `r_learner` 的“补充含复杂步骤的例题”指向一致，合并为在巩固练习中设置一道含括号的挑战题。
    *   `r_learner` 提出的“画图或列表示范”和“简易评价量规”，与 `r_literacy` 的“评价量规”思路一致，整合为一个更完善的、包含具体表现描述的量规。

### 合并后的修改计划

(来自 r_literacy, r_subject, r_learner) **1. 调整教学目标**：将目标2修改为“能运用移项、合并同类项、系数化为1的方法解简单的一元一次方程”。增加一条目标“能识别常见购物情境中的等量关系（如总价、折扣、分配）”。

(来自 r_literacy) **2. 重构情境为“小明购物省钱计划”**：将导入问题直接作为“例题0”解决，并以此开启全课。例题1、例题2、巩固练习均围绕“小明”的购物、领券、买奖品等场景展开。

(来自 r_subject) **3. 精细化例题1**：在第1问后明确写出答案，并增加对比分析，说明方程在解决逆向问题时的优势。在“设元追问”中，补充“如果设售价为x”的推导过程。

(来自 r_literacy, r_subject) **4. 深化例题2的思维显性化**：将“错误辨析”作为例题2思维显性化的核心环节。出示两个典型错误方程，让学生小组讨论并辨析。

(来自 r_subject) **5. 完善检验与变式**：在所有例题解答后，明确写出检验过程。在巩固练习中，为变式1和变式2提供完整方程和答案。

(来自 r_literacy, r_learner) **6. 设计并嵌入评价量规**：在课堂小结前，出示一个四水平的评价量规（水平1-4），用于学生自评或互评，教师据此调整教学节奏。

(来自 r_literacy, r_subject, r_learner) **7. 补充含括号的挑战题**：在巩固练习的“挑战”部分，增加一道需要去括号的购物问题（如“买3支笔和2个笔记本...”），并标注为“需要去括号”。

(来自 r_subject) **8. 丰富板书**：在“常见模型”中增加“总价模型：单价×数量=总价”。
    ✓ 合并完成

  合并后教案预览（前200字）:
    # 一元一次方程的应用——购物中的数学

## 教学目标

### 知识与技能
1. 能从购物情境中找出等量关系，并用一元一次方程表示。
2. 能运用移项、合并同类项、系数化为1的方法解简单的一元一次方程。（去括号、去分母将在后续课时重点学习）
3. 能识别常见购物情境中的等量关系（如总价、折扣、分配）。
4. 能检验方程的解是否符合实际问题的意义。

### 过程与方法
5. 经历“实际问题 →...

  [评审专家] 评审中...
  总分: 88/100 (上一轮: 87) | should_stop: True
  评分明细: A=9, B=14, C=18, D=13, E=10, F=24

  ✓ 达到终止条件，打磨完成。

============================================================
最终教案:

# 一元一次方程的应用——购物中的数学

## 教学目标

### 知识与技能
1. 能从购物情境中找出等量关系，并用一元一次方程表示。
2. 能运用移项、合并同类项、系数化为1的方法解简单的一元一次方程。（去括号、去分母将在后续课时重点学习）
3. 能识别常见购物情境中的等量关系（如总价、折扣、分配）。
4. 能检验方程的解是否符合实际问题的意义。

### 过程与方法
5. 经历“实际问题 → 建立方程模型 → 求解 → 验证”的完整过程，能用口头或书面语言完整表述“审题—设元—列方程—求解—检验”的建模过程，体会方程是刻画现实世界中等量关系的重要数学模型。
6. 通过小组合作探究与错误辨析，培养分析问题、解决问题的能力。

### 情感态度与价值观
7. 感受数学与日常生活的紧密联系，增强应用数学的意识。

## 教学重点与难点
- **重点**：找出购物情境中的等量关系，正确列出一元一次方程。
- **难点**：准确理解“多出”与“缺少”等关键词，并建立正确的方程模型。

## 教学过程

### 一、情境导入与例题0（5分钟）

**教师活动**：展示“小明购物省钱计划”主题。提出问题：“小明带了27元去文具店，他想买笔和笔记本共9件作为奖励。笔每支2元，笔记本每本5元。他该怎么买才能正好花光27元？我们能用方程帮他规划吗？”

**学生活动**：尝试用方程解决。设买了 $x$ 支笔，则笔记本 $(9-x)$ 本，列方程 $2x + 5(9-x) = 27$。求解得 $x=6$，笔记本3本。

**设计意图**：将导入问题转化为第一个方程模型，自然引出“总价=单价×数量”这一核心等量关系，为后续折扣、分配问题铺垫。同时开启“小明购物”的连贯情境。

---

### 二、新知探究（15分钟）

#### 例题1：购物中的折扣问题（7分钟）

小明看中一件衣服，商店正在进行促销。

**第1问**：衣服标价500元，打8折，打折后售价是多少？
- **解答**：$500 \times 0.8 = 400$（元）
- **追问**：这是算术法，直接算出了结果。如果反过来呢？

**第2问**：如果这件衣服打8折后售价为400元，它的标价是多少？
- **分析**：
    - **等量关系**：标价 × 折扣率 = 售价
    - **设元**：设标价为 $x$ 元。
    - **列方程**：$0.8x = 400$
    - **求解**：$x = 400 \div 0.8 = 500$
    - **检验**：当 $x=500$ 时，$0.8 \times 500 = 400$，符合题意。标价500元为正数，解有意义。

**对比分析**：第1问用算术法直接计算，第2问为什么用方程？因为已知售价求标价是逆向问题，方程通过建立等量关系，将未知量参与运算，思路更直接、更通用。

**思维显性化追问**（小组内互说）：
- “为什么我们设标价为 $x$？如果设售价为 $x$ 会怎样？”
    - *教师补充*：如果设售价为 $x$，则标价为 $x \div 0.8$，方程化为 $(x \div 0.8) \times 0.8 = x$，即 $x=x$，恒成立，无法求出具体数值。这说明设元要选择与等量关系直接相关的未知量。
- “解出的结果 $x=500$ 符合实际吗？如果标价是负数，说明什么？”

**答案**：标价为500元。

---

#### 例题2：购物中的分配问题（优惠券分配）（8分钟）

商场发放优惠券。小明班同学去领，每人发2张优惠券，则多出6张；每人发3张优惠券，则缺少12张。求该班学生人数和优惠券总数。

**分析**：
- **等量关系**：优惠券总数不变（这是不变量）。
- **设元**：设学生人数为 $x$。
- **列方程**：$2x + 6 = 3x - 12$
- **求解**：$2x - 3x = -12 - 6$，$-x = -18$，$x = 18$
- **检验**：当 $x=18$ 时，$2 \times 18 + 6 = 42$，$3 \times 18 - 12 = 42$。学生人数18为整数，优惠券42为正数，解符合实际意义。

**思维显性化追问——错误辨析**（小组讨论）：
下面两个方程，哪个是正确的？为什么？错在哪里？
- **错误方程1**：$2x - 6 = 3x + 12$
- **错误方程2**：$2x + 6 = 3x + 12$

**引导**：
- “多出6张”意味着总数比 $2x$ 多6，所以是 $2x+6$。
- “缺少12张”意味着总数比 $3x$ 少12，所以是 $3x-12$。
- 正确方程应是 $2x+6 = 3x-12$。

**答案**：该班有18名学生，优惠券共42张。

---

### 三、巩固练习（15分钟）

**练习1（基础）**：小明想用100元买篮球和排球作为班级奖品，共买10个。已知篮球每个65元，排球每个45元。求篮球和排球各买了多少个？
- **支架（供薄弱学生）**：等量关系：篮球总价 + 排球总价 = ______。设篮球买了 $x$ 个，则排球买了 ______ 个，列方程：______。*提示：最后检验解是否符合实际（个数应为整数）。*

**练习2（变式）**：将一批图书分给某班学生阅读。
- **变式1**：如果每人分3本，则多出20本；如果每人分4本，则多出2本。这个班有多少名学生？图书共有多少本？
    - *方程*：$3x+20=4x+2$，解得 $x=18$，图书74本。
- **变式2**：如果每人分3本，则缺少10本；如果每人分4本，则缺少25本。这个班有多少名学生？图书共有多少本？
    - *方程*：$3x-10=4x-25$，解得 $x=15$，图书35本。
- **挑战（供基础好学生）**：
    1. 小明买3支笔和2个笔记本共花19元，已知笔比笔记本便宜1元。设笔单价为 $x$ 元，请列出方程并求解。（*提示：需要去括号*）
    2. 尝试用两种不同的方法列方程解决练习1（如设篮球个数或设排球个数）。

---

### 四、课堂小结与评价（3分钟）

1.  **评价量规**：出示评价标准，学生自评或互评。
    - **水平1**：能说出等量关系，但列不出方程。
    - **水平2**：能列方程，但设元或符号有误。
    - **水平3**：能正确列方程并求解。
    - **水平4**：能解释每一步的数学意义，并主动检验解的实际意义。

2.  **板书留白**：教师引导，学生上台填写关键词，共同完成板书中的步骤总结。

---

### 五、布置作业（2分钟）

**A层（必做）**：教材第85页 练习题第1-3题（为购物或分配类问题）。

**B层（选做）**：
1.  小明和父母去游乐园，成人票每张80元，儿童票每张40元，他们共买了4张票，花了240元。请列出方程并求解，判断小明的票是成人票还是儿童票。
2.  **开放性任务**：请你设计一个购物方案（如“如何用100元买笔和本子，使得笔的数量是本的2倍”），要求用一元一次方程解决，并说明等量关系。

## 板书设计

```
一元一次方程的应用——购物中的数学

一、建模步骤                     二、核心策略
1. 审题 (找已知、未知)          寻找不变量（总价、总数等）
2. 设元 (关键：设什么？)        建立相等关系
3. 列方程 (找等量关系)
4. 解方程
5. 检验 (符合实际？)

三、常见模型
1. 总价：单价×数量=总价
2. 销售：标价×折扣=售价
3. 分配：两种分配方式的总量相等
```

## 教学反思

（课后填写）

  → G:/.Study/.CS/repo/Xpert/code/outputs_practice/demo001_MATH01_polished.md
  → G:/.Study/.CS/repo/Xpert/code/outputs_practice/demo001_MATH01_process.json

==================================================
运行格式自检...
================================================================
附录 D 提交契约自查报告
目标目录: G:\.Study\.CS\repo\Xpert\code\outputs_practice
================================================================

-- WARN (3) ----------------------------------------
[WARN] STR-04  demo001_CHN01_polished.md: 未发现'过程/任务'类标题（教学过程/任务链/教学环节…）
         修复: 教学过程/任务链是核心结构件，请确认标题可被识别。
[WARN] SCH-08  demo001_CHN01_process.json: roles 仅 2 个（工程实现目标要求 ≥3 个差异化专家角色）
         修复: 确认专家角色数量满足需求文档第三节；主持人不计入专家角色数。
[WARN] STR-04  demo001_MATH02_polished.md: 未发现'过程/任务'类标题（教学过程/任务链/教学环节…）
         修复: 教学过程/任务链是核心结构件，请确认标题可被识别。

-- PASS (11) ----------------------------------------
[PASS] NAME-OK 发现 3 对命名合规且成对的提交文件
[PASS] ENC-OK  demo001_CHN01_polished.md: UTF-8 编码、非空（5017 字符）
[PASS] TEX-OK  demo001_CHN01_polished.md: LaTeX 定界符配对正常（$$ ×0, $ ×0）
[PASS] JSN-OK  demo001_CHN01_process.json: Schema 校验通过（roles ×2, discussion ×4, modifications ×25）
[PASS] ENC-OK  demo001_MATH01_polished.md: UTF-8 编码、非空（3417 字符）
[PASS] TEX-OK  demo001_MATH01_polished.md: LaTeX 定界符配对正常（$$ ×0, $ ×76）
[PASS] STR-OK  demo001_MATH01_polished.md: 标题结构粗检通过（检出 6 个一/二级标题）
[PASS] JSN-OK  demo001_MATH01_process.json: Schema 校验通过（roles ×5, discussion ×10, modifications ×44）
[PASS] ENC-OK  demo001_MATH02_polished.md: UTF-8 编码、非空（2125 字符）
[PASS] TEX-OK  demo001_MATH02_polished.md: LaTeX 定界符配对正常（$$ ×0, $ ×8）
[PASS] JSN-OK  demo001_MATH02_process.json: Schema 校验通过（roles ×5, discussion ×25, modifications ×125）

================================================================
结论: WARN — 契约层通过，可提交；3 项警告建议处理（结构类警告不处理的评分后果自负）。
================================================================

