
启动 Expert-Judge 打磨循环（最多 5 轮）
============================================================

▶ 第 1 轮 — Expert 思考中...

我发现当前教案存在以下问题：

1. **驱动性问题不够聚焦**：现有问题“如果山水会说话，它们会向我们诉说什么？”偏向开放想象，但缺少“成为推荐官”这一角色任务的核心引导。需要将驱动性问题调整为更具体、更具挑战性的项目导向问题，如“如何为家乡山水创作一篇有感染力的推介文章？”。

2. **教学目标维度不完整**：现有目标只涉及知识与技能层面，缺少过程与方法、情感态度与价值观的明确表述。需要按三维目标重新组织，并确保每条目标可观察、可测量。

3. **教学重难点缺失**：教案没有明确重难点，导致教学核心不突出。需要补充重难点，并与目标对应。

4. **活动一的探究性不足**：活动一中的“交流研讨”问题多为事实性问题（如“心情如何？”、“用了什么修辞？”），缺乏高阶思维任务。需要设计更具探究性的问题链，引导学生自主发现借景抒情的规律。

5. **活动链的逻辑可更流畅**：从“品读”到“观察”再到“写作”的递进关系可以更清晰，可在活动之间添加过渡引导语，强化“学以致用”的关联。

6. **评价量规可增加项目总评维度**：现有量规只针对同伴互评，缺少对项目整体成果（如推介文章的完整性、推荐官角色的体现）的评价。

7. **KWL反思表可前置**：反思表放在总结环节，建议在项目开启时就使用，让学生明确学习起点和目标。

基于以上分析，我将进行如下修改：
- 重新设计驱动性问题，使其更聚焦项目任务
- 按三维目标重构教学目标，加入过程与方法、情感态度与价值观
- 补充教学重难点
- 重新设计活动一的问题链，增加对比分析、规律提炼等高阶任务
- 优化活动间的过渡，强化“学以致用”的线索
- 完善评价量规，增加项目总评维度
- 调整KWL反思表的使用时机

  Judge 评审中...
  总分: 84/100 | should_stop: False
  评分明细: A=8, B=11, C=18, D=13, E=10, F=24

▶ 第 2 轮 — Expert 思考中...

根据评审反馈，我发现当前教案需要补充以下内容：

1. **缺少学情分析**：需在开头增加对八年级学生已有知识基础、能力水平和可能困难的分析，帮助教师调整教学策略。
2. **关键问题缺乏预设回答**：活动一中的探究问题应给出预期答案和典型误区，增强可执行性。
3. **实地考察安全提示缺失**：活动二需补充安全注意事项，尤其是实地考察选项。
4. **情感目标行为化不够**：原目标“感受……增强……主动成为……”偏内隐，应改为可观察的行为，如“能够用语言或文字表达对家乡山水的热爱”。
5. **互评环节未明确具体流程**：需细化同伴互评的步骤、时间分配和反馈方式。
6. **教学反思缺失**：需在单元总结后添加教学反思板块，供教师课后复盘。

基于以上分析，我将逐项补充，保持教案原有结构。

  Judge 评审中...
  总分: 97/100 | should_stop: True
  评分明细: A=10, B=14, C=20, D=14, E=10, F=29

  ✓ 达到终止条件，打磨完成。

============================================================
最终教案:

# 如果山水会说话——我是家乡山水推荐官

设计团队：某教育研究团队（信息已按合作协议脱敏）

## 学情分析

本单元面向八年级学生。学生在七年级已学习过《春》《济南的冬天》等写景散文，初步掌握了景物描写的角度（视觉、听觉等），但对“借景抒情”“情景交融”等深层手法理解较浅，容易将景物与情感割裂。学生对本地区山水有一定感性认识，但缺乏系统观察和深度挖掘的意识。此外，学生合作探究能力尚在发展中，互评时易流于表面，需要提供具体支架。

## 单元简介

山水不仅是自然景观，更是中国人精神世界的寄托。从“会当凌绝顶，一览众山小”的豪迈，到“采菊东篱下，悠然见南山”的恬淡，古人用文字为山水赋予了生命与情感。本单元以“如何为家乡山水创作一篇有感染力的推介文章？”为驱动性问题，学生将以“家乡山水推荐官”的身份，学习借景抒情、托物言志的写作手法，最终完成一篇为家乡山水代言的推介文章。

## 教学目标

### 知识与技能
1. 阅读经典山水散文（《小石潭记》《醉翁亭记》节选），能够从视觉、听觉、触觉、动静、虚实等角度梳理景物描写，并准确概括作者寄寓的情感。
2. 掌握借景抒情、情景交融的写作手法，能够分析文本中景物特征与情感表达之间的关联。
3. 运用所学手法，为家乡一处山水景点撰写一篇不少于600字的推介散文，做到“景中有情、情中有景”。

### 过程与方法
4. 通过实地观察或资料搜集，运用观察记录表系统整理景物特征及可引发的情感联想。
5. 在小组分享与互评中，从景物描写、情感表达、语言表达、创意构思四个维度给出具体建议并修改作品。

### 情感态度与价值观
6. 能够用语言或文字表达对家乡山水的热爱之情，主动参与家乡文化传播活动（如推荐作品入选校刊或征文比赛）。

## 教学重难点

- **教学重点**：学习借景抒情、情景交融的写作手法，能分析文本中景物与情感的关系。
- **教学难点**：在写作中自然融合景物与情感，避免“为景而景”或“为情而情”的生硬拼接。

## 项目导引：当山水有了声音

### 【驱动性问题】

**如何为家乡山水创作一篇有感染力的推介文章？**

### 【项目背景】

你听说过“蚌埠住了”“洛阳纸贵”这些和地名有关的梗吗？如果家乡的山水会说话，它们会向我们诉说什么？

每一座山、每一条河，都有它独特的故事——可能是地质变迁的亿万年纪事，可能是文人墨客留下的千古诗篇，也可能是祖辈口口相传的民间传说。而今天，这些故事需要你来讲述。

### 【开启项目】

你们将担任“家乡山水推荐官”，为学校文化节制作一份“家乡山水名片”。优秀作品将入选校刊《故乡的山水》专栏，并推荐至区级征文比赛。

---

**【KWL 反思表·启动版】**

在开始学习前，请填写：

| 我知道的（关于家乡山水） | 我想知道的（关于推介写作） | 我学到的（项目结束时填写） |
|-------------------------|---------------------------|---------------------------|
|                         |                           |                           |

---

**【调查分析】** 一个合格的“家乡山水推荐官”应该具备哪些能力？

---

我们需要学会：观察景物特征、选择独特的描写角度、把情感融入文字。而这些方法，都藏在经典的山水散文里。

### 【活动一：品读山水——学习景中藏情之法】

#### 经典研读：《小石潭记》·柳宗元

从小丘西行百二十步，隔篁竹，闻水声，如鸣珮环，心乐之……潭中鱼可百许头，皆若空游无所依。日光下澈，影布石上，佁然不动；俶尔远逝，往来翕忽，似与游者相乐……坐潭上，四面竹树环合，寂寥无人，凄神寒骨，悄怆幽邃。以其境过清，不可久居，乃记之而去。

**【探究任务一：追踪情感变化】**

1. 柳宗元在游览小石潭的过程中，心情发生了怎样的变化？请用文中的关键词标注出来。
   **预设回答**：心乐之 → 似与游者相乐 → 凄神寒骨。典型误区：学生可能忽略“似与游者相乐”中的“乐”是鱼乐而非作者乐，需引导区分。

2. 为什么同一条小石潭，作者的心情会从“乐”变为“凄神寒骨”？景物描写与作者的经历（被贬永州）有什么关系？
   **预设回答**：作者被贬永州，内心本就孤寂。初闻水声因新奇而乐，但面对清冷环境，联想到自身遭遇，悲从中来。景物由乐景（水声如珮环）转为冷景（寂寥无人），实为心境投射。典型误区：学生可能认为心情变化是环境本身导致的，忽略作者主观情感的作用。

3. 文中写鱼的句子“佁然不动；俶尔远逝，往来翕忽，似与游者相乐”是实写还是虚写？作者为什么要这样写？
   **预设回答**：实写鱼的状态，但“似与游者相乐”是虚写（拟人），作者借鱼之乐反衬自己的孤独。典型误区：学生可能认为全部是实写，需强调“似”字表明是主观想象。

---

#### 经典研读：《醉翁亭记》（节选）·欧阳修

若夫日出而林霏开，云归而岩穴暝，晦明变化者，山间之朝暮也。野芳发而幽香，佳木秀而繁阴，风霜高洁，水落而石出者，山间之四时也。朝而往，暮而归，四时之景不同，而乐亦无穷也。

**【探究任务二：比较与发现】**

1. 欧阳修写出了琅琊山哪些时间段的景色？请用表格整理。
   **预设回答**：朝暮（日出、云归）、四时（春芳、夏阴、秋霜、冬水石）。典型误区：学生可能遗漏“朝暮”与“四时”两个维度。

2. “乐亦无穷”中的“乐”包含了哪些情感？与柳宗元的“凄神寒骨”对比，为什么同样是被贬，两人心境如此不同？
   **预设回答**：欧阳修的“乐”包含山水之乐、宴饮之乐、与民同乐，体现豁达；柳宗元的“凄”源于个人遭遇的压抑。原因：欧阳修虽被贬，但能寄情山水、与民同乐；柳宗元则更敏感孤寂。典型误区：学生可能笼统回答“因为性格不同”，需引导结合文本和背景分析。

**【探究任务三：提炼规律】**

对比两篇文章，完成下表，并思考：**景物描写与情感表达之间存在怎样的规律？**

| 文本 | 景物特点 | 作者心境 | 背景关联 | 景与情的关系 |
|------|---------|---------|---------|-------------|
| 《小石潭记》 | 清幽冷寂 | 凄苦孤寂 | 被贬永州 | 借景抒情，以冷景写哀情 |
| 《醉翁亭记》 | 朝暮四时各异 | 乐亦无穷 | 被贬滁州 | 情景交融，以乐景写乐情 |

**发现规律**：景物本身没有情感，但作者会将自己的心境投射到景物上——这就是“借景抒情”“情景交融”。典型误区：学生可能认为景物决定情感，需强调“情为主，景为宾”。

---

### 【活动二：观察山水——选择你的描写对象】

走出教室，用双脚丈量家乡的土地，用眼睛寻找那些值得被讲述的山水。

**任务选项**（三选一）：
- A. 实地考察：前往一处本地景点，实地观察并记录
- B. 采访搜集：采访长辈，搜集某处山水的老故事
- C. 资料研读：通过地方志或网络资源深度研究一处山水

**【安全提示】**（针对A选项）
- 必须结伴而行，至少2-3人一组，告知家长或老师出行时间与地点。
- 选择已开发、安全的景点，避免进入未开发区域或危险地带（如陡坡、深水区）。
- 注意天气变化，雷雨天气取消行程；携带饮用水、防晒用品和手机。
- 遵守景区规定，不攀爬危险岩石，不靠近水边危险区域。

**【观察记录表】**

| 观察维度 | 具体内容 | 可引发的联想/情感 |
|---------|---------|------------------|
| 视觉（形、色、光） | | |
| 听觉（风声、水声、鸟鸣） | | |
| 触觉/嗅觉 | | |
| 动态与静态 | | |
| 整体氛围 | | |

**过渡引导**：完成观察后，请思考——你观察到的这些景物，最想传递一种什么样的情感？是宁静、壮阔、温暖，还是忧伤？将情感与景物对应起来，这就是你写作的起点。

---

### 【活动三：为山水代言——创意写作】

**写作要求**：
- 自选家乡一处山水（可以是名山大川，也可以是小河土坡）
- 运用借景抒情的手法，写出景物的独特之处
- 可尝试创新形式：书信体（给山水的一封信）、拟人化（山水自述）、时空对话（与古人共游）等
- 字数不少于600字

**【范文示例】**（教师可提供或学生自选一篇优秀推介文章，分析其如何做到“景中有情”）

---

**【评价量规——项目总评与同伴互评】**

**项目总评维度**（教师评价）：

| 维度 | 优秀（4-5分） | 良好（2-3分） | 待改进（0-1分） |
|------|--------------|--------------|----------------|
| 推介文章完整性 | 有标题、开头、主体、结尾，结构完整 | 结构基本完整 | 结构松散或缺失 |
| 推荐官角色体现 | 文章有明确的推荐意识和读者意识 | 有推荐意识但不明显 | 缺少推荐官角色感 |

**同伴互评维度**（具体流程见下方“互评活动安排”）：

| 维度 | 优秀（4-5分） | 良好（2-3分） | 待改进（0-1分） |
|------|--------------|--------------|----------------|
| 景物描写 | 多角度生动描写，画面感强 | 有描写但角度单一 | 缺少具体描写 |
| 情感表达 | 景情融合自然，真挚感人 | 有情感但略显生硬 | 情感空洞或无情感 |
| 语言表达 | 词汇丰富，修辞恰当 | 语言通顺，有少量好句 | 语言平淡，缺少亮点 |
| 创意构思 | 视角新颖，结构独特 | 有一定创意 | 常规写法 |

**【互评活动安排】**

1. **分组**：4人一组，每人分享自己的推介文章（可提前打印或电子版）。
2. **轮流朗读**：每人朗读自己的文章（或重点段落），其他成员倾听并记录。
3. **依据量规点评**：每位成员根据“同伴互评维度”对同伴文章逐项打分（1-5分），并至少写一条具体建议（优点和改进点）。
4. **小组汇总**：小组内交流评价结果，每人收到至少3份反馈表。
5. **修改完善**：根据反馈修改文章，形成终稿。
6. **时间分配**：朗读+点评每人约8分钟，小组总时长约32分钟；修改环节可在课后或下一课时完成。

---

## 单元总结与延伸

### 【KWL 反思表·总结版】

完成项目后，回顾并填写：

| 我知道的 | 我想知道的 | 我学到的 |
|---------|-----------|---------|
| （项目开始时填写） | （项目开始时填写） | 现在填写：你学到了哪些写作手法？对家乡山水有了哪些新的认识？ |

### 【拓展阅读】

- 推荐阅读：余光中《听听那冷雨》、朱自清《绿》、梁衡《壶口瀑布》
- 影视推荐：纪录片《航拍中国》相关片段

### 【教学反思】（供教师课后填写）

- 教学目标达成情况：学生是否掌握了借景抒情的手法？写作中是否出现“景情脱节”的典型问题？
- 活动实施效果：品读环节的探究问题是否有效？实地考察的安全管理是否到位？
- 学生参与度：互评环节是否有序？学生是否提出了有价值的反馈？
- 改进方向：哪些环节需要调整？如何更好地支持学困生？

  → .\outputs_practice\demo001_CHN01_polished.md
  → .\outputs_practice\demo001_CHN01_process.json

==================================================
运行格式自检...
================================================================
附录 D 提交契约自查报告
目标目录: G:\.Study\.CS\repo\Xpert\code\outputs_practice
================================================================

-- WARN (3) ----------------------------------------
[WARN] STR-04  demo001_CHN01_polished.md: 未发现'过程/任务'类标题（教学过程/任务链/教学环节…）
         修复: 教学过程/任务链是核心结构件，请确认标题可被识别。
[WARN] SCH-08  demo001_CHN01_process.json: roles 仅 2 个（工程实现目标要求 ≥3 个差异化专家角色）
         修复: 确认专家角色数量满足需求文档第三节；主持人不计入专家角色数。
[WARN] SCH-08  demo001_MATH01_process.json: roles 仅 2 个（工程实现目标要求 ≥3 个差异化专家角色）
         修复: 确认专家角色数量满足需求文档第三节；主持人不计入专家角色数。

-- PASS (8) ----------------------------------------
[PASS] NAME-OK 发现 2 对命名合规且成对的提交文件
[PASS] ENC-OK  demo001_CHN01_polished.md: UTF-8 编码、非空（5017 字符）
[PASS] TEX-OK  demo001_CHN01_polished.md: LaTeX 定界符配对正常（$$ ×0, $ ×0）
[PASS] JSN-OK  demo001_CHN01_process.json: Schema 校验通过（roles ×2, discussion ×4, modifications ×25）
[PASS] ENC-OK  demo001_MATH01_polished.md: UTF-8 编码、非空（2834 字符）
[PASS] TEX-OK  demo001_MATH01_polished.md: LaTeX 定界符配对正常（$$ ×0, $ ×34）
[PASS] STR-OK  demo001_MATH01_polished.md: 标题结构粗检通过（检出 6 个一/二级标题）
[PASS] JSN-OK  demo001_MATH01_process.json: Schema 校验通过（roles ×2, discussion ×2, modifications ×14）

================================================================
结论: WARN — 契约层通过，可提交；3 项警告建议处理（结构类警告不处理的评分后果自负）。
================================================================

