
启动 Expert-Judge 打磨循环（最多 5 轮）
============================================================

▶ 第 1 轮 — Expert 思考中...

我发现当前教案存在以下问题：

1. **情境导入与主题关联弱**：购物小票问题虽生活化，但未直接体现“折扣”“促销”等购物核心概念，与后续例题1（折扣）脱节。应替换为更贴近“购物中的数学”的真实情境，如促销活动中的折扣计算，自然引出方程建模。

2. **教学目标表述笼统**：“理解”“培养”等动词不可观察、不可测量。应改为具体行为动词，如“能根据等量关系列方程”“能解释方程解的实际意义”。

3. **新知探究缺乏探究性**：三个例题直接给出分析过程和答案，学生被动接受，未经历“尝试→纠错→归纳”的自主建构过程。应设计为任务链：先让学生独立尝试，再小组讨论，最后师生共同总结方法。

4. **例题之间缺乏整体性**：三个问题（折扣、分配、行程）相互独立，未形成连贯的“购物”主线。建议整合为同一购物场景下的分任务（如：购物节买衣服、植树分配、送货行程），增强情境一致性。

5. **巩固练习层次单一**：练习与例题类型重复，缺少变式或开放性挑战。应增加一题多解或方案设计类题目，培养高阶思维。

6. **课堂小结教师主导**：由教师直接总结，学生参与度低。应改为学生自主归纳步骤和模型，教师补充。

7. **板书设计过简**：仅罗列步骤和模型，未体现方程建模的思维路径。应增加关键词和箭头，形成可视化思维导图。

8. **缺少PBL元素**：教案标题为“购物中的数学”，但未设计驱动性问题。可增加一个开放性问题贯穿全课，如“如何用方程制定最优购物方案？”。

修改策略：重写导入为真实折扣情境；将三个例题融入“购物节”大情境；每个例题先让学生尝试，再展示规范解法；巩固练习增加方案设计题；小结改为学生归纳；板书改为思维导图；教学目标改写为可观察行为。保留原教案的学科知识点和结构框架。

  Judge 评审中...
  总分: 87/100 | should_stop: True
  评分明细: A=8, B=13, C=18, D=13, E=9, F=26

  ✓ 达到终止条件，打磨完成。

============================================================
最终教案:

# 一元一次方程的应用——购物中的数学

## 教学目标

### 知识与技能
1. 能从购物等实际问题中识别等量关系，正确设未知数并列出方程。
2. 能运用解一元一次方程的步骤（去分母、去括号、移项、合并同类项、系数化为1）求解方程。
3. 能检验方程的解是否符合实际问题的意义，并给出合理解释。

### 过程与方法
4. 经历“实际问题→建立方程模型→求解→验证”的完整过程，体会方程是刻画等量关系的数学模型。
5. 通过小组合作探究，能分析不同情境中的等量关系，并选择适当方法列方程。

### 情感态度与价值观
6. 感受数学在购物决策中的实用性，增强用数学解决生活问题的意识。

## 教学重点与难点
- **重点**：找出实际问题中的等量关系，正确列出一元一次方程。
- **难点**：从复杂情境中抽象出等量关系，并建立方程模型。

## 教学过程

### 一、情境导入（5分钟）

**驱动性问题**：学校准备举办“数学购物节”，各班需设计购物方案。如何用一元一次方程帮同学们算出最优购买方案呢？

**教师活动**：展示商场促销海报：“全场8折！一件衣服原价500元，打折后多少钱？如果打折后付了400元，原价是多少？” 引导学生思考：能否用一个方程表示这种关系？

**学生活动**：口答折扣问题，尝试用字母表示未知数，列出简单方程 $0.8x = 400$。

**设计意图**：用真实折扣情境激发兴趣，自然引出“标价 × 折扣 = 售价”的等量关系，为后续探究铺垫。

---

### 二、新知探究（20分钟）

#### 任务1：折扣问题（购物节买衣服）

**情境**：购物节中，一件衣服打8折后售价为400元。它的原价是多少？

**学生活动**：独立尝试设未知数列方程，同桌交流。教师巡视，收集典型错误（如设原价为 $x$，列 $x - 0.2x = 400$ 或 $0.8x = 400$）。

**师生共析**：明确等量关系“标价 × 折扣率 = 售价”，规范解题步骤。
- 设原价为 $x$ 元，则 $0.8x = 400$
- 解：$x = 400 \div 0.8 = 500$
- 检验：$0.8 \times 500 = 400$，符合实际。

**归纳**：销售问题中，折扣率是百分数或小数，方程直接体现乘法关系。

---

#### 任务2：分配问题（购物节植树活动）

**情境**：购物节需要布置场地，某班学生去植树。每人植2棵则多出6棵树苗；每人植3棵则缺少12棵树苗。该班有多少名学生？共有多少棵树苗？

**学生活动**：小组讨论，找出不变量（树苗总数），尝试用两种方式表示树苗总数，列出方程。

**展示交流**：设学生有 $x$ 人，则 $2x + 6 = 3x - 12$。解方程得 $x = 18$，树苗 $2 \times 18 + 6 = 42$（棵）。

**对比分析**：为什么方程两边分别加6和减12？引导学生理解“多出”和“缺少”在方程中的符号表示。

**归纳**：分配问题中，总量不变，用两种分配方式分别表示总量，建立等式。

---

#### 任务3：行程问题（购物节送货）

**情境**：A、B两家商店相距240km，甲车从A店出发以60km/h的速度驶向B店，乙车从B店出发以40km/h的速度驶向A店。两车同时出发，几小时后相遇？

**学生活动**：画线段图，找出等量关系（甲车路程 + 乙车路程 = 总路程），设 $t$ 小时后相遇，列方程 $60t + 40t = 240$。

**独立求解**：$100t = 240$，$t = 2.4$。检验：$60 \times 2.4 + 40 \times 2.4 = 144 + 96 = 240$，符合。

**归纳**：行程问题中，相向而行的等量关系是“路程之和等于总距离”。

---

### 三、巩固练习（12分钟）

**练习1（基础）**：购物节购买篮球和排球共10个，共花费520元。已知篮球每个65元，排球每个45元。篮球和排球各买了多少个？

**练习2（变式）**：将一批图书分给购物节志愿者，如果每人分3本，则剩余20本；如果每人分4本，则还缺25本。志愿者有多少人？图书共有多少本？

**练习3（开放性）**：小明有100元购物券，想买两种商品：A商品单价15元，B商品单价25元。他打算买至少2件A商品，且刚好花完100元。请设计可能的购买方案，并用方程验证。

**学生活动**：独立完成练习1、2，小组讨论练习3的方案。教师巡视，个别指导。

**设计意图**：练习1、2巩固基本模型，练习3培养方案设计和方程应用能力，体现开放性。

---

### 四、课堂小结（5分钟）

**学生活动**：小组内分享本节课的收获，用思维导图或关键词总结列方程解应用题的步骤和常见模型。

**教师补充**：
1. **一般步骤**：审题（找等量关系）→ 设元（用字母表示未知数）→ 列方程 → 解方程 → 检验（实际意义）。
2. **常见模型**：销售（标价×折扣=售价）、分配（两种方式总量相等）、行程（路程=速度×时间，相遇问题）。
3. **关键**：准确找出等量关系是列方程的核心。

**设计意图**：变教师总结为学生自主建构，加深理解。

---

### 五、布置作业（3分钟）

**必做题**：教材第85页 练习题第1-4题。

**选做题**：小明和父母去游乐园，成人票每张80元，儿童票每张40元。他们共买了4张票，花了240元。小明的票是成人票还是儿童票？请用方程求解并说明理由。

**拓展题**：设计一个购物节中的实际问题（如满减、组合优惠），并尝试用一元一次方程解决。

---

## 板书设计

```
一元一次方程的应用——购物中的数学

驱动问题：如何用方程制定最优购物方案？

一、列方程解应用题步骤          二、常见模型
1. 审题（找等量关系）          销售：标价 × 折扣 = 售价
2. 设元（设未知数）            分配：两种方式总量相等
3. 列方程（根据等量关系）      行程：路程和 / 差 = 总距离
4. 解方程
5. 检验（实际意义）

关键：等量关系 → 方程
```

## 教学反思

（课后填写：重点关注学生找等量关系时的困难、开放性练习的完成情况、小组合作效果。可记录典型错误和成功案例，作为后续教学改进依据。）

  → G:/.Study/.CS/repo/Xpert/code/outputs_practice/demo001_MATH01_polished.md
  → G:/.Study/.CS/repo/Xpert/code/outputs_practice/demo001_MATH01_process.json

==================================================
运行格式自检...
================================================================
附录 D 提交契约自查报告
目标目录: G:\.Study\.CS\repo\Xpert\code\outputs_practice
================================================================

-- WARN (1) ----------------------------------------
[WARN] SCH-08  demo001_MATH01_process.json: roles 仅 2 个（工程实现目标要求 ≥3 个差异化专家角色）
         修复: 确认专家角色数量满足需求文档第三节；主持人不计入专家角色数。

-- PASS (5) ----------------------------------------
[PASS] NAME-OK 发现 1 对命名合规且成对的提交文件
[PASS] ENC-OK  demo001_MATH01_polished.md: UTF-8 编码、非空（2834 字符）
[PASS] TEX-OK  demo001_MATH01_polished.md: LaTeX 定界符配对正常（$$ ×0, $ ×34）
[PASS] STR-OK  demo001_MATH01_polished.md: 标题结构粗检通过（检出 6 个一/二级标题）
[PASS] JSN-OK  demo001_MATH01_process.json: Schema 校验通过（roles ×2, discussion ×2, modifications ×14）

================================================================
结论: WARN — 契约层通过，可提交；1 项警告建议处理（结构类警告不处理的评分后果自负）。
================================================================

