  [素养导向教研员] 加载技能: ['responsibility', 'knowledge_boundary', 'rubric_mapping', 'case_knowledge']
  [学科内容专家] 加载技能: ['responsibility', 'knowledge_boundary', 'rubric_mapping', 'case_knowledge']
  [学情适配专家] 加载技能: ['responsibility', 'knowledge_boundary', 'rubric_mapping', 'case_knowledge']
  [主持人] 加载技能: ['responsibility', 'knowledge_boundary']
  [评审专家] 加载技能: ['evaluation_rubric', 'knowledge_boundary', 'responsibility', 'scoring_rules']

启动多 Expert 圆桌打磨（最多 5 轮）
============================================================

▶ 第 1 轮 — 圆桌研讨

  [素养导向教研员] 用时 12.9s, 意见 920 字
  ✓ 收到 素养导向教研员 意见 (920 字): ...
  [学情适配专家] 用时 15.2s, 意见 1038 字
  ✓ 收到 学情适配专家 意见 (1038 字): ...
  [学科内容专家] 用时 41.7s, 意见 565 字
  ✓ 收到 学科内容专家 意见 (565 字): ...

  [主持人] 汇总合并中...
...
  [主持人] 用时 22.3s
    ✓ 合并完成

  合并后教案预览（前200字）:
    ...

  [评审专家] 评审中...
  评审用时 13.2s
  总分: 12/100 (上一轮: -) | should_stop: False
  评分明细: A=0, B=0, C=12, D=0, E=0, F=0

▶ 第 2 轮 — 圆桌研讨

  [学科内容专家] 用时 1.0s, 意见 0 字
  ✓ 收到 学科内容专家 意见 (0 字): ...
  [素养导向教研员] 用时 3.5s, 意见 0 字
  ✓ 收到 素养导向教研员 意见 (0 字): ...
  [学情适配专家] 用时 6.6s, 意见 198 字
  ✓ 收到 学情适配专家 意见 (198 字): ...

  [主持人] 汇总合并中...
---DECISIONS---
[
  {
    "proposal_ids": ["P001"],
    "status": "accepted",
    "location": "整个教案",
    "before_summary": "教案内容为空，无教学目标、教学过程等核心部分",
    "after_summary": "需要补充包含素养目标、教学过程（情境导入、新知探究、巩固练习、课堂小结、作业布置）和板书设计的完整教案，并修复数据错误和条件矛盾",
    "source_roles": ["r_learner"],
    "rationale": "教案内容为空，无法进行结构完整性、内容丰富性和内容一致性审查，必须补充完整教案以进行后续迭代。"
  }
]
---CONFLICTS---
[]
  [主持人] 用时 21.5s
    ✓ 合并完成

  合并后教案预览（前200字）:
    （教案内容为空，请补充完整教案）...

  [评审专家] 评审中...
  评审用时 6.4s
  总分: 12/100 (上一轮: 12) | should_stop: False
  评分明细: A=0, B=0, C=12, D=0, E=0, F=0

▶ 第 3 轮 — 圆桌研讨

  [素养导向教研员] 用时 0.9s, 意见 0 字
  ✓ 收到 素养导向教研员 意见 (0 字): ...
  [学情适配专家] 用时 1.2s, 意见 0 字
  ✓ 收到 学情适配专家 意见 (0 字): ...
  [学科内容专家] 用时 1.5s, 意见 0 字
  ✓ 收到 学科内容专家 意见 (0 字): ...

  [主持人] 汇总合并中...
---DECISIONS---
[]
---CONFLICTS---
[]
  [主持人] 用时 6.0s
    ✓ 合并完成

  合并后教案预览（前200字）:
    （教案内容为空，请补充完整教案）...

  [评审专家] 评审中...
  评审用时 2.7s
  总分: 12/100 (上一轮: 12) | should_stop: False
  评分明细: A=0, B=0, C=12, D=0, E=0, F=0

▶ 第 4 轮 — 圆桌研讨

  [素养导向教研员] 用时 0.7s, 意见 0 字
  ✓ 收到 素养导向教研员 意见 (0 字): ...
  [学科内容专家] 用时 0.8s, 意见 0 字
  ✓ 收到 学科内容专家 意见 (0 字): ...
  [学情适配专家] 用时 1.0s, 意见 0 字
  ✓ 收到 学情适配专家 意见 (0 字): ...

  [主持人] 汇总合并中...
---DECISIONS---
[]
---CONFLICTS---
[]
  [主持人] 用时 1.6s
    ✓ 合并完成

  合并后教案预览（前200字）:
    （教案内容为空，请补充完整教案）...

  [评审专家] 评审中...
  评审用时 2.7s
  总分: 12/100 (上一轮: 12) | should_stop: False
  评分明细: A=0, B=0, C=12, D=0, E=0, F=0

▶ 第 5 轮 — 圆桌研讨

  [学科内容专家] 用时 0.9s, 意见 0 字
  ✓ 收到 学科内容专家 意见 (0 字): ...
  [素养导向教研员] 用时 0.9s, 意见 0 字
  ✓ 收到 素养导向教研员 意见 (0 字): ...
  [学情适配专家] 用时 15.2s, 意见 0 字
  ✓ 收到 学情适配专家 意见 (0 字): ...

  [主持人] 汇总合并中...
---DECISIONS---
[]
---CONFLICTS---
[]
  [主持人] 用时 2.6s
    ✓ 合并完成

  合并后教案预览（前200字）:
    （教案内容为空，请补充完整教案）...

  [评审专家] 评审中...
  评审解析可能失败（0分），重试...
  评审用时 35.2s
  总分: 0/100 (上一轮: 12) | should_stop: False
  评分明细: A=0, B=0, C=0, D=0, E=0, F=0

============================================================
最终教案:

（教案内容为空，请补充完整教案）

  → G:/.Study/.CS/repo/Xpert/code/outputs_practice/demo001_MATH01_polished.md
  → G:/.Study/.CS/repo/Xpert/code/outputs_practice/demo001_MATH01_process.json

==================================================
运行格式自检...
================================================================
附录 D 提交契约自查报告
目标目录: G:\.Study\.CS\repo\Xpert\code\outputs_practice
================================================================

-- WARN (5) ----------------------------------------
[WARN] STR-04  demo001_BIO01_polished.md: 未发现'过程/任务'类标题（教学过程/任务链/教学环节…）
         修复: 教学过程/任务链是核心结构件，请确认标题可被识别。
[WARN] STR-04  demo001_CHN01_polished.md: 未发现'过程/任务'类标题（教学过程/任务链/教学环节…）
         修复: 教学过程/任务链是核心结构件，请确认标题可被识别。
[WARN] SCH-08  demo001_CHN01_process.json: roles 仅 2 个（工程实现目标要求 ≥3 个差异化专家角色）
         修复: 确认专家角色数量满足需求文档第三节；主持人不计入专家角色数。
[WARN] STR-01  demo001_MATH01_polished.md: 未检测到任何 Markdown 标题（#/##）
         修复: 无标题的流水文将大幅增加结构解析'缺核心件'误判风险，强烈建议用 #/## 组织结构件标题。
[WARN] STR-04  demo001_MATH02_polished.md: 未发现'过程/任务'类标题（教学过程/任务链/教学环节…）
         修复: 教学过程/任务链是核心结构件，请确认标题可被识别。

-- PASS (13) ----------------------------------------
[PASS] NAME-OK 发现 4 对命名合规且成对的提交文件
[PASS] ENC-OK  demo001_BIO01_polished.md: UTF-8 编码、非空（5260 字符）
[PASS] TEX-OK  demo001_BIO01_polished.md: LaTeX 定界符配对正常（$$ ×0, $ ×0）
[PASS] JSN-OK  demo001_BIO01_process.json: Schema 校验通过（roles ×5, discussion ×15, modifications ×67）
[PASS] ENC-OK  demo001_CHN01_polished.md: UTF-8 编码、非空（5017 字符）
[PASS] TEX-OK  demo001_CHN01_polished.md: LaTeX 定界符配对正常（$$ ×0, $ ×0）
[PASS] JSN-OK  demo001_CHN01_process.json: Schema 校验通过（roles ×2, discussion ×4, modifications ×25）
[PASS] ENC-OK  demo001_MATH01_polished.md: UTF-8 编码、非空（16 字符）
[PASS] TEX-OK  demo001_MATH01_polished.md: LaTeX 定界符配对正常（$$ ×0, $ ×0）
[PASS] JSN-OK  demo001_MATH01_process.json: Schema 校验通过（roles ×5, discussion ×24, modifications ×48）
[PASS] ENC-OK  demo001_MATH02_polished.md: UTF-8 编码、非空（2125 字符）
[PASS] TEX-OK  demo001_MATH02_polished.md: LaTeX 定界符配对正常（$$ ×0, $ ×8）
[PASS] JSN-OK  demo001_MATH02_process.json: Schema 校验通过（roles ×5, discussion ×25, modifications ×125）

================================================================
结论: WARN — 契约层通过，可提交；5 项警告建议处理（结构类警告不处理的评分后果自负）。
================================================================

