  [素养导向教研员] 加载技能: ['responsibility', 'knowledge_boundary', 'rubric_mapping', 'case_knowledge']
  [学科内容专家] 加载技能: ['responsibility', 'knowledge_boundary', 'rubric_mapping', 'case_knowledge']
  [学情适配专家] 加载技能: ['responsibility', 'knowledge_boundary', 'rubric_mapping', 'case_knowledge']
  [主持人] 加载技能: ['responsibility', 'knowledge_boundary']
  [评审专家] 加载技能: ['evaluation_rubric', 'knowledge_boundary', 'responsibility', 'scoring_rules']

启动多 Expert 圆桌打磨（最多 5 轮）
============================================================

▶ 第 1 轮 — 圆桌研讨

╔══ 学科内容专家 ═══ 15:56:37 （用时 14.3s）

╚══ 意见 (309 字)
╔══ 学情适配专家 ═══ 15:56:42 （用时 19.5s）

╚══ 意见 (1185 字)
╔══ 素养导向教研员 ═══ 15:56:45 （用时 22.3s）

╚══ 意见 (526 字)

  [主持人] 汇总合并中...
经分析三位专家的意见，存在以下冲突与互补点：

1. **冲突一：探究开放度与任务负荷**
   - 素养导向教研员建议增加问题链和思维外显（F3），学情适配专家也建议将例题改为学生先尝试（D1），但学情适配专家同时指出当前“任务量已超负荷”。
   - **裁决**：采纳“增加学生思维参与”的建议，但降低开放度。例题1保持师生共析，例题2、3改为“学生先尝试找出等量关系，然后小组交流，教师点评”，不要求完整书写过程，保留核心思维环节。

2. **冲突二：情境连贯性**
   - 素养导向教研员建议将例题2、3改编为购物情境，但学情适配专家提出“情境导入问题未在后续解决”（D3），且学科内容专家指出例题2的分配问题数据有误。
   - **裁决**：采纳学情适配专家的建议，将情境导入的“笔和笔记本”问题作为例题2（替换原分配问题），该问题既属购物情境、又解决导入悬疑。原分配问题（植树）数据修正后移至巩固练习作为练习3。例题3（行程）保留，但增加购物情境的变式（如购物路程），保持情境连贯但不强制全部替换。

3. **互补合并**：多位专家共同指向“增加检验环节”“明确学生活动”“标注练习答案”，这些意见无冲突，直接合并。

**合并后的修改计划**（按教案顺序）：

- (来自 r_subject, r_learner) 练习1数据修正：总花费改为530元，答案：篮球4个，排球6个。
- (来自 r_subject) 选做题条件补充：明确小明为儿童，父母为成人，调整数据使解合理。
- (来自 r_literacy) 教学目标改写为“三会”语言，行为动词具体化。
- (来自 r_literacy, r_learner) 教学过程各环节补充学生活动描述。
- (来自 r_literacy) 例题分析增加问题链引导思维外显。
- (来自 r_learner) 导入问题移至例题2（替换原分配问题），解决环节衔接缺失。
- (来自 r_learner) 每个例题增加检验步骤。
- (来自 r_learner) 例题2、3改为学生先尝试，小组交流后教师点评。
- (来自 r_learner) 巩固练习标注答案（练习1、2、3）。
- (来自 r_literacy) 巩固练习后增加目标达成检核表。
- (来自 r_learner) 例题2后增加预设与应对（分配问题符号错误）。
- (来自 r_learner) 增加小组合作环节（例题分析或巩固练习）。
- (来自 r_learner) 板书增加典型例题等量关系式。
- (来自 r_learner) 教学反思填写具体反思点示例。
  [主持人] 用时 16.0s
    ✓ 合并完成

  合并后教案预览（前200字）:
    # 一元一次方程的应用——购物中的数学

## 教学目标

### 知识与技能
1. 通过购物情境，能找出等量关系并用方程表示，体会用数学语言表达现实世界；能经历建模过程，发展模型观念；能检验解的合理性，培养应用意识。
2. 掌握解一元一次方程的基本步骤（去分母、去括号、移项、合并同类项、系数化为1）。
3. 能检验方程的解是否符合实际问题的意义。

### 过程与方法
4. 经历"实际问题 → ...

  [评审专家] 评审中...
  评审用时 27.2s
  总分: 88.625/100 (上一轮: -) | should_stop: False
  评分明细: A=10, B=13.125, C=20, D=10.5, E=10, F=25

▶ 第 2 轮 — 圆桌研讨

╔══ 素养导向教研员 ═══ 15:57:37 （用时 8.8s）

╚══ 意见 (426 字)
╔══ 学科内容专家 ═══ 15:57:44 （用时 15.7s）

╚══ 意见 (285 字)
╔══ 学情适配专家 ═══ 15:57:53 （用时 24.3s）

╚══ 意见 (557 字)

  [主持人] 汇总合并中...
经分析三位专家的意见，存在以下冲突与处理：

1. **冲突一：例题3情境替换与保留**
   - 素养导向教研员建议替换为购物行程问题（F4情境连贯），学情适配专家建议增加线段图等工具（D2难点突破）。两者无冲突，可合并：替换例题3为购物行程问题，并同时引入线段图辅助和预设应对。

2. **冲突二：目标2中的“去分母”**
   - 学情适配专家指出本课所有例题均不含分母，目标2包含“去分母”不匹配，建议增加含分母例题或删除。素养导向教研员未提此问题。鉴于本课重点在应用建模，增加含分母例题会分散主题，故采纳删除“去分母”，使目标与活动一致。

3. **冲突三：选做题数据矛盾**
   - 学科内容专家指出原选做题条件（3人买4张票）与解矛盾，建议修正。素养导向教研员未涉及。采纳学科专家的修正方案：改为4人（小明、父母、妹妹）买4张票，使方程和解合理。

4. **互补合并**：素养导向教研员建议增加设元比较讨论和生成性活动，学情适配专家建议增加线段图和预设，均无冲突，直接合并。

**合并后的修改计划**（按教案顺序）：

- (来自 r_learner) 目标2删除“去分母”，改为“去括号、移项、合并同类项、系数化为1”。
- (来自 r_literacy) 例题3替换为购物行程问题（小明步行与骑车去商场），保持情境连贯。
- (来自 r_learner) 例题3引入线段图辅助，并增加预设与应对（单位统一、画图理解）。
- (来自 r_literacy) 例题2后增加设元方法比较讨论（设笔为x vs 设笔记本为x）。
- (来自 r_literacy) 巩固练习后增加基于检核表的生成性活动（选取典型错误组织互助纠错）。
- (来自 r_subject) 选做题修正：明确为4人（小明、父母、妹妹），数据调整使解合理。
  [主持人] 用时 23.6s
    ✓ 合并完成

  合并后教案预览（前200字）:
    # 一元一次方程的应用——购物中的数学

## 教学目标

### 知识与技能
1. 通过购物情境，能找出等量关系并用方程表示，体会用数学语言表达现实世界；能经历建模过程，发展模型观念；能检验解的合理性，培养应用意识。
2. 掌握解一元一次方程的基本步骤（去括号、移项、合并同类项、系数化为1）。
3. 能检验方程的解是否符合实际问题的意义。

### 过程与方法
4. 经历"实际问题 → 建立方程...

  [评审专家] 评审中...
  评审用时 12.8s
  总分: 94.5/100 (上一轮: 88.625) | should_stop: False
  评分明细: A=10, B=15, C=20, D=12, E=10, F=27.5

▶ 第 3 轮 — 圆桌研讨

╔══ 素养导向教研员 ═══ 15:58:35 （用时 6.0s）

╚══ 意见 (437 字)
╔══ 学科内容专家 ═══ 15:58:38 （用时 8.8s）

╚══ 意见 (9 字)
╔══ 学情适配专家 ═══ 15:58:48 （用时 18.5s）

╚══ 意见 (780 字)

  [主持人] 汇总合并中...
经分析三位专家的意见，存在以下冲突与处理：

1. **冲突一：目标2是否包含“去分母”**
   - 素养导向教研员指出当前目标2已删去分母，但例题3需要去分母，建议恢复或改例题。学情适配专家同样指出矛盾，建议恢复去分母或改用不含分母方程。当前教案例题3的方程 `s/4 - s/12 = 1` 确实需要去分母步骤。
   - **裁决**：采纳恢复目标2中的“去分母”，使目标与例题3匹配。例题3保留，因为去分母是重要技能且在本课自然出现。

2. **冲突二：选做题条件矛盾**
   - 素养导向教研员指出“小明和父母（均为成人）以及妹妹（儿童）”共4人，成人3儿童1，总价应为280元而非240元，解得成人2儿童2与事实不符。建议改为3张票200元或调整总价。
   - **裁决**：采纳改为3张票、总价200元（成人2张、儿童1张），条件与解一致，且情境合理（小明和父母共3人）。

3. **冲突三：巩固练习情境脱节**
   - 学情适配专家指出练习1-3均与购物主题无关，建议替换为购物情境或说明共性。素养导向教研员未提。
   - **裁决**：采纳替换为购物情境，保持数学模型不变。练习1（篮球排球）已属购物范畴，保留；练习2改为购物中的分配问题（买笔和笔记本，不同数字）；练习3改为购物中的行程问题（步行与骑车，不同数字）。同时板书增加设元技巧总结。

**合并后的修改计划**（按教案顺序）：

- (来自 r_literacy, r_learner) 目标2恢复“去分母”，改为“掌握解一元一次方程的基本步骤（去分母、去括号、移项、合并同类项、系数化为1）”。
- (来自 r_literacy) 选做题修正：改为“小明和父母（共3人）去游乐园，成人票每张80元，儿童票每张40元，他们共买了3张票，花了200元。请列出方程并求解，判断小明买的是哪种票。”
- (来自 r_learner) 巩固练习替换：练习2改为购物分配（笔和笔记本，共10件花29元）；练习3改为购物行程（步行与骑车，少用0.5小时，距离3km）。
- (来自 r_learner) 板书增加一行“设元技巧：选择系数较小的未知量设元可使计算简便”。
  [主持人] 用时 26.2s
    ✓ 合并完成

  合并后教案预览（前200字）:
    # 一元一次方程的应用——购物中的数学

## 教学目标

### 知识与技能
1. 通过购物情境，能找出等量关系并用方程表示，体会用数学语言表达现实世界；能经历建模过程，发展模型观念；能检验解的合理性，培养应用意识。
2. 掌握解一元一次方程的基本步骤（去分母、去括号、移项、合并同类项、系数化为1）。
3. 能检验方程的解是否符合实际问题的意义。

### 过程与方法
4. 经历"实际问题 → ...

  [评审专家] 评审中...
  [DEBUG] Judge 原始响应（前300字）: {
  "scores": {
    "A": {
      "score": 10,
      "max": 10,
      "evidence": "核心件齐全：教学目标、教学重难点、教学过程（情境导入、新知探究、巩固练习、课堂小结）；非核心件：作业布置、板书设计。教学反思仅有建议填写模板，无实质内容，不加分。",
      "suggestions": "保持核心件完整，可补充实质性的教学反思以增加结构加分。"
    },
    "B": {
      "score": 15,
      "max": 15,
      "evidence": "B1师生双边活动展开...
  评审解析可能失败（0分），重试...
  评审用时 59.7s
  总分: 73.8125/100 (上一轮: 94.5) | should_stop: False
  评分明细: A=4, B=10.3125, C=20, D=9, E=8, F=22.5

▶ 第 4 轮 — 圆桌研讨

╔══ 学科内容专家 ═══ 16:00:17 （用时 3.9s）

╚══ 意见 (9 字)
╔══ 素养导向教研员 ═══ 16:00:19 （用时 5.5s）

╚══ 意见 (336 字)
╔══ 学情适配专家 ═══ 16:00:20 （用时 5.9s）

╚══ 意见 (639 字)

  [主持人] 汇总合并中...
经分析三位专家的意见，存在以下冲突与处理：

1. **冲突一：课堂小结完整性**
   - 素养导向教研员指出课堂小结被截断，仅列出“审题”一步，要求补全。学情适配专家同样指出缺失。两者一致，直接补全。

2. **冲突二：练习1情境连贯性**
   - 学情适配专家建议将练习1（篮球排球）替换为更直接的文具购物题，以保持全课情境连贯。素养导向教研员未提此问题。采纳替换，使巩固练习全部为文具/购物情境，与标题“购物中的数学”一致。

3. **冲突三：选做题条件**
   - 上一轮已修正为3人3张票200元，但本轮专家未再提，保持该修正。

4. **互补合并**：两位专家均要求补全“布置作业”和“板书设计”环节，无冲突，直接补全。

**合并后的修改计划**（按教案顺序）：

- (来自 r_literacy, r_learner) 补全课堂小结：列出完整五步骤（审题、设元、列方程、解方程、检验）及三种模型（销售、分配、行程），并引导学生对照检核表反思。
- (来自 r_literacy, r_learner) 补全布置作业：必做题教材第85页1-4题；选做题改为购物情境题（小明和父母共3人，成人票80元，儿童票40元，共买3张票花200元，求票种）。
- (来自 r_literacy, r_learner) 补全板书设计：左侧五步骤，右侧三模型附例题方程及线段图示意，增加设元技巧。
- (来自 r_learner) 练习1替换为购物分配题：小明买笔和笔记本共10件，花了29元，笔每支2元，笔记本每本5元。替换原篮球排球题。
  [主持人] 用时 17.0s
    ✓ 合并完成

  合并后教案预览（前200字）:
    # 一元一次方程的应用——购物中的数学

## 教学目标

### 知识与技能
1. 通过购物情境，能找出等量关系并用方程表示，体会用数学语言表达现实世界；能经历建模过程，发展模型观念；能检验解的合理性，培养应用意识。
2. 掌握解一元一次方程的基本步骤（去分母、去括号、移项、合并同类项、系数化为1）。
3. 能检验方程的解是否符合实际问题的意义。

### 过程与方法
4. 经历"实际问题 → ...

  [评审专家] 评审中...
  评审用时 62.6s
  总分: 90.83/100 (上一轮: 73.8125) | should_stop: False
  评分明细: A=8.33, B=15, C=20, D=12, E=8, F=27.5

▶ 第 5 轮 — 圆桌研讨

╔══ 学科内容专家 ═══ 16:01:42 （用时 3.3s）

╚══ 意见 (164 字)
╔══ 素养导向教研员 ═══ 16:01:47 （用时 7.7s）

╚══ 意见 (166 字)
╔══ 学情适配专家 ═══ 16:01:48 （用时 8.6s）

╚══ 意见 (631 字)

  [主持人] 汇总合并中...
经分析三位专家的意见，存在以下冲突与处理：

1. **冲突一：练习1与练习2重复**
   - 三位专家一致指出练习1与练习2内容完全相同（均为“小明买笔和笔记本共10件，花了29元”），属于重复冗余。素养导向教研员建议替换为不同情境（如折扣问题），学科内容专家建议删除一个或改为不同情境，学情适配专家建议将练习1改为销售折扣问题、练习2保留分配问题（不同数字）。
   - **裁决**：采纳三位专家的共识，将练习1替换为销售折扣问题（覆盖例题1模型），练习2保留分配问题但改为不同数据（总件数8件、总价34元），练习3保留行程问题。这样三种模型各有一个对应练习，避免重复且增加思维梯度。

2. **冲突二：选做题条件矛盾**
   - 学情适配专家指出“小明和父母（均为成人）共3人，买3张票花200元，解得成人1张、儿童2张”与“均为成人”矛盾。素养导向教研员和学科内容专家未提此问题（上一轮已修正，但本轮教案中又出现矛盾）。
   - **裁决**：采纳学情适配专家的建议，将题目改为“小明和父母（均为成人）以及妹妹（儿童）去游乐园，共买了4张票，花了240元”，解得成人2张、儿童2张，小明是儿童，条件与解一致。

3. **互补合并**：板书设计已包含设元技巧，无需修改。课堂小结内容完整，无需修改。

**合并后的修改计划**（按教案顺序）：

- (来自 r_literacy, r_subject, r_learner) 练习1替换为销售折扣问题：“某商店打8折出售一件商品，打折后比原价便宜了40元，求原价。”并附答案。
- (来自 r_literacy, r_subject, r_learner) 练习2保留分配问题，但改为不同数据：“小明买笔和笔记本共8件，花了34元。笔每支2元，笔记本每本5元。求笔和笔记本各多少件？”并附答案。
- (来自 r_learner) 选做题修正：改为“小明和父母（均为成人）以及妹妹（儿童）去游乐园，成人票每张80元，儿童票每张40元，他们共买了4张票，花了240元。请列出方程并求解，判断小明买的是哪种票。”并附完整解答。
  [主持人] 用时 42.3s
    ✓ 合并完成

  合并后教案预览（前200字）:
    # 一元一次方程的应用——购物中的数学

## 教学目标

### 知识与技能
1. 通过购物情境，能找出等量关系并用方程表示，体会用数学语言表达现实世界；能经历建模过程，发展模型观念；能检验解的合理性，培养应用意识。
2. 掌握解一元一次方程的基本步骤（去分母、去括号、移项、合并同类项、系数化为1）。
3. 能检验方程的解是否符合实际问题的意义。

### 过程与方法
4. 经历"实际问题 → ...

  [评审专家] 评审中...
  评审用时 80.6s
  总分: 94.5/100 (上一轮: 90.83) | should_stop: False
  评分明细: A=10, B=15, C=20, D=12, E=10, F=27.5

============================================================
最终教案:

# 一元一次方程的应用——购物中的数学

## 教学目标

### 知识与技能
1. 通过购物情境，能找出等量关系并用方程表示，体会用数学语言表达现实世界；能经历建模过程，发展模型观念；能检验解的合理性，培养应用意识。
2. 掌握解一元一次方程的基本步骤（去分母、去括号、移项、合并同类项、系数化为1）。
3. 能检验方程的解是否符合实际问题的意义。

### 过程与方法
4. 经历"实际问题 → 建立方程模型 → 求解 → 验证"的完整过程，体会方程是刻画现实世界中等量关系的重要数学模型。
5. 通过小组合作探究，培养分析问题、解决问题的能力。

### 情感态度与价值观
6. 感受数学与日常生活的紧密联系，增强应用数学的意识。

## 教学重点与难点
- **重点**：找出实际问题中的等量关系，正确列出一元一次方程。
- **难点**：理解题意，准确找到等量关系并建模。

## 教学过程

### 一、情境导入（5分钟）

**教师活动**：展示商场购物小票，提出问题："小明去文具店买笔和笔记本，共花了27元。其中笔每支2元，笔记本每本5元。小明一共买了9件文具。你能算出他买了几支笔、几本笔记本吗？" 引导学生思考：这个问题和我们今天要学的方程有什么关系？

**学生活动**：小组讨论，尝试用算术方法或方程方法解决问题。小组代表汇报思路。

**设计意图**：从生活情境出发，激发学习兴趣，自然引入方程建模思想。此问题将在例题2中正式解决。

---

### 二、新知探究（20分钟）

#### 例题1：购物问题（师生共析）

某商店举行促销活动，每件商品按标价的8折出售。一件衣服打8折后售价为400元，它的标价是多少？

**教师引导问题链**：
- 你从题目中找到了哪些等量关系？
- 应设哪个量为未知数？为什么？
- 如何根据等量关系列出方程？

**学生活动**：学生独立思考后回答，教师板书分析过程。

**分析**：
- 等量关系：标价 × 折扣率 = 售价
- 设标价为 $x$ 元，则 $0.8x = 400$
- 解：$x = 400 \div 0.8 = 500$

**检验**：将 $x=500$ 代入 $0.8 \times 500 = 400$，符合题意。

**答案**：标价为500元。

**预设与应对**：学生可能将折扣计算为 $x-0.8x$，需引导理解“打8折”即原价的80%。

---

#### 例题2：购物中的分配问题（学生先尝试，小组交流）

**问题**：小明去文具店买笔和笔记本，共花了27元。笔每支2元，笔记本每本5元。小明一共买了9件文具。你能算出他买了几支笔、几本笔记本吗？

**学生活动**：学生独立分析等量关系并尝试列方程，小组内交流思路，代表展示。

**分析**：
- 等量关系：买笔的钱 + 买笔记本的钱 = 27元；笔的数量 + 笔记本的数量 = 9
- 设买笔 $x$ 支，则买笔记本 $(9-x)$ 本
- 列方程：$2x + 5(9-x) = 27$
- 解：$2x + 45 - 5x = 27$，$-3x = -18$，$x = 6$
- 笔记本数量：$9-6=3$

**检验**：$2 \times 6 + 5 \times 3 = 12 + 15 = 27$，符合题意。

**答案**：买了6支笔、3本笔记本。

**设元方法比较讨论**（教师引导）：如果设笔记本为 $x$ 本，方程会变成什么？比较两种设元方式，哪种更简便？为什么？（引导学生发现：设笔为 $x$ 时系数较小，计算更简单；但两种方法本质相同，都利用总件数和总价两个等量关系。）

**预设与应对**：学生可能直接设笔和笔记本各为 $x$、$y$（二元），需引导用一元一次方程表示；可能忘记括号展开时符号变化，需重点强调。

---

#### 例题3：购物中的行程问题（学生先尝试，组间互评，引入线段图）

**问题**：小明从家步行去商场购物，步行速度是4km/h，如果改骑自行车，速度是12km/h。骑车比步行少用1小时到达。小明家到商场的距离是多少千米？

**学生活动**：小组合作，先画线段图表示路程、速度、时间关系，再找出等量关系并列出方程，组间互评展示的解题过程。

**线段图引导**（教师示范或引导学生画）：

```
步行：|---------| 距离 s km，速度 4 km/h，时间 s/4 小时
骑车：|---------| 距离 s km，速度 12 km/h，时间 s/12 小时
骑车比步行少用1小时 → s/4 - s/12 = 1
```

**教师引导问题链**：
- 步行和骑车的路程有什么关系？（相等）
- 如何用代数式表示步行时间和骑车时间？
- 哪种方式时间更少？少多少？

**分析**：
- 等量关系：步行时间 - 骑车时间 = 1小时
- 设家到商场距离为 $s$ km，则 $\frac{s}{4} - \frac{s}{12} = 1$
- 解：两边乘以12（去分母）得 $3s - s = 12$，$2s = 12$，$s = 6$

**检验**：步行时间 $6 \div 4 = 1.5$ 小时，骑车时间 $6 \div 12 = 0.5$ 小时，$1.5-0.5=1$，符合题意。

**答案**：家到商场的距离是6 km。

**预设与应对**：
- 学生可能忽略单位统一（速度 km/h 与时间 h 已匹配，不需转换）。
- 学生可能误将等量关系写为 $4t = 12(t-1)$ 但未设时间，可引导两种方法：设时间或设路程。
- 画线段图时需强调“路程相同”作为桥梁。
- 去分母时需注意每一项都要乘以最小公倍数，防止漏乘。

---

### 三、巩固练习（12分钟）

**学生活动**：学生独立完成练习，教师巡视并个别辅导。完成后小组内核对答案，教师抽样反馈。

**练习1**（销售折扣问题）：某商店打8折出售一件商品，打折后比原价便宜了40元。求这件商品的原价是多少元？
- **答案**：设原价为 $x$ 元，则 $x - 0.8x = 40$，解得 $0.2x = 40$，$x = 200$。原价为200元。

**练习2**（购物中的分配，不同数据）：小明买笔和笔记本共8件，花了34元。笔每支2元，笔记本每本5元。求笔和笔记本各多少件？
- **答案**：设笔 $x$ 支，则 $2x + 5(8-x) = 34$，解得 $2x + 40 - 5x = 34$，$-3x = -6$，$x=2$，笔2支，笔记本6本。

**练习3**（购物中的行程，不同数据）：小明从家步行去商场，速度4km/h，骑车速度12km/h。骑车比步行少用0.5小时。家到商场距离是多少千米？
- **答案**：设距离 $s$ km，则 $\frac{s}{4} - \frac{s}{12} = 0.5$，去分母得 $3s - s = 6$，$2s=6$，$s=3$ km。

**目标达成检核表**（学生自评，教师抽样反馈）：
| 我能…… | 完全能 | 部分能 | 需要帮助 |
|---------|--------|--------|----------|
| 找出问题中的等量关系 | □ | □ | □ |
| 用方程表示等量关系 | □ | □ | □ |
| 正确解方程（含去分母） | □ | □ | □ |
| 检验解是否符合实际 | □ | □ | □ |

**生成性活动**（基于检核表）：教师快速统计自评结果，选取“部分能”或“需要帮助”的典型错误（如去分母漏乘、等量关系找错），组织小组互助或全班纠错，促进生成性学习。

---

### 四、课堂小结（5分钟）

**教师引导**：

1. 列方程解应用题的一般步骤：
   - **审题**：弄清题意，找出已知量和未知量
   - **设元**：用字母表示未知数（注意设元技巧：选择系数较小的量设元可简便计算）
   - **列方程**：找到等量关系，列出方程
   - **解方程**：运用去分母、去括号、移项、合并同类项、系数化为1等步骤求解
   - **检验**：检查解是否符合实际意义

2. 本节课涉及的三种等量关系模型：
   - **销售折扣模型**：售价 = 标价 × 折扣（如例题1：$0.8x = 400$）
   - **分配模型**：两种方式总量相等（如例题2：$2x + 5(9-x) = 27$）
   - **行程时间差模型**：同一路程下时间关系（如例题3：$\frac{s}{4} - \frac{s}{12} = 1$）

3. 引导学生对照检核表反思：哪些方面已经掌握？哪些还需要加强？

---

### 五、布置作业（3分钟）

**必做题**：教材第85页 练习题第1-4题

**选做题**：小明和父母（均为成人）以及妹妹（儿童）去游乐园，成人票每张80元，儿童票每张40元，他们共买了4张票，花了240元。请列出方程并求解，判断小明买的是哪种票。
- **解答**：设成人票买了 $x$ 张，则儿童票 $(4-x)$ 张，列方程 $80x + 40(4-x) = 240$。去括号得 $80x + 160 - 40x = 240$，合并得 $40x = 80$，解得 $x = 2$。所以成人票2张，儿童票2张。小明是儿童，买的是儿童票。

## 板书设计

```
一元一次方程的应用——购物中的数学

一、步骤                     二、常见模型（附例题方程）
1. 审题                     1. 销售：标价×折扣=售价
2. 设元                        例：0.8x = 400
3. 列方程                   2. 分配：两种方式总量相等
4. 解方程                      例：2x + 5(9-x) = 27
5. 检验                     3. 行程：时间差关系
                                例：s/4 - s/12 = 1
                                线段图示意：
                                步行：|---| 时间 s/4
                                骑车：|---| 时间 s/12

设元技巧：选择系数较小的未知量设元可使计算简便
```

## 教学反思

（建议填写以下内容作为反思起点，课后根据实际课堂情况补充）
- **学生常见错误**：本节课学生最容易出错的地方是？例如例题3中去分母漏乘常数项，或分配问题中符号错误。
- **教学时间分配**：各环节时间是否合理？例题3的线段图引导是否耗时过多？是否需要压缩巩固练习时间？
- **小组合作效果**：设元比较讨论是否引发学生深入思考？组间互评是否有效？
- **目标达成度**：学生自评检核表中，哪些项目完成较好，哪些需要加强？生成性活动是否解决了典型问题？

  → G:/.Study/.CS/repo/Xpert/code/outputs_practice/demo001_MATH01_polished.md
  → G:/.Study/.CS/repo/Xpert/code/outputs_practice/demo001_MATH01_process.json

==================================================
运行格式自检...
================================================================
附录 D 提交契约自查报告
目标目录: G:\.Study\.CS\repo\Xpert\code\outputs_practice
================================================================

-- WARN (4) ----------------------------------------
[WARN] STR-04  demo001_BIO01_polished.md: 未发现'过程/任务'类标题（教学过程/任务链/教学环节…）
         修复: 教学过程/任务链是核心结构件，请确认标题可被识别。
[WARN] STR-04  demo001_CHN01_polished.md: 未发现'过程/任务'类标题（教学过程/任务链/教学环节…）
         修复: 教学过程/任务链是核心结构件，请确认标题可被识别。
[WARN] SCH-08  demo001_CHN01_process.json: roles 仅 2 个（工程实现目标要求 ≥3 个差异化专家角色）
         修复: 确认专家角色数量满足需求文档第三节；主持人不计入专家角色数。
[WARN] STR-04  demo001_MATH02_polished.md: 未发现'过程/任务'类标题（教学过程/任务链/教学环节…）
         修复: 教学过程/任务链是核心结构件，请确认标题可被识别。

-- PASS (14) ----------------------------------------
[PASS] NAME-OK 发现 4 对命名合规且成对的提交文件
[PASS] ENC-OK  demo001_BIO01_polished.md: UTF-8 编码、非空（5260 字符）
[PASS] TEX-OK  demo001_BIO01_polished.md: LaTeX 定界符配对正常（$$ ×0, $ ×0）
[PASS] JSN-OK  demo001_BIO01_process.json: Schema 校验通过（roles ×5, discussion ×15, modifications ×67）
[PASS] ENC-OK  demo001_CHN01_polished.md: UTF-8 编码、非空（5017 字符）
[PASS] TEX-OK  demo001_CHN01_polished.md: LaTeX 定界符配对正常（$$ ×0, $ ×0）
[PASS] JSN-OK  demo001_CHN01_process.json: Schema 校验通过（roles ×2, discussion ×4, modifications ×25）
[PASS] ENC-OK  demo001_MATH01_polished.md: UTF-8 编码、非空（4845 字符）
[PASS] TEX-OK  demo001_MATH01_polished.md: LaTeX 定界符配对正常（$$ ×0, $ ×100）
[PASS] STR-OK  demo001_MATH01_polished.md: 标题结构粗检通过（检出 6 个一/二级标题）
[PASS] JSN-OK  demo001_MATH01_process.json: Schema 校验通过（roles ×5, discussion ×25, modifications ×66）
[PASS] ENC-OK  demo001_MATH02_polished.md: UTF-8 编码、非空（2125 字符）
[PASS] TEX-OK  demo001_MATH02_polished.md: LaTeX 定界符配对正常（$$ ×0, $ ×8）
[PASS] JSN-OK  demo001_MATH02_process.json: Schema 校验通过（roles ×5, discussion ×25, modifications ×125）

================================================================
结论: WARN — 契约层通过，可提交；4 项警告建议处理（结构类警告不处理的评分后果自负）。
================================================================

