
启动多 Expert 圆桌打磨（最多 5 轮）
============================================================

▶ 第 1 轮 — 圆桌研讨

[素养导向教研员] Calling tool: load_skill with {'skill_name': 'rubric_mapping'}
[素养导向教研员] Calling tool: load_skill with {'skill_name': 'case_knowledge'}
╔══ 学情适配专家 ═══ 16:51:41 （用时 20.0s）

── 修改意见 ──
1. 【位置】教学目标—目标5｜【问题】目标5"通过小组合作探究"仅在情境导入中出现一次小组讨论，新知探究和巩固练习均未设计小组活动，目标无对应活动落实｜【依据】rubric_mapping: D1｜【建议】在例题2（分配问题）后增加"小组合作：用表格整理两种分配方案并列出方程"，标注3分钟、4人小组形式

2. 【位置】教学难点｜【问题】"理解题意，准确找到等量关系并建模"为难点，但教学中未提供任何脚手架、变式或直观化策略来突破｜【依据】rubric_mapping: D2｜【建议】在例题1后增加"找等量关系三步支架"：①圈画关键词（"共""多出""少"）；②用文字写出等量关系句；③代入未知数列方程

3. 【位置】教学过程—新知探究例题3｜【问题】例题3为行程问题（两车相遇），与课题"购物中的数学"及情境导入的购物场景无实质衔接，造成环节拼盘｜【依据】rubric_mapping: D3｜【建议】替换为购物相关行程问题（如"去商场购物，去时与返回速度不同，求时间"），或在例题前加过渡语说明行程问题也是日常购物出行场景

4. 【位置】教学过程—巩固练习｜【问题】仅列出两道练习题，缺少教师活动、学生活动、组织形式和预设应对，不具备可执行颗粒度｜【依据】rubric_mapping: B1, B2｜【建议】补充：①学生独立完成8分钟，教师巡视并收集典型错解；②同桌互换批改2分钟；③教师展示1份典型错误并全班分析2分钟

5. 【位置】教学过程—新知探究｜【问题】三组例题均未提供预设的学生典型错误或应对策略，缺少B3要求的预设与应对｜【依据】rubric_mapping: B3｜【建议】每组例题后补充预设：如例题2中学生易将"多出6棵"误写为"2x-6"，教师应引导学生画线段图对比"多出"与"缺少"的符号含义

6. 【位置】教学过程—新知探究｜【问题】未提供与例题数据直接耦合的支架材料（如表格、线段图、等量关系卡片）｜【依据】rubric_mapping: B4｜【建议】为例题2设计"两种分配方案对比表"支架：方案一每人2棵→总树苗=____，方案二每人3棵→总树苗=____，学生填表后列方程

7. 【位置】教学过程—课堂小结｜【问题】小结仅教师引导梳理，无学生自主活动，未体现B1要求的师生双边活动｜【依据】rubric_mapping: B1｜【建议】改为：学生先独立在纸上写出"列方程五步法"关键词（2分钟），再同桌互说补充（2分钟），最后教师提炼板书（1分钟）

8. 【位置】学情分析｜【问题】缺少推荐件学情分析，无法核对D5学情开放度与支架适配性｜【依据】rubric_mapping: 常规课推荐件｜【建议】补充学情分析：说明学生已掌握一元一次方程解法，困难在于将文字信息转化为数学表达式，建议在例题前增加"关键词→等量关系"的过渡练习
╔══ 学科内容专家 ═══ 16:51:47 （用时 25.8s）

── 无修改意见 ──
╔══ 素养导向教研员 ═══ 16:51:50 （用时 28.2s）

── 修改意见 ──
1. 【教学目标】｜【问题】未使用义教数学课标核心素养语言（"三会"），仍沿用旧版三维目标框架，缺少"会用数学的眼光观察现实世界、会用数学的思维思考现实世界、会用数学的语言表达现实世界"等可观察行为描述。｜**rubric_mapping**: F1 素养目标行为化、F2 学段课标符合｜【建议】将教学目标改写为素养导向表述，例如："通过购物情境中的等量关系分析，发展模型意识与应用意识（会用数学的语言表达现实世界）；在列方程与检验解的过程中，发展运算能力与推理意识（会用数学的思维思考现实世界）。"
2. 【教学过程·二、新知探究】｜【问题】例题1的购物情境与导入环节的情境（文具店）不一致，情境在导入后即断裂，后续例题2（植树分配）、例题3（行程）与购物主题无关，未在导入后至少两个环节中持续使用同一真实情境。｜**rubric_mapping**: F4 真实情境与探究｜【建议】将例题2和例题3替换为与"购物中的数学"主题一致的变式，例如：折扣组合购买（例2）、满减与优惠券叠加（例3），使购物情境贯穿新知探究全程。
3. 【教学过程·二、新知探究】｜【问题】三个例题均由教师直接给出分析、设元、方程和解，未设置问题链要求学生外显"怎样想到设这个量为未知数""为什么选择这个等量关系"，缺少递进追问和思路外显环节。｜**rubric_mapping**: F3 思维参与｜【建议】在每个例题中增加一个"思路外显"子环节，例如追问："你是根据哪句话找到等量关系的？""如果换一个未知数，方程会怎样？"并要求小组代表口头或板书展示思考路径。
4. 【教学过程·三、巩固练习】｜【问题】练习题为封闭式标准题，学生仅需套用例题步骤即可完成，未预留学生自主组织解题路径、选择方法或产出多样化成果的空间，无生成性讨论或迭代环节。｜**rubric_mapping**: F5 学生主体与生成｜【建议】增设一个开放度更高的任务，如"请你从身边的购物场景中收集数据，自编一道能用一元一次方程解决的问题，并交换给同桌求解"，让不同小组产出差异化的题目与解法，随后组织比较讨论。
5. 【教学过程】｜【问题】全课无任何目标达成检核环节，未说明如何观察学生是否达成"能根据等量关系列方程"等目标，巩固练习未配套观察要点或水平描述。｜**rubric_mapping**: F6 目标达成检核｜【建议】在巩固练习后增加"检核与反馈"环节，明确三条可观察检核证据：①学生能否独立指出等量关系句；②所列方程结构是否正确；③能否验证解的实际意义。可设计一个快速举手或答题板反馈活动。
6. 【学情分析】｜【问题】教案未提供学情分析板块，无法判断任务难度、开放度、先备知识、支架与分层是否与学情适配。｜**rubric_mapping**: D5 学情检查｜【建议】补充学情分析，说明学生已有的方程基础（如已学过合并同类项与移项）、常见困难（如找不到等量关系、不理解"设元"的意义），并据此在例题前增设一个"找等量关系"的铺垫活动或差异化支架。

  [主持人] 汇总合并中...
  [主持人] 用时 41.3s
    ✓ 合并完成

  合并后教案预览（前200字）:
    # 一元一次方程的应用——购物中的数学

## 学情分析

学生已掌握一元一次方程的基本解法（合并同类项、移项），能进行简单的代数运算。但常见困难在于：①将文字信息转化为数学表达式时，难以准确识别等量关系；②不理解“设元”的实质意义，常机械套用步骤；③对“多出”“缺少”等相对量关系的符号含义容易混淆。因此，本课在例题前增设“找等量关系”铺垫活动，并设计差异化支架（表格、关键词圈画、等量关系句书写）...

  [评审专家] 评审中...
  Judge 返回 0 分（1），重试...
  Judge 返回 0 分（2），重试...
  评审用时 91.9s
  总分: 0/100 (上一轮: -) | should_stop: False
  评分明细: A=0, B=0, C=0, D=0, E=0, F=0

▶ 第 2 轮 — 圆桌研讨

[学科内容专家] Calling tool: load_skill with {'skill_name': 'case_knowledge'}
╔══ 素养导向教研员 ═══ 16:54:15 （用时 12.5s）

── 修改意见 ──
1. 【教学过程·例题2（分配问题）】｜【问题】例题2仍为植树分配问题，与"购物中的数学"主题脱节，情境在导入和例题1后断裂，未在导入后至少两个环节持续使用同一真实情境。｜**rubric_mapping**: F4 真实情境与探究｜【建议】将例题2替换为购物情境下的分配问题，例如："某商场推出两种促销方案：方案一满300减50，方案二全场8折。小明买一件标价450元的衣服，哪种方案更划算？"（等量关系：两种方案花费相同求临界值），使购物情境贯穿新知探究全程。
2. 【教学过程·例题1、2、3】｜【问题】三个例题的"思路外显"追问模式高度雷同（"你是根据哪句话找到等量关系的？""如果设…为未知数，方程会怎样？"），未形成递进问题链——后一例题的追问应在前一例题基础上提升认知要求。｜**rubric_mapping**: F3 思维参与｜【建议】例题1追问聚焦"识别等量关系"，例题2追问提升为"比较两种设元方式的优劣并说明理由"，例题3追问再提升为"如果去掉一个条件，还能列方程吗？需要补充什么信息？"，形成"识别→比较→条件缺失推理"的递进链。
3. 【教学过程·巩固练习】｜【问题】"开放任务"标注为"替代其中一道练习或作为选做"，而非必做环节，学生自主组织路径、产出差异化成果的空间被降级为可选，削弱了学生主体性。｜**rubric_mapping**: F5 学生主体与生成｜【建议】将自编题目任务设为必做环节（替换练习2），并增加"组间交换求解→比较不同题目的等量关系类型→讨论哪种设元方式更简洁"的生成性讨论环节，确保每个学生产出可观察成果。
4. 【教学过程·检核与反馈】｜【问题】检核活动为答题板/举手快速回应，属于全班同步反馈，无法区分不同水平学生的个体达成情况，水平描述未绑定本课具体活动。｜**rubric_mapping**: F6 目标达成检核｜【建议】将检核改为"个体书写+同桌互评"：每人独立完成一个微型购物情境的"圈画关键词→写等量关系句→列方程"三步卡，同桌根据标准互判"完全正确/部分正确/需订正"，教师巡视记录典型错误用于全班辨析，使每条检核证据可观察至个体层面。
╔══ 学情适配专家 ═══ 16:54:21 （用时 18.3s）

── 修改意见 ──
1. 【位置】教案整体｜【问题】教材分析缺失，教学反思仍为"课后填写"无实质内容，两项推荐件均未落实｜【依据】rubric_mapping: 常规课推荐件｜【建议】补充教材分析（说明本课在"一元一次方程"单元中的位置、前后知识关联）；教学反思改为课后填写的具体引导问题（如"学生找等量关系的主要困难是什么？支架是否有效？"）

2. 【位置】教学目标—编号逻辑｜【问题】目标1/2/3已融入"三会"素养语言，但目标4（经历过程）和目标5（合作交流）仍为旧版过程与情感目标，素养目标与过程目标混合编号，易导致检核时目标—活动映射混乱｜【依据】rubric_mapping: D1｜【建议】将目标按素养维度重组：①模型意识与运算能力（原1+4合并）；②推理意识与检验能力（原3）；③合作交流与问题解决（原5）；保留独立的知识技能目标（原2）

3. 【位置】教学过程—情境导入｜【问题】导入环节未提供预设的学生可能解法及应对策略，缺少B3要求的预设与应对｜【依据】rubric_mapping: B3｜【建议】补充预设：①学生可能用尝试法（列举笔和笔记本数量组合）→肯定并引导"如果数字更大，尝试法还方便吗？"；②学生可能已列方程但设元错误→展示并辨析

4. 【位置】教学过程—巩固练习｜【问题】练习1和练习2未提供预设的典型错误与应对策略，无法保证B3覆盖所有探究/研讨主问题｜【依据】rubric_mapping: B3｜【建议】补充预设：练习1中学生易混淆篮球和排球单价→建议用表格整理"数量×单价=总价"关系；练习2中学生易将"剩余20本"误写为"3x-20"→对比"剩余"与"还缺"的符号差异

5. 【位置】教学过程—巩固练习—开放任务｜【问题】"替代其中一道练习或作为选做"表述模糊，未明确执行方案，影响B2可执行颗粒度｜【依据】rubric_mapping: B2｜【建议】改为明确指令："将练习2替换为开放任务（8分钟）：学生独立从校园生活场景中自编一道分配问题，写出等量关系句并求解；完成后与同桌交换验证"

6. 【位置】教学过程—检核与反馈｜【问题】3分钟需完成三个检核活动（圈画关键词、补全方程、验证解），时间不足且缺少组织形式说明，影响B2可执行颗粒度｜【依据】rubric_mapping: B2｜【建议】改为5分钟：①教师出示一个购物情境，全班用答题板同时作答（判断等量关系句正误，2分钟）；②展示两个解请学生判断是否符合实际并说明理由（2分钟）；③教师根据正确率决定是否补充讲解（1分钟）

7. 【位置】教学过程—例题3｜【问题】虽已添加购物出行过渡语，但例题3（行程问题）与课题"购物中的数学"及情境导入（购物小票）缺乏实质性的数据或情境连贯性，D3要求前环节产出被后环节实质使用未充分体现｜【依据】rubric_mapping: D3｜【建议】将例题3数据与情境导入关联：沿用小明购物场景，如"小明买完文具后去商场买衣服，从文具店到商场距离12km……"，使行程问题嵌入同一购物故事线

8. 【位置】学情分析｜【问题】学情已识别"对'多出''缺少'等相对量关系符号含义容易混淆"，但巩固练习的练习2（分配问题）未针对此困难设置差异化支架，D5学情开放度与支架适配性需同步给r_literacy协同判断｜【依据】rubric_mapping: D5；knowledge_boundary: 转交｜【建议】在练习2前增加提示支架："圈画关键词：'剩余20本'→用+20还是-20？'还缺25本'→用+25还是-25？对照例题2的对比表方法"；同时将D5学情问题转交r_literacy
╔══ 学科内容专家 ═══ 16:54:26 （用时 23.4s）

── 修改意见 ──
1. 【巩固练习 练习1】｜【问题】篮球和排球为离散实物，但方程解得篮球3.5个、排球6.5个，非整数解不符合实际意义，属于数据设计不严谨。｜【依据】rubric_mapping: C 一般性不严谨｜【建议】将数据改为能产生整数解的组合，例如：篮球每个70元、排球每个45元，共10个共花费580元（解得篮球4个、排球6个）；或保留原价但调整总价和个数，确保解为正整数。请教研核对后替换。

2. 【例题1（本轮对比）】｜【问题】原版教案例题1含两个子问（①标价500元求售价；②售价400元求标价），但分析仅解了第②问，第①问被遗漏；本轮将第①问直接删除而非补全解答，属于以删除回避可核查内容。｜【依据】rubric_mapping: C 内容回避｜【建议】恢复第①问并补全解答（500×0.8=400元），或保留第②问但补充说明第①问为口算铺垫、不需列方程，避免被认定为回避可核查内容。

3. 【板书设计】｜【问题】板书在"3."处截断，缺少"列方程""4. 解方程""5. 检验"及常见模型第3条"行程"，属于编号中断和内容丢失。｜【依据】rubric_mapping: E4 编号跳档与层级混乱｜【建议】补全板书：一、五步法 3. 列方程 4. 解方程 5. 检验；二、常见模型 3. 行程：路程=速度×时间。

4. 【教学过程 例题2】｜【问题】例题2为植树分配问题，与课题"购物中的数学"主题不一致；练习2分图书问题同样偏离购物主题。标题与内容存在主题漂移。｜【依据】rubric_mapping: E5 环节间过渡和逻辑关系不清晰｜【建议】将例题2改为购物场景中的分配问题，如"购买促销装商品，买2件

  [主持人] 汇总合并中...
  [主持人] 用时 26.7s
    ✓ 合并完成

  合并后教案预览（前200字）:
    # 一元一次方程的应用——购物中的数学

## 教材分析

本课选自人教版七年级上册第三章“一元一次方程”第4节，是在学生已掌握方程解法（合并同类项、移项）后，首次系统学习用方程解决实际问题。本节内容为后续学习二元一次方程组、不等式、函数等建模思想奠定基础。本课聚焦“购物中的数学”主题，通过折扣、分配、行程三类模型，帮助学生建立“审题→设元→列方程→求解→检验”的完整建模流程。

## 学情分析
...

  [评审专家] 评审中...
  Judge 返回 0 分（1），重试...
  评审用时 40.6s
  总分: 75.75/100 (上一轮: 0) | should_stop: False
  评分明细: A=4.0, B=11.25, C=20.0, D=9.0, E=9.0, F=22.5

▶ 第 3 轮 — 圆桌研讨

╔══ 学情适配专家 ═══ 16:55:42 （用时 8.5s）

── 修改意见 ──
1. 【位置】教学过程—例题2｜【问题】例题2仍为"植树分配问题"，与课题"购物中的数学"及导入的购物小票情境断裂，未在导入后至少两个教学环节持续使用同一真实情境｜【依据】rubric_mapping: D3；knowledge_boundary: 转交r_literacy｜【建议】将例题2替换为购物情境下的分配问题，如："商场推出两种促销方案：方案一满300减50，方案二全场8折。小明买一件标价450元的衣服，哪种方案更划算？"（等量关系：方案一实付=方案二实付）

2. 【位置】教案整体｜【问题】教案文本不完整，在例题2处截断，缺少巩固练习、检核与反馈、课堂小结、布置作业、板书设计等教学环节，属于A结构完整性核心件教学过程缺失｜【依据】rubric_mapping: 常规课核心件｜【建议】补全以下环节：巩固练习（含预设与应对、师生活动、组织形式）、检核与反馈（对应三条目标）、课堂小结（学生自主梳理+教师提炼）、布置作业（必做+选做/拓展）、板书设计；参照第一轮完整版中已设计的检核反馈和小结结构

3. 【位置】教学过程—例题1（1）｜【问题】例题1第（1）问"标价500元，打折后售价是多少？"为口算题，不涉及列方程，与"用方程解决实际问题"的课型核心目标脱节，占用新知探究时间但未推进目标1和目标2｜【依据】rubric_mapping: D1｜【建议】删除第（1）问或将其移至情境导入作为复习口算（1分钟），新知探究直接从第（2）问开始，确保例题时间全部用于建模训练

4. 【位置】巩固练习（缺失部分）｜【问题】根据r_subject反馈，练习1中篮球和排球数据（篮球65元、排球45元，共10个共520元）解得非整数解（篮球3.5个，排球6.5个），不符合实际意义，属于数据设计不严谨｜【依据】knowledge_boundary: 转交r_subject｜【建议】将数据改为能产生整数解的组合，例如：篮球每个70元、排球每个45元，共10个共花费580元（解得篮球4个、排球6个）；或保留原价但调整总价和个数，确保解为正整数；同时转交r_subject确认

5. 【位置】教学目标—目标3｜【问题】目标3"合作交流与问题解决"标注"会用数学的眼光观察现实世界"，但"合作交流"对应的核心素养应为"社会性素养"而非"三会"中的任一维度，素养标签与行为描述不匹配｜【依据】rubric_mapping: D1；knowledge_boundary: 转交r_literacy｜【建议】将目标3的素养标签改为"模型意识与应用意识"（对应"会用数学的语言表达现实世界"），或将"合作交流"单独列为过程性目标而不绑定"三会"标签；同时转交r_literacy确认素养语言准确性

6. 【位置】教学过程—情境导入｜【问题】导入问题"买笔和笔记本"与例题1"折扣问题"之间缺乏过渡衔接，导入环节的产出（学生列出的方程或算术结果）未被例题1实质使用，D3要求前环节产出被后环节实质使用未落实｜【依据】rubric_mapping: D3｜【建议】在导入结束后增加过渡语："刚才大家用尝试法或方程解决了笔和笔记本的问题，但遇到折扣问题时，等量关系会更隐蔽。下面我们学习如何用'三步法'系统找出等量关系。"并在例题1中引用导入的设元经验

7. 【位置】教学过程—例题1｜【问题】"思路外显"中教师追问"如果设售价为未知数，方程会怎样？试试看"，但未给出该追问的预期答案或时间分配，影响B2可执行颗粒度｜【依据】rubric_mapping: B2｜【建议】补充说明：此追问预期用时1分钟，预期答案为"设售价为y，则y÷0.8=500或y=400"；若学生无反应，教师直接给出两种设元对比："设标价为x→0.8x=400；设售价为y→y=400，后者无意义，所以设标价更合理"
╔══ 素养导向教研员 ═══ 16:55:43 （用时 9.7s）

── 修改意见 ──
1. 【教学目标—目标3】｜【问题】目标3将"合作交流与问题解决"关联到"会用数学的眼光观察现实世界"，素养归属有误——"数学眼光"对应数学抽象与直观想象，而非合作交流；合作交流不属于"三会"核心素养的独立维度。｜**rubric_mapping**: F1 素养目标行为化、F2 学段课标符合｜【建议】将目标3的"三会"关联修正为"会用数学的思维思考现实世界（推理意识）"或删除该关联，改为"在小组合作与思路外显中发展推理意识与表达能力"；也可将目标3并入目标1/2，避免素养标签与行为不匹配。
2. 【教学过程·例题2及后续】｜【问题】教案文本不完整（例题2处截断），无法确认例题2是否已替换为购物情境下的分配问题，也无法评估巩固练习、检核反馈等环节是否存在。上一轮已指出例题2（植树）与购物主题脱节，本轮仍无法验证修改。｜**rubric_mapping**: F4 真实情境与探究、F6 目标达成检核｜【建议】补全教案后，确保例题2替换为购物情境下的分配问题（如两种促销方案比较），并在教案末尾增加"检核与反馈"环节，设置三条可个体观察的检核证据（圈画关键词→写等量关系句→列方程），且水平描述绑定本课具体活动。
3. 【教学过程·例题1】｜【问题】"思路外显"追问中"如果设售价为未知数，方程会怎样？试试看"仅为建议性表述，未要求学生在课上实际尝试并展示两种设元方式的差异，思路外显停留在口头提示层面。｜**rubric_mapping**: F3 思维参与｜【建议】将追问改为可操作活动：要求学生在草稿纸上分别用"设标价为x"和"设售价为x"列方程，同桌对比后全班讨论"哪种设元更简便？为什么？"，让学生产出可观察的比较结果。
4. 【教学过程·预设解法与应对】｜【问题】情境导入中预设学生可能列二元一次方程组（设笔为x、笔记本为y），教师应对为"引导设一个未知数"——但此处未设计让学生自己发现"用总件数表示另一个量"的生成性讨论，而是直接由教师辨析纠正，学生主体性不足。｜**rubric_mapping**: F5 学生主体与生成｜【建议】将教师直接辨析改为学生讨论：展示二元方程组后追问"我们只学了一元一次方程，这个方程能解吗？怎样改写成只含一个未知数的方程？"让提出该解法的学生自己尝试修正，或让其他小组帮助转化，保留生成空间。
5. 【学情分析】｜【问题】学情分析指出了三个常见困难，但差异化支架（表格、关键词圈画、等量关系句书写）仅在例题1的"找等量关系三步法"中体现，未说明在例题2及后续环节中是否继续使用或调整支架，分层支持未贯穿全课。｜**rubric_mapping**: D5 学情检查｜【建议】在例题2和巩固练习处补充标注支架延续方案，例如："例题2继续使用'两种分配方案对比表'支架（与学情中表格支架呼应），对仍困难的学生提供半填空式表格（已填入部分数据）"。
╔══ 学科内容专家 ═══ 16:56:04 （用时 30.3s）

── 修改意见 ──
1. 【教学过程 例题2】｜【问题】教案文本在"例题2：购物中的"处截断，后续教学过程（含例题2完整内容、巩固练习、检核反馈、课堂小结、布置作业、板书设计）全部缺失，属于教案结构严重不完整。｜【依据】rubric_mapping: E4 编号跳档与层级混乱｜【建议】补全例题2完整分析及后续全部教学环节；若本轮仅提交前半部分供审查，请在下一轮提交完整教案，否则无法判定C内容准确性是否存在错误。

2. 【教学目标 目标3】｜【问题】目标3"合作交流与问题解决"后标注"（会用数学的眼光观察现实世界）"，但"数学的眼光"对应的是观察与发现，与"合作交流"的语义不匹配，属于素养语言与行为描述的错配。｜【依据】rubric_mapping: E1 纯语言层面的歧义｜【建议】将目标3的"三会"标注调整为"（会用数学的语言表达现实世界）"以匹配交流与表达，或将目标3的学科行为改为"通过观察购物情境中的数据发现等量关系"以匹配"数学的眼光"。此条涉及课标素养术语映射，建议同步提交r_literacy确认。

  [主持人] 汇总合并中...
  [主持人] 用时 25.5s
    ✓ 合并完成

  合并后教案预览（前200字）:
    # 一元一次方程的应用——购物中的数学

## 教材分析

本课选自人教版七年级上册第三章“一元一次方程”第4节，是在学生已掌握方程解法（合并同类项、移项）后，首次系统学习用方程解决实际问题。本节内容为后续学习二元一次方程组、不等式、函数等建模思想奠定基础。本课聚焦“购物中的数学”主题，通过折扣、促销方案比较、行程三类模型，帮助学生建立“审题→设元→列方程→求解→检验”的完整建模流程。

## 学...

  [评审专家] 评审中...
  评审用时 28.5s
  总分: 84.5/100 (上一轮: 75.75) | should_stop: False
  评分明细: A=4.0, B=15.0, C=20.0, D=10.5, E=10.0, F=25.0

▶ 第 4 轮 — 圆桌研讨

╔══ 素养导向教研员 ═══ 16:57:09 （用时 11.2s）

── 修改意见 ──
1. 【教学过程】｜【问题】教案文本在"开放任务"处截断，后续检核与反馈、课堂小结、布置作业、板书设计等环节全部缺失，无法评估F6目标达成检核是否已设计，上一轮已指出F6为0分，本轮仍未补全。｜**rubric_mapping**: F6 目标达成检核｜【建议】补全教案，在巩固练习后增设"检核与反馈"环节，设置三条可个体观察的检核证据：①每人独立完成一个微型购物情境的"圈画关键词→写等量关系句"；②所列方程结构是否正确（同桌互判）；③能否验证解的实际意义并解释合理性。每条检核水平描述绑定本课具体活动（如"能独立完成三步法"而非笼统的"掌握"）。
2. 【教学过程·例题3】｜【问题】例题3的"条件缺失推理"追问设计合理，但未要求在课上实际产出推理结果——"需要补充什么信息"的讨论停留在口头，学生未写出具体补充条件及对应的新方程，思路外显证据不足。｜**rubric_mapping**: F3 思维参与｜【建议】将追问改为可操作活动：小组在纸上写出"去掉条件后缺少什么信息→补充一个合理条件→列出新方程"，然后组间交换比较不同补充方案，使每个小组产出可观察的推理成果。
3. 【教学过程·开放任务】｜【问题】开放任务文本截断，无法确认是否包含"组间交换求解→比较不同题目的等量关系类型→讨论哪种设元方式更简洁"的生成性讨论环节，若仅要求学生自编题目而无后续比较讨论，则F5学生主体性落实不完整。｜**rubric_mapping**: F5 学生主体与生成｜【建议】补全开放任务时，明确增加"组间交换求解→比较不同题目的等量关系类型→全班讨论哪种设元方式更简洁"的生成性讨论环节，确保差异化成果被用于全班学习。
╔══ 学情适配专家 ═══ 16:57:18 （用时 20.6s）

── 修改意见 ──
1. 【位置】教案整体｜【问题】教案文本在巩固练习的"开放任务"处截断，缺失检核与反馈、课堂小结、布置作业、板书设计四个核心/非核心环节，教学过程不完整｜【依据】rubric_mapping: 常规课核心件｜【建议】补全以下环节：①检核与反馈（3分钟，用答题板检核三条目标，参照第一轮设计的三个检核证据）；②课堂小结（5分钟，学生独立写五步法关键词→同桌互说→教师提炼）；③布置作业（必做+选做+拓展）；④板书设计

2. 【位置】教学过程—例题2｜【问题】教案文本在"例题2：购物中的促销方案比较"的"分析"处截断，只显示了表格框架但未给出完整分析、解题过程和答案，导致新知探究环节的核心内容缺失｜【依据】rubric_mapping: B2｜【建议】补全例题2完整内容：①完整方程求解过程（x-50=0.8x→x=250）；②验证标价450元时代入两种方案得出方案二更划算；③补充"临界值"概念说明（标价250元时两种方案相等，超过250元方案二更优）

3. 【位置】教学过程—巩固练习｜【问题】"开放任务"要求"自编一道能用一元一次方程解决的分配问题"，但本例中已无"分配问题"例题（例题2已替换为促销方案比较），学生缺乏分配问题的建模参照，任务与例题类型不一致｜【依据】rubric_mapping: D1｜【建议】将开放任务要求改为"自编一道能用一元一次方程解决的购物问题（折扣、促销比较、购物出行均可）"，与例题1/2/3类型一致，确保任务—目标可追溯

4. 【位置】教学过程—巩固练习｜【问题】练习1（篮球排球）已按r_subject建议将数据改为整数解（70元/45元→580元），但未提供该数据的方程验证过程，无法确认是否确实产生整数解｜【依据】knowledge_boundary: 转交r_subject｜【建议】标注验证过程：设篮球x个，70x+45(10-x)=580→70x+450-45x=580→25x=130→x=5.2（非整数），数据仍然有问题。建议改为：篮球70元、排球40元，共10个共580元→70x+40(10-x)=580→70x+400-40x=580→30x=180→x=6（篮球6个，排球4个）；同时转交r_subject最终确认

5. 【位置】教学目标—目标3｜【问题】目标3已修改为"发展推理意识与表达能力（会用数学的思维思考现实世界）"，但"推理意识"与目标2的"推理意识与检验能力"重复，两条目标均标注同一素养维度，造成目标层级混乱｜【依据】rubric_mapping: D1｜【建议】将目标3改为"合作交流与问题解决（社会性素养，不绑定'三会'标签）"，或与目标2合并为一条目标，释放目标3用于其他素养维度

6. 【位置】教学过程—例题3思路外显｜【问题】"如果去掉'去时速度15km/h'这个条件，还能列方程吗？"这一追问属于条件缺失推理，但本课教学目标未涉及"条件缺失推理"或"补充条件建模"，追问与目标无对应检核关系｜【依据】rubric_mapping: D1｜【建议】将此追问改为可选拓展内容（标注★，供学有余力学生思考），例题3主追问改为："你是根据哪句话找到等量关系的？去时时间和返回时间分别怎么表示？"确保与目标1（识别等量关系、列方程）直接对应
╔══ 学科内容专家 ═══ 16:57:40 （用时 42.2s）

── 修改意见 ──
1. 【教学过程·例题2 促销方案比较】｜【问题】方程 $x-50=0.8x$ 解得 $x=250$，但方案一“满300减50”要求标价 $x\geq300$，$x=250$ 不在该定义域内。教案未解释这一矛盾，直接以 $450>250$ 判断方案二更划算，推理不严谨。｜【依据】rubric_mapping: C 一般性不严谨｜【建议】修改为：先直接计算 $x=450$ 时两方案实付（方案一 $450-50=400$，方案二 $450\times0.8=360$，方案二更划算）；再补充讨论“若想找两种方案花费相等的临界标价，需满足 $x\geq300$ 且 $x-50=0.8x$，解得 $x=250$，但 $250<300$ 不满足满减条件，因此对 $x\geq300$ 的所有标价方案二始终更优惠”。请教研核对。

2. 【巩固练习 练习1】｜【问题】篮球70元/个、排球45元/个、共10个共580元，解得篮球5.2个、排球4.8个，非整数解不符合实际意义。此问题在上一轮已指出（原数据65元/篮球、45元/排球、520元总价同样非整数），本轮更换数据后仍未解决。｜【依据】rubric_mapping: C 一般性不严谨｜【建议】选用能产生整数解的数据组合，例如：篮球70元/个、排球45元/个、共10个共570元→解得篮球4.8个仍非整数；建议换为篮球65元/个、排球35元/个、共10个共490元→解得篮球7个、排球3个，或由教研重新设计确保解为正整数。

3. 【教案整体】｜【问题】教案在“开放任务”处截断（“优惠券叠加

  [主持人] 汇总合并中...
  [主持人] 用时 19.9s
    ✓ 合并完成

  合并后教案预览（前200字）:
    # 一元一次方程的应用——购物中的数学

## 教材分析

本课选自人教版七年级上册第三章“一元一次方程”第4节，是在学生已掌握方程解法（合并同类项、移项）后，首次系统学习用方程解决实际问题。本节内容为后续学习二元一次方程组、不等式、函数等建模思想奠定基础。本课聚焦“购物中的数学”主题，通过折扣、促销方案比较、行程三类模型，帮助学生建立“审题→设元→列方程→求解→检验”的完整建模流程。

## 学...

  [评审专家] 评审中...
  评审用时 41.1s
  总分: 81.75/100 (上一轮: 84.5) | should_stop: False
  评分明细: A=4.0, B=11.25, C=20.0, D=7.5, E=9.0, F=30.0

▶ 第 5 轮 — 圆桌研讨

╔══ 学情适配专家 ═══ 16:58:49 （用时 7.9s）

── 修改意见 ──
1. 【位置】教案整体｜【问题】教案文本仍在"检核与反馈"处截断，缺失课堂小结、布置作业、板书设计三个环节，A结构完整性核心件教学过程不完整｜【依据】rubric_mapping: 常规课核心件｜【建议】补全：①课堂小结（5分钟：学生独立写五步法关键词→同桌互说→教师提炼，板书五步法与三类模型）；②布置作业（必做教材习题+选做游乐园购票问题+拓展自编购物问题）；③板书设计（左侧五步法，右侧三类模型）

2. 【位置】教学过程—例题2｜【问题】方程 $x-50=0.8x$ 解得 $x=250$，但方案一"满300减50"要求 $x\geq300$，$x=250$ 不在定义域内，教案未解释此矛盾，直接以 $450>250$ 判断方案二更划算，推理不严谨｜【依据】knowledge_boundary: 转交r_subject｜【建议】修改为：先直接计算 $x=450$ 时两方案实付（方案一400元，方案二360元），结论方案二更划算；再将"求临界值"改为可选拓展★标注，注明"因 $x=250<300$ 不满足满减条件，故对 $x\geq300$ 的所有标价，方案二始终更优惠"

3. 【位置】学情分析｜【问题】学情明确指出学生"对'多出''缺少'等相对量关系的符号含义容易混淆"，但本课全部例题已替换为购物情境，未保留任何涉及"多出/缺少"符号辨析的练习，D5学情开放度与支架适配性未落实｜【依据】rubric_mapping: D5；knowledge_boundary: 转交r_literacy｜【建议】在巩固练习中增加一道涉及"多出/缺少"的购物问题，如："商场买一送一活动中，如果每人拿2件则多出4件，每人拿3件则缺少6件，求人数和商品总数"；或保留练习2（图书分配问题）替代开放任务，以匹配学情中的符号混淆困难

4. 【位置】教学过程—巩固练习—开放任务｜【问题】开放任务"自编一道购物问题"要求8分钟完成，但后续"生成性讨论"又安排5分钟，两项合计13分钟，超出巩固练习总时长12分钟，时间分配不可执行｜【依据】rubric_mapping: B2｜【建议】将开放任务与生成性讨论合并为10分钟：学生自编题目（4分钟）→同桌交换求解（3分钟）→选取2个典型题目全班分析（3分钟）；删除"组间交换"环节

5. 【位置】教学过程—检核与反馈｜【问题】教案文本在"出示一个微型购物情境"处截断，未给出完整的检核证据设计和学生回应方式，无法评估F6目标达成检核是否可个体观察｜【依据】rubric_mapping: D1｜【建议】补全检核设计（5分钟）：①检核目标1——出示"一支钢笔比一支铅笔贵8元，共买5支花28元"情境，学生用答题板写出等量关系句（2分钟）；②检核目标2——出示解 $x=5$，问"钢笔5元是否符合实际？为什么？"（1分钟）；③检核目标3——同桌互评自编题目（2分钟）

6. 【位置】板书设计（缺失）｜【问题】板书设计缺失，D4要求核对板书与目标的一致性无法执行｜【依据】rubric_mapping: D4｜【建议】板书设计应包含：左侧——五步法（审题圈画关键词→设元→列等量关系方程→求解→检验）；右侧——三类模型（折扣：标价×折扣=售价；促销比较：方案一=方案二；行程：路程÷速度=时间）；底部——易错提醒（设元要关联等量关系；检验解的实际意义）
╔══ 素养导向教研员 ═══ 16:58:51 （用时 9.7s）

── 修改意见 ──
1. 【教学过程】｜【问题】教案文本在"检核与反馈"处再次截断，缺失课堂小结、布置作业、板书设计等环节，且检核与反馈内容不完整，无法评估F6目标达成检核是否已设计可观察的检核证据。｜**rubric_mapping**: F6 目标达成检核｜【建议】补全教案，在检核与反馈中明确三条可个体观察的检核证据：①出示一个微型购物情境，学生独立完成"圈画关键词→写等量关系句"；②判断所给方程结构是否正确并补全；③验证一个解是否符合实际意义并说明理由。每条检核水平描述绑定本课具体活动。
2. 【教学过程·例题3（行程问题）】｜【问题】★拓展活动标注为"供学有余力学生思考"，条件缺失推理成为选做而非全员必做，且例题3的主思路外显仍为"你是根据哪句话找到等量关系的"——与例题1追问模式雷同，未形成递进链第三层应有的认知提升。｜**rubric_mapping**: F3 思维参与｜【建议】将条件缺失推理设为全员必做环节（替换当前单一追问），要求每个小组在纸上完成"去掉一个条件→补充一个合理条件→列出新方程→比较与原题差异"四步，使全班学生都经历推理提升，而非仅学有余力者。
3. 【学情分析】｜【问题】学情分析指出了第三个困难——"对'多出''缺少'等相对量关系的符号含义容易混淆"，但全课所有例题（折扣、促销比较、行程）均不涉及"多出/缺少"的相对量关系，学情困难③在全课中无对应活动或支架回应。｜**rubric_mapping**: D5 学情检查｜【建议】在巩固练习或开放任务中增设一个涉及"多出/缺少"关系的购物情境（如"买m个商品送n个"或"满减优惠券叠加"），或在课堂小结中专门辨析"多出"与"缺少"的符号含义，使学情分析的三个困难点均有对应活动覆盖。
4. 【教学过程·开放任务与生成性讨论】｜【问题】生成性讨论设计了"组间交换求解"和"比较不同题目的等量关系类型"，但未明确要求学生比较"不同设元方式的优劣"——这是例题1和例题2反复训练的思维技能，应在开放任务中让学生自主运用并比较。｜**rubric_mapping**: F5 学生主体与生成｜【建议】在生成性讨论中增加一个追问："你的同桌用了什么设元方式？如果换一种设元，方程会怎样？哪种更简洁？"并要求学生在交换求解后书面写出"设元方式比较"的简短说明，作为可观察成果。
╔══ 学科内容专家 ═══ 16:59:37 （用时 56.3s）

── 修改意见 ──
1. 【教学过程·四、检核与反馈】｜【问题】教案在“小明买3支笔和2个笔记本共花24元，笔每支4元，笔记本每”处截断，检核与反馈环节内容不完整，且后续课堂小结、布置作业、板书设计三个核心/推荐环节全部缺失。｜【依据】rubric_mapping: E4 编号跳档与层级混乱｜【建议】补全检核与反馈环节的完整描述（至少包含三条可个体观察的检核证据），并补充课堂小结（学生独立写五步法关键词→同桌互说→教师提炼）、布置作业（必做+选做+拓展）、板书设计三个环节。

2. 【教学目标·目标3】｜【问题】目标3括号内标注“社会性素养，不绑定‘三会’标签”，但教学目标中其他目标均标注“三会”关联，目标3的标注方式造成格式不统一，且“社会性素养”不属于义务教育数学课标的标准术语。｜【依据】rubric_mapping: E3 术语不一致｜【建议】删除“（社会性素养，不绑定‘三会’标签）”的标注，或改为与课标一致的表述，例如“（合作交流能力）”。此条涉及课标术语规范，建议同步提交r_literacy确认。

  [主持人] 汇总合并中...
  [主持人] 用时 29.3s
    ✓ 合并完成

  合并后教案预览（前200字）:
    # 一元一次方程的应用——购物中的数学

## 教材分析

本课选自人教版七年级上册第三章“一元一次方程”第4节，是在学生已掌握方程解法（合并同类项、移项）后，首次系统学习用方程解决实际问题。本节内容为后续学习二元一次方程组、不等式、函数等建模思想奠定基础。本课聚焦“购物中的数学”主题，通过折扣、促销方案比较、行程三类模型，帮助学生建立“审题→设元→列方程→求解→检验”的完整建模流程。

## 学...

  [评审专家] 评审中...
  评审用时 13.7s
  总分: 76.75/100 (上一轮: 81.75) | should_stop: False
  评分明细: A=4.0, B=11.25, C=20.0, D=7.5, E=9.0, F=25.0

============================================================
最终教案:

# 一元一次方程的应用——购物中的数学

## 教材分析

本课选自人教版七年级上册第三章“一元一次方程”第4节，是在学生已掌握方程解法（合并同类项、移项）后，首次系统学习用方程解决实际问题。本节内容为后续学习二元一次方程组、不等式、函数等建模思想奠定基础。本课聚焦“购物中的数学”主题，通过折扣、促销方案比较、行程三类模型，帮助学生建立“审题→设元→列方程→求解→检验”的完整建模流程。

## 学情分析

学生已掌握一元一次方程的基本解法（合并同类项、移项），能进行简单的代数运算。但常见困难在于：①将文字信息转化为数学表达式时，难以准确识别等量关系；②不理解“设元”的实质意义，常机械套用步骤；③对“多出”“缺少”等相对量关系的符号含义容易混淆。因此，本课在例题前增设“找等量关系”铺垫活动，并设计差异化支架（表格、关键词圈画、等量关系句书写），以降低建模门槛。**支架延续方案**：例题2继续使用“两种方案对比表”支架，对仍困难的学生提供半填空式表格（已填入部分数据）；巩固练习前再次提示关键词圈画方法，确保支架贯穿全课。

## 教学目标

1. **模型意识与运算能力**：通过购物情境中的等量关系分析，发展模型意识与应用意识（会用数学的语言表达现实世界）；能根据实际问题中的等量关系列出一元一次方程，并正确求解（去分母、去括号、移项、合并同类项、系数化为1）。
2. **推理意识与检验能力**：能检验方程的解是否符合实际问题的意义，并解释解的合理性（会用数学的思维思考现实世界）。
3. **合作交流与问题解决**：通过小组合作探究与思路外显活动，培养分析问题、解决问题的能力，增强合作交流意识（合作交流能力）。

## 教学重点与难点

- **重点**：找出实际问题中的等量关系，正确列出一元一次方程。
- **难点**：理解题意，准确找到等量关系并建模。
- **突破策略**：在例题1后设置“找等量关系三步支架”，在例题2中提供对比表支架，并预设典型错误进行全班辨析。

## 教学过程

### 一、情境导入（5分钟）

**教师活动**：展示商场购物小票，提出问题：“小明去文具店买笔和笔记本，共花了27元。其中笔每支2元，笔记本每本5元。小明一共买了9件文具。你能算出他买了几支笔、几本笔记本吗？”

**学生活动**：小组讨论，尝试用已有方法（如算术法、尝试列表法）解决问题。教师巡视，收集不同解法。

**预设解法与应对**：
- 学生可能用尝试法（列举笔和笔记本数量组合）→教师肯定并引导：“如果数字更大，尝试法还方便吗？有没有更通用的方法？”
- 学生可能已列方程但设元错误（如设笔为x，笔记本为y，但七年级尚未学二元一次方程组）→教师追问：“我们只学了一元一次方程，这个方程能解吗？怎样改写成只含一个未知数的方程？”让提出该解法的学生自己尝试修正，或让其他小组帮助转化，保留生成空间。
- 学生可能列出正确的一元一次方程（设笔x支，则笔记本9-x本，2x+5(9-x)=27）→给予肯定，并引出方程建模思想。

**口算铺垫**（1分钟）：教师展示“一件衣服标价500元，打8折后售价是多少？”学生口答400元，教师强调“折扣率×标价=售价”这一基本关系，为例题1做铺垫。

**过渡语**：“刚才大家用尝试法或方程解决了笔和笔记本的问题，但遇到折扣问题时，等量关系会更隐蔽。下面我们学习如何用‘三步法’系统找出等量关系。”

**设计意图**：从生活情境出发，激发学习兴趣，自然引入方程建模思想；口算铺垫降低例题1认知负荷。

---

### 二、新知探究（20分钟）

#### 例题1：购物中的折扣问题（递进链第一层——识别等量关系）

某商店举行促销活动，每件商品按标价的8折出售。一件衣服打8折后售价为400元，它的标价是多少？

**分析**：
- 等量关系：标价 × 折扣率 = 售价
- 设标价为 $x$ 元，则 $0.8x = 400$
- 解：$x = 400 \div 0.8 = 500$

**思路外显活动**（2分钟）：
1. 学生在草稿纸上分别用两种方法列方程：
   - 方法一：设标价为 $x$，列方程 $0.8x = 400$
   - 方法二：设售价为 $y$，列方程 $y = 400$（但此时标价未知）
2. 同桌对比两种设元方式，讨论：“哪种设元更简便？为什么？”
3. 全班交流，教师引导总结：设标价为未知数可以直接利用等量关系，设售价则无法体现等量关系。

**预期答案**：方法二设售价为 $y$ 时，$y=400$ 直接给出售价，未涉及标价，无法求解标价；方法一设标价为 $x$ 则能体现等量关系。因此设未知数要选择与等量关系直接相关的量。

**支架活动——找等量关系三步法**：
1. 圈画关键词：标价、8折、售价
2. 用文字写出等量关系句：标价 × 0.8 = 售价
3. 代入未知数列方程

**预设错误与应对**：
- 学生可能误写为 $x \times 0.8 = 400$ 但未设元 → 强调设元是第一步
- 学生可能忘记检验：$500 \times 0.8 = 400$ 符合实际 → 强化检验步骤

**答案**：标价为500元。

---

#### 例题2：购物中的促销方案比较（递进链第二层——比较设元方式优劣）

某商场推出两种促销方案：方案一满300减50，方案二全场8折。小明买一件标价450元的衣服，哪种方案更划算？

**分析**：
- 直接计算标价450元时两方案实付：
  - 方案一：$450 - 50 = 400$（元）
  - 方案二：$450 \times 0.8 = 360$（元）
  - 结论：方案二更划算。

**★拓展讨论**（供学有余力学生思考）：若想找两种方案花费相等的临界标价，需满足 $x \geq 300$ 且 $x - 50 = 0.8x$，解得 $x = 250$。但 $250 < 300$ 不满足满减条件，因此对 $x \geq 300$ 的所有标价，方案二始终更优惠。

**思路外显活动**（3分钟）：
1. 教师追问：“如果设标价为未知数，方程是什么？如果设实付金额为未知数，方程又是什么？哪种设元更合理？”
2. 学生小组讨论，用对比表支架整理：

| 方案 | 表达式（设标价$x$） | 表达式（设实付$y$） |
|------|-------------------|-------------------|
| 方案一 | $x-50$ | $y$ |
| 方案二 | $0.8x$ | $y$ |
| 方程 | $x-50=0.8x$ | $y=y$（恒等式，无意义） |

3. 全班交流，教师引导总结：设与等量关系直接相关的量为未知数（标价）更合理。

**支架延续**：对仍困难的学生提供半填空式表格（已填入“方案一”“方案二”及部分表达式），学生只需补充关键项即可。

**预设错误与应对**：
- 学生可能忽略“满300减50”的条件（标价必须≥300）→ 强调审题要完整，检查临界值
- 学生可能直接列出 $450 - 50 = 0.8 \times 450$ → 肯定这是验证，但引导学生思考“如何找到通用的临界值”

**答案**：方案二更划算（实付360元 < 方案一实付400元）。

---

#### 例题3：购物出行中的行程问题（递进链第三层——条件缺失推理）

**过渡语**：刚才我们比较了促销方案，其实去商场购物还会遇到行程问题。小明从文具店（刚才买笔的地方）去商场买衣服，距离12km。去

  → G:/.Study/.CS/repo/Xpert/code/outputs_practice/demo001_MATH01_polished.md
  → G:/.Study/.CS/repo/Xpert/code/outputs_practice/demo001_MATH01_process.json

==================================================
运行格式自检...
================================================================
附录 D 提交契约自查报告
目标目录: G:\.Study\.CS\repo\Xpert\code\outputs_practice
================================================================

-- WARN (4) ----------------------------------------
[WARN] STR-04  demo001_BIO01_polished.md: 未发现'过程/任务'类标题（教学过程/任务链/教学环节…）
         修复: 教学过程/任务链是核心结构件，请确认标题可被识别。
[WARN] STR-04  demo001_CHN01_polished.md: 未发现'过程/任务'类标题（教学过程/任务链/教学环节…）
         修复: 教学过程/任务链是核心结构件，请确认标题可被识别。
[WARN] SCH-08  demo001_CHN01_process.json: roles 仅 2 个（工程实现目标要求 ≥3 个差异化专家角色）
         修复: 确认专家角色数量满足需求文档第三节；主持人不计入专家角色数。
[WARN] STR-04  demo001_MATH02_polished.md: 未发现'过程/任务'类标题（教学过程/任务链/教学环节…）
         修复: 教学过程/任务链是核心结构件，请确认标题可被识别。

-- PASS (14) ----------------------------------------
[PASS] NAME-OK 发现 4 对命名合规且成对的提交文件
[PASS] ENC-OK  demo001_BIO01_polished.md: UTF-8 编码、非空（5260 字符）
[PASS] TEX-OK  demo001_BIO01_polished.md: LaTeX 定界符配对正常（$$ ×0, $ ×0）
[PASS] JSN-OK  demo001_BIO01_process.json: Schema 校验通过（roles ×5, discussion ×15, modifications ×67）
[PASS] ENC-OK  demo001_CHN01_polished.md: UTF-8 编码、非空（5017 字符）
[PASS] TEX-OK  demo001_CHN01_polished.md: LaTeX 定界符配对正常（$$ ×0, $ ×0）
[PASS] JSN-OK  demo001_CHN01_process.json: Schema 校验通过（roles ×2, discussion ×4, modifications ×25）
[PASS] ENC-OK  demo001_MATH01_polished.md: UTF-8 编码、非空（3268 字符）
[PASS] TEX-OK  demo001_MATH01_polished.md: LaTeX 定界符配对正常（$$ ×0, $ ×56）
[PASS] STR-OK  demo001_MATH01_polished.md: 标题结构粗检通过（检出 6 个一/二级标题）
[PASS] JSN-OK  demo001_MATH01_process.json: Schema 校验通过（roles ×5, discussion ×25, modifications ×92）
[PASS] ENC-OK  demo001_MATH02_polished.md: UTF-8 编码、非空（2125 字符）
[PASS] TEX-OK  demo001_MATH02_polished.md: LaTeX 定界符配对正常（$$ ×0, $ ×8）
[PASS] JSN-OK  demo001_MATH02_process.json: Schema 校验通过（roles ×5, discussion ×25, modifications ×125）

================================================================
结论: WARN — 契约层通过，可提交；4 项警告建议处理（结构类警告不处理的评分后果自负）。
================================================================

