
启动多 Expert 圆桌打磨（最多 5 轮）
============================================================

▶ 第 1 轮 — 圆桌研讨

[学科内容专家] Calling tool: load_skill with {'skill_name': 'rubric_mapping'}
[学科内容专家] Calling tool: load_skill with {'skill_name': 'knowledge_boundary'}
[学科内容专家] Calling tool: load_skill with {'skill_name': 'responsibility'}
[素养导向教研员] Calling tool: load_skill with {'skill_name': 'rubric_mapping'}
[素养导向教研员] Calling tool: load_skill with {'skill_name': 'knowledge_boundary'}
[学情适配专家] Calling tool: load_skill with {'skill_name': 'case_knowledge'}
╔══ 素养导向教研员 ═══ 18:12:05 （用时 14.0s）

── 修改意见 ──
1. 【位置】教学目标｜【问题】目标使用旧三维框架（知识与技能、过程与方法、情感态度与价值观），未采用现行义教数学课标“三会”核心素养语言，且“理解”“掌握”“体会”等动词不可直接观察。｜【依据】rubric_mapping: F1 素养目标行为化、学科×学段语言-数学义教｜【建议】将目标改写为“三会”表述，例如：“【会用数学的眼光观察】能从购物小票等生活情境中识别数量关系，抽象出方程模型；【会用数学的思维思考】能分析等量关系，列出一元一次方程并求解；【会用数学的语言表达】能清晰地用方程语言描述和解释现实问题”，每条目标搭配可观察行为动词（如“列出”“求解”“检验”“解释”）。
2. 【位置】教学目标｜【问题】目标中未出现义教数学课标核心素养词汇（如模型意识、应用意识、运算能力、推理意识等），素养与学科、学段匹配度不足。｜【依据】rubric_mapping: F2 学段课标符合、学科×学段语言-数学义教｜【建议】在目标中嵌入课标核心素养要素，例如在“过程与方法”部分明确标注“发展模型意识和应用意识”，在“情感态度与价值观”部分对接“体会数学与现实世界的联系，增强应用与创新意识”。
3. 【位置】教学过程｜【问题】未设置任何让学生外显思维过程（“怎样想到”“为何这样设未知数”）的环节；三个例题均为教师呈现→学生被动接受模式，缺乏递进问题链。｜【依据】rubric_mapping: F3 思维参与｜【建议】在每个例题分析前增设“学生独立思考后同桌互说等量关系”或“小组讨论：为什么设这个量为未知数？还有别的设法吗？”环节，并要求教师收集典型思路进行全班对比辨析。
4. 【位置】情境导入→新知探究｜【问题】购物小票情境仅在导入环节使用，后续折扣、植树、行程三个例题与初始购物情境完全脱节，未在至少两个环节中实质承载任务。｜【依据】rubric_mapping: F4 真实情境与探究｜【建议】将三个例题统一在同一真实情境链中（如均以“商场促销”为主线：例1算折扣价→例2用分配问题算员工分组→例3算送货车辆相遇时间），使情境贯穿导入后的探究与练习环节。
5. 【位置】巩固练习｜【问题】练习1、2均为封闭式问题（唯一答案），未给学生留出自主组织路径、选择方法或产出可观察成果的空间，且无根据学生差异产生讨论或迭代的设计。｜【依据】rubric_mapping: F5 学生主体与生成｜【建议】增设一道开放题，如“请你从生活中自编一道可用一元一次方程解决的问题，并写出等量关系和解答”，要求小组互评不同编题方案的合理性。
6. 【位置】课堂小结｜【问题】小结为教师单向引导，未设置任何可观察的学生表现来检核目标达成；无检核量规或检测活动支撑对“理解”“掌握”的判断。｜【依据】rubric_mapping: F6 目标达成检核｜【建议】将小结改为学生活动：每人完成一道“3分钟限时检测题”（如购物情境下的新编问题），教师根据学生列式与求解的正确率判断目标达成度，并据此调整后续教学。
7. 【位置】全文｜【问题】未提供官方学情 profile，无法判断任务难度、开放度、先备知识、支架与分层是否适配学情。｜【依据】rubric_mapping: D5 学情检查｜【建议】补充官方学情 profile（含学生已有基础、常见迷思概念、能力分层等），据此调整例题的开放度与分层支架，例如对基础薄弱学生提供“等量关系填空式”半支架，对学有余力学生增设多变量选择挑战。
╔══ 学情适配专家 ═══ 18:12:07 （用时 16.8s）

── 修改意见 ──
1. 【位置】教学目标 过程与方法 第5条｜【问题】"通过小组合作探究"在教学过程中未落实——仅情境导入有"小组讨论"，新知探究（20分钟）未设计任何小组活动，目标5成为孤立目标。｜【依据】rubric_mapping: D1｜【建议】在新知探究环节为每个例题分配"小组共读题意→独立列方程→组内互检→全班交流"的流程，使小组合作贯穿探究全程。

2. 【位置】教学过程 二、新知探究（20分钟）｜【问题】三个例题均只写教师分析步骤，未写明学生在此期间做什么，B1环节展开度不足。｜【依据】rubric_mapping: B1｜【建议】每道例题补充学生活动：例1学生独立计算折扣价与标价并汇报；例2学生尝试设未知数列方程后组内核对等量关系；例3学生画线段图表示路程关系后列方程。

3. 【位置】教学过程 二、新知探究 例题1—3｜【问题】三个例题均未展示"检验解是否符合实际意义"的步骤，目标3（检验解的合理性）缺少课内检核证据。｜【依据】rubric_mapping: D1｜【建议】每道例题解完后增加"检验"子步骤：例1检验x=500时0.8×500=400成立且符合实际；例2检验x=18时树苗数一致；例3检验t=2.4时两车路程之和等于240km。

4. 【位置】教学重点与难点｜【问题】难点"理解题意，准确找到等量关系"在教学过程中未设计专项突破——例题直接给出等量关系和分析，未预设学生可能出现的典型错误（如混淆标价与售价、分配问题中"多出"与"缺少"的符号错误）。｜【依据】rubric_mapping: B3, D2｜【建议】在例题分析前增加"学生试错—暴露典型误区—教师引导纠正"环节，如例1先让学生独立列式，展示"400÷0.8=500"与"400×0.8=320"两种答案后辨析。

5. 【位置】教学过程 二、新知探究｜【问题】三个例题（购物、分配、行程）缺乏衔接说明和递进逻辑，呈并列拼盘结构，前环节产出未被后环节实质使用，D3衔接证据不足。且例题2、3与课题"购物中的数学"主题不一致。｜【依据】rubric_mapping: D3｜【建议】将例题顺序调整为"购物折扣→购物分配（买笔和笔记本）→购物行程（送货/购物路线）"，保持主题统一，并在例题间加过渡语如"解决了价格问题，我们再看购物中的数量分配问题"。

6. 【位置】教学过程 二、新知探究｜【问题】未提供任何支架材料（如等量关系填空表、线段图模板、关键词对照卡），B4支架材料缺失。｜【依据】rubric_mapping: B4｜【建议】为例题1设计"标价、折扣率、售价"关系填空表；为例题3提供半成品线段图让学生补全；将上述支架与对应例题的活动直接耦合。
╔══ 学科内容专家 ═══ 18:12:11 （用时 20.1s）

── 修改意见 ──
1. 【位置】巩固练习·练习1｜【问题】数据设计导致解为小数（65x+45(10-x)=520 → x=3.5个篮球），球的数量必须是非负整数，3.5个篮球不符合实际意义，属于题目数据错误｜【依据】rubric_mapping: 重大知识性错误｜【建议】将总花费改为530元，则65x+45(10-x)=530 → 20x=80 → x=4，篮球4个、排球6个，均为整数，符合实际
2. 【位置】布置作业·选做题｜【问题】"小明和父母"共3人，但"他们共买了4张票"，人数与票数矛盾；且解出成人票2张、儿童票2张后，无法合理判断小明个人是成人票还是儿童票，题目设计存在事实矛盾｜【依据】rubric_mapping: 重大知识性错误｜【建议】将情境改为"小明和同学共4人去游乐园"，或明确告知总人数并调整票数使解唯一对应小明的身份（如设小明为儿童，则2张成人票+1张儿童票=200元，需将总价改为200元、总票数改为3张）
3. 【位置】新知探究·例题1｜【问题】例题1包含两个子问题：①标价500元打8折后的售价；②打8折后售价400元求标价。教案只对子问题②进行了分析解答，子问题①未给出答案，例题内容不完整｜【依据】rubric_mapping: 一般不严谨｜【建议】补充子问题①的答案：500×0.8=400（元），或将其改为设未知数列方程的形式以统一例题功能

  [主持人] 汇总合并中...
  [主持人] 用时 55.1s
╔══ 主持人冲突分析 ═══
## 合并思路与冲突处理说明

经检测，三位专家共16条意见之间**无真冲突**，均为互补或可组合建议。主要处理如下：

1. **目标改写**（r_literacy #1, #2）与**目标过程对应**（r_learner #1）无冲突，合并执行：将目标改为“三会”表述并嵌入核心素养，同时在过程中落实小组合作。
2. **情境统一**（r_literacy #4）与**例题顺序调整**（r_learner #5）方向一致，合并为：将三个例题统一在“商场促销”大情境下，例1为折扣问题，例2为购物分配问题（买笔和笔记本），例3为购物行程问题（送货路线相遇）。
3. **例题1补充**（r_subject #3）与**增加检验步骤**（r_learner #3）无冲突，分别实施。
4. **练习1数据修正**（r_subject #1）为知识性错误，必须接受；**选做题修正**（r_subject #2）为事实矛盾，按专家建议改为“小明和父母共3人，买3张票，总价200元”。
5. **思维外显**（r_literacy #3）、**小组活动流程**（r_learner #1）、**学生活动描述**（r_learner #2）、**难点突破**（r_learner #4）可合并，形成“试错→辨析→互说→列式→互检→检验”的完整探究链。
6. **支架材料**（r_learner #6）与**分层建议**（r_literacy #7）合并，在例题中嵌入填空表、线段图模板等支架。
7. **开放题**（r_literacy #5）与**小结检测**（r_literacy #6）无冲突，分别增设。
8. **学情profile**（r_literacy #7）虽无法在正文中完整呈现，但在教案开头新增“学情分析”段落，简要说明学生已有基础与常见迷思，并在教学过程中体现分层支架。

### 决策摘要（按提案ID）

| 提案来源 | 提案内容 | 决策 |
|---------|---------|------|
| r_literacy #1 | 目标改为“三会”表述 | accepted |
| r_literacy #2 | 嵌入核心素养词汇 | merged with #1 |
| r_literacy #3 | 增设思维外显环节 | accepted |
| r_literacy #4 | 统一情境链 | merged with r_learner #5 |
| r_literacy #5 | 增设开放题 | accepted |
| r_literacy #6 | 小结改为限时检测 | accepted |
| r_literacy #7 | 补充学情profile | accepted (新增学情分析段) |
| r_subject #1 | 练习1数据修正 | accepted |
| r_subject #2 | 选做题情境修正 | accepted |
| r_subject #3 | 例题1补充子问题① | accepted |
| r_learner #1 | 小组合作贯穿探究 | merged with r_literacy #3 |
| r_learner #2 | 补充学生活动描述 | accepted |
| r_learner #3 | 增加检验步骤 | accepted |
| r_learner #4 | 增加试错辨析环节 | accepted |
| r_learner #5 | 调整例题顺序与过渡 | merged with r_literacy #4 |
| r_learner #6 | 提供支架材料 | accepted |

所有修改均保持**G1保真**：课型（新授课）、学科（数学）、学段（七年级）、课题（一元一次方程的应用——购物中的数学）、课时量（1课时）不变；核心知识点（列方程解应用题的步骤、等量关系识别）可追溯；无结构件丢失。
    ✓ 合并完成

  合并后教案预览（前200字）:
    # 一元一次方程的应用——购物中的数学

## 学情分析
学生已掌握一元一次方程的解法，具备基本的代数运算能力，但在从实际问题中抽象等量关系时容易出错，常见迷思包括：混淆标价与售价、分配问题中“多出”与“缺少”的符号处理、行程问题中单位换算等。约60%的学生能独立完成基础列式，20%需要支架引导，20%可挑战开放性问题。本课通过分层支架和小组互检适应不同学情。

## 教学目标

### 【会用数...

  [评审专家] 评审中...
  评审用时 23.1s
  总分: 81/100 (上一轮: -) | should_stop: False
  评分明细: A=2, B=12, C=20, D=12, E=9, F=26

▶ 第 2 轮 — 圆桌研讨

╔══ 学情适配专家 ═══ 18:13:44 （用时 14.9s）

── 修改意见 ──
1. 【位置】教学过程 一、情境导入与二、例题2｜【问题】情境导入问题（笔每支2元、笔记本每本5元、共9件花27元）与例题2完全相同，导入产出未被例题2实质使用，仅为重复呈现，D3衔接证据不足。上一轮已指出此问题但未修复。｜【依据】rubric_mapping: D3｜【建议】情境导入保留为"认知冲突触发器"——学生尝试后暂不揭示答案，例题2改为变式数据（如笔每支3元、笔记本每本4元、共8件花26元），使导入的试错经验成为例题2求解的认知起点，而非平行重复。

2. 【位置】教学过程 四、课堂小结（检测题）｜【问题】检测题未附评价标准或量规，无法判断学生"达标"的边界，目标—活动—检核链条在课堂小结环节断裂。｜【依据】rubric_mapping: D1｜【建议】为检测题设计3级简明量规：A级（完整列方程+求解+检验且答案正确）、B级（列方程正确但检验缺失）、C级（等量关系错误），教师巡视时按级记录，作为下一节课分层起点。

3. 【位置】教学过程 四、课堂小结｜【问题】教案在"教师巡视，收集学生解答情况，统计"处戛然而止，缺少作业布置和板书设计两个非核心件。上一轮已指出作业缺失但未修复。｜【依据】rubric_mapping: D4｜【建议】补充分层作业：必做题（教材第85页第1-2题，基础列方程）；选做题（自编一道购物情境方程题并附等量关系说明）；挑战题（已知两种商品总价和数量关系但单价未知，逆向推理）。板书设计可沿用第一版结构。

4. 【位置】教学过程 二、新知探究 例题3｜【问题】例题3（行程问题）虽用"商场送货"包装，但240km、60km/h、40km/h的数据与购物情境无实质关联，实质仍为传统行程题，主题一致性偏弱。｜【依据】rubric_mapping: D3｜【建议】将数据改为商场场景：如"商场仓库到门店相距12km，配送车从仓库出发以30km/h驶向门店，同时顾客自提车从门店出发以20km/h驶向仓库"，保持数据可解且情境统一。
╔══ 素养导向教研员 ═══ 18:13:51 （用时 22.1s）

── 修改意见 ──
1. 【位置】课堂小结·检测题｜【问题】检测题仅含一道折扣情境题，只能检核目标1（模型意识/观察），无法覆盖目标2（推理意识、运算能力）和目标3（应用意识/表达），且未设置可操作量规来判断“达标”水平。｜【依据】rubric_mapping: F6 目标达成检核｜【建议】将检测题改为包含三道子题的短卷：①折扣列式（目标1）、②分配问题求解并检验（目标2）、③用一句话向同桌解释你的方程表示什么（目标3）；同时制定三级量规（如：正确列式并求解为“达标”，能同时解释意义为“优秀”）。
2. 【位置】巩固练习·开放题｜【问题】学生自编题后“小组内互相评价”，但未提供任何评价标准或量规，学生缺乏判断依据，评价流于形式。｜【依据】rubric_mapping: F6 目标达成检核｜【建议】为开放题配套一份简易互评量规（如：等量关系正确1分、方程列对1分、解符合实际意义1分），使评价有据可循，且产出可观察成果。
3. 【位置】学情分析与教学过程｜【问题】学情分析明确60%独立、20%需支架、20%可挑战，但教学过程中三个例题的支架（填空表、半成品线段图）面向全体统一发放，未按学情分层使用。｜【依据】rubric_mapping: D5 学情检查｜【建议】对支架做分层设计：基础层（约20%）发放完整填空表/线段图，进阶层（约60%）发放半成品，挑战层（约20%）不提供支架，要求自主画图或列表；开放题设为挑战层必做、其他层选做。
4. 【位置】新知探究（例题1→2→3）｜【问题】三个例题为并列的三种题型（折扣、分配、行程），并非在同一真实问题上的递进问题链——学生无需调用前例结论即可解后例，思维深度未逐级提升。｜【依据】rubric_mapping: F3 思维参与｜【建议】将三个例题改造为递进链：例1已知折扣求标价（单变量直接列式）→例2在购物情境中引入两个未知量需用总量关系列方程（变量间关系）→例3加入行程相遇（需综合两个运动体的关系），每例要求学生反思“这道题与上一道比，等量关系变在哪里”。
5. 【位置】新知探究·检验环节｜【问题】三例的“检验”均为教师直接给出的结论性语句（如“2.4小时是合理时间”），未要求学生自己说出或写出“为什么这个解符合实际意义”。｜【依据】rubric_mapping: F3 思维参与｜【建议】将检验改为学生活动：“请同桌互相检查方程的解，并说明理由——这个解为什么符合/不符合实际？”教师收集学生表述中的典型错误或亮点进行全班辨析。
6. 【位置】教学过程｜【问题】缺少布置作业环节，教案结构不完整；此前评审已指出此问题但未修正。｜【依据】rubric_mapping: 结构完整性（此问题转交 r_learner 处理）｜【建议】补充分层作业：基础层（必做）为教材同类题2道，进阶层（必做）为自编一道购物情境方程题，挑战层（选做）为探究“如果练习1中总花费改为非整数解，实际问题中应如何处理？”
[学科内容专家] Calling tool: load_skill with {'skill_name': 'case_knowledge'}
╔══ 学科内容专家 ═══ 18:15:41 （用时 132.0s）

── 无修改意见 ──

  [主持人] 汇总合并中...
  [主持人] 用时 17.7s
╔══ 主持人冲突分析 ═══
## 合并思路与冲突处理说明

经检测，第二轮共10条意见之间**无真冲突**，均为互补或可组合建议。主要处理如下：

1. **检测题设计**（r_literacy #1 与 r_learner #2）合并：检测题改为三道子题短卷，配套三级量规（A/B/C），同时覆盖三个目标。
2. **作业布置**（r_literacy #6 与 r_learner #3）合并：分层作业（基础/进阶/挑战），同时补全板书设计。
3. **例题递进链**（r_literacy #4）与**情境导入变式**（r_learner #1）、**例题3数据调整**（r_learner #4）无冲突，合并执行：保持递进链结构，调整导入与例题2数据不同，例题3数据改为商场场景。
4. **支架分层**（r_literacy #3）与**开放题量规**（r_literacy #2）独立实施，无冲突。
5. **检验环节**（r_literacy #5）替换原有教师结论式检验为学生互说理由。

所有修改保持G1保真：课型（新授课）、学科（数学）、学段（七年级）、课题（一元一次方程的应用——购物中的数学）、课时量（1课时）不变；核心知识点可追溯；无结构件丢失。

### 决策摘要

| 提案来源 | 提案内容 | 决策 |
|---------|---------|------|
| r_literacy #1 | 检测题改为三道子题+量规 | merged with r_learner #2 |
| r_literacy #2 | 开放题配套互评量规 | accepted |
| r_literacy #3 | 支架分层设计 | accepted |
| r_literacy #4 | 例题改为递进链 | accepted |
| r_literacy #5 | 检验改为学生互说理由 | accepted |
| r_literacy #6 | 补充分层作业 | merged with r_learner #3 |
| r_learner #1 | 情境导入与例题2数据不同 | accepted |
| r_learner #2 | 检测题三级量规 | merged with r_literacy #1 |
| r_learner #3 | 补充作业布置和板书设计 | accepted |
| r_learner #4 | 例题3数据改为商场场景 | accepted |
    ✓ 合并完成

  合并后教案预览（前200字）:
    # 一元一次方程的应用——购物中的数学

## 学情分析
学生已掌握一元一次方程的解法，具备基本的代数运算能力，但在从实际问题中抽象等量关系时容易出错，常见迷思包括：混淆标价与售价、分配问题中“多出”与“缺少”的符号处理、行程问题中单位换算等。约60%的学生能独立完成基础列式，20%需要支架引导，20%可挑战开放性问题。本课通过分层支架和小组互检适应不同学情。

## 教学目标

### 【会用数...

  [评审专家] 评审中...
  评审用时 32.9s
  总分: 96/100 (上一轮: 81) | should_stop: False
  评分明细: A=9, B=14, C=20, D=14, E=10, F=29

▶ 第 3 轮 — 圆桌研讨

╔══ 学情适配专家 ═══ 18:16:40 （用时 9.1s）

── 修改意见 ──
1. 【位置】板书设计｜【问题】板书设计在"一、列方程解应用题的步骤 2."处截断，未完成常见模型第二、三项及整体收束，作为推荐件虽不触发核心件缺失，但影响教案呈现完整性。｜【依据】rubric_mapping: D4｜【建议】补全板书第二栏为："2. 分配：单价₁×数量₁+单价₂×数量₂=总价；3. 行程：v₁t+v₂t=s总"，底部加"检验：解代入原方程+实际意义验证"。

2. 【位置】教学过程 末尾｜【问题】第一版教案末有"教学反思（课后填写）"占位，本轮迭代中完全删除。教学反思虽属推荐件，但保留占位符有助于执教者课后复盘，且第一版已有此设计。｜【依据】rubric_mapping: 常规课推荐件｜【建议】在板书设计后恢复"## 教学反思（课后填写）"占位符，保持推荐件完整性。
╔══ 学科内容专家 ═══ 18:16:55 （用时 23.4s）

── 无修改意见 ──
╔══ 素养导向教研员 ═══ 18:17:01 （用时 29.7s）

── 修改意见 ──
1. 【位置】课堂小结·检测题第1题与三级量规｜【问题】第1题指令为“列方程即可，不需求解”，但A级量规要求“检验和解释完整”——第1题无检验对象，量规描述与题目要求不一致，学生无法依据量规判断第1题是否达标。｜【依据】rubric_mapping: F6 目标达成检核｜【建议】将检测题第1题改为“列方程并口头说明解的实际意义”，或在A级量规中注明“第1题只需正确列式，第2题需完整检验，第3题需完整解释”，使量规与各子题要求精确对应。
2. 【位置】新知探究·反思环节｜【问题】三例的反思问题（“等量关系变在哪里”）均为教师提问→学生口头回答，未要求学生留下可追踪的个人思维记录，教师后续也无法据此分析个体差异。｜【依据】rubric_mapping: F3 思维参与｜【建议】在每个反思环节增设“学习单填空”，例如：“例2与例1相比，等量关系的变化是______”，学生填写后教师浏览学习单，根据典型差异调整后续追问对象。
3. 【位置】巩固练习·练习1、练习2｜【问题】练习1（篮球排球）和练习2（图书分配）脱离了本课商场的真实情境链，回到了一般数学题，情境一致性在巩固环节断裂。｜【依据】rubric_mapping: F4 真实情境与探究｜【建议】将练习1改为商场情境：“商场促销，篮球原价每个65元，排球原价每个45元，某顾客共买了10个球，实际付款530元（已享受满减优惠）。求篮球和排球各买了几个？”；练习2改为商场库存分配情境，使情境贯穿课堂始终。

  [主持人] 汇总合并中...
  [主持人] 用时 14.0s
╔══ 主持人冲突分析 ═══
## 合并思路与冲突处理说明

第三轮共5条意见，**无真冲突**，均为互补或可组合建议。处理如下：

1. **检测题量规与题目对齐**（r_literacy #1）：将三级量规改为按子题分项计分，消除“第1题无需检验但量规要求检验”的矛盾。
2. **反思环节增设学习单**（r_literacy #2）：在每个例题的反思步骤中增加“学习单填空”学生活动，教师课后可追踪个体差异。
3. **巩固练习情境化**（r_literacy #3）：将练习1包装为“商场促销满减”情境，练习2包装为“商场库存分配”情境，保持原数据不变，使情境贯穿全课。
4. **补全板书**（r_learner #1）：补充第二栏“常见模型”的分配与行程模型，底部增加“检验”提示行。
5. **恢复教学反思占位符**（r_learner #2）：在板书设计后恢复“## 教学反思（课后填写）”一行。

所有修改保持G1保真：课型、学科、学段、课题、课时量不变；核心知识点可追溯；无结构件丢失。

### 决策摘要

| 提案来源 | 提案内容 | 决策 |
|---------|---------|------|
| r_literacy #1 | 检测题量规与题目精确对应 | accepted |
| r_literacy #2 | 反思环节增设学习单填空 | accepted |
| r_literacy #3 | 巩固练习改为商场情境 | accepted |
| r_learner #1 | 补全板书 | accepted |
| r_learner #2 | 恢复教学反思占位符 | accepted |
    ✓ 合并完成

  合并后教案预览（前200字）:
    # 一元一次方程的应用——购物中的数学

## 学情分析
学生已掌握一元一次方程的解法，具备基本的代数运算能力，但在从实际问题中抽象等量关系时容易出错，常见迷思包括：混淆标价与售价、分配问题中“多出”与“缺少”的符号处理、行程问题中单位换算等。约60%的学生能独立完成基础列式，20%需要支架引导，20%可挑战开放性问题。本课通过分层支架和小组互检适应不同学情。

## 教学目标

### 【会用数...

  [评审专家] 评审中...
  评审用时 12.4s
  总分: 96/100 (上一轮: 96) | should_stop: True
  评分明细: A=9, B=14, C=20, D=14, E=10, F=29

  ✓ 达到终止条件，打磨完成。

============================================================
最终教案:

# 一元一次方程的应用——购物中的数学

## 学情分析
学生已掌握一元一次方程的解法，具备基本的代数运算能力，但在从实际问题中抽象等量关系时容易出错，常见迷思包括：混淆标价与售价、分配问题中“多出”与“缺少”的符号处理、行程问题中单位换算等。约60%的学生能独立完成基础列式，20%需要支架引导，20%可挑战开放性问题。本课通过分层支架和小组互检适应不同学情。

## 教学目标

### 【会用数学的眼光观察】
能从商场促销情境中识别数量关系（标价、折扣、售价、数量、总价），抽象出方程模型，发展**模型意识**。

### 【会用数学的思维思考】
能分析等量关系，列出并求解一元一次方程，能检验解是否符合实际意义，发展**推理意识**和**运算能力**。

### 【会用数学的语言表达】
能清晰地用方程语言描述和解释现实问题（如购物折扣、数量分配、行程相遇），发展**应用意识**。

## 教学重点与难点
- **重点**：找出实际问题中的等量关系，正确列出一元一次方程。
- **难点**：理解题意，准确找到等量关系并建模；检验解的实际意义。

## 教学过程

### 一、情境导入（5分钟）

**教师活动**：展示商场促销海报和购物小票，提出问题：“小明去文具店买笔和笔记本，共花了27元。其中笔每支2元，笔记本每本5元。小明一共买了9件文具。你能算出他买了几支笔、几本笔记本吗？”

**学生活动**：小组讨论，尝试用已有方法（如列表、假设）解决问题。教师收集典型思路，但**暂不揭示答案**。

**设计意图**：从生活情境出发，激发学习兴趣，自然引入方程建模思想。同时暴露学生可能出现的尝试错误，为后续例题2（变式数据）的探究提供认知起点。

---

### 二、新知探究（20分钟）

**过渡语**：刚才大家尝试了笔和笔记本的问题，现在我们看看购物中还有哪些有趣的数学问题。今天所有问题都发生在这家商场里，而且每个问题都比上一个更复杂，注意思考“等量关系变在哪里”。

---

#### 例题1：折扣问题（单变量直接列式）

某商店举行促销活动，每件商品按标价的8折出售。一件衣服标价500元，打折后售价是多少？如果一件衣服打8折后售价为400元，它的标价是多少？

**支架材料**（教师根据学情分层发放）：
- **基础层**（约20%）：发放完整填空表（标价、折扣率、售价三列已填两行）
- **进阶层**（约60%）：发放半成品填空表（仅留第一行或第二行空格）
- **挑战层**（约20%）：不提供支架，要求学生自主列表

**学生活动**：
1. 独立思考，完成填空或自主列表。
2. 同桌互说：你填的答案是什么？为什么这样算？
3. 教师展示典型答案：可能出现“400÷0.8=500”与“400×0.8=320”两种，引导学生辨析哪个正确，并说明理由。
4. 全班统一：子问题①答案：500×0.8=400（元）；子问题②：设标价为x元，0.8x=400，解得x=500。
5. **检验**（改为学生互说）：同桌互相检查方程的解，并说明“为什么这个解符合实际意义”。教师收集典型表述全班辨析。
6. **反思**（学习单填空）：学生填写学习单——“例1与导入问题相比，等量关系的变化是______”。教师浏览学习单，根据典型差异调整后续追问对象。

**设计意图**：通过填空表降低认知负荷，试错辨析突破难点，互说检验培养严谨习惯，反思环节建立递进意识。

---

#### 例题2：分配问题（两个变量需用总量关系）

小明在商场买笔和笔记本，笔每支**3元**，笔记本每本**4元**。他共买了**8件**文具，花了**26元**。求他买了几支笔、几本笔记本？

**学生活动**：
1. 小组共读题意，圈出已知量和未知量。
2. 独立列方程：设买笔x支，则笔记本(8-x)本，列方程3x+4(8-x)=26。
3. 组内互检等量关系：笔的总价+笔记本的总价=总花费。
4. 求解：3x+32-4x=26 → -x=-6 → x=6，笔记本2本。
5. **检验**（学生互说）：同桌互相检查，并说明“为什么这个解符合实际？”（6支笔18元，2本笔记本8元，合计26元，数量均为非负整数）
6. **反思**（学习单填空）：学生填写学习单——“例2与例1相比，等量关系的变化是______”。教师浏览学习单，选择典型差异进行全班对比。

**设计意图**：延续购物情境，变式数据避免与导入重复，巩固列方程方法，小组互检强化等量关系识别。

---

#### 例题3：行程问题（综合两个运动体的关系）

商场仓库到门店相距**12km**。一辆配送车从仓库出发以**30km/h**的速度驶向门店，同时一位顾客自提车从门店出发以**20km/h**的速度驶向仓库。几小时后两车相遇？

**支架材料**（教师根据学情分层发放）：
- **基础层**：提供半成品线段图（已画好两端和一条线，需补全方向箭头和标注）
- **进阶层**：提供空白线段图模板，学生自主标注
- **挑战层**：不提供线段图，学生自主画图

**学生活动**：
1. 独立补全线段图（或自主画图），标注已知量和未知量。
2. 小组讨论：等量关系是什么？（甲车路程+乙车路程=总路程）
3. 独立列方程：设t小时后相遇，30t+20t=12。
4. 求解：50t=12，t=0.24。
5. **检验**（学生互说）：同桌互相检查，并说明“为什么这个解符合实际？”（30×0.24=7.2km，20×0.24=4.8km，7.2+4.8=12km，0.24小时即14.4分钟，是合理时间）
6. **反思**（学习单填空）：学生填写学习单——“例3与例2相比，等量关系的变化是______”。教师收集学习单，用于课后分析个体差异。

**设计意图**：通过线段图支架帮助理解行程问题，数据改为商场场景增强主题一致性，反思环节深化递进认知。

---

### 三、巩固练习（12分钟）

**练习1**（商场促销满减情境）：商场体育用品区促销，篮球原价每个65元，排球原价每个45元。某顾客正好凑满10个球，享受满减优惠后实际付款530元。求该顾客买了几个篮球、几个排球？

**练习2**（商场库存分配情境）：商场新进一批图书准备分配给两个货架。如果每个货架放3箱，则剩余20箱；如果每个货架放4箱，则还缺25箱。商场共有几个货架？这批图书共有多少箱？

**开放题**（挑战层必做，其他层选做）：请你从生活中自编一道可用一元一次方程解决的问题，写出等量关系和解答。

**互评量规**（每项1分，共3分）：
- 等量关系正确（1分）
- 方程列对（1分）
- 解符合实际意义（1分）

小组内交换评价，记录得分。

**设计意图**：练习1、2保持原数据但包装为商场情境，确保情境一致性；开放题培养学生自主建模和批判性思维，量规使评价有据可循。

---

### 四、课堂小结（5分钟）

改为**学生活动**：每人完成一道“3分钟限时检测题短卷”（教师分发纸条）：

**检测题**（三道子题）：
1. （目标1）商场促销，一件毛衣打7折后售价210元。这件毛衣的标价是多少元？（列方程即可，不需求解）
2. （目标2）小明用20元买了3支笔和2本笔记本，找回2元。已知笔每支2元，求笔记本每本多少元？请列方程求解并检验。
3. （目标3）用一句话向同桌解释：你第2题列出的方程表示什么？

**三级量规**（教师巡视时按子题分别记录）：
- **A级（优秀）**：第1题正确列式（1分），第2题正确列式+求解+检验（1分），第3题正确解释（1分），共3分。
- **B级（达标）**：第1题正确，第2题列式正确但检验或求解缺失，第3题基本正确（2分）。
- **C级（待加强）**：第1题错误，或第2题等量关系错误（1分及以下）。

教师根据统计结果，确定下一节课分层起点。

---

### 五、布置作业（2分钟）

**基础层（必做）**：教材第85页第1-2题（基础列方程）。

**进阶层（必做）**：自编一道购物情境方程题，写出等量关系和解答。

**挑战层（选做）**：探究——如果练习1中总花费改为非整数解（如531元），实际问题中应如何处理？写出你的思考。

---

## 板书设计

```
一元一次方程的应用——购物中的数学

一、列方程解应用题的步骤      二、常见模型
1. 审题                      1. 销售：标价×折扣=售价
2. 设元                      2. 分配：单价₁×数量₁+单价₂×数量₂=总价
3. 列方程                    3. 行程：v₁t+v₂t=s总
4. 解方程
5. 检验（代入原方程+实际意义验证）
```

## 教学反思

（课后填写）

  → .\outputs_practice\demo001_MATH01_polished.md
  → .\outputs_practice\demo001_MATH01_process.json

==================================================
运行格式自检...
================================================================
附录 D 提交契约自查报告
目标目录: G:\.Study\.CS\repo\Xpert\code\outputs_practice
================================================================

-- WARN (4) ----------------------------------------
[WARN] STR-04  demo001_BIO01_polished.md: 未发现'过程/任务'类标题（教学过程/任务链/教学环节…）
         修复: 教学过程/任务链是核心结构件，请确认标题可被识别。
[WARN] STR-04  demo001_CHN01_polished.md: 未发现'过程/任务'类标题（教学过程/任务链/教学环节…）
         修复: 教学过程/任务链是核心结构件，请确认标题可被识别。
[WARN] SCH-08  demo001_CHN01_process.json: roles 仅 2 个（工程实现目标要求 ≥3 个差异化专家角色）
         修复: 确认专家角色数量满足需求文档第三节；主持人不计入专家角色数。
[WARN] STR-04  demo001_MATH02_polished.md: 未发现'过程/任务'类标题（教学过程/任务链/教学环节…）
         修复: 教学过程/任务链是核心结构件，请确认标题可被识别。

-- PASS (14) ----------------------------------------
[PASS] NAME-OK 发现 4 对命名合规且成对的提交文件
[PASS] ENC-OK  demo001_BIO01_polished.md: UTF-8 编码、非空（5260 字符）
[PASS] TEX-OK  demo001_BIO01_polished.md: LaTeX 定界符配对正常（$$ ×0, $ ×0）
[PASS] JSN-OK  demo001_BIO01_process.json: Schema 校验通过（roles ×5, discussion ×15, modifications ×67）
[PASS] ENC-OK  demo001_CHN01_polished.md: UTF-8 编码、非空（5017 字符）
[PASS] TEX-OK  demo001_CHN01_polished.md: LaTeX 定界符配对正常（$$ ×0, $ ×0）
[PASS] JSN-OK  demo001_CHN01_process.json: Schema 校验通过（roles ×2, discussion ×4, modifications ×25）
[PASS] ENC-OK  demo001_MATH01_polished.md: UTF-8 编码、非空（3861 字符）
[PASS] TEX-OK  demo001_MATH01_polished.md: LaTeX 定界符配对正常（$$ ×0, $ ×0）
[PASS] STR-OK  demo001_MATH01_polished.md: 标题结构粗检通过（检出 7 个一/二级标题）
[PASS] JSN-OK  demo001_MATH01_process.json: Schema 校验通过（roles ×5, discussion ×15, modifications ×49）
[PASS] ENC-OK  demo001_MATH02_polished.md: UTF-8 编码、非空（2125 字符）
[PASS] TEX-OK  demo001_MATH02_polished.md: LaTeX 定界符配对正常（$$ ×0, $ ×8）
[PASS] JSN-OK  demo001_MATH02_process.json: Schema 校验通过（roles ×5, discussion ×25, modifications ×125）

================================================================
结论: WARN — 契约层通过，可提交；4 项警告建议处理（结构类警告不处理的评分后果自负）。
================================================================

