
启动多 Expert 圆桌打磨（最多 5 轮）
============================================================

▶ 第 1 轮 — 圆桌研讨

[素养导向教研员] Calling tool: load_skill with {'skill_name': 'responsibility'}
[素养导向教研员] Calling tool: load_skill with {'skill_name': 'rubric_mapping'}
[素养导向教研员] Calling tool: load_skill with {'skill_name': 'knowledge_boundary'}
[素养导向教研员] Calling tool: load_skill with {'skill_name': 'case_knowledge'}
[学情适配专家] Calling tool: load_skill with {'skill_name': 'rubric_mapping'}
[学情适配专家] Calling tool: load_skill with {'skill_name': 'responsibility'}
[学情适配专家] Calling tool: load_skill with {'skill_name': 'knowledge_boundary'}
[学情适配专家] Calling tool: load_skill with {'skill_name': 'case_knowledge'}
╔══ 素养导向教研员 ═══ 16:26:39 （用时 21.5s）

── 修改意见 ──
1. 【位置】教学目标｜【问题】三个维度目标未使用2022版义教数学课标"三会"总纲语言，且行为动词"理解""掌握""经历"不可直接观察，无法在课堂中精确判定是否达成。｜【依据】rubric_mapping: F1 素养目标行为化｜【建议】将目标改写为"会用数学的眼光观察购物情境中的数量关系，找出等量关系并列出方程（模型意识）""会用数学的思维分析折扣、分配、相遇问题中的不变关系""会用数学的语言表达解题过程，向同伴解释所列方程中每个量的含义"。
2. 【位置】教学目标｜【问题】未出现义教数学课标对应学段的"模型意识""应用意识""运算能力"等核心素养表述，目标语言与课标脱节。｜【依据】rubric_mapping: F2 学段课标符合｜【建议】在目标中明确嵌入"模型意识（建立方程模型刻画等量关系）""应用意识（将购物、分配等情境转化为数学问题）""运算能力（准确求解一元一次方程）"。
3. 【位置】教学过程 新知探究 例题1—3｜【问题】三例均由教师完整呈现"分析—设元—列方程—求解—答案"，未设置任何环节要求学生口头或书面表述"怎样想到这个等量关系""为什么这样设未知数"，思维过程完全由教师代劳。｜【依据】rubric_mapping: F3 思维参与｜【建议】在每道例题出示题目后，先让学生独立或小组讨论"你从哪句话找到了等量关系？""你打算设什么为x？为什么？"，再请学生代表展示思路，教师只做追问和补充。
4. 【位置】教学过程 一、情境导入｜【问题】"购物中的数学"主题仅在导入环节出现一次，例题2（植树分配）和例题3（行程相遇）完全脱离购物情境，真实情境未在后续环节继续承载任务。｜【依据】rubric_mapping: F4 真实情境与探究｜【建议】将例题2和例题3替换或改编为购物相关情境，例如例题2改为"买笔和笔记本，每人买2支笔则多6元，每人买3支笔则少12元"；例题3改为"两家商店相距240km，分别从各自店铺出发相向而行"等，使购物情境贯穿全课。
5. 【位置】教学过程 二、新知探究 巩固练习｜【问题】学生全程按教师设定的路径解题，没有自主选择方法、组织解题路径或产出差异化成果的机会，缺乏主体性空间。｜【依据】rubric_mapping: F5 学生主体与生成｜【建议】在巩固练习环节增设开放性任务，如"请你自己编一道能用一元一次方程解决的购物问题，并写出等量关系和方程"，让学生产出可互评的个性化成果。
6. 【位置】教学过程 巩固练习｜【问题】两条练习无检核标准，教师无法判断学生是否达成"能根据等量关系列方程"的目标，也无收集学习证据的具体设计。｜【依据】rubric_mapping: F6 目标达成检核｜【建议】在练习后增设"检核卡"环节：要求学生写出（1）等量关系是什么；（2）所列方程；（3）解是否符合实际意义。教师巡视收集典型正误样本，当堂反馈。
7. 【位置】学情分析（缺失）｜【问题】教案未提供官方学情profile，无法判断任务难度、开放度与支架是否适配学生先备知识。｜【依据】rubric_mapping: D5 学情检查｜【建议】补充学情profile，包括学生对方程概念的先备掌握程度、对折扣/分配等生活经验的熟悉度，并据此调整例题的讲解深度和练习分层。
[学科内容专家] Calling tool: load_skill with {'skill_name': 'rubric_mapping'}
[学科内容专家] Calling tool: load_skill with {'skill_name': 'knowledge_boundary'}
[学科内容专家] Calling tool: load_skill with {'skill_name': 'responsibility'}
╔══ 学情适配专家 ═══ 16:27:01 （用时 42.7s）

── 修改意见 ──
1. 【位置】情境导入｜【问题】导入中的购物场景（笔和笔记本共27元）在新知探究中未被延续或解决，导入与新知探究脱节，未能形成教学闭环｜【依据】rubric_mapping: 常规课结构完整性｜【建议】将情境导入中的问题作为例题1，或在新知探究结束后回扣该问题，让学生用刚学的方程求解，使导入与新知形成闭环

2. 【位置】课题与例题2、例题3｜【问题】课题为"购物中的数学"，但例题2（植树分配）和例题3（行程问题）与购物无关，内容与课题不一致｜【依据】rubric_mapping: 内容一致性｜【建议】将例题2替换为购物中的分配问题（如用一定金额购买两种商品），将例题3替换为购物中的行程问题（如配送距离与时间），或修改课题为"一元一次方程应用举例"以匹配现有内容

3. 【位置】教学目标第4条与新知探究｜【问题】教学目标要求"经历'实际问题→建立方程模型→求解→验证'的完整过程"，但三个例题均只展示求解步骤，未展示"验证"环节（检验解是否符合实际意义）｜【依据】rubric_mapping: 目标—活动—评价可追溯｜【建议】在每个例题解答后增加"检验"环节，明确写出如何将解代入原情境验证合理性，例如例题1中检验"标价500元打8折恰好为400元"

4. 【位置】教学目标第1条与新知探究例题｜【问题】教学目标要求掌握"去分母、去括号"等解方程步骤，但三个例题的方程（0.8x=400、2x+6=3x-12、60t+40t=240）均无需去分母或去括号，目标与活动不匹配｜【依据】rubric_mapping: 内容一致性｜【建议】补充一个含括号或分母的购物情境例题（如优惠券叠加、满减活动），或调整教学目标第1条中"去分母、去括号"的表述以匹配实际教学内容

5. 【位置】教学过程｜【问题】缺少评价/检测环节，无法即时评估教学目标是否达成｜【依据】rubric_mapping: 常规课结构完整性｜【建议】在巩固练习后增加"当堂检测"环节，设计2-3道与购物相关的选择题（如根据购物小票列方程），限时完成并核对答案

6. 【位置】巩固练习｜【问题】练习2（图书分配）与"购物中的数学"课题无关，且与例题2（植树分配）题型高度重复，缺乏多样性｜【依据】rubric_mapping: 内容一致性｜【建议】将练习2替换为购物情境的分配问题（如用固定金额购买两种不同单价的商品），使练习内容与课题一致并增加题型变化
[学科内容专家] Calling tool: load_skill with {'skill_name': 'case_knowledge'}
╔══ 学科内容专家 ═══ 16:27:52 （用时 94.5s）

── 无修改意见 ──

  [主持人] 汇总合并中...
[主持人] Calling tool: load_skill with {'skill_name': 'conflict_resolution'}
[主持人] Calling tool: load_skill with {'skill_name': 'responsibility'}
  [主持人] 用时 66.8s
    ✓ 合并完成

  合并后教案预览（前200字）:
    ...

  [评审专家] 评审中...
  Judge 返回 0 分（1），重试...
  Judge 返回 0 分（2），重试...
  评审用时 51.0s
  总分: 0/100 (上一轮: -) | should_stop: False
  评分明细: A=0, B=0, C=0, D=0, E=0, F=0

▶ 第 2 轮 — 圆桌研讨

╔══ 学情适配专家 ═══ 16:30:03 （用时 13.0s）
根据上一轮总分 0/100 的反馈，我现对同一份教案（一元一次方程的应用——购物中的数学）进行结构性力度更大的审查。以下意见与上一轮意见不重复，聚焦于整体框架层面的改进。
── 修改意见 ──
1. 【位置】整体教学过程｜【问题】缺少显性的"评价与反馈"环节，整节课只有教师讲授和学生练习，无任何可观测、可记录的形成性评价活动，无法判断教学目标是否达成｜【依据】rubric_mapping: 常规课结构完整性——评价环节｜【建议】在巩固练习后增加"当堂检测（5分钟）"，设计2-3道与购物情境匹配的客观题（选择题/填空题），学生独立完成后举手或使用答题板反馈，教师据此判断是否进入拓展或需要补救

2. 【位置】教学目标｜【问题】三个维度共6条目标全部使用不可直接观察的动词（理解、掌握、经历、感受），且未采用2022版义教数学课标"三会"总纲语言，无法在课堂中精确判定达成度｜【依据】responsibility: A结构完整性——目标行为化｜【建议】将6条目标重构为3条可观察、可测量的素养目标，例如：（1）能从购物小票、促销海报中提取数量关系，用字母表示未知量并列出方程（模型意识）；（2）能运用等式性质正确求解含折扣、分配关系的一元一次方程，并代入原情境检验解的合理性（运算能力）；（3）能用方程模型解释购物中的"满减"和"折扣"问题，并口头说明等量关系的来源（应用意识）

3. 【位置】新知探究（例题1-3）｜【问题】三个例题全部采用"教师出题→师生共同分析→得出答案"的单一讲授模式，无任何学生自主探究或小组合作活动，与教学目标第5条"通过小组合作探究"完全脱节｜【依据】rubric_mapping: 目标—活动—评价可追溯｜【建议】将三个例题改为"一讲一练"结构：例题1由教师示范完整步骤（审→设→列→解→验），例题2改为"半扶半放"（教师给出等量关系，学生独立列方程并求解），例题3改为"完全放手"（学生小组合作完成全流程并派代表板演），实现从扶到放的递进

4. 【位置】教学过程｜【问题】整节课无任何学生个体差异的体现，无分层任务、无弹性要求，所有学生做同样的题目、用同样的时间，不符合"面向全体学生"的课标要求｜【依据】rubric_mapping: 常规课内容丰富性——分层设计｜【建议】在巩固练习环节设计三道分层题：★必做题（基础，所有学生完成，对应购物折扣问题）、★★选做题（中等，对应购物中的分配问题）、★★★挑战题（拓展，对应购物中的最优方案选择），学生根据自身情况至少完成★和★★

5. 【位置】课堂小结｜【问题】小结由教师单向列举步骤和模型类型，学生被动听记，无任何学生反思或产出，无法检测学生是否真正内化｜【依据】rubric_mapping: 常规课结构完整性——学生主体性｜【建议】将小结改为"学生总结+教师补充"模式：教师用PPT展示三个问题——（1）今天学了哪几步？（2）哪一步最容易出错？（3）购物中还有哪些问题可以用方程解决？学生先独立思考30秒，再同桌互说，最后教师邀请2-3人分享

6. 【位置】布置作业｜【问题】必做题指向教材习题（未指定具体情境），选做题虽为购物情境但仅要求学生"列出方程并求解"，缺少验证环节，与教学目标第3条"能检验方程的解是否符合实际意义"不对应｜【依据】rubric_mapping: 目标—活动—评价可追溯｜【建议】修改选做题要求为："列出方程并求解，然后检验你的解是否符合实际意义（例如：人数是否为整数、金额是否为正数等），最后用一句话说明你的结论"

7. 【位置】整体教学设计｜【问题】本教案仅覆盖"销售"一种购物情境中的等量关系，且例题2（植树分配）和例题3（行程相遇）与购物主题无关，整节课缺乏一条贯穿始终的情境主线｜【依据】knowledge_boundary: 保持课型——常规课需有统一情境主线｜【建议】将整节课重构为"一次购物经历"情境主线：导入→发现购物小票中的问题（例题1：折扣问题）→购买多件商品（例题2：分配问题）→送货上门（例题3：行程问题）→小结→检测，使三个例题统一在"购物"主题下形成连贯的任务链
[学科内容专家] Calling tool: load_skill with {'skill_name': 'rubric_mapping'}
╔══ 素养导向教研员 ═══ 16:30:06 （用时 16.2s）

── 修改意见 ──
1. 【位置】教学目标｜【问题】三个维度目标未使用2022版义教数学课标"三会"总纲语言，行为动词"理解""掌握""经历"不可直接观察，无法在课堂中判定是否达成。｜【依据】rubric_mapping: F1 素养目标行为化｜【建议】将目标改写为"会用数学的眼光观察购物情境中的数量关系，找出等量关系并列出方程（模型意识）""会用数学的思维分析折扣、分配、相遇问题中的不变关系并求解""会用数学的语言向同伴解释所列方程中每个量的实际含义，并检验解的合理性"。
2. 【位置】教学目标｜【问题】未出现义教数学课标对应学段的"模型意识""应用意识""运算能力"等核心素养表述，目标语言与课标脱节。｜【依据】rubric_mapping: F2 学段课标符合｜【建议】在目标中嵌入"模型意识（建立方程模型刻画等量关系）""应用意识（将购物、分配等情境转化为数学问题）""运算能力（准确求解一元一次方程并检验合理性）"，并注明对应课标的具体条目。
3. 【位置】教学过程 新知探究 例题1—3｜【问题】三例均由教师完整呈现"分析—设元—列方程—求解—答案"，未设置任何环节要求学生口头或书面表述"怎样想到这个等量关系""为什么这样设未知数"，思维过程完全由教师代劳。｜【依据】rubric_mapping: F3 思维参与｜【建议】每道例题出示后先让学生独立圈画题目中的等量关系关键词（如"共花""多出""缺少""相遇"），小组讨论"你从哪句话找到了等量关系？打算设什么为x？"，再请学生代表板演思路，教师只做追问。
4. 【位置】教学过程 一、情境导入 与 二、新知探究｜【问题】"购物中的数学"主题仅在导入环节出现一次，例题2（植树分配）和例题3（行程相遇）完全脱离购物情境，导入与新知探究脱节，未形成教学闭环。｜【依据】rubric_mapping: F4 真实情境与探究｜【建议】将例题2改为购物情境下的分配问题（如"买笔和笔记本，每人买2支笔则多6元，每人买3支笔则少12元"），将例题3改为两家商店相距240km相向而行的情境，使购物情境贯穿全课；同时在课堂小结回扣导入问题，让学生用刚学的方程求解"小明买笔和笔记本"的问题。
5. 【位置】教学过程 二、新知探究 与 三、巩固练习｜【问题】学生全程按教师设定的路径解题，没有自主选择方法、组织解题路径或产出差异化成果的机会，缺乏主体性空间。｜【依据】rubric_mapping: F5 学生主体与生成｜【建议】在巩固练习后增设"编题挑战"环节：要求学生自编一道能用一元一次方程解决的购物问题，交换给同桌求解并互评；教师收集典型题目当堂展示讨论。
6. 【位置】教学过程 四、课堂小结｜【问题】小结完全由教师归纳步骤和模型类型，学生未参与梳理自己的学习收获或困惑，无生成性内容。｜【依据】rubric_mapping: F5 学生主体与生成｜【建议】改为"学生先写后说"：每人用一句话写出"今天学到的最重要的等量关系是什么？""哪个步骤最容易出错？"，然后同桌交流，教师选取2—3份典型发言全班分享。
7. 【位置】教学过程 三、巩固练习｜【问题】两条练习无检核标准，教师无法判断学生是否达成"能根据等量关系列方程"的目标，也无收集学习证据的具体设计。｜【依据】rubric_mapping: F6 目标达成检核｜【建议】在练习后增设"检核卡"环节：要求学生写出（1）等量关系是什么；（2）所列方程；（3）解是否符合实际意义并说明理由。教师巡视收集典型正误样本，当堂用投影展示并反馈。
8. 【位置】学情分析（缺失）｜【问题】教案未提供官方学情profile，无法判断任务难度、开放度与支架是否适配学生先备知识（如学生是否已掌握合并同类项、移项等基本操作，对折扣/分配等生活经验的熟悉程度）。｜【依据】rubric_mapping: D5 学情检查｜【建议】补充学情profile，明确学生对方程概念的先备掌握程度、常见错误类型（如移项变号、去括号符号错误），并据此在例题后增设分层支架：基础层给填空式分析框架，进阶层要求独立完成并口头解释。
╔══ 学科内容专家 ═══ 16:30:24 （用时 34.1s）

── 修改意见 ──
1. 【位置】巩固练习·练习1｜【问题】设篮球x个，列方程65x+45(10-x)=520，解得x=3.5，篮球和排球个数均为非整数，而球类个数必须为整数，数据设计导致解不符合实际意义，且教案未提示需检验取舍。｜【依据】rubric_mapping: C2｜【建议】将总花费改为530元（得x=4，篮球4个、排球6个），或改为550元（得x=5，篮球5个、排球5个），确保解为整数。
2. 【位置】布置作业·选做题｜【问题】"小明和父母"共3人，但"共买了4张票"，人数与票数矛盾；第4张票归属不明，导致情境逻辑不自洽，无法合理判断小明的票种。｜【依据】rubric_mapping: C1｜【建议】将"小明和父母"改为"小明一家四口"，或将票数改为3张并相应调整总价（如80×2+40×1=200元）。
3. 【位置】新知探究·例题1｜【问题】题干包含两个子问题（①标价500元求售价，②售价400元求标价），但分析部分只解答了第二个问题，第一个问题被遗漏，内容不完整。｜【依据】rubric_mapping: C1｜【建议】补充第一个问题的解答：售价=500×0.8=400元；或将题干简化为只保留第二个问题。
4. 【位置】课题｜【问题】课题为"购物中的数学"，但例题2（植树分配）和例题3（行程相遇）均与购物无关，课题与实际教学内容不匹配。｜【依据】rubric_mapping: E1｜【建议】将课题改为"一元一次方程的应用——建立方程模型解决实际问题"，或全部替换为购物情境的例题。
5. 【位置】情境导入｜【问题】导入中的笔和笔记本问题（共27元、共9件）在后续新知探究中未被求解或回扣，导入与新知脱节，未形成教学闭环。｜【依据】rubric_mapping: E1｜【建议】将导入问题移至例题1位置，或用该问题替换例题1，让学生用所学方程求解并回扣导入。

  [主持人] 汇总合并中...
  [主持人] 用时 21.2s
    ✓ 合并完成

  合并后教案预览（前200字）:
    ...

  [评审专家] 评审中...
  Judge 返回 0 分（1），重试...
  Judge 返回 0 分（2），重试...
  评审用时 13.3s
  总分: 0/100 (上一轮: 0) | should_stop: False
  评分明细: A=0, B=0, C=0, D=0, E=0, F=0

▶ 第 3 轮 — 圆桌研讨

╔══ 素养导向教研员 ═══ 16:31:13 （用时 13.9s）
感谢您提供的补充评审背景。鉴于上一轮总分 0/100（低分），我将在已输出的 8 条意见基础上，结合其他专家的反馈，补充更结构性的修改建议。
── 修改意见 ──
1. 【位置】教学目标｜【问题】三个维度目标未使用2022版义教数学课标"三会"总纲语言，行为动词"理解""掌握""经历"不可直接观察，无法在课堂中判定是否达成。｜【依据】rubric_mapping: F1 素养目标行为化｜【建议】将目标改写为"会用数学的眼光观察购物情境中的数量关系，找出等量关系并列出方程（模型意识）""会用数学的思维分析折扣、分配、相遇问题中的不变关系并求解""会用数学的语言向同伴解释所列方程中每个量的实际含义，并检验解的合理性"。
2. 【位置】教学目标｜【问题】未出现义教数学课标对应学段的"模型意识""应用意识""运算能力"等核心素养表述，目标语言与课标脱节。｜【依据】rubric_mapping: F2 学段课标符合｜【建议】在目标中嵌入"模型意识（建立方程模型刻画等量关系）""应用意识（将购物、分配等情境转化为数学问题）""运算能力（准确求解一元一次方程并检验合理性）"，并注明对应课标的具体条目。
3. 【位置】教学过程 新知探究 例题1—3｜【问题】三例均由教师完整呈现"分析—设元—列方程—求解—答案"，未设置任何环节要求学生口头或书面表述"怎样想到这个等量关系""为什么这样设未知数"，思维过程完全由教师代劳。｜【依据】rubric_mapping: F3 思维参与｜【建议】每道例题出示后先让学生独立圈画题目中的等量关系关键词（如"共花""多出""缺少""相遇"），小组讨论"你从哪句话找到了等量关系？打算设什么为x？"，再请学生代表板演思路，教师只做追问。
4. 【位置】教学过程 一、情境导入 与 二、新知探究｜【问题】"购物中的数学"主题仅在导入环节出现一次，例题2（植树分配）和例题3（行程相遇）完全脱离购物情境，且导入中的"小明买笔和笔记本"问题在全课中始终未求解，导入与新知探究脱节，未形成教学闭环。｜【依据】rubric_mapping: F4 真实情境与探究｜【建议】将例题2改为购物情境下的分配问题（如"买笔和笔记本，每人买2支笔则多6元，每人买3支笔则少12元"），将例题3改为两家商店相距240km相向而行的情境；同时在课堂小结增设"回扣导入"环节，让学生用刚学的方程求解"小明买笔和笔记本"的问题，形成完整的"情境引入—建模求解—回扣应用"闭环。
5. 【位置】教学过程 二、新知探究 与 三、巩固练习｜【问题】学生全程按教师设定的路径解题，没有自主选择方法、组织解题路径或产出差异化成果的机会，缺乏主体性空间。｜【依据】rubric_mapping: F5 学生主体与生成｜【建议】在巩固练习后增设"编题挑战"环节：要求学生自编一道能用一元一次方程解决的购物问题，交换给同桌求解并互评；教师收集典型题目当堂展示讨论。
6. 【位置】教学过程 四、课堂小结｜【问题】小结完全由教师归纳步骤和模型类型，学生未参与梳理自己的学习收获或困惑，无生成性内容。｜【依据】rubric_mapping: F5 学生主体与生成｜【建议】改为"学生先写后说"：每人用一句话写出"今天学到的最重要的等量关系是什么？""哪个步骤最容易出错？"，然后同桌交流，教师选取2—3份典型发言全班分享。
7. 【位置】教学过程 三、巩固练习｜【问题】两条练习无检核标准，教师无法判断学生是否达成"能根据等量关系列方程"的目标，也无收集学习证据的具体设计。练习1数据设计存在缺陷（篮球65元、排球45元、共10个花费520元，解得篮球3.5个，非整数），教案未提示检验取舍。｜【依据】rubric_mapping: F6 目标达成检核｜【建议】将练习1总花费改为530元（得篮球4个、排球6个）确保解为整数；在练习后增设"检核卡"环节：要求学生写出（1）等量关系是什么；（2）所列方程；（3）解是否符合实际意义并说明理由。教师巡视收集典型正误样本，当堂用投影展示并反馈。
8. 【位置】整体教学过程｜【问题】整节课缺少显性的"评价与反馈"环节，无任何可观测、可记录的形成性评价活动，无法判断教学目标是否达成。｜【依据】rubric_mapping: F6 目标达成检核｜【建议】在巩固练习与课堂小结之间增设"当堂检测（5分钟）"，设计2—3道与购物情境匹配的客观题（如"一件衣服打8折后售价320元，标价是多少？"），学生独立完成后举手或用答题板反馈，教师据此判断是否进入拓展或需要补救教学。
9. 【位置】学情分析（缺失）｜【问题】教案未提供官方学情profile，无法判断任务难度、开放度与支架是否适配学生先备知识（如学生是否已掌握合并同类项、移项等基本操作，对折扣/分配等生活经验的熟悉程度）。｜【依据】rubric_mapping: D5 学情检查｜【建议】补充学情profile，明确学生对方程概念的先备掌握程度、常见错误类型（如移项变号、去括号符号错误），并据此在例题后增设分层支架：基础层给填空式分析框架（如"等量关系：___ × ___ = ___"），进阶层要求独立完成并口头解释。
╔══ 学科内容专家 ═══ 16:31:20 （用时 21.0s）

── 修改意见 ──
1. 【位置】巩固练习·练习1｜【问题】设篮球x个，列方程65x+45(10-x)=520，解得x=3.5，篮球和排球个数均为非整数，而球类个数必须为整数，数据设计导致解不符合实际意义，且教案未提示需检验取舍。｜【依据】rubric_mapping: C2｜【建议】将总花费改为530元（得x=4，篮球4个、排球6个），或改为550元（得x=5，篮球5个、排球5个），确保解为整数。
2. 【位置】布置作业·选做题｜【问题】"小明和父母"共3人，但"共买了4张票"，人数与票数矛盾；第4张票归属不明，导致情境逻辑不自洽，无法合理判断小明的票种。｜【依据】rubric_mapping: C1｜【建议】将"小明和父母"改为"小明一家四口"，或将票数改为3张并相应调整总价（如成人票2张、儿童票1张，共200元）。
3. 【位置】新知探究·例题1｜【问题】题干包含两个子问题（①标价500元求售价，②售价400元求标价），但分析部分只解答了第二个问题，第一个问题被遗漏，内容不完整。｜【依据】rubric_mapping: E1｜【建议】补充第一个问题的解答：售价=500×0.8=400元；或将题干简化为只保留第二个问题。
╔══ 学情适配专家 ═══ 16:31:23 （用时 24.6s）

── 修改意见 ──
1. 【位置】新知探究（例题1→例题2→例题3）｜【问题】三个例题之间无难度递进、无认知梯度，全部采用"教师出题→师生分析→得出答案"的同一模式，且例题2（植树分配）和例题3（行程相遇）与"购物"课题完全无关，导致整节课缺乏统一情境主线｜【依据】rubric_mapping: 常规课结构完整性——递进式任务链｜【建议】将三个例题重构为同一购物情境下的递进任务链：例题1（扶）——教师示范"已知折扣求标价"的完整审→设→列→解→验流程；例题2（半扶）——在同一商场购买两种商品的总价与数量问题，教师给出等量关系后学生独立列方程求解；例题3（放）——购物后送货上门的时间与距离问题，学生小组合作完成全过程并板演

2. 【位置】巩固练习｜【问题】练习1的方程65x+45(10-x)=520解得x=3.5，篮球和排球个数必须为整数，3.5不符合实际意义，但教案未设置任何检验或取舍环节，直接让学生列出方程即止，与教学目标第3条"能检验方程的解是否符合实际意义"矛盾｜【依据】rubric_mapping: 目标—活动—评价可追溯｜【建议】将练习1的数据改为总花费530元（解得x=4，篮球4个、排球6个），并在练习后增加追问："你的解是整数吗？如果不是，说明什么？如何调整？"引导学生形成检验意识

3. 【位置】教学过程｜【问题】整节课无任何形成性评价环节，从导入到作业全部是"教师讲授+学生练习"的单向流程，无法在课中判断学生是否达成教学目标，也无法为后续教学调整提供依据｜【依据】rubric_mapping: 常规课结构完整性——评价环节｜【建议】在巩固练习后增设"当堂检测（5分钟）"环节，设计2道与购物情境匹配的客观题（如选择题：根据购物小票信息选择正确的方程），学生举手或举牌反馈正确率，教师根据结果决定是否进入小结或进行补救教学

4. 【位置】教学目标｜【问题】知识与技能第2条要求"掌握去分母、去括号"等步骤，但三个例题的方程（0.8x=400、2x+6=3x-12、60t+40t=240）均不涉及去分母或去括号，目标与教学内容严重脱节｜【依据】rubric_mapping: 内容一致性——目标与活动匹配｜【建议】删除教学目标第2条中"去分母、去括号"的表述，改为"掌握移项、合并同类项、系数化为1的基本步骤"；或补充一个含括号的购物情境例题（如满减优惠：消费满200元减30元，实际支付金额与标价的关系）

5. 【位置】布置作业｜【问题】选做题（判断小明票种）虽为购物情境，但仅要求"列出方程并求解"，未要求检验解的合理性（人数必须为整数），且未提供分层选项，所有学生做同一道题｜【依据】rubric_mapping: 常规课内容丰富性——分层设计｜【建议】将作业改为三层结构：★必做题（基础购物折扣问题，所有学生完成）、★★选做题（购物中的分配问题，中等学生完成）、★★★挑战题（购物中的最优方案选择——同种商品在不同店铺有不同折扣，选择最省钱的购买方案，学有余力学生完成）

6. 【位置】情境导入｜【问题】导入中的"笔和笔记本共27元"问题在后续教学中从未被回扣或解决，导入与新知探究脱节，未能形成"设疑→探究→解惑"的教学闭环｜【依据】rubric_mapping: 常规课结构完整性——闭环设计｜【建议】将导入问题改造为课堂小结后的"回扣问题"：当学生学完三个例题后，教师再次展示导入中的购物小票，要求学生当堂列方程求解，使整节课首尾呼应

7. 【位置】课堂小结｜【问题】小结由教师单向列举步骤和模型类型，学生被动听记，无任何学生产出或反思活动，无法判断学生是否真正内化｜【依据】rubric_mapping: 常规课结构完整性——学生主体性｜【建议】将小结改为"三问反思"模式：教师依次展示三个问题——（1）今天列方程解应用题的五个步骤中，哪一步你觉得最难？（2）购物中还有哪些场景可以用方程解决？（3）解出方程后为什么要检验？——学生先独立思考30秒，再同桌交流，最后教师邀请2-3人分享

  [主持人] 汇总合并中...
  [主持人] 用时 29.2s
    ✓ 合并完成

  合并后教案预览（前200字）:
    ...

  [评审专家] 评审中...
  Judge 返回 0 分（1），重试...
  Judge 返回 0 分（2），重试...
  评审用时 14.8s
  总分: 0/100 (上一轮: 0) | should_stop: False
  评分明细: A=0, B=0, C=0, D=0, E=0, F=0

▶ 第 4 轮 — 圆桌研讨

╔══ 学情适配专家 ═══ 16:32:19 （用时 11.8s）

── 修改意见 ──
1. 【位置】新知探究（例题1-3）｜【问题】三个例题合计仅分配20分钟，平均每题不足7分钟，需完成读题、分析、列方程、求解、板书、学生消化，时间严重不足，导致教学节奏被迫加快，学生无法深入理解｜【依据】responsibility: B内容丰富性——活动时间可执行性｜【建议】将新知探究延长至25分钟，改为"一扶一放"结构：例题1（扶，12分钟）由教师完整示范审→设→列→解→验五步；例题2（放，13分钟）学生独立完成后同桌互批，教师只做点拨；删除例题3或将其移至巩固练习作为拓展

2. 【位置】教学过程｜【问题】整节课未设置"复习引入"环节，学生需直接从情境导入进入新例题，缺少对一元一次方程解法和等式性质的前置知识激活，基础薄弱学生可能跟不上｜【依据】rubric_mapping: 常规课结构完整性——前备知识激活｜【建议】在情境导入之前增加"温故知新（3分钟）"环节：出示2道简单的一元一次方程（如2x+3=11、3x-6=9），学生口答或板演，快速回顾移项和合并同类项的方法

3. 【位置】板书设计｜【问题】板书仅列出步骤和模型名称，未呈现任何一个例题的完整解题过程，学生无法在板书上回溯完整的方程建模与求解流程，失去板书作为"课堂知识结构图"的功能｜【依据】rubric_mapping: 常规课结构完整性——板书功能｜【建议】板书左侧保留步骤提纲，右侧保留例题1的完整解题过程（含设未知数、列方程、求解、检验四步书写格式），作为学生模仿的范本

4. 【位置】巩固练习｜【问题】练习1和练习2均未设计答案核对或错误分析环节，学生做完后没有反馈，无法知道自己是对是错、错在哪里｜【依据】rubric_mapping: 常规课结构完整性——反馈闭环｜【建议】在练习后增加"同桌交换批改（2分钟）"和"典型错误展示与纠正（2分钟）"两个子环节，教师提前预判常见错误（如设未知数时单位遗漏、等量关系找错方向），在展示环节针对性纠正

5. 【位置】教学目标第5条｜【问题】"通过小组合作探究，培养分析问题、解决问题的能力"在整节课中无任何对应的小组合作活动，三个例题全部为教师主导的集体问答，目标形同虚设｜【依据】rubric_mapping: 目标—活动—评价可追溯｜【建议】删除教学目标第5条中的"小组合作探究"表述，或在新知探究中增加一个真实的小组任务（如：每组发一张模拟购物小票，组内合作找出小票中的数量关系并列出方程，限时5分钟后各组派代表展示）

6. 【位置】情境导入｜【问题】导入中的文具店场景（笔、笔记本）与后续例题1的商场促销场景不一致，两个情境之间无过渡，学生需切换两次情境背景，增加不必要的认知负荷｜【依据】rubric_mapping: 内容一致性——情境连贯性｜【建议】将导入场景改为商场购物（与例题1一致）："小明在商场看到一件衣服打8折后售价400元，他想知道原价是多少，你能帮他吗？"——这样导入直接对接例题1，无需切换情境

7. 【位置】课堂小结｜【问题】小结仅罗列步骤和模型类型，未引导学生反思本节课的核心思想——"方程是刻画等量关系的数学模型"，缺少数学思想方法的提炼｜【依据】rubric_mapping: 常规课结构完整性——思想方法提炼｜【建议】在小结中增加一个追问："今天我们遇到的折扣问题、分配问题、行程问题，表面不同，但本质上都用到了同一个数学思想——找等量关系。你能用一句话说说什么是方程吗？"引导学生提炼"方程是含未知数的等式，用来表示等量关系"这一核心概念
╔══ 素养导向教研员 ═══ 16:32:22 （用时 14.5s）
感谢提供完整的评审背景。鉴于总分 0/100（极低分），我将在之前已输出的基础上，结合 r_subject 和 r_learner 的反馈，提出更结构性的改进意见。
── 修改意见 ──
1. 【位置】教学目标｜【问题】三个维度目标未使用2022版义教数学课标"三会"总纲语言，行为动词"理解""掌握""经历"不可直接观察，无法在课堂中判定是否达成。｜【依据】rubric_mapping: F1 素养目标行为化｜【建议】将目标改写为"会用数学的眼光观察购物情境中的数量关系，找出等量关系并列出方程（模型意识）""会用数学的思维分析折扣、分配、相遇问题中的不变关系并求解""会用数学的语言向同伴解释所列方程中每个量的实际含义，并检验解的合理性"。
2. 【位置】教学目标｜【问题】未出现义教数学课标对应学段的"模型意识""应用意识""运算能力"等核心素养表述，目标语言与课标脱节。｜【依据】rubric_mapping: F2 学段课标符合｜【建议】在目标中嵌入"模型意识（建立方程模型刻画等量关系）""应用意识（将购物、分配等情境转化为数学问题）""运算能力（准确求解一元一次方程并检验合理性）"，并注明对应课标的具体条目。
3. 【位置】教学过程 新知探究 例题1→例题2→例题3｜【问题】三个例题之间无难度递进、无认知梯度，全部采用"教师出题→师生分析→得出答案"的同一模式，且例题2（植树分配）和例题3（行程相遇）与"购物"课题完全无关，导致整节课缺乏统一情境主线。｜【依据】rubric_mapping: F3 思维参与｜【建议】将三个例题重构为同一购物情境下的递进任务链：例题1（扶）——教师示范"已知折扣和售价求标价"；例题2（半扶）——学生小组合作"已知总价和数量求各商品数量"（替换原植树分配题）；例题3（放）——学生独立"根据购物优惠方案选择最优购买策略"。每道题后设"思路复盘"环节，学生用一句话说出等量关系。
4. 【位置】教学过程 一、情境导入｜【问题】导入中的"小明买笔和笔记本共27元、共9件"问题在全课中始终未求解，成为悬空问题，且该问题本身具有完整的一题两设（设笔x支或设笔记本x本）的探究价值，被浪费。｜【依据】rubric_mapping: F4 真实情境与探究｜【建议】将导入问题设为"驱动问题"贯穿全课：情境导入抛出问题→新知探究中学完例题后回扣求解（作为例题2或巩固练习）→比较两种设元方式（设笔x支 vs 设笔记本x本）的异同→小结时展示两种列方程。
5. 【位置】教学过程 三、巩固练习 练习1｜【问题】设篮球x个，列方程65x+45(10-x)=520，解得x=3.5，篮球和排球个数均为非整数，而球类个数必须为整数，数据设计导致解不符合实际意义，且教案未提示需检验取舍。｜【依据】rubric_mapping: F6 目标达成检核｜【建议】将练习1总花费改为530元（得篮球4个、排球6个），或改为550元（得篮球5个、排球5个），确保解为整数；同时在练习指令中明确要求"检验你的解是否符合实际意义"。
6. 【位置】教学过程 三、巩固练习 与 四、课堂小结｜【问题】整节课缺少显性的"评价与反馈"环节，无任何可观测、可记录的形成性评价活动，无法判断教学目标是否达成。｜【依据】rubric_mapping: F6 目标达成检核｜【建议】在巩固练习与课堂小结之间增设"当堂检测（5分钟）"，设计2—3道与购物情境匹配的客观题（如"一件衣服打8折后售价320元，标价是多少？"），学生独立完成后举手或用答题板反馈，教师据此判断是否进入拓展或需要补救教学。
7. 【位置】教学过程 四、课堂小结｜【问题】小结完全由教师归纳步骤和模型类型，学生未参与梳理自己的学习收获或困惑，无生成性内容。｜【依据】rubric_mapping: F5 学生主体与生成｜【建议】改为"学生先写后说"：每人用一句话写出"今天学到的最重要的等量关系是什么？""哪个步骤最容易出错？"，然后同桌交流，教师选取2—3份典型发言全班分享。
8. 【位置】教学过程 二、新知探究 与 三、巩固练习｜【问题】学生全程按教师设定的路径解题，没有自主选择方法、组织解题路径或产出差异化成果的机会，缺乏主体性空间。｜【依据】rubric_mapping: F5 学生主体与生成｜【建议】在巩固练习后增设"编题挑战"环节：要求学生自编一道能用一元一次方程解决的购物问题，交换给同桌求解并互评；教师收集典型题目当堂展示讨论。
9. 【位置】学情分析（缺失）｜【问题】教案未提供官方学情profile，无法判断任务难度、开放度与支架是否适配学生先备知识（如学生是否已掌握合并同类项、移项等基本操作，对折扣/分配等生活经验的熟悉程度，以及常见错误类型如移项变号、去括号符号错误）。｜【依据】rubric_mapping: D5 学情检查｜【建议】补充学情profile，明确学生对方程概念的先备掌握程度，并据此在例题后增设分层支架：基础层给填空式分析框架（如"等量关系：___ × ___ = ___"），进阶层要求独立完成并口头解释。
╔══ 学科内容专家 ═══ 16:32:30 （用时 22.7s）

── 修改意见 ──
1. 【位置】巩固练习·练习1｜【问题】设篮球x个，列方程65x+45(10-x)=520，解得x=3.5，篮球和排球个数均为非整数，而球类个数必须为整数，数据设计导致解不符合实际意义，且教案未提示需检验取舍。｜【依据】rubric_mapping: C2｜【建议】将总花费改为530元（得x=4，篮球4个、排球6个），或改为550元（得x=5，篮球5个、排球5个），确保解为整数。
2. 【位置】布置作业·选做题｜【问题】"小明和父母"共3人，但"共买了4张票"，人数与票数矛盾；第4张票归属不明，导致情境逻辑不自洽，无法合理判断小明的票种。｜【依据】rubric_mapping: C1｜【建议】将"小明和父母"改为"小明一家四口"，或将票数改为3张并相应调整总价（如成人票2张、儿童票1张，共200元）。
3. 【位置】新知探究·例题1｜【问题】题干包含两个子问题（①标价500元求售价，②售价400元求标价），但分析部分只解答了第二个问题，第一个问题被遗漏，内容不完整。｜【依据】rubric_mapping: E1｜【建议】补充第一个问题的解答：售价=500×0.8=400元；或将题干简化为只保留第二个问题。
4. 【位置】课题｜【问题】课题为"购物中的数学"，但例题2（植树分配）和例题3（行程相遇）均与购物无关，课题与实际教学内容不匹配。｜【依据】rubric_mapping: E1｜【建议】将课题改为"一元一次方程的应用——建立方程模型解决实际问题"，或全部替换为购物情境的例题。
5. 【位置】情境导入｜【问题】导入中的笔和笔记本问题（共27元、共9件）在后续新知探究中未被求解或回扣，导入与新知脱节，未形成教学闭环。｜【依据】rubric_mapping: E1｜【建议】将导入问题移至例题1位置，或用该问题替换例题1，让学生用所学方程求解并回扣导入。
6. 【位置】教学目标·知识与技能第2条及板书设计｜【问题】解方程步骤中列出"去分母""去括号"，但教案中所有例题和练习均不含分母和括号，无需使用这两步，教学目标与教学内容不一致。｜【依据】rubric_mapping: E1｜【建议】将"去分母、去括号"从步骤中删除，或补充一个含分母/括号的例题（如含分数系数的购物折扣问题）。

  [主持人] 汇总合并中...
  [主持人] 用时 20.0s
    ✓ 合并完成

  合并后教案预览（前200字）:
    ...

  [评审专家] 评审中...
  Judge 返回 0 分（1），重试...
  Judge 返回 0 分（2），重试...
  评审用时 10.6s
  总分: 0/100 (上一轮: 0) | should_stop: False
  评分明细: A=0, B=0, C=0, D=0, E=0, F=0

▶ 第 5 轮 — 圆桌研讨

╔══ 素养导向教研员 ═══ 16:33:10 （用时 9.0s）
感谢补充评审背景。由于本轮未提供教案正文，我依据此前对话中已有的教案文本（《一元一次方程的应用——购物中的数学》），结合 0/100 极低分需要大胆结构性改进的要求，以及 r_subject 和 r_learner 的新增意见，整合输出如下：
── 修改意见 ──
1. 【位置】教学目标｜【问题】三个维度目标未使用2022版义教数学课标"三会"总纲语言，行为动词"理解""掌握""经历"不可直接观察，无法在课堂中判定是否达成。｜【依据】rubric_mapping: F1 素养目标行为化｜【建议】将目标改写为"会用数学的眼光观察购物情境中的数量关系，找出等量关系并列出方程（模型意识）""会用数学的思维分析折扣、分配、相遇问题中的不变关系并求解""会用数学的语言向同伴解释所列方程中每个量的实际含义，并检验解的合理性"。
2. 【位置】教学目标｜【问题】未出现义教数学课标对应学段的"模型意识""应用意识""运算能力"等核心素养表述，目标语言与课标脱节。｜【依据】rubric_mapping: F2 学段课标符合｜【建议】在目标中嵌入"模型意识（建立方程模型刻画等量关系）""应用意识（将购物、分配等情境转化为数学问题）""运算能力（准确求解一元一次方程并检验合理性）"，并注明对应课标的具体条目。
3. 【位置】教学过程 新知探究（例题1→例题2→例题3）｜【问题】三个例题之间无难度递进、无认知梯度，全部采用"教师出题→师生分析→得出答案"的同一模式；且合计仅分配20分钟，平均每题不足7分钟，需完成读题、分析、列方程、求解、板书、学生消化，时间严重不足。例题2（植树分配）和例题3（行程相遇）与"购物"课题完全无关，导致整节课缺乏统一情境主线。｜【依据】rubric_mapping: F3 思维参与｜【建议】将三个例题重构为同一购物情境下的递进任务链，并延长新知探究至28分钟：例题1（扶，12分钟）教师示范"已知折扣和售价求标价"的审→设→列→解→验五步；例题2（半扶，10分钟）学生小组合作"已知总价和数量求各商品数量"（替换原植树分配题，改为购物情境）；例题3（放，6分钟）学生独立"根据购物优惠方案选择最优购买策略"。每道题后设"思路复盘"环节，学生用一句话说出等量关系。
4. 【位置】教学过程 一、情境导入｜【问题】导入中的"小明买笔和笔记本共27元、共9件"问题在全课中始终未求解，成为悬空问题，且该问题本身具有一题两设（设笔x支或设笔记本x本）的探究价值，被浪费。｜【依据】rubric_mapping: F4 真实情境与探究｜【建议】将导入问题设为"驱动问题"贯穿全课：情境导入抛出问题→新知探究中学完例题后回扣求解（作为例题2或巩固练习）→比较两种设元方式（设笔x支 vs 设笔记本x本）的异同→小结时展示两种列方程，形成完整的教学闭环。
5. 【位置】教学过程 三、巩固练习 练习1｜【问题】设篮球x个，列方程65x+45(10-x)=520，解得x=3.5，篮球和排球个数均为非整数，而球类个数必须为整数，数据设计导致解不符合实际意义，且教案未提示需检验取舍。｜【依据】rubric_mapping: F6 目标达成检核｜【建议】将练习1总花费改为530元（得篮球4个、排球6个），或改为550元（得篮球5个、排球5个），确保解为整数；同时在练习指令中明确要求"检验你的解是否符合实际意义"。
6. 【位置】教学过程 三、巩固练习 与 四、课堂小结之间｜【问题】整节课缺少显性的"评价与反馈"环节，无任何可观测、可记录的形成性评价活动，无法判断教学目标是否达成。｜【依据】rubric_mapping: F6 目标达成检核｜【建议】在巩固练习与课堂小结之间增设"当堂检测（5分钟）"，设计2—3道与购物情境匹配的客观题（如"一件衣服打8折后售价320元，标价是多少？"），学生独立完成后举手或用答题板反馈，教师据此判断是否进入拓展或需要补救教学。
7. 【位置】教学过程 四、课堂小结｜【问题】小结完全由教师归纳步骤和模型类型，学生未参与梳理自己的学习收获或困惑，无生成性内容。｜【依据】rubric_mapping: F5 学生主体与生成｜【建议】改为"学生先写后说"：每人用一句话写出"今天学到的最重要的等量关系是什么？""哪个步骤最容易出错？"，然后同桌交流，教师选取2—3份典型发言全班分享。
8. 【位置】教学过程 三、巩固练习 之后｜【问题】学生全程按教师设定的路径解题，没有自主选择方法、组织解题路径或产出差异化成果的机会，缺乏主体性空间。｜【依据】rubric_mapping: F5 学生主体与生成｜【建议】在巩固练习后增设"编题挑战"环节（5分钟）：要求学生自编一道能用一元一次方程解决的购物问题，交换给同桌求解并互评；教师收集典型题目当堂展示讨论。
9. 【位置】学情分析（缺失）｜【问题】教案未提供官方学情profile，无法判断任务难度、开放度与支架是否适配学生先备知识（如学生是否已掌握合并同类项、移项等基本操作，对折扣/分配等生活经验的熟悉程度，以及常见错误类型如移项变号、去括号符号错误）。｜【依据】rubric_mapping: D5 学情检查｜【建议】补充学情profile，明确学生对方程概念的先备掌握程度，并据此在例题后增设分层支架：基础层给填空式分析框架（如"等量关系：___ × ___ = ___"），进阶层要求独立完成并口头解释。
╔══ 学科内容专家 ═══ 16:33:20 （用时 19.7s）

── 修改意见 ──
1. 【位置】巩固练习·练习1｜【问题】设篮球x个，列方程65x+45(10-x)=520，解得x=3.5，篮球和排球个数均为非整数，而球类个数必须为整数，数据设计导致解不符合实际意义，且教案未提示需检验取舍。｜【依据】rubric_mapping: C2｜【建议】将总花费改为530元（得x=4，篮球4个、排球6个），或改为550元（得x=5，篮球5个、排球5个），确保解为整数。
2. 【位置】布置作业·选做题｜【问题】"小明和父母"共3人，但"共买了4张票"，人数与票数矛盾；第4张票归属不明，导致情境逻辑不自洽，无法合理判断小明的票种。｜【依据】rubric_mapping: C1｜【建议】将"小明和父母"改为"小明一家四口"，或将票数改为3张并相应调整总价（如成人票2张、儿童票1张，共200元）。
3. 【位置】新知探究·例题1｜【问题】题干包含两个子问题（①标价500元求售价，②售价400元求标价），但分析部分只解答了第二个问题，第一个问题被遗漏，内容不完整。｜【依据】rubric_mapping: E1｜【建议】补充第一个问题的解答：售价=500×0.8=400元；或将题干简化为只保留第二个问题。
4. 【位置】课题｜【问题】课题为"购物中的数学"，但例题2（植树分配）和例题3（行程相遇）均与购物无关，课题与实际教学内容不匹配。｜【依据】rubric_mapping: E1｜【建议】将课题改为"一元一次方程的应用——建立方程模型解决实际问题"，或全部替换为购物情境的例题。
5. 【位置】情境导入｜【问题】导入中的笔和笔记本问题（共27元、共9件）在后续新知探究中未被求解或回扣，导入与新知脱节，未形成教学闭环。｜【依据】rubric_mapping: E1｜【建议】将导入问题移至例题1位置，或用该问题替换例题1，让学生用所学方程求解并回扣导入。
6. 【位置】教学目标·知识与技能第2条及板书设计｜【问题】解方程步骤中列出"去分母""去括号"，但教案中所有例题和练习均不含分母和括号，无需使用这两步，教学目标与教学内容不一致。｜【依据】rubric_mapping: E1｜【建议】将"去分母、去括号"从步骤中删除，或补充一个含分母/括号的例题（如含分数系数的购物折扣问题）。
7. 【位置】教学目标·知识与技能第3条及教学过程｜【问题】教学目标要求"能检验方程的解是否符合实际问题的意义"，但所有例题和练习的解答均直接给出答案，未展示任何检验过程，教学目标未在教学过程中落实。｜【依据】rubric_mapping: E1｜【建议】在例题1解答后增加检验环节：将x=500代入0.8×500=400，符合题意；同理在例题2、例题3及各练习解答后均增加检验步骤，使教学目标可执行、可观测。
╔══ 学情适配专家 ═══ 16:33:56 （用时 54.7s）

── 修改意见 ──
1. 【位置】教学重点与难点｜【问题】教案列出了重点（找等量关系）和难点（理解题意建模），但教学过程中没有任何显性标记说明哪个环节对应突破重点、哪个策略对应化解难点，重点难点形同虚设｜【依据】rubric_mapping: 常规课结构完整性——重点难点回应｜【建议】在每个教学环节旁标注其对应的重点/难点突破策略，例如：新知探究环节标注"★重点突破：教师引导学生圈画题目中的'共'、'多出'、'缺少'等关键词，帮助学生定位等量关系"；巩固练习标注"★难点化解：学生独立完成后，教师展示2-3份典型错误作品，全班讨论错因"

2. 【位置】教学过程（整体）｜【问题】教案未预设任何学生可能出现的典型错误及教师应对策略，教师在实际课堂中只能临场反应，缺乏教学预案，课堂质量依赖教师即兴发挥｜【依据】responsibility: B内容丰富性——教学预案｜【建议】在每个例题和练习后增加"预设错误与应对"子栏目，例如：例题2（植树分配）预设错误——学生可能将方程误列为2x-6=3x+12，应对策略——引导学生用"总量不变"画等号，左边用"每人2棵+多出6棵"表达总数，右边用"每人3棵-缺少12棵"表达总数

3. 【位置】情境导入——小组讨论｜【问题】导入中安排"小组讨论"但未说明分组方式（几人一组？同质还是异质？）、讨论时间（几分钟？）、预期产出（口头汇报还是板书展示？），导致小组活动可执行性差，实际课堂中容易流于形式｜【依据】rubric_mapping: 常规课结构完整性——活动可操作性｜【建议】将小组讨论改写为可执行指令："前后桌4人一组，讨论2分钟，尝试用算术方法和方程两种方式解决问题。2分钟后，教师随机抽取一组代表口头汇报两种方法的思路"

4. 【位置】新知探究（例题1-3）｜【问题】教学目标第4条要求经历"实际问题→建立方程模型→求解→验证"的完整过程，但教学过程仅展示了"设未知数→列方程→求解→得答案"的技术性步骤，未展示如何从实际问题中抽象出数学模型的思维策略（如画线段图、列表格、圈关键词等建模支架）｜【依据】rubric_mapping: B内容丰富性——建模策略显性化｜【建议】在例题1的分析环节增加建模策略的显性指导："教师示范用'关键词法'——圈出'8折'（折扣率）、'售价400元'（结果），引导学生思考已知什么、求什么，用'标价×折扣率=售价'建立等量关系"，并将此策略迁移到例题2和例题3的自主探究中

5. 【位置】教学过程｜【问题】教案未列出任何教学资源准备清单（购物小票实物/图片、PPT课件、学案/练习纸、板书磁贴等），教师拿到教案后无法直接准备教具，影响课堂实施｜【依据】rubric_mapping: 常规课结构完整性——资源准备｜【建议】在板书设计之后增加"教学资源准备"栏目，列出：①PPT课件（含购物小票图片、三个例题动画演示、当堂检测题）；②学案（含三个例题的留白版和巩固练习题，每人一份）；③板书磁贴（预设好的等量关系卡片，用于板书中快速拼贴）

6. 【位置】教学过程各环节时间分配｜【问题】教案未提供时间弹性预案——若某个环节超时或提前完成，教师没有备选方案，课堂节奏完全依赖临场判断｜【依据】responsibility: B内容丰富性——可执行性｜【建议】在每个环节的时间标注后增加弹性说明，例如："情境导入（5分钟，若超时可压缩至3分钟，删除学生讨论环节改为教师直接提问）""巩固练习（12分钟，若提前完成则增加一道拓展题：用两种不同折扣方案比较哪个更省钱）"

7. 【位置】板书设计｜【问题】板书设计独立于教学过程之外，未说明板书内容在哪个环节、以何种方式生成（教师书写还是学生板演？逐步呈现还是一次性展示？），导致板书与教学流程脱节｜【依据】rubric_mapping: 常规课结构完整性——板书与教学同步｜【建议】在教学过程的每个环节旁标注板书生成时机，例如：新知探究·例题1旁标注"【板书同步】教师逐步书写：设→列→解→验的完整格式"；课堂小结旁标注"【板书完成】教师用彩色粉笔圈出'找等量关系'，标注为本节课核心"

  [主持人] 汇总合并中...
  [主持人] 用时 78.4s
    ✓ 合并完成

  合并后教案预览（前200字）:
    ...

  [评审专家] 评审中...
  Judge 返回 0 分（1），重试...
  Judge 返回 0 分（2），重试...
  评审用时 12.0s
  总分: 0/100 (上一轮: 0) | should_stop: False
  评分明细: A=0, B=0, C=0, D=0, E=0, F=0

============================================================
最终教案:



  → G:/.Study/.CS/repo/Xpert/code/outputs_practice/demo001_MATH01_polished.md
  → G:/.Study/.CS/repo/Xpert/code/outputs_practice/demo001_MATH01_process.json

==================================================
运行格式自检...
================================================================
附录 D 提交契约自查报告
目标目录: G:\.Study\.CS\repo\Xpert\code\outputs_practice
================================================================

-- FAIL (1) ----------------------------------------
[FAIL] ENC-03  教案 内容为空: demo001_MATH01_polished.md
         修复: 确认磨课系统实际写出了内容；空产出按'未产出'计 0。

-- WARN (4) ----------------------------------------
[WARN] STR-04  demo001_BIO01_polished.md: 未发现'过程/任务'类标题（教学过程/任务链/教学环节…）
         修复: 教学过程/任务链是核心结构件，请确认标题可被识别。
[WARN] STR-04  demo001_CHN01_polished.md: 未发现'过程/任务'类标题（教学过程/任务链/教学环节…）
         修复: 教学过程/任务链是核心结构件，请确认标题可被识别。
[WARN] SCH-08  demo001_CHN01_process.json: roles 仅 2 个（工程实现目标要求 ≥3 个差异化专家角色）
         修复: 确认专家角色数量满足需求文档第三节；主持人不计入专家角色数。
[WARN] STR-04  demo001_MATH02_polished.md: 未发现'过程/任务'类标题（教学过程/任务链/教学环节…）
         修复: 教学过程/任务链是核心结构件，请确认标题可被识别。

-- PASS (11) ----------------------------------------
[PASS] NAME-OK 发现 4 对命名合规且成对的提交文件
[PASS] ENC-OK  demo001_BIO01_polished.md: UTF-8 编码、非空（5260 字符）
[PASS] TEX-OK  demo001_BIO01_polished.md: LaTeX 定界符配对正常（$$ ×0, $ ×0）
[PASS] JSN-OK  demo001_BIO01_process.json: Schema 校验通过（roles ×5, discussion ×15, modifications ×67）
[PASS] ENC-OK  demo001_CHN01_polished.md: UTF-8 编码、非空（5017 字符）
[PASS] TEX-OK  demo001_CHN01_polished.md: LaTeX 定界符配对正常（$$ ×0, $ ×0）
[PASS] JSN-OK  demo001_CHN01_process.json: Schema 校验通过（roles ×2, discussion ×4, modifications ×25）
[PASS] JSN-OK  demo001_MATH01_process.json: Schema 校验通过（roles ×5, discussion ×20, modifications ×97）
[PASS] ENC-OK  demo001_MATH02_polished.md: UTF-8 编码、非空（2125 字符）
[PASS] TEX-OK  demo001_MATH02_polished.md: LaTeX 定界符配对正常（$$ ×0, $ ×8）
[PASS] JSN-OK  demo001_MATH02_process.json: Schema 校验通过（roles ×5, discussion ×25, modifications ×125）

================================================================
结论: FAIL — 1 项违约必须修复（另有 4 项警告）。
按上方'修复'指引处理后重新运行本脚本；提交不符合契约仅有一次 4 小时限时重交机会（契约细则第七节）。
================================================================

