
启动 Expert-Judge 打磨循环（最多 5 轮）
============================================================

▶ 第 1 轮 — Expert 思考中...

我发现当前教案存在以下问题：

1. **驱动性问题开放性不足**：原教案中的驱动性问题“如果山水会说话，它们会向我们诉说什么？”虽然有趣，但偏向抽象想象，缺乏真实任务情境和明确产出。我将调整为更具体的“如何为家乡山水创作一篇有感染力的推介文章？”，使其更具挑战性和可操作性。

2. **教学目标表述不够具体可测量**：第3条目标“完成一篇不少于600字的推介散文”缺少质量标准和行为表现，我将补充“做到景中有情、情中有景，并运用至少两种感官描写”等可观察指标。

3. **活动一与活动二之间缺少衔接**：品读经典后直接跳到观察山水，学生可能不清楚如何将学到的写作方法应用于自己的观察。我将增加一个“方法提炼”环节，让学生从经典中总结可迁移的写作技巧。

4. **活动二的观察记录表缺乏引导性**：表格只列出了维度，没有提示学生如何填写或与写作关联。我将增加示例和引导性问题，帮助学生更有目的地观察。

5. **评价量规与教学目标不完全对应**：量规维度与目标2、3的关联不够直接。我将增加“写作手法运用”维度，对应“借景抒情、情景交融”的目标。

  Judge 评审中...
  总分: 86/100 | should_stop: True
  评分明细: A=8, B=12, C=18, D=13, E=9, F=26

  ✓ 达到终止条件，打磨完成。

============================================================
最终教案:

# 如果山水会说话——我是家乡山水推荐官

设计团队：某教育研究团队（信息已按合作协议脱敏）

## 单元简介

山水不仅是自然景观，更是中国人精神世界的寄托。从“会当凌绝顶，一览众山小”的豪迈，到“采菊东篱下，悠然见南山”的恬淡，古人用文字为山水赋予了生命与情感。本单元以“如何为家乡山水创作一篇有感染力的推介文章？”为核心驱动问题，学生将以“家乡山水推荐官”的身份，学习借景抒情、托物言志的写作手法，最终完成一篇为家乡山水代言的推介文章。

## 单元目标

1. **阅读与鉴赏**：阅读经典山水散文（《小石潭记》《醉翁亭记》节选），能准确梳理景物描写的角度（视觉、听觉、触觉、动静、虚实），并分析景物特征与作者情感之间的关联。

2. **写作与表达**：学习借景抒情、情景交融的写作手法，能运用至少两种感官描写和一种修辞手法，在推介文章中做到“景中有情、情中有景”。

3. **探究与实践**：通过实地观察或资料搜集，选定家乡的一处山水景点，完成一篇不少于600字的推介散文，要求结构完整、语言优美、情感真挚。

4. **合作与反思**：能在小组中分享并互评作品，从“景物描写是否生动、情感表达是否自然、语言是否优美”三个维度给出具体建议，并根据反馈修改自己的作品。

## 项目导引：当山水有了声音

### 【项目背景】

你听说过“蚌埠住了”“洛阳纸贵”这些和地名有关的梗吗？如果家乡的山水会说话，它们会向我们诉说什么？

每一座山、每一条河，都有它独特的故事——可能是地质变迁的亿万年纪事，可能是文人墨客留下的千古诗篇，也可能是祖辈口口相传的民间传说。而今天，这些故事需要你来讲述。

### 【驱动性问题】

**如何为家乡山水创作一篇有感染力的推介文章？**

你们将担任“家乡山水推荐官”，为学校文化节制作一份“家乡山水名片”。优秀作品将入选校刊《故乡的山水》专栏，并推荐至区级征文比赛。

---

**【调查分析】** 一个合格的“家乡山水推荐官”应该具备哪些能力？

---

我们需要学会：观察景物特征、选择独特的描写角度、把情感融入文字。而这些方法，都藏在经典的山水散文里。

### 【活动一：品读山水——学习景中藏情之法】

#### 经典研读：《小石潭记》·柳宗元

从小丘西行百二十步，隔篁竹，闻水声，如鸣珮环，心乐之……潭中鱼可百许头，皆若空游无所依。日光下澈，影布石上，佁然不动；俶尔远逝，往来翕忽，似与游者相乐……坐潭上，四面竹树环合，寂寥无人，凄神寒骨，悄怆幽邃。以其境过清，不可久居，乃记之而去。

**【交流研讨】**

1. 柳宗元笔下的水声是怎样的？心情如何？——心情变化：心乐之 → 似与游者相乐 → 凄神寒骨
2. 同一条小石潭，为什么心情会发生这样的变化？景物描写与作者命运有什么关系？
3. 文中的鱼是“实写”还是“虚写”？“似与游者相乐”用了什么修辞手法？

---

#### 经典研读：《醉翁亭记》（节选）·欧阳修

若夫日出而林霏开，云归而岩穴暝，晦明变化者，山间之朝暮也。野芳发而幽香，佳木秀而繁阴，风霜高洁，水落而石出者，山间之四时也。朝而往，暮而归，四时之景不同，而乐亦无穷也。

**【交流研讨】**

1. 作者写出了琅琊山哪些时间段的景色？用表格整理。
2. “乐亦无穷”中的“乐”包含了哪些情感？与柳宗元的“凄神寒骨”对比，有什么不同？

| 文本 | 景物特点 | 作者心境 | 背景关联 |
|------|---------|---------|---------|
| 《小石潭记》 | 清幽冷寂 | 凄苦孤寂 | 被贬永州 |
| 《醉翁亭记》 | 朝暮四时各异 | 乐亦无穷 | 被贬滁州 |

**【方法提炼：从经典到创作】**

从这两篇散文中，我们可以总结出哪些“景中藏情”的写作技巧？请小组讨论并记录。

| 写作技巧 | 例子（从文中找） | 如何运用到自己的写作中 |
|---------|----------------|----------------------|
| 多感官描写 | 水声如鸣珮环（听觉）、日光下澈（视觉） | 写家乡山水时，我要描写______ |
| 动静结合 | 佁然不动，俶尔远逝（动与静） | 写家乡山水时，我要描写______ |
| 情感融入景物 | 凄神寒骨（情感投射） | 写家乡山水时，我要表达______ |
| 时空变化 | 朝暮四时（时间维度） | 写家乡山水时，我要描写______ |

---

### 【活动二：观察山水——选择你的描写对象】

走出教室，用双脚丈量家乡的土地，用眼睛寻找那些值得被讲述的山水。

**任务选项**（三选一）：
- A. 实地考察：前往一处本地景点，实地观察并记录
- B. 采访搜集：采访长辈，搜集某处山水的老故事
- C. 资料研读：通过地方志或网络资源深度研究一处山水

**【观察记录表——为写作做准备】**

填写时，请思考：这个观察维度能引发怎样的情感？可以运用活动一中学到的哪种技巧？

| 观察维度 | 具体内容（示例） | 可引发的联想/情感 | 可运用的写作技巧 |
|---------|----------------|------------------|-----------------|
| 视觉（形、色、光） | 例：山峰像一尊卧佛，夕阳把山染成金色 | 庄严、神秘 | 比喻（修辞） |
| 听觉（风声、水声、鸟鸣） | 例：溪水淙淙，像在低声细语 | 宁静、亲切 | 拟人（修辞） |
| 触觉/嗅觉 | 例：山风清凉，带着松木的清香 | 清新、舒畅 | 通感（修辞） |
| 动态与静态 | 例：云雾缓缓流动，山峰静静矗立 | 变幻、永恒 | 动静结合 |
| 整体氛围 | 例：清晨薄雾笼罩，像一幅水墨画 | 诗意、悠远 | 虚实结合 |

---

### 【活动三：为山水代言——创意写作】

**写作要求**：
- 自选家乡一处山水（可以是名山大川，也可以是小河土坡）
- 运用借景抒情的手法，写出景物的独特之处
- 至少运用两种感官描写和一种修辞手法（比喻、拟人、通感等）
- 可尝试创新形式：书信体（给山水的一封信）、拟人化（山水自述）、时空对话（与古人共游）等
- 字数不少于600字

**【写作前自检清单——对照评价量规】**

在动笔前，请对照以下问题检查你的写作计划：
- [ ] 我是否选定了具体的山水景点？
- [ ] 我是否计划用至少两种感官来描写？
- [ ] 我是否想好了要表达怎样的情感？
- [ ] 我是否设计了独特的结构或视角？

**【评价量规——同伴互评】**

| 维度 | 优秀（4-5分） | 良好（2-3分） | 待改进（0-1分） |
|------|--------------|--------------|----------------|
| 景物描写 | 多角度生动描写（至少2种感官），画面感强 | 有描写但角度单一 | 缺少具体描写 |
| 情感表达 | 景情融合自然，真挚感人 | 有情感但略显生硬 | 情感空洞或无情感 |
| 写作手法运用 | 熟练运用借景抒情，至少使用2种修辞 | 能运用1种修辞 | 未运用或使用不当 |
| 语言表达 | 词汇丰富，语言优美 | 语言通顺，有少量好句 | 语言平淡，缺少亮点 |
| 创意构思 | 视角新颖，结构独特 | 有一定创意 | 常规写法 |

## 单元总结与延伸

### 【KWL 反思表】

| 我知道的（关于家乡山水和写作） | 我想知道的（关于山水散文和推介写作） | 我学到的（本单元最深刻的收获） |
|------------------------------|-----------------------------------|------------------------------|
| | | |

### 【拓展阅读】

- 推荐阅读：余光中《听听那冷雨》、朱自清《绿》、梁衡《壶口瀑布》
- 影视推荐：纪录片《航拍中国》相关片段

  → .\outputs_practice\demo001_CHN01_polished.md
  → .\outputs_practice\demo001_CHN01_process.json

==================================================
运行格式自检...
================================================================
附录 D 提交契约自查报告
目标目录: G:\.Study\.CS\repo\Xpert\code\outputs_practice
================================================================

-- WARN (3) ----------------------------------------
[WARN] STR-04  demo001_CHN01_polished.md: 未发现'过程/任务'类标题（教学过程/任务链/教学环节…）
         修复: 教学过程/任务链是核心结构件，请确认标题可被识别。
[WARN] SCH-08  demo001_CHN01_process.json: roles 仅 2 个（工程实现目标要求 ≥3 个差异化专家角色）
         修复: 确认专家角色数量满足需求文档第三节；主持人不计入专家角色数。
[WARN] SCH-08  demo001_MATH01_process.json: roles 仅 2 个（工程实现目标要求 ≥3 个差异化专家角色）
         修复: 确认专家角色数量满足需求文档第三节；主持人不计入专家角色数。

-- PASS (8) ----------------------------------------
[PASS] NAME-OK 发现 2 对命名合规且成对的提交文件
[PASS] ENC-OK  demo001_CHN01_polished.md: UTF-8 编码、非空（3509 字符）
[PASS] TEX-OK  demo001_CHN01_polished.md: LaTeX 定界符配对正常（$$ ×0, $ ×0）
[PASS] JSN-OK  demo001_CHN01_process.json: Schema 校验通过（roles ×2, discussion ×2, modifications ×11）
[PASS] ENC-OK  demo001_MATH01_polished.md: UTF-8 编码、非空（2834 字符）
[PASS] TEX-OK  demo001_MATH01_polished.md: LaTeX 定界符配对正常（$$ ×0, $ ×34）
[PASS] STR-OK  demo001_MATH01_polished.md: 标题结构粗检通过（检出 6 个一/二级标题）
[PASS] JSN-OK  demo001_MATH01_process.json: Schema 校验通过（roles ×2, discussion ×2, modifications ×14）

================================================================
结论: WARN — 契约层通过，可提交；3 项警告建议处理（结构类警告不处理的评分后果自负）。
================================================================

