
启动多 Expert 圆桌打磨（最多 5 轮）
============================================================

▶ 第 1 轮 — 圆桌研讨

[学科内容专家] Calling tool: load_skill with {'skill_name': 'case_knowledge'}
[学情适配专家] Calling tool: load_skill with {'skill_name': 'rubric_mapping'}
[学情适配专家] Calling tool: load_skill with {'skill_name': 'knowledge_boundary'}
[素养导向教研员] Calling tool: load_skill with {'skill_name': 'rubric_mapping'}
[素养导向教研员] Calling tool: load_skill with {'skill_name': 'knowledge_boundary'}
╔══ 素养导向教研员 ═══ 10:35:36 （用时 25.5s）

── 修改意见 ──
1. 【位置】教学目标（知识与技能第1-3条）｜【问题】目标使用旧版三维框架语言，未出现义教数学课标“三会”核心素养名称（会用数学的眼光观察现实世界、会用数学的思维思考现实世界、会用数学的语言表达现实世界），也未出现对应学段的模型意识、应用意识等素养表述｜【依据】rubric_mapping: F1 素养目标行为化、F2 学段课标符合、学科×学段语言-数学义教｜【建议】将教学目标改写为以“三会”为纲的行为化表述，例如：“能从购物小票等生活情境中抽象出等量关系，用符号语言列出方程（数学眼光）；能解释列方程的依据并检验解的合理性（数学思维）；能用方程模型向同伴说明购物问题的解决方案（数学语言）”
2. 【位置】教学目标全部6条｜【问题】目标均为教师视角的笼统描述（“理解”“掌握”“经历”“感受”），缺少学生可观察、可测量的具体行为表现｜【依据】rubric_mapping: F1 素养目标行为化｜【建议】每条目标补充可观察的行为动词，例如将“理解一元一次方程在实际问题中的应用”改为“能根据购物情境中的已知数和未知数，口头说出等量关系并列出方程”
3. 【位置】教学过程 一、情境导入｜【问题】购物小票情境仅在导入环节出现一次，后续新知探究（例题1-3）切换为折扣、分配、行程问题，与购物情境脱节，未在至少两个后续环节中实质使用该情境承载任务｜【依据】rubric_mapping: F4 真实情境与探究｜【建议】将例题1-3统一改编为同一购物场景下的子问题（如同一商场的折扣计算、商品分配、送货路程），使购物情境贯穿导入、探究和巩固练习
4. 【位置】教学过程 二、新知探究（例题1-3）｜【问题】例题全部由教师直接给出分析和解法，未设置递进问题链引导学生外显“怎样想到设哪个量为未知数”“为什么用这个等量关系”的思考过程｜【依据】rubric_mapping: F3 思维参与｜【建议】在每个例题后增加追问环节，例如：“你是根据哪些关键词确定等量关系的？”“如果设另一个量为未知数，方程会怎样？两种设法哪种更简便？”并要求学生书面或口头记录思路
5. 【位置】教学过程 三、巩固练习｜【问题】练习为封闭式计算题，学生仅需模仿例题步骤求解，无自主组织路径、方法选择或生成性讨论的空间，也无学生可产出的可观察成果（如方案说明、思路图、错误分析）｜【依据】rubric_mapping: F5 学生主体与生成｜【建议】将至少一道练习改为开放任务：给出情境但不设问题，要求学生自主提出可解的数学问题并列出方程，然后小组互评问题的合理性和方程的准确性
6. 【位置】全课教学过程｜【问题】教案未设置任何目标达成检核环节，无检核内容、无水平描述、无观察记录方式，无法判断学生是否达成教学目标｜【依据】rubric_mapping: F6 目标达成检核｜【建议】在巩固练习后增加5分钟检核环节：设计2-3道对应三个目标的小题（如：口头说出等量关系、列方程、检验解的合理性），教师巡视记录学生完成情况作为达成证据
7. 【位置】全课｜【问题】教案未提供学情分析（学生profile），无法判断任务难度、开放度、先备知识、支架与分层是否适配学生实际水平｜【依据】rubric_mapping: D5 学情检查｜【建议】补充学情分析，明确学生已具备的运算基础、常见的列方程困难、本班学习风格差异，并据此调整例题的开放度和练习的分层要求
╔══ 学科内容专家 ═══ 10:35:42 （用时 31.9s）

── 无修改意见 ──
╔══ 学情适配专家 ═══ 10:35:44 （用时 33.5s）

── 修改意见 ──
1. 【位置】整体教案｜【问题】缺少学情分析和教材分析（推荐件），无法判断教学起点与单元定位｜【依据】rubric_mapping: 常规课推荐件｜【建议】补充学情分析（学生已掌握的解方程技能、常见困难点）和教材分析（本课在"一元一次方程"单元中的位置与前后知识关联）

2. 【位置】教学过程·新知探究｜【问题】仅列出例题及解答，未写明教师活动和学生活动，B1环节展开度不足｜【依据】rubric_mapping: B1环节展开度｜【建议】为每个例题补充教师引导语或提问序列（如"怎样用未知数表示未知量？"），以及学生操作（独立思考列式→小组核对→板演展示）

3. 【位置】教学过程·新知探究（例题1-3）｜【问题】三例均无预设学生回答要点或典型误区，B3预设与应对缺失｜【依据】rubric_mapping: B3预设与应对｜【建议】对例题1补充"学生可能混淆标价与售价"的预设及纠错策略；对例题2补充"移项符号错误"的常见误区及对比辨析

4. 【位置】教学过程·巩固练习｜【问题】仅列出题目，无组织形式、时间分配和师生活动，B2可执行颗粒度不足｜【依据】rubric_mapping: B2可执行颗粒度｜【建议】补充练习环节组织形式（独立完成4分钟→同桌互批2分钟→全班纠错6分钟）及每道练习的预计用时

5. 【位置】教学目标·目标3｜【问题】"能检验方程的解是否符合实际问题的意义"在全课无对应活动或检核环节，D1目标—活动脱节｜【依据】rubric_mapping: D1｜【建议】在例题1或巩固练习后增加显性化的"检验"步骤追问（如"x=2.4小时在实际情境中合理吗？为什么？"）

6. 【位置】教学难点｜【问题】难点"准确找到等量关系并建模"仅有例题分析展示，无专门支架或变式训练突破，D2难点未突破｜【依据】rubric_mapping: D2｜【建议】在例题前增加"找等量关系三步法"策略支架（圈关键词→列表对比已知/未知量→写出等式），并在板书左侧固定保留"等量关系"列

7. 【位置】教学过程｜【问题】例题2（植树分配）和例题3（行程相遇）与课题"购物中的数学"主题不一致，且三例间无衔接过渡，D3环节衔接不足｜【依据】rubric_mapping: D3｜【建议】将例题2、3改写为购物情境（如团购人数变化导致价格差异、两地送货的运费计算），或在例题间增加衔接语说明"方程不仅能解决购物问题，还能解决分配、行程等实际问题"

  [主持人] 汇总合并中...
  [主持人] 用时 19.0s
╔══ 主持人冲突分析 ═══
经分析两位专家的意见，存在以下冲突：

1. **素养导向教研员**建议将例题1-3统一改编为购物情境；**学情适配专家**建议将例题2、3改写为购物情境，但保留例题3的行程问题作为衔接过渡。
   - **裁决**：采纳“统一改编”方向，但保留例题3的行程问题作为“购物后送货”情境（如：商场送货到两地），既维持情境连贯，又不完全删除原有经典题型。此为折中方案。

2. **素养导向教研员**建议增加开放任务（学生自主提出问题）；**学情适配专家**建议补充练习环节的展开度和组织形式（时间分配、互批等）。
   - **裁决**：两者不冲突，可合并。开放任务作为其中一道练习，同时按学情适配专家的建议补充完整的时间分配和组织形式。

合并后的修改计划：
- (来自 素养导向教研员) 将教学目标改写为以“三会”为纲的行为化表述，每条补充可观察的行为动词。
- (来自 素养导向教研员) 将例题1-3统一改编为购物情境下的子问题，使情境贯穿全程。
- (来自 素养导向教研员) 在每个例题后增加追问环节，引导学生外显思考过程。
- (来自 素养导向教研员) 将至少一道练习改为开放任务，要求学生自主提出可解的数学问题。
- (来自 素养导向教研员) 在巩固练习后增加5分钟目标达成检核环节。
- (来自 素养导向教研员) 补充学情分析。
- (来自 学情适配专家) 补充学情分析和教材分析。
- (来自 学情适配专家) 为每个例题补充教师引导语/提问序列及学生操作。
- (来自 学情适配专家) 对例题1、2补充预设学生典型误区及纠错策略。
- (来自 学情适配专家) 补充练习环节的组织形式和时间分配。
- (来自 学情适配专家) 在例题后增加显性化的“检验”步骤追问。
- (来自 学情适配专家) 在例题前增加“找等量关系三步法”策略支架。
- (来自 学情适配专家) 将例题2、3改写为购物情境，或在例题间增加衔接语。
    ✓ 合并完成

  合并后教案预览（前200字）:
    # 一元一次方程的应用——购物中的数学

## 学情分析与教材分析
（新增，来自 素养导向教研员、学情适配专家）

### 学情分析
学生已掌握一元一次方程的解法（移项、合并同类项等），但多数学生面对实际问题时，难以准确从文字中提取等量关系，常出现“设对了未知数但列错方程”或“不会设未知数”的情况。本班学生数学基础中等偏上，对生活情境（如购物）兴趣较高，但抽象建模能力较弱，需要支架引导。

###...

  [评审专家] 评审中...
  评审用时 20.5s
  总分: 97/100 (上一轮: -) | should_stop: False
  评分明细: A=10, B=15, C=20, D=15, E=10, F=27

▶ 第 2 轮 — 圆桌研讨

╔══ 素养导向教研员 ═══ 10:36:33 （用时 9.8s）

── 修改意见 ──
1. 【位置】教学过程 三、巩固练习 练习2｜【问题】练习2（分图书问题）仍与购物情境不一致，上一轮已指出但未修改，破坏了情境的全程贯穿性｜【依据】rubric_mapping: F4 真实情境与探究｜【建议】将练习2改编为购物情境下的分配问题，例如：“商场将一批促销商品分给各柜台，若每个柜台分3箱则多20箱，若每个柜台分4箱则缺25箱，求柜台数和商品总数”
2. 【位置】教学过程 四、目标达成检核｜【问题】检核内容虽对应三个目标，但缺少水平描述量规（如“能独立说出等量关系得1分，需提示得0.5分”），无法区分学生达成程度，上一轮已指出但未补充｜【依据】rubric_mapping: F6 目标达成检核｜【建议】为三条检核分别补充三级量规：①能独立准确说出等量关系（优）/需提示（中）/不能说出（待提高）；②能独立正确列方程并求解（优）/列式正确但计算有误（中）/未能列式（待提高）；③能完整说明检验依据（优）/仅验证数值（中）/未检验（待提高）
3. 【位置】教学过程 二、新知探究 例题3｜【问题】例题3（送货行程问题）虽有衔接语，但情境本身与购物主题脱节，学生需切换情境认知，削弱了购物情境的统领作用｜【依据】rubric_mapping: F4 真实情境与探究｜【建议】将例题3改编为购物送货情境，例如：“商场用两辆货车从仓库向两个分店送货，仓库距A分店60km、距B分店40km，两车同时出发相向而行，多久相遇？”保留行程模型但嵌入购物场景
╔══ 学情适配专家 ═══ 10:36:39 （用时 16.0s）

── 修改意见 ──
1. 【位置】教学过程·巩固练习·练习2｜【问题】"分图书"问题与课题"购物中的数学"情境不一致，削弱D3情境贯穿性｜【依据】rubric_mapping: D3｜【建议】将练习2改编为购物分配情境，如"商场将一批促销商品分给各门店，若每店分3箱则多20箱，每店分4箱则缺25箱，求门店数和商品总数"

2. 【位置】教学过程·四、目标达成检核｜【问题】检核环节仅有"教师巡视记录"而无具体达标标准，D1检核证据可操作性不足｜【依据】rubric_mapping: D1｜【建议】为每项检核补充简易量规，如"口头说出等量关系：正确得1分，需提示得0.5分，错误得0分"，使目标达成可量化记录

3. 【位置】六、布置作业·必做题｜【问题】"教材第85页练习题第1-4题"未说明题目内容，无法核对D4作业与目标的一致性｜【依据】rubric_mapping: D4｜【建议】补充必做题的题型简述（如"第1-2题购物折扣、第3-4题购物分配"），或直接替换为与购物情境一致的原创题
╔══ 学科内容专家 ═══ 10:36:49 （用时 26.0s）

── 修改意见 ──
1. 【位置】教学过程·二、新知探究·例题2（团购分配问题）｜【问题】题目设问"每人应买几件才最优惠"与给定条件（折扣基于团购人数而非件数）逻辑不匹配，且答案仅回答学生人数，未回答该问，属于设问与数据脱节导致答案不完整｜【依据】rubric_mapping: C 一般性不严谨｜【建议】删除"每人应买几件才最优惠"这一问，使问题聚焦于分配问题本身；或补充商品单价并重新设计优惠条件使该问可解，同时补全答案
2. 【位置】教学过程·三、巩固练习·练习1｜【问题】篮球65元/个、排球45元/个，共10个共520元，解得篮球3.5个、排球6.5个，不符合实际物品数量须为整数的要求｜【依据】rubric_mapping: C 一般性不严谨｜【建议】将总花费改为530元（65×4+45×6=530，得篮球4个、排球

  [主持人] 汇总合并中...
  [主持人] 用时 26.5s
╔══ 主持人冲突分析 ═══
经分析三位专家的意见，存在以下可合并项，无真冲突：

1. **练习2改编**：素养导向教研员与学情适配专家均建议将练习2改编为购物分配情境，意见完全一致，直接合并。
2. **目标达成检核量规**：素养导向教研员要求三级量规（优/中/待提高），学情适配专家要求简易量规（1分/0.5分/0分）。两者方向一致，可合并：采用详细的三级描述，同时附量化分值以增强可操作性。
3. **例题3改编**：素养导向教研员建议改为购物送货情境，学情适配专家未反对，采纳以强化情境贯穿。
4. **例题2设问问题**：学科内容专家指出“每人应买几件才最优惠”与数据不匹配，答案不完整。采纳该建议，删除该问，使题目聚焦。
5. **练习1数据问题**：学科内容专家指出总花费520元导致非整数解，建议改为530元。采纳。
6. **必做题补充**：学情适配专家建议补充题型简述，采纳。

合并后的修改计划：
- (来自 素养导向教研员、学情适配专家) 将练习2改编为购物分配情境：“商场将一批促销商品分给各柜台，若每个柜台分3箱则多20箱，若每个柜台分4箱则缺25箱，求柜台数和商品总数。”
- (来自 素养导向教研员、学情适配专家) 为目标达成检核补充三级量规，附量化分值。
- (来自 素养导向教研员) 将例题3改编为购物送货情境：“商场用两辆货车从仓库向两个分店送货，仓库距A分店60km、距B分店40km，两车同时出发相向而行，多久相遇？”
- (来自 学科内容专家) 删除例题2中“每人应买几件才最优惠”一问，使题目聚焦分配问题。
- (来自 学科内容专家) 将练习1总花费改为530元（篮球4个、排球6个）。
- (来自 学情适配专家) 补充必做题的题型简述。
    ✓ 合并完成

  合并后教案预览（前200字）:
    # 一元一次方程的应用——购物中的数学

## 学情分析与教材分析

### 学情分析
学生已掌握一元一次方程的解法（移项、合并同类项等），但多数学生面对实际问题时，难以准确从文字中提取等量关系，常出现“设对了未知数但列错方程”或“不会设未知数”的情况。本班学生数学基础中等偏上，对生活情境（如购物）兴趣较高，但抽象建模能力较弱，需要支架引导。

### 教材分析
本课选自人教版七年级上册第三章“一...

  [评审专家] 评审中...
  评审用时 14.8s
  总分: 100/100 (上一轮: 97) | should_stop: False
  评分明细: A=10, B=15, C=20, D=15, E=10, F=30

▶ 第 3 轮 — 圆桌研讨

╔══ 素养导向教研员 ═══ 10:37:39 （用时 8.4s）

── 修改意见 ──
1. 【位置】教学过程 六、布置作业 选做题｜【问题】选做题（游乐园门票）与课题"购物中的数学"情境不一致，削弱了作业环节的情境贯穿性｜【依据】rubric_mapping: F4 真实情境与探究｜【建议】将选做题改编为购物情境，例如："商场促销：满200减40，小明买了3件商品共消费240元，若按原价需付多少？请列方程求解"
2. 【位置】板书设计 常见模型｜【问题】板书将模型概括为"销售""分配""行程"三类通用名称，未与购物情境绑定，学生可能难以将模型迁移回本课购物主线｜【依据】rubric_mapping: F4 真实情境与探究｜【建议】将模型名称改为购物情境化表述，如"购物折扣""团购分配""送货行程"，与例题标题保持一致
╔══ 学情适配专家 ═══ 10:37:43 （用时 12.2s）

── 修改意见 ──
1. 【位置】教学过程·二、新知探究·例题3｜【问题】题目仅给出"仓库距A分店60km、距B分店40km"（距离），未明确给出两车速度，但方程中直接使用60km/h和40km/h作为速度值，数据来源不清晰，可能干扰学生建模｜【依据】rubric_mapping: B2可执行颗粒度｜【建议】在题目中显式补充速度条件，如"A货车从仓库以60km/h驶向A分店，B货车从仓库以40km/h驶向B分店"，使已知量与方程中的数值可追溯
╔══ 学科内容专家 ═══ 10:37:48 （用时 17.6s）

── 修改意见 ──
1. 【位置】教学过程·二、新知探究·例题3（送货行程问题）｜【问题】题目陈述"仓库距A分店60km、距B分店40km"给出的是距离，但方程$60t+40t=60+40$中将60和40当作速度(km/h)使用，混淆距离与速度量纲；且"两车同时出发相向而行"与"从仓库向两个分店送货"矛盾——两车均从仓库出发前往不同分店应属背向而行而非相向而行，场景逻辑不自洽｜【依据】rubric_mapping: C 重大知识性错误｜【建议】重写例题3：明确给出两车速度（如甲车60km/h、乙车40km/h），并设定合理的相遇场景（如两车分别从A、B两地相向而行，A、B相距100km），或改用购物送货中的其他可建模情境（如运费与件数的线性关系）
2. 【位置】教学过程·二、新知探究·例题2（团购分配问题）｜【问题】题目给出了团购折扣条件（不超过10人原价，超过10人8折），但该条件在后续列方程求解学生人数和商品总数时从未被使用，属于冗余信息，可能误导学生｜【依据】rubric_mapping: C 一般不严谨｜【建议】删除折扣条件，使题目仅保留分配问题的核心信息；或保留折扣条件并增设一问（如计算不同方案的总花费）使其发挥作用，同时补全对应答案

  [主持人] 汇总合并中...
  [主持人] 用时 16.8s
╔══ 主持人冲突分析 ═══
经分析三位专家的意见，存在以下冲突与可合并项：

1. **例题3的知识性错误**：学科内容专家指出距离与速度混淆、场景逻辑不自洽（相向而行与从仓库向两个分店送货矛盾），属于重大错误；学情适配专家要求补充速度条件。两者方向一致，合并为重写方案：将场景改为“两车分别从A、B分店同时出发返回仓库（相向而行）”，并显式给出速度值，使量纲一致、逻辑自洽。
2. **例题2的冗余信息**：学科内容专家指出团购折扣条件从未被使用，建议删除或增设一问。素养导向教研员未反对，且删除后不影响购物情境贯穿，故采纳删除方案，使题目聚焦分配核心。
3. **选做题与板书**：素养导向教研员的建议与学情适配专家、学科内容专家无冲突，直接采纳。

合并后的修改计划：
- (来自 学科内容专家、学情适配专家) 重写例题3：将场景改为“A分店距仓库60km，B分店距仓库40km，两车同时从各自分店出发返回仓库，A车速度60km/h，B车速度40km/h，多久相遇？”
- (来自 学科内容专家) 删除例题2中的团购折扣条件，使题目仅保留分配问题核心信息。
- (来自 素养导向教研员) 将选做题改编为购物情境：“商场促销：满200减40，小明买了3件商品共消费240元，若按原价需付多少？”
- (来自 素养导向教研员) 将板书常见模型名称改为情境化表述：“购物折扣”“团购分配”“送货行程”。
    ✓ 合并完成

  合并后教案预览（前200字）:
    # 一元一次方程的应用——购物中的数学

## 学情分析与教材分析

### 学情分析
学生已掌握一元一次方程的解法（移项、合并同类项等），但多数学生面对实际问题时，难以准确从文字中提取等量关系，常出现“设对了未知数但列错方程”或“不会设未知数”的情况。本班学生数学基础中等偏上，对生活情境（如购物）兴趣较高，但抽象建模能力较弱，需要支架引导。

### 教材分析
本课选自人教版七年级上册第三章“一...

  [评审专家] 评审中...
  评审用时 7.1s
  总分: 100/100 (上一轮: 100) | should_stop: True
  评分明细: A=10, B=15, C=20, D=15, E=10, F=30

  ✓ 达到终止条件，打磨完成。

============================================================
最终教案:

# 一元一次方程的应用——购物中的数学

## 学情分析与教材分析

### 学情分析
学生已掌握一元一次方程的解法（移项、合并同类项等），但多数学生面对实际问题时，难以准确从文字中提取等量关系，常出现“设对了未知数但列错方程”或“不会设未知数”的情况。本班学生数学基础中等偏上，对生活情境（如购物）兴趣较高，但抽象建模能力较弱，需要支架引导。

### 教材分析
本课选自人教版七年级上册第三章“一元一次方程”第4节，是在学生已学习方程的概念、解法之后的实际应用课。本课的核心是建立“实际问题→方程模型”的思维框架，为后续学习二元一次方程组、不等式等建模内容奠定基础。本课位于单元中后段，起承上启下的作用。

## 教学目标

1. **数学眼光**：能从购物小票、促销海报等生活情境中，识别已知量和未知量，用符号语言列出方程表示等量关系。
2. **数学思维**：能解释列方程的依据（为什么用这个等量关系），并按照解方程步骤正确求解，检验解的合理性。
3. **数学语言**：能用方程模型向同伴说明购物问题的解决方案，包括设元、列方程、求解、检验的全过程。

## 教学重点与难点
- **重点**：找出实际问题中的等量关系，正确列出一元一次方程。
- **难点**：理解题意，准确找到等量关系并建模。

## 教学过程

### 一、情境导入（5分钟）

**教师活动**：展示商场购物小票，提出问题：“小明去文具店买笔和笔记本，共花了27元。其中笔每支2元，笔记本每本5元。小明一共买了9件文具。你能算出他买了几支笔、几本笔记本吗？”

**学生活动**：小组讨论，尝试用已有方法（如枚举、算术）解决问题，然后教师引导：“如果用方程，怎么设？怎么列？”

**设计意图**：从生活情境出发，激发学习兴趣，自然引入方程建模思想。

### 二、新知探究（20分钟）

**策略支架**：在例题前出示“找等量关系三步法”支架，并板书左侧固定保留“等量关系”列。
- 第一步：圈关键词（“共”“比…多”“打几折”等）
- 第二步：列表对比已知量和未知量
- 第三步：写出等式

#### 例题1：购物折扣问题

某商店举行促销活动，每件商品按标价的8折出售。小明看中一件衣服，打8折后售价为400元。这件衣服的标价是多少元？

**教师引导语**：“同学们，怎样用未知数表示未知量？标价和售价之间有什么关系？请独立列出方程。”

**学生活动**：独立思考列式→小组核对→板演展示。

**追问环节**：
- “你是根据哪些关键词确定等量关系的？”
- “如果设售价为未知数，方程会怎样？两种设法哪种更简便？”

**预设与应对**：
- 学生可能混淆“标价”与“售价”，教师可追问：“打8折是在哪个价格上打折？”
- 学生可能列出 $x \times 0.8 = 400$ 后直接写答案，教师引导写出完整解方程步骤。

**分析**：
- 等量关系：标价 × 折扣率 = 售价
- 设标价为 $x$ 元，则 $0.8x = 400$
- 解：$x = 400 \div 0.8 = 500$

**答案**：标价为500元。

**检验追问**："500 × 0.8 = 400，符合题意，合理。"

---

#### 例题2：团购分配问题（删除折扣条件，来自 学科内容专家）

某班学生团购同一种商品，若每人买2件，则多出6件；若每人买3件，则缺少12件。该班有多少名学生？商品总数是多少件？

**教师引导语**：“先找出题目中的等量关系——什么是不变的？商品总数。请用三步法分析。”

**学生活动**：独立思考列式→小组核对→板演展示。

**追问环节**：
- “你是根据哪些关键词确定等量关系的？”
- “为什么设学生人数为 $x$？如果设商品总数为 $x$，方程会怎样？”

**预设与应对**：
- 学生可能移项符号错误（如 $2x + 6 = 3x - 12$ 移项时符号写反），教师可对比辨析正确与错误写法。

**分析**：
- 等量关系：商品总数不变
- 设学生人数为 $x$，则 $2x + 6 = 3x - 12$
- 解：$2x - 3x = -12 - 6$，$-x = -18$，$x = 18$
- 商品总数：$2 \times 18 + 6 = 42$（件）

**答案**：该班有18名学生，商品共42件。

**检验追问**："18名学生，每人2件得36件，多6件，共42件；每人3件得54件，缺12件，也是42件。一致，合理。"

---

#### 例题3：送货行程问题（重写，来自 学科内容专家、学情适配专家）

商场从A分店和B分店各派一辆货车返回仓库，两车同时出发相向而行。A分店距仓库60km，A车速度60km/h；B分店距仓库40km，B车速度40km/h。多久两车相遇？

**教师引导语**：“两车相遇时，它们走过的路程有什么关系？请用三步法分析。”

**学生活动**：独立思考列式→小组核对→板演展示。

**追问环节**：
- “你是根据哪些关键词确定等量关系的？”
- “如果设 $t$ 小时后相遇，你能用两种方式表示总路程吗？”

**预设与应对**：
- 学生可能忘记单位统一，教师提醒。
- 学生可能列出 $60t = 40t$，教师追问：“两车路程相等吗？它们的关系是什么？”

**分析**：
- 等量关系：A车路程 + B车路程 = 仓库到两分店距离之和
- 设 $t$ 小时后相遇，则 $60t + 40t = 60 + 40$，即 $100t = 100$
- 解：$t = 1$

**答案**：1小时后两车相遇。

**检验追问**："1小时，A车走60km，B车走40km，合计100km，正好等于两分店距离之和，合理。"

---

### 三、巩固练习（12分钟）

**组织形式**：独立完成4分钟→同桌互批2分钟→全班纠错6分钟

**练习1**（数据修改，来自 学科内容专家）：某班购买篮球和排球共10个，共花费530元。已知篮球每个65元，排球每个45元。
- **任务**：请根据以上信息，自主提出一个可解的数学问题，并列出方程求解。
- **要求**：小组内互评问题的合理性和方程的准确性。

**练习2**（改编为购物情境，来自 素养导向教研员、学情适配专家）：商场将一批促销商品分给各柜台，若每个柜台分3箱则多20箱，若每个柜台分4箱则缺25箱。求柜台数和商品总数。

**预计用时**：练习1约5分钟（含小组互评），练习2约4分钟，全班纠错约3分钟。

---

### 四、目标达成检核（5分钟）

**检核内容**（对应三个目标）：
1. **口头说出等量关系**：教师出示一道新情境题（如“小明买3支笔和2个笔记本共花16元，笔每支2元，笔记本每本多少钱？”），请一位学生口头说出等量关系。
   - **量规**：能独立准确说出等量关系（优，1分）/需提示（中，0.5分）/不能说出（待提高，0分）
2. **列方程**：全体学生独立列出方程并求解。
   - **量规**：能独立正确列方程并求解（优，1分）/列式正确但计算有误（中，0.5分）/未能列式（待提高，0分）
3. **检验解的合理性**：学生口头说明解是否符合实际意义。
   - **量规**：能完整说明检验依据（优，1分）/仅验证数值（中，0.5分）/未检验（待提高，0分）

**教师巡视记录**：记录学生得分情况，作为目标达成证据。

---

### 五、课堂小结（3分钟）

**教师引导**：

1. 列方程解应用题的一般步骤：
   - 审题：弄清题意，找出已知量和未知量
   - 设元：用字母表示未知数
   - 列方程：找到等量关系，列出方程
   - 解方程：求出未知数的值
   - 检验：检查解是否符合实际意义

2. 常见的等量关系类型：
   - 购物折扣：售价 = 标价 × 折扣
   - 团购分配：两种分配方式的总量相等
   - 送货行程：路程 = 速度 × 时间

---

### 六、布置作业（2分钟）

**必做题**（补充题型简述，来自 学情适配专家）：教材第85页练习题第1-4题（第1-2题购物折扣问题，第3-4题购物分配问题）

**选做题**（改编为购物情境，来自 素养导向教研员）：商场促销：满200减40。小明买了3件商品，实际共消费240元。若按原价需付多少元？请列方程求解。

## 板书设计

```
一元一次方程的应用——购物中的数学

等量关系三步法：               常见模型：
1. 圈关键词                   1. 购物折扣：标价×折扣=售价
2. 列表对比                   2. 团购分配：两种方式总量相等
3. 写出等式                   3. 送货行程：s₁ + s₂ = s总

步骤：
1. 审题 → 2. 设元 → 3. 列方程 → 4. 解方程 → 5. 检验
```

## 教学反思

（课后填写）

  → .\outputs_practice\demo001_MATH01_polished.md
  → .\outputs_practice\demo001_MATH01_process.json

==================================================
运行格式自检...
================================================================
附录 D 提交契约自查报告
目标目录: G:\.Study\.CS\repo\Xpert\code\outputs_practice
================================================================

-- WARN (4) ----------------------------------------
[WARN] STR-04  demo001_BIO01_polished.md: 未发现'过程/任务'类标题（教学过程/任务链/教学环节…）
         修复: 教学过程/任务链是核心结构件，请确认标题可被识别。
[WARN] STR-04  demo001_CHN01_polished.md: 未发现'过程/任务'类标题（教学过程/任务链/教学环节…）
         修复: 教学过程/任务链是核心结构件，请确认标题可被识别。
[WARN] SCH-08  demo001_CHN01_process.json: roles 仅 2 个（工程实现目标要求 ≥3 个差异化专家角色）
         修复: 确认专家角色数量满足需求文档第三节；主持人不计入专家角色数。
[WARN] STR-04  demo001_MATH02_polished.md: 未发现'过程/任务'类标题（教学过程/任务链/教学环节…）
         修复: 教学过程/任务链是核心结构件，请确认标题可被识别。

-- PASS (14) ----------------------------------------
[PASS] NAME-OK 发现 4 对命名合规且成对的提交文件
[PASS] ENC-OK  demo001_BIO01_polished.md: UTF-8 编码、非空（5260 字符）
[PASS] TEX-OK  demo001_BIO01_polished.md: LaTeX 定界符配对正常（$$ ×0, $ ×0）
[PASS] JSN-OK  demo001_BIO01_process.json: Schema 校验通过（roles ×5, discussion ×15, modifications ×67）
[PASS] ENC-OK  demo001_CHN01_polished.md: UTF-8 编码、非空（5017 字符）
[PASS] TEX-OK  demo001_CHN01_polished.md: LaTeX 定界符配对正常（$$ ×0, $ ×0）
[PASS] JSN-OK  demo001_CHN01_process.json: Schema 校验通过（roles ×2, discussion ×4, modifications ×25）
[PASS] ENC-OK  demo001_MATH01_polished.md: UTF-8 编码、非空（3963 字符）
[PASS] TEX-OK  demo001_MATH01_polished.md: LaTeX 定界符配对正常（$$ ×0, $ ×38）
[PASS] STR-OK  demo001_MATH01_polished.md: 标题结构粗检通过（检出 7 个一/二级标题）
[PASS] JSN-OK  demo001_MATH01_process.json: Schema 校验通过（roles ×5, discussion ×15, modifications ×45）
[PASS] ENC-OK  demo001_MATH02_polished.md: UTF-8 编码、非空（2125 字符）
[PASS] TEX-OK  demo001_MATH02_polished.md: LaTeX 定界符配对正常（$$ ×0, $ ×8）
[PASS] JSN-OK  demo001_MATH02_process.json: Schema 校验通过（roles ×5, discussion ×25, modifications ×125）

================================================================
结论: WARN — 契约层通过，可提交；4 项警告建议处理（结构类警告不处理的评分后果自负）。
================================================================

