  [素养导向教研员] 加载技能: ['responsibility', 'knowledge_boundary', 'rubric_mapping', 'case_knowledge']
  [学科内容专家] 加载技能: ['responsibility', 'knowledge_boundary', 'rubric_mapping', 'case_knowledge']
  [学情适配专家] 加载技能: ['responsibility', 'knowledge_boundary', 'rubric_mapping', 'case_knowledge']
  [主持人] 加载技能: ['responsibility', 'knowledge_boundary']
  [评审专家] 加载技能: ['evaluation_rubric', 'knowledge_boundary', 'responsibility', 'scoring_rules']

启动多 Expert 圆桌打磨（最多 5 轮）
============================================================

▶ 第 1 轮 — 圆桌研讨

  [学情适配专家] 用时 12.7s, 意见 1479 字
  ✓ 收到 学情适配专家 意见 (1479 字): ...
  [素养导向教研员] 用时 19.8s, 意见 1227 字
  ✓ 收到 素养导向教研员 意见 (1227 字): ...
  [学科内容专家] 用时 19.8s, 意见 607 字
  ✓ 收到 学科内容专家 意见 (607 字): ...

  [主持人] 汇总合并中...
经分析三位专家的意见，存在以下冲突：

1. **例题2、3是否替换为购物情境**：素养导向教研员和学科内容专家均建议替换，学情适配专家给出替换或加衔接语两种选项。无本质冲突，采纳替换方案以保持主题一致。
2. **目标中“去分母”步骤**：学科内容专家指出目标含去分母但例题无，建议删除或增加例题；素养导向教研员未涉及此点。采纳删除“去分母”目标，并确保例题均为整数系数方程，避免引入分母。
3. **练习1数据修改**：学科内容专家指出非整数解，需修改数据。无冲突，采纳修改为510元。
4. **选做题矛盾**：学科内容专家指出人数与票数矛盾，需修改。无冲突，采纳修改为3人3张票，总价200元。
5. **增加目标检核与作业对应目标**：素养导向教研员建议增加目标检核环节，学情适配专家建议作业对应目标。两者互补，合并实施。

合并后的修改计划：
- (来自 r_literacy) 补充学情分析。
- (来自 r_literacy, r_subject) 重写教学目标，使用核心素养语言，删除“去分母”。
- (来自 r_learner) 在重点难点后增加“找等量关系三步法”作为难点突破支架。
- (来自 r_literacy, r_subject, r_learner) 情境导入保留购物小票，将例题2、3替换为购物情境的分配问题和行程问题。
- (来自 r_literacy) 在例题分析前增加追问和小组讨论环节。
- (来自 r_learner) 为每个例题补充预设误区、学生活动描述、组织形式、支架材料（如等量关系分析表）。
- (来自 r_subject) 例题1补充第一问答案。
- (来自 r_subject) 练习1数据改为510元；选做题修改为3人3张票，总价200元。
- (来自 r_literacy) 巩固练习后增加“目标检核”环节。
- (来自 r_literacy) 巩固练习增加开放编题环节。
- (来自 r_learner) 各环节补充学生活动、时间与组织形式、预设误区。
- (来自 r_learner) 作业增加检核要求。
- (来自 r_learner) 板书调整体现购物情境下的三种模型。
  [主持人] 用时 22.0s
    ✓ 合并完成

  合并后教案预览（前200字）:
    # 一元一次方程的应用——购物中的数学

## 学情分析
学生已掌握简单一元一次方程的解法，能进行移项、合并同类项等基本操作。但“找等量关系”是主要难点，部分学生习惯于直接套用公式，缺乏从文字中提取等量关系的策略。本课通过购物情境串联，降低认知负荷，同时提供支架帮助学生建模。

## 教学目标

### 知识与技能
1. 能从购物情境中识别等量关系，并用一元一次方程表示，发展模型观念。
2. 掌握...

  [评审专家] 评审中...
  评审用时 26.0s
  总分: 84.1667/100 (上一轮: -) | should_stop: False
  评分明细: A=7.6667, B=15, C=20, D=9, E=10, F=22.5

▶ 第 2 轮 — 圆桌研讨

  [学科内容专家] 用时 6.3s, 意见 318 字
  ✓ 收到 学科内容专家 意见 (318 字): ...
  [学情适配专家] 用时 13.2s, 意见 1028 字
  ✓ 收到 学情适配专家 意见 (1028 字): ...
  [素养导向教研员] 用时 29.4s, 意见 429 字
  ✓ 收到 素养导向教研员 意见 (429 字): ...

  [主持人] 汇总合并中...
经分析三位专家的意见，存在以下冲突或需合并之处：

1. **“四、目标检核”环节的处理**：素养导向教研员建议明确检核任务，学情适配专家建议改为“课堂小结”并包含检核。两者无本质冲突，合并为“课堂小结与目标检核”环节，既包含回顾总结，又包含具体可观察的检核任务。
2. **例题2元评论删除**：学科内容专家和学情适配专家均要求删除原题及修正讨论，直接呈现修正后例题，意见完全一致。
3. **缺少布置作业环节**：学情适配专家指出，需添加；其他专家未提，采纳。
4. **目标4与教学活动的映射**：学情适配专家建议在例题学生活动中增加口头解释环节，素养导向教研员未涉及，采纳以落实目标。
5. **教案末尾元信息**：当前教案原文末尾并无“上一轮评审反馈”等非教案内容，无需处理。

合并后的修改计划：
- (来自 r_subject, r_learner) 删除例题2中的元评论和原题分析，直接呈现修正后例题：“小明和同学一起买文具。如果每人出10元，则多出6元；如果每人出8元，则少12元。求小明和同学共有多少人？文具总价是多少元？”
- (来自 r_learner) 在例题1、2、3的“学生活动”中增加“指名解释方程中x表示什么，方程两边各表示什么实际量”。
- (来自 r_literacy, r_learner) 将“四、目标检核”改为“四、课堂小结与目标检核”，并设计具体检核任务：独立完成一道题，先写出等量关系文字式，再列方程，最后口头解释意义。
- (来自 r_learner) 在板书设计后添加“布置作业”环节，包含必做题、选做题，并注明对应目标。
  [主持人] 用时 19.0s
    ✓ 合并完成

  合并后教案预览（前200字）:
    # 一元一次方程的应用——购物中的数学

## 学情分析
学生已掌握简单一元一次方程的解法，能进行移项、合并同类项等基本操作。但“找等量关系”是主要难点，部分学生习惯于直接套用公式，缺乏从文字中提取等量关系的策略。本课通过购物情境串联，降低认知负荷，同时提供支架帮助学生建模。

## 教学目标

### 知识与技能
1. 能从购物情境中识别等量关系，并用一元一次方程表示，发展模型观念。
2. 掌握...

  [评审专家] 评审中...
  评审用时 26.8s
  总分: 98.5/100 (上一轮: 84.1667) | should_stop: False
  评分明细: A=10, B=15, C=20, D=13.5, E=10, F=30

▶ 第 3 轮 — 圆桌研讨

  [素养导向教研员] 用时 5.4s, 意见 9 字
  ✓ 收到 素养导向教研员 意见 (9 字): ...
  [学科内容专家] 用时 45.1s, 意见 376 字
  ✓ 收到 学科内容专家 意见 (376 字): ...
  [学情适配专家] 用时 46.2s, 意见 764 字
  ✓ 收到 学情适配专家 意见 (764 字): ...

  [主持人] 汇总合并中...
经分析三位专家的意见，存在以下冲突或需合并之处：

1. **教学目标“去括号”未体现**：学科内容专家指出目标含“去括号”但例题无括号，建议删除或增加含括号例题。无冲突，采纳删除“去括号”步骤，保持目标与例题一致。
2. **练习2情境不一致与缺少答案**：学科专家要求补充答案，学情专家建议替换为购物情境或加衔接语。两者互补，采纳替换为购物情境的分配问题并给出答案，同时保持情境连贯。
3. **学情分析中承诺的变式未落实**：学情专家指出难点突破支架中写“每个例题后提供无提示变式”，但实际未出现。需在例题后补充变式，落实难点突破。
4. **教案末尾元信息**：当前教案原文末尾为“教学反思（课后填写）”，并无“上一轮评审反馈”等元信息，无需处理。

合并后的修改计划：
- (来自 r_subject) 教学目标第2点删除“去括号”。
- (来自 r_learner) 在例题1后添加变式“一件商品打7折后售价350元，求原价”；例题2后添加变式“如果每人出12元多8元，每人出9元少10元，求人数和总价”；例题3后添加变式“小明骑车速度100米/分，妈妈步行速度40米/分，相遇时间是多少？”
- (来自 r_subject, r_learner) 将巩固练习练习2替换为购物情境分配问题：“小明和同学一起买纪念品，如果每人出15元，则多出10元；如果每人出12元，则少8元。求人数和总价。”并补充完整解答。
- (来自 r_subject) 补充练习2答案（已包含在替换中）。
  [主持人] 用时 26.4s
    ✓ 合并完成

  合并后教案预览（前200字）:
    # 一元一次方程的应用——购物中的数学

## 学情分析
学生已掌握简单一元一次方程的解法，能进行移项、合并同类项等基本操作。但“找等量关系”是主要难点，部分学生习惯于直接套用公式，缺乏从文字中提取等量关系的策略。本课通过购物情境串联，降低认知负荷，同时提供支架帮助学生建模。

## 教学目标

### 知识与技能
1. 能从购物情境中识别等量关系，并用一元一次方程表示，发展模型观念。
2. 掌握...

  [评审专家] 评审中...
  评审用时 36.5s
  总分: 98.5/100 (上一轮: 98.5) | should_stop: True
  评分明细: A=10, B=15, C=20, D=13.5, E=10, F=30

  ✓ 达到终止条件，打磨完成。

============================================================
最终教案:

# 一元一次方程的应用——购物中的数学

## 学情分析
学生已掌握简单一元一次方程的解法，能进行移项、合并同类项等基本操作。但“找等量关系”是主要难点，部分学生习惯于直接套用公式，缺乏从文字中提取等量关系的策略。本课通过购物情境串联，降低认知负荷，同时提供支架帮助学生建模。

## 教学目标

### 知识与技能
1. 能从购物情境中识别等量关系，并用一元一次方程表示，发展模型观念。
2. 掌握解一元一次方程的基本步骤（移项、合并同类项、系数化为1）。
3. 能检验方程的解是否符合实际问题的意义，增强应用意识。

### 过程与方法
4. 经历“实际问题 → 建立方程模型 → 求解 → 验证”的完整过程，能口头解释方程中未知数的实际意义。
5. 通过小组合作探究，在交流中完善建模思路，培养分析问题、解决问题的能力。

### 情感态度与价值观
6. 感受数学与日常生活的紧密联系，增强应用数学的意识。

## 教学重点与难点
- **重点**：找出实际问题中的等量关系，正确列出一元一次方程。
- **难点**：理解题意，准确找到等量关系并建模。

**难点突破支架**：在例题分析前教授“找等量关系三步法”——①找出关键词（共、多、少、比…多、是…的几倍）；②用文字写出等式；③代入未知数。每个例题后提供无提示变式让学生自行寻找等量关系。

## 教学过程

### 一、情境导入（5分钟）
**组织形式**：全班观看 → 小组讨论 → 代表发言

**教师活动**：展示商场购物小票，提出问题：“小明去文具店买笔和笔记本，共花了27元。其中笔每支2元，笔记本每本5元。小明一共买了9件文具。你能算出他买了几支笔、几本笔记本吗？”

**学生活动**：小组讨论，尝试用已有方法（如列表、猜测）解决。教师巡视，收集不同思路。

**设计意图**：从生活情境出发，激发学习兴趣，自然引入方程建模思想。

**支架材料**：提供“等量关系分析表”（已知量、未知量、等量关系、方程），供有需要的小组使用。

---

### 二、新知探究（20分钟）

#### 例题1：购物问题（折扣）
某商店举行促销活动，每件商品按标价的8折出售。一件衣服标价500元，打折后售价是多少？如果一件衣服打8折后售价为400元，它的标价是多少？

**教师引导**：先让学生独立读题，然后追问：“你从题目哪句话找到了等量关系？”“如果换一种设元方式（如设折扣为x），方程会怎样？”小组内先讨论思路再全班分享。

**分析**：
- 等量关系：标价 × 折扣率 = 售价
- 第一问答案：售价 = 500 × 0.8 = 400元
- 第二问：设标价为 $x$ 元，则 $0.8x = 400$
- 解：$x = 400 \div 0.8 = 500$

**答案**：第一问售价400元；第二问标价为500元。

**学生活动**：独立列方程 → 小组核对答案 → 代表板演。**指名解释：方程中x表示什么？方程两边各表示什么实际量？**

**预设误区**：学生可能混淆折扣率与折扣后的价格（如认为8折就是减少8%），教师强调“打8折”即原价×0.8。应对：用具体数字举例（100元打8折=80元）。

**支架材料**：提供“折扣计算对照表”（原价、折扣、售价关系图）。

**变式**（无提示）：一件商品打7折后售价350元，求原价。（学生独立完成，小组核对）

---

#### 例题2：购物中的分配问题（拼单）
小明和同学一起买文具。如果每人出10元，则多出6元；如果每人出8元，则少12元。求小明和同学共有多少人？文具总价是多少元？

**教师引导**：追问“多出6元”和“少12元”分别对应什么？小组讨论后全班分享。

**分析**：
- 等量关系：文具总价不变。
- 设人数为 $x$，则 $10x - 6 = 8x + 12$
- 解：$10x - 8x = 12 + 6$，$2x = 18$，$x = 9$
- 总价：$10×9 - 6 = 84$（元）

**答案**：共有9人，文具总价84元。

**学生活动**：独立列方程 → 小组内交换方程并检验 → 全班展示不同设元方法。**指名解释：方程中x表示什么？方程两边分别表示什么？**

**预设误区**：学生可能误列 $10x+6=8x-12$，教师追问“多出6元”是比总价多6，所以总价=10x-6；“少12元”是比总价少12，所以总价=8x+12。画线段图辅助理解。

**支架材料**：提供“分配问题等量关系记录表”（第一种分配、第二种分配、相等关系）。

**变式**（无提示）：如果每人出12元多8元，每人出9元少10元，求人数和总价。（学生独立完成，小组核对）

---

#### 例题3：购物中的行程问题（送货路线）
小明从家出发去商场购物，步行速度为60米/分。同时，妈妈从商场出发回家，骑自行车速度为140米/分。已知家与商场相距2400米，几分钟后两人相遇？

**教师引导**：追问“从题目哪句话找到等量关系？”“如果小明骑车，妈妈步行，方程会怎样变化？”小组讨论后全班分享。

**分析**：
- 等量关系：小明走的路程 + 妈妈走的路程 = 家到商场的总路程
- 设 $t$ 分钟后相遇，则 $60t + 140t = 2400$
- 解：$200t = 2400$，$t = 12$

**答案**：12分钟后两人相遇。

**学生活动**：独立列方程 → 小组核对 → 板演讲解。**指名解释：方程中t表示什么？方程两边各表示什么？**

**预设误区**：学生可能忘记单位统一（已统一），或误将路程设为未知数。应对：强调“相遇问题”中时间相同，路程和等于总距离。

**支架材料**：提供“行程问题示意图”（标出起点、方向、距离）。

**变式**（无提示）：小明骑车速度100米/分，妈妈步行速度40米/分，相遇时间是多少？（学生独立完成，小组核对）

---

### 三、巩固练习（12分钟）
**组织形式**：独立完成 → 小组互批 → 全班交流

**练习1**：某班购买篮球和排球共10个，共花费510元。已知篮球每个65元，排球每个45元。求篮球和排球各买了多少个？
（解：设篮球 $x$ 个，则 $65x + 45(10-x) = 510$，解得 $x=3$，排球7个）

**练习2**（替换为购物情境）：小明和同学一起买纪念品，如果每人出15元，则多出10元；如果每人出12元，则少8元。求人数和总价。
（解：设人数为 $x$，则 $15x - 10 = 12x + 8$，解得 $x=6$，总价 $15×6 - 10 = 80$ 元）

**开放环节**：根据购物小票信息（如单价、数量、总价），你能编一道用一元一次方程解决的问题吗？小组交换解答并评价。（学生产出可观察成果，产生差异讨论）

**学生活动**：独立完成练习1、2 → 小组互批并讨论错因 → 小组合作编题 → 全班展示典型题目。**在小组互批后，每人轮流解释自己编题中的方程意义。**

---

### 四、课堂小结与目标检核（5分钟）
**组织形式**：独立完成 → 同桌互说 → 教师巡视

**课堂小结**：教师引导学生回顾“找等量关系三步法”和列方程解应用题的步骤。

**目标检核任务**：请独立完成下面这道题，并按要求写出过程。
> 小明用20元买笔和本，笔每支3元，本每本4元，共买了6件。列方程并求解。
> **要求**：
> 1. 先写出等量关系的文字式（如：笔的总价 + 本的总价 = 20元）。
> 2. 设未知数列方程并求解。
> 3. 口头向同桌解释：方程中x表示什么？解是否符合实际？为什么？

教师巡视时重点记录学生能否正确写出等量关系、正确列方程、以及口头解释是否清晰。收集典型错误用于后续反馈。

**设计意图**：通过具体任务检测目标1（识别等量关系并列方程）、目标3（检验解的实际意义）和目标4（口头解释）的达成情况。

---

### 五、布置作业（2分钟）
**必做题**：教材第85页练习题第1-4题（对应目标1、2、3）。

**选做题**：根据本节课的购物情境，自编一道用一元一次方程解决的应用题并解答，要求写出等量关系文字式、方程、求解和检验过程。（对应目标1、3、4）

**检核要求**：选做题需提交完整解题过程，并附上一句话说明你的方程中未知数表示什么。

---

## 板书设计

```
一元一次方程的应用——购物中的数学

一、步骤                     二、常见模型
1. 审题                     1. 销售：标价×折扣=售价
2. 设元                     2. 分配：两种方式总量相等
3. 列方程                   3. 行程：s₁ + s₂ = s总
4. 解方程
5. 检验
```

## 教学反思

（课后填写）

  → .\outputs_practice\demo001_MATH01_polished.md
  → .\outputs_practice\demo001_MATH01_process.json

==================================================
运行格式自检...
================================================================
附录 D 提交契约自查报告
目标目录: G:\.Study\.CS\repo\Xpert\code\outputs_practice
================================================================

-- WARN (4) ----------------------------------------
[WARN] STR-04  demo001_BIO01_polished.md: 未发现'过程/任务'类标题（教学过程/任务链/教学环节…）
         修复: 教学过程/任务链是核心结构件，请确认标题可被识别。
[WARN] STR-04  demo001_CHN01_polished.md: 未发现'过程/任务'类标题（教学过程/任务链/教学环节…）
         修复: 教学过程/任务链是核心结构件，请确认标题可被识别。
[WARN] SCH-08  demo001_CHN01_process.json: roles 仅 2 个（工程实现目标要求 ≥3 个差异化专家角色）
         修复: 确认专家角色数量满足需求文档第三节；主持人不计入专家角色数。
[WARN] STR-04  demo001_MATH02_polished.md: 未发现'过程/任务'类标题（教学过程/任务链/教学环节…）
         修复: 教学过程/任务链是核心结构件，请确认标题可被识别。

-- PASS (14) ----------------------------------------
[PASS] NAME-OK 发现 4 对命名合规且成对的提交文件
[PASS] ENC-OK  demo001_BIO01_polished.md: UTF-8 编码、非空（5260 字符）
[PASS] TEX-OK  demo001_BIO01_polished.md: LaTeX 定界符配对正常（$$ ×0, $ ×0）
[PASS] JSN-OK  demo001_BIO01_process.json: Schema 校验通过（roles ×5, discussion ×15, modifications ×67）
[PASS] ENC-OK  demo001_CHN01_polished.md: UTF-8 编码、非空（5017 字符）
[PASS] TEX-OK  demo001_CHN01_polished.md: LaTeX 定界符配对正常（$$ ×0, $ ×0）
[PASS] JSN-OK  demo001_CHN01_process.json: Schema 校验通过（roles ×2, discussion ×4, modifications ×25）
[PASS] ENC-OK  demo001_MATH01_polished.md: UTF-8 编码、非空（3903 字符）
[PASS] TEX-OK  demo001_MATH01_polished.md: LaTeX 定界符配对正常（$$ ×0, $ ×42）
[PASS] STR-OK  demo001_MATH01_polished.md: 标题结构粗检通过（检出 7 个一/二级标题）
[PASS] JSN-OK  demo001_MATH01_process.json: Schema 校验通过（roles ×5, discussion ×15, modifications ×53）
[PASS] ENC-OK  demo001_MATH02_polished.md: UTF-8 编码、非空（2125 字符）
[PASS] TEX-OK  demo001_MATH02_polished.md: LaTeX 定界符配对正常（$$ ×0, $ ×8）
[PASS] JSN-OK  demo001_MATH02_process.json: Schema 校验通过（roles ×5, discussion ×25, modifications ×125）

================================================================
结论: WARN — 契约层通过，可提交；4 项警告建议处理（结构类警告不处理的评分后果自负）。
================================================================

