  [素养导向教研员] 加载技能: ['responsibility', 'knowledge_boundary', 'rubric_mapping', 'case_knowledge']
  [学科内容专家] 加载技能: ['responsibility', 'knowledge_boundary', 'rubric_mapping', 'case_knowledge']
  [学情适配专家] 加载技能: ['responsibility', 'knowledge_boundary', 'rubric_mapping', 'case_knowledge']
  [主持人] 加载技能: ['responsibility', 'knowledge_boundary']
  [评审专家] 加载技能: ['evaluation_rubric', 'knowledge_boundary', 'responsibility', 'scoring_rules']

启动多 Expert 圆桌打磨（最多 5 轮）
============================================================

▶ 第 1 轮 — 圆桌研讨

  [素养导向教研员] 用时 9.7s, 意见 1027 字
  ✓ 收到 素养导向教研员 意见 (1027 字): ...
  [学情适配专家] 用时 10.9s, 意见 1242 字
  ✓ 收到 学情适配专家 意见 (1242 字): ...
  [学科内容专家] 用时 15.3s, 意见 392 字
  ✓ 收到 学科内容专家 意见 (392 字): ...

  [主持人] 汇总合并中...
...
  [主持人] 用时 42.7s
    ✓ 合并完成

  合并后教案预览（前200字）:
    ...

  [评审专家] 评审中...
  评审解析可能失败（0分），重试...
  评审用时 5.8s
  总分: 0/100 (上一轮: -) | should_stop: False
  评分明细: A=0, B=0, C=0, D=0, E=0, F=0

▶ 第 2 轮 — 圆桌研讨

  [学情适配专家] 用时 3.4s, 意见 0 字
  ✓ 收到 学情适配专家 意见 (0 字): ...
  [学科内容专家] 用时 18.1s, 意见 124 字
  ✓ 收到 学科内容专家 意见 (124 字): ...
  [素养导向教研员] 用时 21.4s, 意见 0 字
  ✓ 收到 素养导向教研员 意见 (0 字): ...

  [主持人] 汇总合并中...
---DECISIONS---
[
  {
    "proposal_ids": ["P001"],
    "status": "accepted",
    "location": "选做题",
    "before_summary": "小明和父母去游乐园，成人票每张80元，儿童票每张40元，他们共买了4张票，花了240元。请列出方程并求解，判断小明的票是成人票还是儿童票。",
    "after_summary": "小明和父母及妹妹共4人去游乐园，成人票每张80元，儿童票每张40元，他们共买了4张票，花了240元。请列出方程并求解，判断小明的票是成人票还是儿童票。",
    "source_roles": ["r_subject"],
    "rationale": "原题人数（3人）与票数（4张）矛盾，且数据无法得出合理答案。修改后人数与票数一致，数据可解，确保学科正确性。"
  },
  {
    "proposal_ids": ["P002"],
    "status": "accepted",
    "location": "课堂小结第2条及板书设计“常见模型”第1条",
    "before_summary": "销售问题：售价 = 标价 × 折扣；板书：标价×折扣=售价",
    "after_summary": "销售问题：售价 = 标价 × 折扣率；板书：标价×折扣率=售价",
    "source_roles": ["r_subject"],
    "rationale": "原表述中“折扣”未明确为折扣率（如八折对应0.8），与例题1中使用的折扣率不一致，易产生歧义。统一为“折扣率”更严谨。"
  }
]
---CONFLICTS---
[]
  [主持人] 用时 12.7s
    ✓ 合并完成

  合并后教案预览（前200字）:
    # 一元一次方程的应用——购物中的数学

## 教学目标

### 知识与技能
1. 理解一元一次方程在实际问题中的应用，能根据实际问题中的等量关系列方程。
2. 掌握解一元一次方程的基本步骤（去分母、去括号、移项、合并同类项、系数化为1）。
3. 能检验方程的解是否符合实际问题的意义。

### 过程与方法
4. 经历"实际问题 → 建立方程模型 → 求解 → 验证"的完整过程，体会方程是刻画现...

  [评审专家] 评审中...
  评审用时 44.7s
  总分: 72/100 (上一轮: 0) | should_stop: False
  评分明细: A=10, B=7.5, C=20, D=12, E=10, F=12.5

▶ 第 3 轮 — 圆桌研讨

  [学情适配专家] 用时 9.9s, 意见 1430 字
  ✓ 收到 学情适配专家 意见 (1430 字): ...
  [素养导向教研员] 用时 26.3s, 意见 1214 字
  ✓ 收到 素养导向教研员 意见 (1214 字): ...
  [学科内容专家] 用时 47.5s, 意见 494 字
  ✓ 收到 学科内容专家 意见 (494 字): ...

  [主持人] 汇总合并中...
...
  [主持人] 用时 40.9s
    ✓ 合并完成

  合并后教案预览（前200字）:
    ...

  [评审专家] 评审中...
  评审解析可能失败（0分），重试...
  评审用时 5.0s
  总分: 0/100 (上一轮: 72) | should_stop: False
  评分明细: A=0, B=0, C=0, D=0, E=0, F=0

▶ 第 4 轮 — 圆桌研讨

  [学情适配专家] 用时 1.4s, 意见 166 字
  ✓ 收到 学情适配专家 意见 (166 字): ...
  [学科内容专家] 用时 2.0s, 意见 124 字
  ✓ 收到 学科内容专家 意见 (124 字): ...
  [素养导向教研员] 用时 2.3s, 意见 169 字
  ✓ 收到 素养导向教研员 意见 (169 字): ...

  [主持人] 汇总合并中...
---DECISIONS---
[
  {
    "proposal_ids": ["P001"],
    "status": "rejected",
    "location": "全文",
    "before_summary": "素养导向教研员要求提供教案原文",
    "after_summary": "未基于原文提出具体修改建议",
    "source_roles": ["r_literacy"],
    "rationale": "提案为请求提供教案文本，而非修改意见，无法进行实质审查与整合。"
  },
  {
    "proposal_ids": ["P002"],
    "status": "rejected",
    "location": "全文",
    "before_summary": "学科内容专家要求提供教案原文",
    "after_summary": "未基于原文提出具体修改建议",
    "source_roles": ["r_subject"],
    "rationale": "提案为请求提供教案文本，而非修改意见，无法进行实质审查与整合。"
  },
  {
    "proposal_ids": ["P003"],
    "status": "rejected",
    "location": "全文",
    "before_summary": "学情适配专家要求提供教案原文",
    "after_summary": "未基于原文提出具体修改建议",
    "source_roles": ["r_learner"],
    "rationale": "提案为请求提供教案文本，而非修改意见，无法进行实质审查与整合。"
  }
]
---CONFLICTS---
[]
  [主持人] 用时 13.0s
    ✓ 合并完成

  合并后教案预览（前200字）:
    # 一元一次方程的应用——购物中的数学

## 教学目标

### 知识与技能
1. 理解一元一次方程在实际问题中的应用，能根据实际问题中的等量关系列方程。
2. 掌握解一元一次方程的基本步骤（去分母、去括号、移项、合并同类项、系数化为1）。
3. 能检验方程的解是否符合实际问题的意义。

### 过程与方法
4. 经历"实际问题 → 建立方程模型 → 求解 → 验证"的完整过程，体会方程是刻画现...

  [评审专家] 评审中...
  评审用时 30.3s
  总分: 69.5/100 (上一轮: 0) | should_stop: False
  评分明细: A=10, B=7.5, C=20, D=12, E=10, F=10

▶ 第 5 轮 — 圆桌研讨

  [素养导向教研员] 用时 6.3s, 意见 1214 字
  ✓ 收到 素养导向教研员 意见 (1214 字): ...
  [学科内容专家] 用时 6.4s, 意见 489 字
  ✓ 收到 学科内容专家 意见 (489 字): ...
  [学情适配专家] 用时 13.4s, 意见 1403 字
  ✓ 收到 学情适配专家 意见 (1403 字): ...

  [主持人] 汇总合并中...
...
  [主持人] 用时 37.9s
    ✓ 合并完成

  合并后教案预览（前200字）:
    ...

  [评审专家] 评审中...
  评审解析可能失败（0分），重试...
  评审用时 7.1s
  总分: 0/100 (上一轮: 69.5) | should_stop: False
  评分明细: A=0, B=0, C=0, D=0, E=0, F=0

============================================================
最终教案:



  → G:/.Study/.CS/repo/Xpert/code/outputs_practice/demo001_MATH01_polished.md
  → G:/.Study/.CS/repo/Xpert/code/outputs_practice/demo001_MATH01_process.json

==================================================
运行格式自检...
================================================================
附录 D 提交契约自查报告
目标目录: G:\.Study\.CS\repo\Xpert\code\outputs_practice
================================================================

-- FAIL (1) ----------------------------------------
[FAIL] ENC-03  教案 内容为空: demo001_MATH01_polished.md
         修复: 确认磨课系统实际写出了内容；空产出按'未产出'计 0。

-- WARN (4) ----------------------------------------
[WARN] STR-04  demo001_BIO01_polished.md: 未发现'过程/任务'类标题（教学过程/任务链/教学环节…）
         修复: 教学过程/任务链是核心结构件，请确认标题可被识别。
[WARN] STR-04  demo001_CHN01_polished.md: 未发现'过程/任务'类标题（教学过程/任务链/教学环节…）
         修复: 教学过程/任务链是核心结构件，请确认标题可被识别。
[WARN] SCH-08  demo001_CHN01_process.json: roles 仅 2 个（工程实现目标要求 ≥3 个差异化专家角色）
         修复: 确认专家角色数量满足需求文档第三节；主持人不计入专家角色数。
[WARN] STR-04  demo001_MATH02_polished.md: 未发现'过程/任务'类标题（教学过程/任务链/教学环节…）
         修复: 教学过程/任务链是核心结构件，请确认标题可被识别。

-- PASS (11) ----------------------------------------
[PASS] NAME-OK 发现 4 对命名合规且成对的提交文件
[PASS] ENC-OK  demo001_BIO01_polished.md: UTF-8 编码、非空（5260 字符）
[PASS] TEX-OK  demo001_BIO01_polished.md: LaTeX 定界符配对正常（$$ ×0, $ ×0）
[PASS] JSN-OK  demo001_BIO01_process.json: Schema 校验通过（roles ×5, discussion ×15, modifications ×67）
[PASS] ENC-OK  demo001_CHN01_polished.md: UTF-8 编码、非空（5017 字符）
[PASS] TEX-OK  demo001_CHN01_polished.md: LaTeX 定界符配对正常（$$ ×0, $ ×0）
[PASS] JSN-OK  demo001_CHN01_process.json: Schema 校验通过（roles ×2, discussion ×4, modifications ×25）
[PASS] JSN-OK  demo001_MATH01_process.json: Schema 校验通过（roles ×5, discussion ×22, modifications ×80）
[PASS] ENC-OK  demo001_MATH02_polished.md: UTF-8 编码、非空（2125 字符）
[PASS] TEX-OK  demo001_MATH02_polished.md: LaTeX 定界符配对正常（$$ ×0, $ ×8）
[PASS] JSN-OK  demo001_MATH02_process.json: Schema 校验通过（roles ×5, discussion ×25, modifications ×125）

================================================================
结论: FAIL — 1 项违约必须修复（另有 4 项警告）。
按上方'修复'指引处理后重新运行本脚本；提交不符合契约仅有一次 4 小时限时重交机会（契约细则第七节）。
================================================================

