
启动多 Expert 圆桌打磨（最多 5 轮）
============================================================

▶ 第 1 轮 — 圆桌研讨

[学科内容专家] Calling tool: load_skill with {'skill_name': 'case_knowledge'}
[学情适配专家] Calling tool: load_skill with {'skill_name': 'case_knowledge'}
[素养导向教研员] Calling tool: load_skill with {'skill_name': 'rubric_mapping'}
[素养导向教研员] Calling tool: load_skill with {'skill_name': 'knowledge_boundary'}
╔══ 学情适配专家 ═══ 11:58:27 （用时 24.3s）

── 修改意见 ──
1. 【位置】项目简介｜【问题】未将多个探究问题提炼为单一、统领全项目的驱动性问题；现有问题分散于简介和导引中，缺乏PBL标志性的核心驱动问题｜【依据】rubric_mapping: PBL 核心件｜【建议】从“应急蜡烛为什么能持续燃烧那么长时间？为什么是‘矮胖子’？为什么加起酥油？为什么放金属壳里？”中提炼一句可探究、可挑战的驱动性问题，例如“如何设计并制作一支能在户外应急场景下稳定燃烧36小时的高质量蜡烛？”，置于项目简介末尾，后续任务链均回应此问题

2. 【位置】项目成果 / 评价设计｜【问题】缺少双轨评价（双轨量规）设计，仅提及“过程表现与最终成果综合评价”，未呈现产品轨与素养轨的双轨量规｜【依据】rubric_mapping: PBL 特别规定｜【建议】设计双轨评价量规：产品轨（蜡烛燃烧时长、稳定性、安全性、包装实用性等）与素养轨（控制变量法运用、模型建构、合作反思、跨学科整合等），每轨设3个水平，附于项目成果之后，并注明两轨权重

3. 【位置】项目目标｜目标5“了解我国古代蜡烛文化的发展历程，增强文化自信，培养家国情怀”｜【问题】该目标在后续活动、任务、评价中无对应环节落实，属于孤立目标｜【依据】rubric_mapping: D1｜【建议】在项目导引的“项目背景”或任务3的包装设计中嵌入一个可检核的活动，例如“查阅古代蜡烛史料并制作一张文化卡片附在包装内”，或在成果展示中要求包含文化溯源模块，使目标5有实质活动与评价证据

4. 【位置】项目导引 / 活动2“深入探究影响蜡烛燃烧的因素”｜【问题】“自主思考”和“交流研讨”环节未标注时间分配与组织形式（如独立思考几分钟、小组讨论几分钟、全班分享几分钟）｜【依据】rubric_mapping: B2｜【建议】在每个教师提问或学生研讨处标注建议时长（如“独立思考2 min → 组内交流3 min → 全班分享5 min”），并明确组织形式（如“两人对子交流”或“四人小组轮流发言”）

5. 【位置】任务1 / 活动2“确定石蜡的质量”｜【问题】学生讨论“方案一 vs 方案二”时，未提供预设的学生典型误区（如学生可能忽略燃烧速率是否匀速）及教师应对策略｜【依据】rubric_mapping: B3｜【建议】补充预设：学生若默认方案二可行却未验证匀速性，教师可追问“如果燃烧速率不是匀速，方案二还成立吗？如何验证？”，并给出预期答案要点（通过绘制m-t曲线判断线性关系）
╔══ 素养导向教研员 ═══ 11:58:32 （用时 29.3s）

── 修改意见 ──
1. 【位置】项目目标｜【问题】素养目标未使用可观察行为动词，且目标5缺少核心素养标签；全部目标以“了解”“知道”“掌握”“培养”表述，无法直接观察学生“能做什么”｜【依据】rubric_mapping: F1 素养目标行为化｜【建议】将每条目标改写为“能……”句式，例如“能根据应急蜡烛性能要求设计实验方案并记录数据”；为目标5补充“文化自信”对应的素养标签（如归属“科学态度与社会责任”或单独标注）。

2. 【位置】项目目标（全部5条）｜【问题】素养名称混用义教与高中化学术语：“科学探究与实践”“科学思维”“科学态度与责任”均为化学义教表述；高中化学应为“科学探究与创新意识”“证据推理与模型认知”“科学态度与社会责任”｜【依据】rubric_mapping: F2 学段课标符合；学科×学段语言：化学高中｜【建议】根据课题深度（涉及微观、符号、定量、表征）判断为高中水平，将目标1改为【科学探究与创新意识】，目标2改为【证据推理与模型认知】，目标4改为【科学态度与社会责任】。

3. 【位置】项目导引→【开启项目】｜【问题】驱动性问题“燃烧的三要素是什么？影响蜡烛燃烧时间的因素有哪些？”属于事实性、封闭性问题，缺少开放度和复杂性，无法驱动持续探究与迭代设计｜【依据】rubric_mapping: PBL 加强检查·F4｜【建议】将驱动性问题改为类似“如何设计并制作一支在野外停电场景下可持续燃烧36小时的安全应急蜡烛？”的开放性问题，使之同时涵盖性能目标、材料选择和调控策略。

4. 【位置】项目导引→【项目背景】及【开启项目】｜【问题】真实情境从“应急救灾物资”转向“露营地停电”，两个场景的紧迫性和用户需求不同，情境一致性被削弱，且导入后未在后续环节持续调用该情境承载任务｜【依据】rubric_mapping: F4 真实情境与探究｜【建议】统一选择一个情境（建议保留“应急救灾”以匹配应急蜡烛的原始定位），并在任务1—任务3的每个活动开头回扣该情境（如“救灾包中蜡烛需耐受35℃不变形”如何影响你的配方选择）。

5. 【位置】任务1→活动1：调控蜡烛的成分配比｜【问题】实验方案已预设9组具体比例（10%—90%）、总质量13g、等差数列等参数，学生只需按步骤执行，未保留自主组织探究路径的空间｜【依据】rubric_mapping: F5 学生主体与生成｜【建议】仅给出自变量范围（如“尝试不同酥油比例”）和控制变量提示，由小组自主设计具体梯度、总质量和记录表，再通过组间对比讨论不同方案的合理性。

6. 【位置】任务3→【自我反思】及项目成果中的评价量规｜【问题】未按PBL要求分别设置“个人成长成果”和“问题解决成果”两轨量规；现有量规将问题解决思路、实验设计、协同合作混合在同一张表中，水平描述未绑定本项目具体产出｜【依据】rubric_mapping: PBL 加强检查·F6｜【建议】分别设计两轨量规：问题解决成果轨聚焦“蜡烛设计方案的科学性与可行性（燃烧时长、稳定性、成本等）”，个人成长成果轨聚焦“实验设计能力、协作贡献、反思深度”；每条水平描述须引用本项目中的具体行为（如“能独立设计酥油比例梯度实验并处理数据”）。

7. 【位置】项目目标→目标5｜【问题】“了解我国古代蜡烛文化的发展历程，增强文化自信”在教案中仅出现在项目背景引文，后续无任何活动、任务或检核环节对应此目标｜【依据】rubric_mapping: F6 目标达成检核｜【建议】删除该目标或为之设计可观察的检核活动（如“在项目汇报中引用至少一则中国古代蜡烛史实说明设计选择”），并在最终评价量规中增设对应维度。

8. 【位置】全文｜【问题】教案未提供官方学情 profile，无法判断任务难度、开放度、先备知识、支架与分层的适配性｜【依据】rubric_mapping: D5 学情检查｜【建议】请补充输入官方学情 profile（含学生已有化学方程式配平能力、控制变量法使用经验、计算能力水平等），再据此调整实验设计的开放度和支架强度（如对计算薄弱组提供燃烧速率公式示例）。
[学科内容专家] Calling tool: load_skill with {'skill_name': 'rubric_mapping'}
╔══ 学科内容专家 ═══ 11:59:32 （用时 89.5s）

── 修改意见 ──
1. 【位置】活动2【交流研讨】中化学方程式及质量比部分｜【问题】问题要求计算石蜡完全燃烧产生CO₂和H₂O所需O₂与石蜡的质量比，但展示的方程是2C₂₅H₅₂+51O₂→50CO+52H₂O（产生CO，非CO₂），且给出的阈值816:352对应的是不完全燃烧（产生CO）的质量比，而非完全燃烧产生CO₂的阈值。完全燃烧的正确方程应为C₂₅H₅₂+38O₂→25CO₂+26H₂O，正确质量比应为1216:352。｜【依据】rubric_mapping: 重大知识性错误｜【建议】将方程改为完全燃烧方程C₂₅H₅₂+38O₂→25CO₂+26H₂O，质量比改为1216:352；或将问题明确改为"不完全燃烧产生CO"，使方程与问题一致。
2. 【位置】项目简介｜【问题】"检验氧气浓度"表述不准确。蜡烛消耗氧气，不能定量"检验"氧气浓度，仅能通过火焰熄灭定性提示缺氧。｜【依据】rubric_mapping: 一般性不严谨｜【建议】改为"可定性判断氧气是否充足（火焰熄灭提示缺氧）"或删除"检验氧气浓度"。
3. 【位置】活动2化学方程式｜【问题】`\overset{\text{点燃}}{=\!=\!=}` 为非标准化学方程式符号，标准写法应为`\xrightarrow{\text{点燃}}`或`\overset{\text{点燃}}{=}`。｜【依据】rubric_mapping: 符号/公式实质问题｜【建议】改为`\xrightarrow{\text{点燃}}`。
4. 【位置】项目简介及项目导引【项目背景】｜【问题】两处均出现"唐代诗人有'何当共剪西窗烛'、'蜡炬成灰泪始干'、'蜡烛有心还惜别'的诗句"，内容几乎完全重复，属冗余。｜【依据】rubric_mapping: E2｜【建议】删除其中一处的重复内容，仅保留一处。
5. 【位置】任务1活动1及全文多处｜【问题】资料卡片中介绍"起酥油"，但后续表格和正文中交替使用"酥油"和"起酥油"，未说明二者关系，可能造成学生混淆。｜【依据】rubric_mapping: E3｜【建议】全文统一使用"起酥油"，或在首次使用"酥油"时注明"即起酥油"。
6. 【位置】项目目标第5条｜【问题】前4条目标均标注【科学探究与实践】【科学思维】【科学态度与责任】等核心素养维度，第5条"了解我国古代蜡烛文化的发展历程，增强文化自信，培养家国情怀"未标注任何维度标签，格式不一致。｜【依据】rubric_mapping: E4｜【建议】为第5条补充核心素养维度标签，如【科学态度与责任】。

  [主持人] 汇总合并中...
  [主持人] 用时 69.2s
╔══ 主持人冲突分析 ═══
经分析三位专家的意见，存在以下冲突：

1. **冲突一：驱动性问题开放度**
   - 素养导向教研员（r_literacy）建议将驱动性问题改为“如何设计并制作一支在野外停电场景下可持续燃烧36小时的安全应急蜡烛？”的开放性问题。
   - 学情适配专家（r_learner）建议提炼为“如何设计并制作一支能在户外应急场景下稳定燃烧36小时的高质量蜡烛？”——方向一致，但措辞略有不同。
   - **裁决：合并。** 采纳两位专家的开放性问题方向，结合两者措辞，形成更完整的驱动性问题。保留“应急”情境，同时明确“36小时”和“高质量”目标。

2. **冲突二：目标5的存废与落实**
   - 素养导向教研员（r_literacy）建议删除目标5或为其设计可观察的检核活动。
   - 学科内容专家（r_subject）建议为第5条补充核心素养维度标签【科学态度与责任】。
   - 学情适配专家（r_learner）建议在项目中嵌入一个可检核的活动。
   - **裁决：保留并落实。** 采纳r_literacy和r_learner的建议，不为目标5设置独立活动，而是在项目成果展示环节要求包含“文化溯源模块”，并在评价量规中增设对应维度。同时采纳r_subject的建议，为目标5补充【科学态度与责任】标签。

3. **冲突三：实验设计开放度**
   - 素养导向教研员（r_literacy）建议仅给出自变量范围和控制变量提示，由学生自主设计实验。
   - 学情适配专家（r_learner）未提出冲突，但教案原文已提供9组具体比例。
   - **裁决：采纳半开放支架式。** 考虑到教案原文已提供具体比例，且学情不明，完全开放可能导致学生无从下手。采纳r_literacy的建议作为原则，但保留部分支架：提供自变量范围（10%-90%）和控制变量提示，但要求小组自主设计具体梯度、总质量和记录表。同时，保留原有的9组比例作为“参考示例”或“对比例”，供学生参考或验证。

4. **冲突四：情境一致性**
   - 素养导向教研员（r_literacy）建议统一为“应急救灾”情境。
   - 学情适配专家（r_learner）提炼的驱动性问题中使用了“户外应急场景”。
   - 教案原文在开启项目中引入了“露营”场景。
   - **裁决：保留“应急救灾”为主情境，将“露营”作为场景之一。** 采纳r_literacy的建议，以“应急救灾”作为贯穿全项目的主情境。在开启项目中，将“露营”场景作为“应急救灾”的一个具体应用案例引入，而非替换。

**合并后的修改计划：**

- (来自 r_literacy, r_learner) **驱动性问题**：将驱动性问题改为开放性问题，置于项目简介末尾。
- (来自 r_literacy, r_subject) **项目目标**：将全部目标改写为“能……”句式；根据高中化学课标修正素养名称；为目标5补充【科学态度与责任】标签。
- (来自 r_literacy) **情境一致性**：统一以“应急救灾”为主情境，在任务开头回扣该情境。
- (来自 r_literacy) **实验设计**：任务1活动1的实验设计改为半开放支架式，保留范围和控制变量提示，学生自主设计梯度。
- (来自 r_subject) **化学方程式**：将活动2中不完全燃烧的方程式和计算改为完全燃烧，或明确问题为“不完全燃烧”。
- (来自 r_subject) **术语统一**：全文统一使用“起酥油”。
- (来自 r_subject) **冗余删除**：删除项目简介与项目背景中重复的诗句引用。
- (来自 r_subject) **符号修正**：将方程式中的`\overset{\text{点燃}}{=\!=\!=}`改为`\xrightarrow{\text{点燃}}`。
- (来自 r_literacy, r_learner) **评价量规**：分别设计“问题解决成果轨”和“个人成长成果轨”双轨量规。
- (来自 r_literacy, r_learner) **目标5落实**：在项目成果展示环节要求包含“文化溯源模块”，并在评价量规中增设对应维度。
- (来自 r_learner) **时间分配**：在交流研讨环节标注建议时长和组织形式。
- (来自 r_learner) **预设误区**：在任务1活动2补充学生典型误区及教师应对策略。
- (来自 r_literacy) **学情补充**：建议补充官方学情profile，但此条为建议，不强制修改教案内容。
    ✓ 合并完成

  合并后教案预览（前200字）:
    # 基于对化学反应认识与调控的项目学习——应急蜡烛的设计与制作

设计团队：某教育研究团队（信息已按合作协议脱敏）

## 项目简介

蜡烛，是一种日常照明工具。在文艺作品中，蜡烛有牺牲、奉献的象征意义。应急蜡烛是应急救援包中的必备物资之一，它具有照明、取暖、定性判断氧气是否充足（火焰熄灭提示缺氧）和保存火种的重要作用。当意外来临的时候，它超长的燃烧时间可以带给人们光亮和希望，进而展开自救和互救，...

  [评审专家] 评审中...
  评审用时 26.9s
  总分: 89/100 (上一轮: -) | should_stop: False
  评分明细: A=2, B=15, C=20, D=13, E=9, F=30

▶ 第 2 轮 — 圆桌研讨

╔══ 素养导向教研员 ═══ 12:01:30 （用时 21.5s）

── 修改意见 ──
1. 【位置】任务2→活动1：演示实验｜【问题】教师演示棉线股数实验后直接给出结论性解释（“大股数棉线能够提供更多的氧气进入蜡烛芯部……”），学生仅需观察记录，未要求自主推理“怎样想到”或“为何如此”，属于孤立的现象记录而非合格的思路外显｜【依据】rubric_mapping: F3 思维参与｜【建议】将教师直接解释改为“小组根据观察到的现象，讨论并尝试解释不同股数棉线导致不同燃烧结果的原因”，再全班分享后由教师补充或修正。

2. 【位置】任务2｜【问题】任务1开头有“情境回扣”（救灾包中蜡烛需耐受35℃），但任务2（调控棉线）和任务3开头均无情境回扣，情境仅在导入和任务1被实质使用，未贯穿至少两个后续环节｜【依据】rubric_mapping: F4 真实情境与探究｜【建议】在任务2开头补充情境回扣，例如“救灾场景中蜡烛需无黑烟稳定燃烧，棉线的选择如何影响这一性能？”；在任务3开头补充“综合所有参数后，你的蜡烛能否真正满足救灾包36小时使用需求？”

3. 【位置】任务1→活动1｜【问题】“参考示例”表格（含9组具体比例、13g总质量等完整参数）位于“实验设计提示”之后，若同时发放给学生，可能替代学生自主设计而非作为验证参考，削弱学生自主组织探究路径的空间｜【依据】rubric_mapping: F5 学生主体与生成｜【建议】在教案中明确标注“参考示例仅供教师备用，待各小组完成自主设计并展示后再发放用于对比讨论”，或将其移至附录。

4. 【位置】项目导引→【自我评价】中的双轨量规 vs 任务1→【自我反思】中的单轨量规｜【问题】项目导引中设置了双轨量规（问题解决成果轨+个人成长成果轨），但任务1中仍使用旧版单轨量规（问题解决思路、实验设计与数据处理、协同合作），两套量规维度不统一，学生可能混淆评价标准｜【依据】rubric_mapping: F6 目标达成检核｜【建议】将任务1的量规也调整为与项目导引一致的双轨结构，或明确说明任务1量规是过程性评价、项目导引量规是终结性评价，并标注两者的关系。

5. 【位置】全文｜【问题】教案仍未提供官方学情 profile，无法判断任务难度、开放度、先备知识、支架与分层的适配性｜【依据】rubric_mapping: D5 学情检查｜【建议】请补充输入官方学情 profile（含学生已有化学方程式配平能力、控制变量法使用经验、计算能力水平等），再据此调整实验设计的开放度和支架强度（如对计算薄弱组提供燃烧速率公式示例）。
╔══ 学科内容专家 ═══ 12:01:37 （用时 29.0s）

── 修改意见 ──
1. 【位置】任务2活动1【演示实验】后的分析段落｜【问题】"大股数的棉线能够提供更多的氧气进入蜡烛芯部"表述错误。棉线通过毛细作用输送液态蜡（燃料），不提供氧气；股数多则燃料供应多、火焰大、耗氧多，而非棉线本身"提供氧气"。｜【依据】rubric_mapping: 重大知识性错误｜【建议】改为"大股数的棉线通过毛细作用输送更多蜡液到火焰中，使火焰更大，消耗更多氧气；若供氧不足则易产生黑烟"。
2. 【位置】项目导引活动2酒精灯安全说明｜【问题】"酒精灯里的酒精不能装得过满，这是因为酒精本身还是容易挥发的，装满酒精之后壶中的酒精蒸汽会过多，这个时候爆燃就有可能了"——酒精灯不宜装太满的主因是液体受热膨胀可能溢出引发火灾，而非壶内酒精蒸汽过多导致爆燃。｜【依据】rubric_mapping: 一般性不严谨｜【建议】改为"酒精灯内酒精不能超过容积的2/3，因为酒精受热膨胀可能溢出引发火灾；同时壶内酒精蒸汽过多也存在爆燃风险"（保留原意但补充主因）。
3. 【位置】项目导引活动2【实验探究】｜【问题】"摸一摸棉线，闻一闻手指的味道"——触摸酒精灯灯芯后闻手指，可能接触残留酒精，存在安全与卫生隐患。｜【依据】rubric_mapping: 一般性不严谨｜【建议】改为"用干净的玻璃棒蘸取少量酒精，闻其气味"或删除该操作，保留"观察灯芯浸润酒精"的观察环节即可。
4. 【位置】任务1活动1【动手实践】｜【问题】"混合均匀之后小心移走酒精灯熄灭"——移走正在燃烧的酒精灯存在安全隐患，应先盖灭再移走。｜【依据】rubric_mapping: 一般性不严谨｜【建议】改为"混合均匀之后，先用灯帽盖灭酒精灯，再将其移走"。
5. 【位置】任务2活动1标题及正文｜【问题】"棉线的粗细到底会对蜡烛的燃烧才产生怎样的影响？"——"才"字多余，造成语病。｜【依据】rubric_mapping: E1｜【建议】删除"才"，改为"棉线的粗细到底会对蜡烛的燃烧产生怎样的影响？"
6. 【位置】任务2活动2【实验探究】首句｜【问题】"在我们可以进一步探究腊烛芯的长度"——"腊烛"应为"蜡烛"，且"在"字多余或位置不当。｜【依据】rubric_mapping: E1｜【建议】改为"我们可以进一步探究蜡烛芯的长度"。
7. 【位置】任务1活动1参考示例表格｜【问题】表格表头使用"酥油比例/%""酥油质量/g"，而教案正文已统一使用"起酥油"，术语不一致。｜【依据】rubric_mapping: E3｜【建议】将参考示例表格中的"酥油"全部改为"起酥油"，与正文保持一致。
╔══ 学情适配专家 ═══ 12:01:43 （用时 34.4s）

── 修改意见 ──
1. 【位置】项目导引 / 活动2“深入探究影响蜡烛燃烧的因素”中【实验探究】（一氧化碳传感器实验）｜【问题】该实验未标注时间分配与组织形式（如实验操作几分钟、数据记录几分钟、组内讨论几分钟）｜【依据】rubric_mapping: B2｜【建议】标注“教师演示实验3 min → 小组记录数据2 min → 组内讨论产物差异5 min → 全班分享3 min”，使该环节具备可执行颗粒度

2. 【位置】项目导引 / 活动1“明确高质量应急蜡烛性能特点”中【交流研讨】“我设计的应急蜡烛及困惑”｜【问题】学生可能画出不合理设计或提出偏离燃烧三要素的困惑，但教案未提供教师预设的典型误区及应对策略｜【依据】rubric_mapping: B3｜【建议】补充预设：学生可能忽略烛芯作用而只关注蜡体形状，或误认为蜡烛越粗燃烧越久。教师可追问“烛芯长度对燃烧有何影响？”引导学生关注棉线变量，预期答案为“烛芯过短蜡液吸附不足易熄灭，过长则燃烧不充分产生黑烟”

3. 【位置】项目导引 / 【项目策划】中【“KWL”自我评价】｜【问题】KWL表格要求学生填写K栏和W栏，但后续任务1—3中未体现教师如何实质使用KWL产出（如参考W栏调整教学重点、在L栏追踪学习进展）｜【依据】rubric_mapping: D3｜【建议】在任务1开头增加一句教师引导语：“请回顾KWL表中W栏写下的问题，今天我们先解决与石蜡成分配比相关的问题”；在项目成果展示中要求学生在L栏补充完整并作为过程性评价依据之一

4. 【位置】任务2 / 活动1“调控棉线股数对蜡烛燃烧的影响”中【演示实验】｜【问题】该演示实验由教师操作，学生仅观察记录，未标注学生观察记录的具体组织形式与时间｜【依据】rubric_mapping: B2｜【建议】标注“教师依次点燃6种棉线股数蜡烛（每根约30秒），学生两人一组同步填写观察记录表（2 min），全班汇总现象并讨论最佳股数范围（3 min）”

5. 【位置】任务3 / 活动1“对蜡烛结构进行优化统整”中【实验探究】｜【问题】该实验探究涉及多变量组合（酥油比例×棉线股数×棉线长度），但未提供预设的学生常见困难（如学生可能同时改变多个变量导致无法归因）及教师支架策略｜【依据】rubric_mapping: B3｜【建议】补充预设：学生可能试图同时改变酥油比例和棉线股数。教师可提示“如果同时改变两个变量，你能确定是哪个变量导致燃烧变化吗？请先固定一个变量，每次只改变一个参数”，并预期学生能说出“先固定酥油比例40%，只改变棉线股数”

  [主持人] 汇总合并中...
  [主持人] 用时 81.3s
╔══ 主持人冲突分析 ═══
经分析三位专家的第二轮意见，存在以下冲突：

1. **冲突一：任务1评价量规与项目导引双轨量规不一致**
   - 素养导向教研员（r_literacy）指出项目导引已设置双轨量规，但任务1仍使用旧版单轨量规，建议统一或说明关系。
   - 学情适配专家未直接涉及此点，但教案中任务1的量规确实与项目导引不同。
   - **裁决：采纳r_literacy建议。** 将任务1的评价量规调整为与项目导引一致的双轨结构，并标注“过程性评价量规”；项目导引的量规标注“终结性评价量规”。同时调整任务1量规的具体维度描述，使其适配任务1内容（石蜡成分配比与用量调控）。

2. **冲突二：参考示例表格的呈现方式**
   - 素养导向教研员（r_literacy）建议将参考示例表格移至附录或明确仅供教师备用，避免削弱学生自主设计。
   - 学科内容专家（r_subject）要求修正表格中“酥油”为“起酥油”。
   - **裁决：合并。** 保留表格但添加明确说明“以下示例仅供教师备用，待各小组完成自主设计并展示后再发放用于对比讨论”，同时修正术语。

3. **冲突三：演示实验的解释方式**
   - 素养导向教研员（r_literacy）建议将教师直接解释改为小组讨论解释，以促进思维参与。
   - 学科内容专家（r_subject）指出原解释存在知识性错误，需修正为“输送更多蜡液”而非“提供更多氧气”。
   - **裁决：合并。** 采纳r_literacy的流程建议（小组讨论解释后再全班分享），同时采纳r_subject的学科修正。

其他建议均为互补或独立，无冲突，全部采纳。

**合并后的修改计划：**
- (来自 r_literacy, r_subject, r_learner) **项目导引→活动2【实验探究】（一氧化碳传感器实验）**：补充时间分配与组织形式。
- (来自 r_subject) **项目导引→活动2【实验探究】（酒精灯部分）**：修正安全说明；修改触摸棉线操作为用玻璃棒蘸取酒精闻气味。
- (来自 r_learner) **项目导引→活动1【交流研讨】**：补充教师预设典型误区及应对策略。
- (来自 r_literacy) **项目导引→【自我评价】评价量规**：添加标注“终结性评价量规”。
- (来自 r_learner) **KWL表格使用**：在任务1开头增加引导语回顾W栏；在项目成果中要求补充L栏。
- (来自 r_literacy, r_subject) **任务1→活动1【交流研讨】**：将参考示例表格添加说明并修正术语为“起酥油”。
- (来自 r_subject) **任务1→活动1【动手实践】**：修正酒精灯操作顺序为先盖灭再移走。
- (来自 r_literacy) **任务1→【自我反思】评价量规**：调整为双轨结构，标注“过程性评价量规”。
- (来自 r_literacy) **任务2开头**：补充情境回扣。
- (来自 r_subject) **任务2→活动1标题**：修正语病（删除“才”）。
- (来自 r_literacy, r_subject, r_learner) **任务2→活动1【演示实验】**：改为小组讨论解释；修正错误表述；补充学生观察记录的组织形式与时间。
- (来自 r_subject) **任务2→活动2【实验探究】首句**：修正语病（“腊烛”改为“蜡烛”，删除多余“在”）。
- (来自 r_literacy) **任务3开头**：补充情境回扣。
- (来自 r_learner) **任务3→活动1【实验探究】**：补充预设学生常见困难及教师支架策略。
    ✓ 合并完成

  合并后教案预览（前200字）:
    # 基于对化学反应认识与调控的项目学习——应急蜡烛的设计与制作

设计团队：某教育研究团队（信息已按合作协议脱敏）

## 项目简介

蜡烛，是一种日常照明工具。在文艺作品中，蜡烛有牺牲、奉献的象征意义。应急蜡烛是应急救援包中的必备物资之一，它具有照明、取暖、定性判断氧气是否充足（火焰熄灭提示缺氧）和保存火种的重要作用。当意外来临的时候，它超长的燃烧时间可以带给人们光亮和希望，进而展开自救和互救，...

  [评审专家] 评审中...
  评审用时 15.2s
  总分: 89/100 (上一轮: 89) | should_stop: True
  评分明细: A=2, B=15, C=20, D=13, E=9, F=30

  ✓ 达到终止条件，打磨完成。

============================================================
最终教案:

# 基于对化学反应认识与调控的项目学习——应急蜡烛的设计与制作

设计团队：某教育研究团队（信息已按合作协议脱敏）

## 项目简介

蜡烛，是一种日常照明工具。在文艺作品中，蜡烛有牺牲、奉献的象征意义。应急蜡烛是应急救援包中的必备物资之一，它具有照明、取暖、定性判断氧气是否充足（火焰熄灭提示缺氧）和保存火种的重要作用。当意外来临的时候，它超长的燃烧时间可以带给人们光亮和希望，进而展开自救和互救，将生命财产损失降至最低。应急蜡烛为什么能持续燃烧那么长时间？为什么应急蜡烛都是“矮胖子”？为什么要在石蜡中添加起酥油？为什么蜡烛要放在金属壳里？通过本项目的学习，我们将揭开应急蜡烛的神秘面纱。应用化学、道德与法治、数学、物理、通用技术等相关学科的知识技能，开展一次跨学科实践活动。在设计和制作应急蜡烛的真实体验中，丰富对化学变化的认识角度，并学会调控；将认识的深度从宏观现象逐渐深入到微观、符号、定量、表征的水平。

**本项目要驱动的核心问题是：如何设计并制作一支在户外应急场景下能稳定燃烧36小时的高质量蜡烛？**（来源：r_literacy, r_learner；理由：将分散问题提炼为开放、统领性的驱动性问题）

## 项目目标

（以下目标均改写为“能……”句式，并根据高中化学课标修正素养名称）（来源：r_literacy；理由：素养目标行为化，符合学段课标）

1. 【科学探究与创新意识】能根据应急蜡烛的性能要求，设计实验方案并记录数据，了解工艺生产的一般流程。
2. 【证据推理与模型认知】能基于燃烧三要素（可燃物、氧气、温度达到着火点）解释蜡烛燃烧现象，并运用化学反应的物质变化、反应条件、反应现象和元素守恒等知识进行推理。
3. 【科学探究与创新意识】能运用控制变量法设计对照实验，了解系统与模型、比例与定量等跨学科大概念。
4. 【科学态度与社会责任】能在小组合作中积极贡献，进行自我评价和生生互评，培养应急安全意识。
5. 【科学态度与社会责任】能了解我国古代蜡烛文化的发展历程，在项目成果中引用至少一则相关史实，增强文化自信，培养家国情怀。（来源：r_literacy, r_subject；理由：补充素养标签，并为目标5设计可检核的活动）

## 项目导引：认识蜡烛的充分燃烧

### 【项目背景】

蜡烛，是一种日常照明工具。公元前三千年，古埃及人把芦苇插在融化的牛脂内制成最早的蜡烛。晋代之后，蜡烛在我国开始使用，在传统文化中，具有牺牲、奉献的象征意义。19世纪，随着石油开采技术的发展，成本更低且燃烧无异味的石蜡逐渐替代动物油脂，成为制作蜡烛的原料。

2021年我国应急管理部制定并发布全国基础版家庭应急物资储备建议清单，鼓励各地因地制宜加速制定扩充版清单。在多地的扩充版清单中，应急蜡烛都是应急救援包中的必备物资之一。

*（图略 ×2）*

### 【开启项目】

在现实生活中，露营活动越来越受欢迎，但电力供应不稳定的情况时有发生。应急蜡烛在这种场景下十分有用。下面我们围绕应急蜡烛来学习燃烧的有关化学知识。

（来源：r_literacy；理由：保留“露营”作为应急救灾的一个具体应用场景，但项目主情境仍为“应急救灾”）

---

**【调查分析】** 我们先来想一想，点燃一支应急蜡烛能解决怎样的困境？

---

在露营地停电的时候，应急蜡烛能够提供光源，起到照明的作用。本项目要研究的核心问题是：如何设计并制作一支在户外应急场景下能稳定燃烧36小时的高质量蜡烛？围绕这个问题，我们将利用石蜡、棉线、金属容器等基础材料制作蜡烛，学习和巩固燃烧的相关知识。最终每位同学需提交实验报告，并完成课堂练习。

### 【项目策划】

#### 活动1：明确高质量应急蜡烛性能特点

蜡烛本身的结构非常简单，仅由石蜡和烛芯（棉线）两部分构成。现在请同学们进行分组，小组内进行研讨，尽可能详细的设计一款应急蜡烛，并记录设计过程中产生的疑问。

---

**【组建小组】**

1. 分组方式：参考大家的意愿，老师已经按照同学们的特质，组成4人异质小组（建议：组内异质，组间同质）。

2. 角色分工：请同学们组内自行分工，合作完成各项任务。

**【交流研讨】** 我设计的应急蜡烛及困惑，请大家简单记录同学们交流研讨的内容。

| 应急蜡烛的设计图 |  |
| --- | --- |
| 我们的困惑 |  |

（来源：r_learner；理由：补充教师预设典型误区及应对策略）**教师预设**：学生可能忽略烛芯作用而只关注蜡体形状，或误认为蜡烛越粗燃烧越久。教师可追问“烛芯长度对燃烧有何影响？”引导学生关注棉线变量，预期答案为“烛芯过短蜡液吸附不足易熄灭，过长则燃烧不充分产生黑烟”。

**【“KWL”自我评价】**

为了让大家激活前知、明确学习目标并跟踪学习收获，请同学们利用下述表格进行自我监控与学习管理。请大家先填写“K和W栏”，可以在交流研讨中进一步完善自己的表格。

班级：\_\_\_\_\_\_\_\_　　姓名：\_\_\_\_\_\_\_\_　　日期：\_\_\_\_\_\_\_\_

| K（已知） | W（想知） | L（学知） |
| --- | --- | --- |
| 我已经知道的关于蜡烛和燃烧的知识： | 我想在这个项目中探究的问题： | 我在项目中学到的新知识： |
|  |  |  |
|  |  |  |

使用说明：

1. 项目开始前：填写 K 和 W 栏，充分激活前概念和兴趣点；
2. 项目进行中：随时在 L 栏补充学到的新知识、新方法；
3. 项目结束后：回顾 W 栏是否得到解答，L 栏是否完整，进行最终总结反思。

---

那么什么样的产品符合使用者的基本要求？同学们在以往使用蜡烛的时候，你有没有看到过类似的现象，比如蜡烛燃烧时看到有黑烟产生；有时候火焰会一跳一跳的，很不稳定；有的时候蜡烛外层没有融化，形成一个壳，里面有个很深的坑里，坑里汪着熔化的石蜡油……这些都是蜡烛质量不合格的表现。

目前，我国尚未制定应急蜡烛的国家标准，产品检验按照普通蜡烛或罐装蜡烛执行。我们先来分析一下与应急蜡烛更为接近的罐装蜡烛的国家标准，分析一下各项指标是由蜡烛哪部分结构决定的？

---

**【资料卡片】**

*（图略：罐装蜡烛国家标准资料）*

**【交流研讨】**

请阅读罐装蜡烛的国家标准，指出高质量应急蜡烛应该具备哪些性能？

---

高质量的应急蜡烛应具备以下性能特点：首先，它的燃烧时长要过关，以满足在紧急情况下持续照明的需求。其次，应急蜡烛需要具备较好的燃烧性能，无可视黑烟，且高度稳定；在热稳定性上，能够在规定温度下不变形、不变色；同时，应急蜡烛还应该满足基本的安全性、放置稳定性等基本性能。

为了能够实现制作出一款合格的应急蜡烛，我们可以先明确产品功能目标和改进的基本原理，再基于此详细具体地设计产品各要素和结构的改进方向和方法。

#### 活动2：深入探究影响蜡烛燃烧的因素

燃烧的三要素分别是氧气、可燃物和温度达到着火点，氧气对于处在开放环境的蜡烛来说是充足的，蜡烛的主要成分石蜡和棉线都是可燃物，那为什么每根蜡烛都要配备棉线呢，接下来我们对蜡烛燃烧的原因进行探究。

---

**【实验探究】**（图略）

石蜡和棉线都是可燃物，蜡烛燃烧时烧的是棉线还是石蜡呢？请设计实验证明。

右图的烧杯中弥漫着蜡烛蒸汽，没有棉线的情况下，小木条难以点燃石蜡；只点燃棉线，燃烧速率非常快，也和点燃蜡烛时的现象差距较大。结合燃烧的条件试着说明。为什么有了棉线后，蜡烛就能燃烧了呢？棉线的作用又是什么？

现在我们拿出一只酒精灯，用干净的玻璃棒蘸取少量酒精，闻其气味（来源：r_subject；理由：避免安全隐患）。观察灯芯浸润酒精的情况。点燃酒精灯，观察火焰大小。现在熄灭酒精灯，将酒精灯灯芯剪短一半，再点燃酒精灯，观察火焰大小。想一想酒精灯的灯芯有怎样的作用？

---

蜡烛燃烧的主体可燃物是石蜡。没有棉线时石蜡没有燃烧是因为达不到石蜡的着火点。棉线的作用就是使少量的熔化的石蜡源源不断地通过毛细作用上升到棉线的顶端，这样石蜡受热气化后更容易达到着火点。

酒精灯的原理跟蜡烛相同，灯芯本身浸润了酒精，由于毛细作用，酒精顺着灯芯到达顶端。灯芯顶端的酒精蒸汽和空气中的氧气充分接触所以可以被点燃，毛细作用又会使壶中的酒精源源不断地到达灯芯顶端，燃烧的温度足够使这些酒精再次蒸发成蒸汽，使燃烧的过程持续下去。需要注意的是，酒精灯内的酒精不能超过容积的2/3，因为酒精受热膨胀可能溢出引发火灾；同时壶内酒精蒸汽过多也存在爆燃风险（来源：r_subject；理由：修正安全说明，补充主因）。

在蜡烛燃烧过程中，我们还会发现有黑烟产生，这是因为石蜡的燃烧产生了炭黑。那么，除了二氧化碳和炭黑，蜡烛燃烧还会产生其他含碳物质吗？

---

**【实验探究】**

实验准备：蜡烛、一氧化碳传感器、密封罩

实验过程：将蜡烛放在密闭空间内燃烧，利用一氧化碳传感器分别测定燃烧前和燃烧后体系中一氧化碳的 ppm 值。（图略）

（来源：r_learner；理由：标注时间分配与组织形式）**实验组织**：教师演示实验3 min → 小组记录数据2 min → 组内讨论产物差异5 min → 全班分享3 min。

**【交流研讨】**

为什么反应物都是石蜡，产物却可能是二氧化碳、一氧化碳甚至是炭黑？假定石蜡的平均化学式为 $C_{25}H_{52}$，氧气和石蜡的质量比至少为多少的时候能够使石蜡完全燃烧产生二氧化碳和水？

---

$$C_{25}H_{52} + 38O_2 \xrightarrow{\text{点燃}} 25CO_2 + 26H_2O$$

（来源：r_subject；理由：修正为完全燃烧的正确方程式）

在该体系中燃烧前一氧化碳的 ppm 值为 8，燃烧后 ppm 值为 30，证明了蜡烛燃烧的过程中有可能还会有一氧化碳产生。写出蜡烛燃烧产生炭黑和水、一氧化碳和水、二氧化碳和水的化学方程式，就能发现相同质量的蜡烛燃烧时，氧气含量不同，产物不同。氧气和石蜡的质量比大于等于 $1216:352$ 时，石蜡才能完全燃烧产生二氧化碳。（来源：r_subject；理由：修正为完全燃烧的质量比）

人们点燃蜡烛基本都在空气中，空气中的氧气的含量为 21%，火焰周围的氧气量基本保持恒定，所以调节氧气充足这个措施在使蜡烛充分燃烧这个情境中并不容易做到。那有什么具体措施使蜡烛燃烧充分不产生一氧化碳和炭黑？

---

**【自主思考】** 根据燃烧的条件，思考使蜡烛充分燃烧的可能措施有哪些？（建议时长：独立思考2 min → 组内交流3 min → 全班分享5 min）（来源：r_learner；理由：标注时间分配与组织形式）

**【交流研讨】** 与小组成员交流你想到的使蜡烛充分燃烧的可能措施，分享时需要明确考虑了燃烧的什么条件、采取的措施如何改变了燃烧条件。

---

蜡烛燃烧时，可燃物是石蜡，氧气来自空气，而温度则由蜡烛的火焰提供。要让蜡烛充分燃烧，应该从这三个条件入手，尤其是如何优化氧气供应和提高燃烧效率，减少不完全燃烧的情况。在刚才的探究中，我们已经了解了棉线在蜡烛燃烧时发挥的作用，其实棉线的股数会影响蜡油的吸取量，从而影响氧气和石蜡燃烧的质量比，也会影响蜡烛的充分燃烧。

---

**【独立思考】**

总结对蜡烛充分燃烧的探究、论证过程，进一步从物质变化、反应现象、元素守恒等视角认识化学反应，建立认识化学反应的系统思维模型。

---

在蜡烛燃烧反应中，可燃物和氧气本质上是化学反应的反应物，而温度达到着火点是反应条件，反应物和反应条件共同决定了生成物种类。同时，反应物和反应条件都是可调控的。例如：在氧气量和浓度几乎不变的情况下，可以通过调节棉线的股数来调节反应物的量，从而保证氧气为充足的状态。而可燃物及燃点也同样会影响蜡烛的燃烧，这里我们后续将继续探究。

*（图略）*

#### 活动3：进行设计与制作应急蜡烛的任务策划

蜡烛仅由石蜡和烛芯（棉线）组成，大家可以列举一下制作蜡烛时蜡烛可以有哪些不同，如形状、粗细、质量……，棉线的长短、粗细……等问题同样可能影响燃烧的情况。

为了能够实现制作出一款合格的应急蜡烛，我们可以先把所有能想到的性能优化目标及对应的需要调整的蜡烛结构列出来，再按照合理的顺序去解决。解决的方法离不开实践，这就是项目规划。设计一款产品的方案，从来都不是一蹴而就的，而是需要反复地论证与优化。

---

**【交流研讨】** 进行设计制作一款应急蜡烛的项目策划

本项目目标是设计制作应急蜡烛，我们要达成这个总目标，需要设计哪些核心任务呢？针对每个任务进行怎样的调查或实验探究活动呢？项目完成后，我们又可以针对哪些内容进行项目展示呢？请大家围绕我们形成的燃烧调控认识模型以及制作蜡烛的过程进行交流研讨，并将讨论的结果填入下面的表格中。

在讨论过程中，同学们需大声表达出自己的看法，并且记录在“四色便利贴”上；其他同学可以利用“是的，而且……”的句式，在承认他人观点的基础上加入自己的创新元素。最后，整理记录的点子，以形成最终方案，实现有效的合作与创造。

|  | 核心任务设计 | 拟优化性能与蜡烛结构 | 调查或实验探究活动（详细规划猜想、材料选择、实验过程、数据处理与结果分析等过程） |
| --- | --- | --- | --- |
| 任务1 |  |  |  |
| 任务2 |  |  |  |
| 任务3 |  |  |  |
| …… |  |  |  |

**【总结反思】**

我们进行应急蜡烛优化方案的设计，实际上是一个“设计调控”任务，即对复杂系统内在结构与外在功能进行操作调整，以实现最优的性能和效果，请你根据项目策划过程总结、反思、提炼这一类任务的问题解决思路。

**【自我评价】**

对照自我反思清单梳理在上述任务中的个人收获与发展，总结进度并反思待改进之处：

反思量表：

| 反思问题 | 我的回答 |
| --- | --- |
| 我是否完整总结了“设计调控”类任务的问题解决思路？ |  |
| 我是否形成了认识化学反应的系统思维模型？ |  |
| 我们的任务已经进展到了哪个阶段？对最终的成果有什么帮助？ |  |

**终结性评价量规（双轨）**（来源：r_literacy, r_learner；理由：按PBL要求设置双轨评价，标注为终结性）

**问题解决成果轨**

| 评价维度 | 水平1 | 水平2 | 水平3 |
| --- | --- | --- | --- |
| 蜡烛设计方案的科学性与可行性 | 能列出蜡烛的组成部分（石蜡、棉线），但未考虑具体参数（比例、质量、股数）。 | 能基于实验数据（如酥油比例、燃烧速率）选择部分参数，但方案整体性不足（如未考虑成本或稳定性）。 | 能综合运用所有实验数据（酥油比例、石蜡质量、棉线股数与长度），设计出燃烧时长≥36小时、稳定性好、成本合理的蜡烛方案。 |
| 文化溯源 | 未提及或引用错误。 | 能正确引用至少一则中国古代蜡烛史实。 | 能引用史实并说明其如何影响或启发自己的设计选择。 |

**个人成长成果轨**

| 评价维度 | 水平1 | 水平2 | 水平3 |
| --- | --- | --- | --- |
| 实验设计能力 | 能识别自变量和因变量，但控制变量不完整。 | 能识别并控制关键变量，设计多组对照实验。 | 能系统设计实验，并用图表（如m-t曲线）处理数据，分析误差。 |
| 协作贡献与反思 | 能参与小组讨论，但贡献有限。 | 能主动承担任务，与成员有效沟通，并在反思中提出具体改进点。 | 能领导小组解决问题，协调分歧，并在反思中提出可迁移的解决思路。 |

---

优化调控类任务的问题解决思路，首先要明确目标性能，然后分析影响目标性能的关键因素，接着设计实验进行探究，找到最佳的调控方案，最后进行实践验证和优化。同学们已经基本掌握了“设计调控”任务的问题解决思路；通常，在这类任务中第一步就是要明确设计调控的目标，接下来不仅要找出影响目标的关键要素，还需对要素之间的关系进行系统分析，寻找问题解决的基本方向和思路，就像在本项目中我们不仅要知道蜡烛结构会影响关键性能，还建立了调控模型知道了这些性能与蜡烛结构之间的对应关系，从而为接下来更加精细具体的实验方案设计与结构调控打下基础，最后我们还需要综合统整，确保将各个子系统和组件整合成一个完整的系统。

蜡烛的结构主要分为蜡体和棉线，我们也依次从这两方面进行考虑，分别对蜡烛的燃烧时长、热稳定性及燃烧性能进行调控。在真实世界中在蜡烛优化设计之后，还需要对其质量进行测试与控制并为其设计辅助其发挥功能的包装，因此我们还需要增加任务4：蜡烛的质量测试与生产包装设计。通过任务1至任务4的逐步实施，我们可以全面考虑并优化应急蜡烛的各个方面，从而制作出符合使用者基本要求的高质量应急蜡烛。

### 【项目成果】

在本项目中，你将成为一名应急蜡烛设计师。在每个任务结束后，你需要整理好对应的实验报告（包括猜想、材料选择、实验过程、数据处理与结果分析等），对蜡烛的设计方案进行相应的优化迭代；在项目结束，你将用海报/PPT/视频等方式展示你的最终版设计方案。展示内容需包含“文化溯源”模块，引用至少一则中国古代蜡烛史实，说明其如何影响或启发你的设计选择。（来源：r_literacy, r_learner；理由：落实目标5的检核活动）同时，请将KWL表中的L栏补充完整，作为过程性评价依据之一（来源：r_learner；理由：实质使用KWL产出）。我们将从过程资料的丰富性、设计思路的完整性对你的汇报进行评价，如果你能够将你的设计转化为实物产品，则更加锦上添花哦。

除了设计方案以外，你通过对整个燃烧项目的学习，逐渐体会到对反应进行调控的思路与方法，初步形成学习框架，基于思维导图的形式将设计应急蜡烛和化学变化学习结合，对燃烧进行解释。我们会在课后评选出最佳小组。

教师将在项目结束时，结合各小组的过程表现与最终成果进行综合评价，评选出最佳小组。

## 任务1：调控石蜡成分配比及用量并制作蜡烛模型

我们首先优化蜡烛的石蜡部分，请大家思考我们可以调控石蜡的哪些因素来改善蜡烛的性能呢？

（来源：r_literacy；理由：在任务开头回扣“应急救灾”情境）**情境回扣**：救灾包中的蜡烛需耐受35℃不变形，这如何影响你的配方选择？

（来源：r_learner；理由：实质使用KWL产出）**教师引导**：请回顾KWL表中W栏写下的问题，今天我们先解决与石蜡成分配比相关的问题。

---

**【任务策划】**

在项目导引中策划了项目任务，同时总结形成了设计调控的问题解决思路。请你参考同样的思路，对石蜡的关键变量进行调控策划。

请大家进行小组讨论开展策划，可以利用下方的“合作讨论生态监控表”提高讨论效率，用流程图辅助思考实验设计，并将结果填写在表格中：

*（图略：合作讨论生态监控表）*

*（图略：实验设计流程图）*

| 拟优化的蜡烛性能 | 拟优化的石蜡变量 | 实验设计 |
| --- | --- | --- |
|  |  |  |
|  |  |  |

*（图略）*

---

常见的石蜡种类主要有全精炼石蜡、半精炼石蜡和粗石蜡三种，我们做蜡烛常用半精炼石蜡。为了使蜡烛满足35℃不变软、55℃不融化，我们需要添加起酥油调控石蜡的融化范围以提升热稳定性；同时，我们还要测算需要多少质量的石蜡才能保证燃烧时长，并塑造合适的蜡烛形状，接下来我们就开始进行测试。

### 活动1：调控蜡烛的成分配比

交流讨论：市面上卖的应急蜡烛往往加入起酥油。大家根据已有的知识，大胆分析，为什么会往石蜡里面加起酥油？

（来源：r_subject；理由：全文统一术语）

---

**【资料卡片】**

把物质均匀混合之后，形成的混合物熔点往往会改变，这种现象非常普遍，像合金就是这样。起酥油和硬脂酸钠是常见的蜡烛添加剂，添加硬脂酸钠能增加蜡烛的硬度；起酥油是精炼的动植物油脂、氢化油或上述油脂的混合物。在应急蜡烛的制作过程中经常要加入起酥油，这可能和起酥油哪些方面的性质有关？

- 硬脂酸钠熔化范围：245~255℃；可燃
- 起酥油熔化范围较低，大约在40℃上下；可燃
- 石蜡熔化范围：50~60℃；可燃

---

根据国标对蜡烛提出的质量要求，添加起酥油改变熔点后，蜡烛应该35℃不软，55℃不融化。作为燃烧三要素的可燃物改变之后，燃烧所需氧气的量、燃烧速率等也会改变，制作蜡烛所需的所有数据都需要进行重新测定。

---

**【交流研讨】** 起酥油的添加量会影响蜡烛的熔点，设计实验确定起酥油合适的添加量，使蜡烛35℃不软，55℃不融化。请大家简单记录同学们交流研讨的内容。如实验目的、实验步骤、可能出现的实验现象和对应的结论。

（来源：r_literacy；理由：改为半开放支架式，学生自主设计）**实验设计提示**：请小组自主设计实验方案。自变量范围为起酥油比例（10%~90%），控制变量为蜡烛总质量。请自行设计具体梯度、总质量和记录表。

| 实验编号 | 起酥油质量/g | 石蜡质量/g | 是否符合35℃不软 | 是否符合55℃熔化 | …… |
| --- | --- | --- | --- | --- | --- |
| 1 |  |  |  |  |  |
| 2 |  |  |  |  |  |
| 3 |  |  |  |  |  |
| … |  |  |  |  |  |

---

**参考示例**（仅供教师备用，待各小组完成自主设计并展示后再发放用于对比讨论）（来源：r_literacy, r_subject；理由：避免削弱学生自主设计，同时修正术语）：

| 实验编号 | 起酥油比例/% | 蜡烛总质量/g | 起酥油质量/g | 石蜡质量/g |
| --- | --- | --- | --- | --- |
| 1 | 10% | 13 | 1.3 | 11.7 |
| 2 | 20% | 13 | 2.6 | 10.4 |
| 3 | 30% | 13 | 3.9 | 9.1 |
| 4 | 40% | 13 | 5.2 | 7.8 |
| 5 | 50% | 13 | 6.5 | 6.5 |
| 6 | 60% | 13 | 7.8 | 5.2 |
| 7 | 70% | 13 | 9.1 | 3.9 |
| 8 | 80% | 13 | 10.4 | 2.6 |
| 9 | 90% | 13 | 11.7 | 1.3 |

---

**【动手实践】** 制作起酥油含量不同的蜡烛样品

首先要量取一定质量的起酥油和石蜡，放在金属罐中加热；加热过程中需要搅拌，我们以前用玻璃棒，这次我们可以用什么替代？搅拌的时候还需要加持仪器，可以选用镊子或者坩埚钳。融化之后等待冷却。先用线粘一下加热后的石蜡液体，待冷却后，趁蜡烛微微变硬，有一点半透明时，将放凉之后变坚硬的棉芯插在蜡烛中。（图略）

各组分别制作不同起酥油添加比例的蜡烛样品，混合均匀之后先用灯帽盖灭酒精灯，再将其移走（来源：r_subject；理由：安全操作顺序），不用把金属罐拿下来。

我们把含10%起酥油的蜡烛样品命名为1号，把含20%起酥油的蜡烛样品命名为2号，以此类推。

**【动手实践】** 在35℃和55℃下测试蜡烛样品的硬度和熔化程度

*（图略）*

首先将水浴锅设定在35℃，把蜡烛放进水浴中恒温，当蜡烛表面达到温度后，用玻璃棒按压蜡烛表面。发现6、7、8、9号样品太软了，不符合国家标准。

升温至55℃，发现4、5号样品会往外渗出起酥油，1、2、3号样品微微变软，熔点比4、5号样品高。所以起酥油添加比40%-50%最佳。

**【动手实践】** 测量蜡烛小样的蜡池直径

*（图略）*

点燃1-5号样品，持续燃烧一定时间，待形成稳定大小的蜡池后，熄灭蜡烛，测量蜡池的直径。蜡池直径随起酥油含量增加而增加，但40%和50%的小样蜡池直径变化不大，都在 $3.6\ \text{cm}$ 左右。由于起酥油成本较高，添加40%为最佳。（图略）

---

对于建立规律类的问题，我们通常的问题解决思路是：确定建立规律的目标→拆解要素并转化为变量，筛选关键变量→通过实验等手段获取信息，构建变量之间的关系→权衡调节不同变量关系的权重，抓住主要矛盾形成规律。在之后我们遇到相似类型的任务可以优先考虑迁移问题解决思路。

在确定起酥油含量的过程中，我们首先通过理论分析和资料查询，了解到添加起酥油可以降低蜡烛的熔点，从而可能解决蜡烛空壳的问题。接着，我们设计了实验，通过控制变量法，固定蜡烛的总质量，改变起酥油与石蜡的比例，制作了不同起酥油含量的蜡烛样品。

经过上述实验，我们确定了起酥油的最佳添加比例为蜡烛总质量的40%。（图略）当我们制作出无石蜡壳的蜡烛样品后，出现了另一个问题。金属罐变得非常烫手，这个问题如何解决呢？常见的包装材料，如纸和塑料都可燃，存在安全隐患；也不适合再增加包装物的重量。经反复实验，发现保留 $3\ \text{mm}$ 厚的石蜡壳隔热效果较好，可利用石蜡壳隔热。所以应急蜡烛可以按照直径 $4.2\ \text{cm} \sim 4.3\ \text{cm}$ 进行制作。

### 活动2：确定石蜡的质量

应急蜡烛作为等待救援的物资，需要燃烧24-36小时，我们可以先按36小时来设计。我们如何确定这样一支蜡烛需要多少质量的石蜡？想要确定36h的燃烧需要多少石蜡，就要知道蜡烛燃烧的速率。

---

**【交流研讨】**

以小组为单位进行实验方案设计，测量蜡烛燃烧36小时，需要多少石蜡。并写出具体的实验步骤（实验步骤要有可操作性）。

---

同学们的方案应该都包含了多次测量，取平均值的步骤。方案一：让蜡烛持续燃烧36小时，并在点燃前和熄灭后，分别测量蜡烛质量。方案二：测量燃烧一小时所需要石蜡的质量，然后再乘以36小时。哪种方案更加合理呢？好像方案二所需时间更短，更加简便，但该方法成立的前提是先需要证明蜡烛的燃烧是接近匀速的。

（来源：r_learner；理由：补充预设误区及应对策略）**教师预设**：如果学生默认方案二可行却未验证匀速性，教师可追问“如果燃烧速率不是匀速，方案二还成立吗？如何验证？”预期答案要点：通过绘制m-t曲线判断线性关系，若为一次函数则燃烧速率接近匀速。

---

**【交流研讨】**

小组合作，参考测试蜡烛成分配比的实验设计思路，设计实验确定石蜡的质量。

在实验设计时，可以思考以下问题：

- 该问题的任务类型是什么，问题解决思路是什么？
- 该问题解决思路是否与该实验完全匹配？如果利用该问题解决思路应该怎么设计实验？
- 该实验的自变量、因变量和干扰变量分别是什么？应该如何控制干扰变量？

**【方法导引】**

同学们可以在电脑上绘制 $m\text{-}t$ 图像，如图所示，蜡烛燃烧速率接近匀速，根据一次函数的涵义，斜率即为燃烧的平均速率，约为 $0.06$。

已知石蜡的密度为 $0.9\ \text{g/cm}^3$，请同学们计算出燃烧36小时所需石蜡的体积。

---

影响蜡烛燃烧速率的因素有很多，比如棉线的股数、棉线在火焰中的长短，再比如石蜡的纯度、添加剂种类、蜡烛的粗细等。在该测定蜡烛燃烧速率的实验中，这些因素都是需要控制的变量。考虑到应急蜡烛燃烧时间长，所需蜡烛质量较多，我们选择在活动一中确定好的40%起酥油配比的石蜡，设计为约 $4\ \text{cm}$，棉线为18股的蜡烛进行实验。另外，精密电子天平的使用要符合规范，不能将蜡烛一直放在天平上进行数据采集。每次读数后，要将燃着的蜡烛放回桌面上，等待 30 s 后再放在天平上进行称量。

*（图略）*

通过测量与数据处理，我们发现，蜡烛的燃烧速率在实验条件下确实接近匀速，这验证了方案二的合理性。基于燃烧速率为 $0.06\ \text{g/min}$，36小时即2160分钟，所需石蜡的总质量为 $0.06\ \text{g/min} \times 2160\ \text{min} = 129.6\ \text{g}$。

接下来，利用已知的石蜡密度 $0.9\ \text{g/cm}^3$，我们可以计算出所需石蜡的体积。体积 $V$ 等于质量 $m$ 除以密度 $\rho$，即 $V = 129.6\ \text{g} \div 0.9\ \text{g/cm}^3 = 144\ \text{cm}^3$。这意味着，为了制作一支能够燃烧36小时的应急蜡烛，我们需要大约 $144\ \text{cm}^3$ 的石蜡。

### 活动3：塑造应急蜡烛的形状

根据计算，蜡烛体积约为 $144\ \text{cm}^3$，设计立体形状，模拟制作应急蜡烛成品，并等比例画在学案中的草图上。思考：为什么捏成这个立体形状？依据什么？

---

**【动手实践】** 塑造应急蜡烛

用 $144\ \text{cm}^3$ 的超轻粘土，模拟制作应急蜡烛成品立体形状。（图略）

*（图略）*

立方体、圆柱体？“矮胖子”和“瘦高个”哪个更合理？请说明原因。（图略）

较粗的蜡烛燃烧会出现熔不掉的外壳，所以不能设计得过粗。因为熔化的石蜡会形成一个圆柱状的小坑，所以一般蜡烛都设计成圆柱体的形状。如果是立方体，边角位置不能融化的蜡更多，这样蜡烛肯定不能燃烧36小时。

测量18股棉线的蜡烛模型，蜡池的直径大概 $3\ \text{cm}$ 左右。请按照 $3\ \text{cm}$ 直径，将超轻黏土塑造成圆柱体。结果怎样？这样的应急蜡烛符合要求吗？

---

如果直径塑造成 $3\ \text{cm}$ 的话，长度约为 $20\ \text{cm}$，非常容易折断，不利于保存。可将蜡烛调整为直径 $4\ \text{cm}$、长度约 $11.5\ \text{cm}$ 的圆柱体（$V = \pi r^2 h \approx 3.14 \times 2^2 \times 11.5 \approx 144\ \text{cm}^3$），既通过降低高度避免蜡烛被折断，又避免了过粗导致的外层蜡浪费。如果为了进一步减小高度继续增大直径，但是直径比较大的话，就会有空壳现象产生，会造成资源的浪费，而且燃烧时长也不达标。

右图显示了 $144\ \text{cm}^3$ 的超轻黏土被塑造成不同直径的蜡烛时的长度，很明显，有的放置稳定性是很差的。前面我们是按照持续燃烧36小时进行的蜡烛总量的计算，现在由于蜡池直径无法提升，我们可以适当减少燃烧时长，降低蜡烛总质量，使应急蜡烛的长度缩短，提高其放置稳定性。（图略）

---

**【自我反思】**

对照自我反思清单梳理在上述任务中的个人收获与发展，总结进度并反思待改进之处：

反思量表：

| 反思问题 | 我的回答 |
| --- | --- |
| 本次任务中，我是否明确了要解决的问题类型？ |  |
| 我是否运用了“设计调控”类任务的问题解决思路？ |  |
| 我在实验中是否清晰识别了自变量、因变量和干扰变量？ |  |
| 我们的任务已经进展到了哪个阶段？对最终的成果有什么帮助？ |  |

**过程性评价量规（双轨）**（来源：r_literacy；理由：调整为与项目导引一致的双轨结构，标注为过程性）

**问题解决成果轨**

| 评价维度 | 水平1 | 水平2 | 水平3 |
| --- | --- | --- | --- |
| 石蜡配比方案的科学性 | 能列出石蜡和起酥油两种成分，但未考虑具体比例。 | 能基于实验数据（如35℃/55℃硬度测试）选择起酥油比例范围，但未结合蜡池直径优化。 | 能综合硬度测试和蜡池直径数据，选择成本合理的起酥油最佳比例（40%），并说明理由。 |

**个人成长成果轨**

| 评价维度 | 水平1 | 水平2 | 水平3 |
| --- | --- | --- | --- |
| 实验设计与数据处理 | 能识别自变量（起酥油比例）和因变量（熔点），但控制变量不完整（如未控制总质量）。 | 能识别并控制关键变量（总质量），设计多组对照实验，并记录数据，但数据处理较为简单（如仅记录平均值）。 | 能系统设计实验，用图表呈现数据（如比例-硬度关系图），分析异常值原因，并得出定量结论。 |
| 协同合作 | 体现小组合作，有简单的任务分工，成员合作完成部分任务。 | 分工较为明确，每个成员都能在探究活动中发挥作用，展现较为充分的合作。 | 分工明确合理，每个成员都积极参与，互相沟通、互相帮助、共同克服困难完成任务。 |

---

### 【任务1】总结反思

**知识归纳**

能想到通过测定蜡烛燃烧速度的方法计算出燃烧36小时需要多少石蜡。通过小组讨论，能得出测定蜡烛燃烧速度的具体可行操作；能意识到如果蜡烛燃烧接近匀速，就可以通过测定蜡烛一段时间的燃烧速度来表示整个过程的燃烧速度。

能够结合数学作图和斜率，以及物理质量和密度的相关知识，得出蜡烛燃烧的速度，进而得出燃烧36小时所需石蜡的质量，然后再根据石蜡的密度算出所需石蜡的体积。

当燃烧三要素中的可燃物发生改变，参加反应的氧气的含量、燃烧的速率等都会发生改变。

**能力发展**

从跨学科角度初步分析和解决实际问题，体会系统思维能力，构建蜡烛燃烧速度测定 $v = m/t$ 模型。选用黏土模拟出蜡烛形状，真切地感受产品比例关系，发现其中的问题。

通过对黏土模拟蜡烛的形状进行分析，发现需要改变燃烧物质才能解决问题，并对加入物质的性质进行思考；从而培养透过现象看本质的辩证唯物主义精神。

通过进一步体会化学品的选择和使用与物质性质的重要关系，形成合理使用化学品的意识。建立新的调控化学反应的视角即调控物质的内在组成。

通过调查资料，将在蜡烛中添加物质进行具体化落实。

**检查进度**

通过本任务的学习，我们首先将蜡烛的热稳定性作为因变量、将石蜡成分配比作为自变量，通过实验测试出了合适的石蜡与起酥油配比，接着，我们将燃烧时长作为因变量、石蜡质量作为自变量，控制干扰变量测出了蜡烛燃烧时长与用量之间呈一次函数关系；最后，我们对超轻黏土模拟的蜡烛形状进行了深入分析，找出了最佳设计比例，以确保应急蜡烛既能稳定燃烧36小时，又具备良好的放置稳定性和实用性。

## 任务2：调控棉线使蜡烛充分燃烧

（来源：r_literacy；理由：补充情境回扣）**情境回扣**：救灾场景中蜡烛需无黑烟稳定燃烧，棉线的选择如何影响这一性能？

本任务我们对棉线进行调控，细化棉线的调控策略，以确保蜡烛能够充分燃烧。

---

**【任务策划】**

请大家继续利用“合作讨论生态监控表”进行小组讨论，自主拆解棉线相关变量，梳理自变量、因变量以及无关变量，并自主设计实验方案进行测试。在进行任务策划时，大家可以利用下面的思维导图梳理问题解决思路：

*（图略：问题解决思路思维导图）*

---

在调控棉线相关变量时，我们依旧采用的是变量调控的思路：在明确调控目标是燃烧充分、不产生黑烟，保证蜡烛的燃烧性能，其次进行自变量、因变量和无关变量的梳理，最后设计实验验证变量之间的关系，并给出调控结果。

首先，我们固定棉线的长度，通过改变棉线的股数来观察其对蜡烛燃烧的影响。其次，我们可以固定棉线的股数，通过调整棉线的长度来探究其对蜡烛燃烧情况的作用。在实验中，需详细记录不同棉线股数和长度下蜡烛的燃烧状态，包括燃烧是否稳定、火焰大小以及是否有黑烟产生等，以便后续分析。同时，为确保实验结果的准确性，每次实验应保证其他条件一致，避免其他因素的干扰。通过这样的实验设计，我们期望能找到最佳的棉线股数和长度组合，使得应急蜡烛能够充分且高效地燃烧。

### 活动1：调控棉线股数对蜡烛燃烧的影响

在之前的探究中，我们已经知道棉线的股数也会影响蜡烛的充分燃烧。那么，棉线的粗细到底会对蜡烛的燃烧产生怎样的影响？（来源：r_subject；理由：删除多余“才”）

---

**【演示实验】**

*（图略）*

教师演示：将不同股数的棉线（6股、12股、18股、24股、48股、96股）分别插入起酥油比例为40%的石蜡罐中央，依次点燃。

（来源：r_learner；理由：标注学生观察记录的组织形式与时间）**观察组织**：教师依次点燃6种棉线股数蜡烛（每根约30秒），学生两人一组同步填写观察记录表（2 min），全班汇总现象并讨论最佳股数范围（3 min）。

（来源：r_literacy；理由：将教师直接解释改为小组讨论解释）**小组讨论**：请小组根据观察到的现象，讨论并尝试解释不同股数棉线导致不同燃烧结果的原因。然后全班分享，教师补充或修正。

---

通过观察演示实验的现象可知12股、6股棉线蜡烛燃烧时火焰太小容易熄灭；96股和48股棉线蜡烛燃烧时火焰太大，容易产生黑烟；所以可以选择24股或者18股的棉线来制作蜡烛。

在实验中，我们能够发现大股数棉线可能使火焰更大，但也可能更容易产生黑烟；较少股数棉线火焰较小，可能还容易熄灭。这主要是因为棉线的股数影响了蜡液的输送量（来源：r_subject；理由：修正错误表述）。大股数的棉线通过毛细作用输送更多蜡液到火焰中，使火焰更大，消耗更多氧气；若供氧不足则易产生黑烟。相反，较少股数的棉线输送蜡液不足，导致蜡烛燃烧不充分，火焰较小，且容易熄灭。因此，我们需要找到一个合适的棉线股数，既能保证蜡烛的稳定燃烧，又能避免黑烟的产生。

此外，我们还需要注意，在实验过程中要确保安全，避免火灾等意外事故的发生。同时，要认真记录实验数据，仔细分析实验结果，以便得出准确的结论。

### 活动2：调控棉线长度对蜡烛燃烧的影响

除了棉线的股数，棉线的材质、蜡烛芯的长度等因素也可能对蜡烛的燃烧产生影响。在这里，我们使用统一材质的棉线，我们可以进一步探究蜡烛芯的长度对蜡烛燃烧的具体影响，以优化应急蜡烛的设计。（来源：r_subject；理由：修正“腊烛”为“蜡烛”，删除多余“在”）

---

**【实验探究】**

每小组领取多根材质、股数相同，但长度不同（如 2cm、4cm、6cm、8cm、10cm）的棉线。将这些棉线分别插入起酥油比例为40%的石蜡罐中央。

依次点燃用不同长度棉线制作的蜡烛，仔细观察并记录蜡烛燃烧时的火焰高度、火焰颜色变化、是否产生黑烟、燃烧过程中蜡烛的稳定性（如火焰是否晃动、是否容易熄灭）等现象。

持续观察15分钟，并将观察到的现象和数据详细记录在实验表格中。

**【方法导引】** 在进行实验时，同学们需要使用合适的实验表格对实验结果进行记录，便于后续的数据处理与分析，推荐同学们采用以下实验记录表：

| 棉线长度（cm） | 火焰高度（cm） | 火焰颜色 | 是否产生黑烟 | 燃烧稳定性（描述火焰晃动及熄灭情况） | 观察到的其他现象 |
| --- | --- | --- | --- | --- | --- |
| 2 |  |  |  |  |  |
| 4 |  |  |  |  |  |
| 6 |  |  |  |  |  |
| …… |  |  |  |  |  |

**【交流研讨】**

组内交流：各小组整理实验记录，推选一名代表，准备在全班分享小组的实验过程、观察到的现象以及初步结论。

组间交流：对比不同小组的实验结果，思考为什么有些小组的实验现象和数据会存在差异，是实验操作的问题，还是其他因素导致的。

组内反思：本次实验的问题解决思路是什么，与之前的实验有何异同？

---

实验结果显示，棉线长度在 $4\ \text{cm}$ 至 $6\ \text{cm}$ 之间的蜡烛燃烧最为稳定，火焰高度适中，且不易产生黑烟。而当棉线长度过短或过长时，蜡烛的燃烧稳定性均有所下降。较短棉线可能因蜡液吸附不足导致火焰不稳定，而过长棉线则可能因燃烧不充分产生更多黑烟。

---

**【自我反思】**

对照自我反思清单梳理在上述任务中的个人收获与发展，总结进度并反思待改进之处：

反思量表：

| 反思问题 | 我的回答 |
| --- | --- |
| 本次任务中，我是否明确了要解决的问题类型？ |  |
| 我是否运用了“设计调控”类任务的问题解决思路？ |  |
| 我在实验中是否清晰识别了自变量、因变量和干扰变量？ |  |
| 我们的任务已经进展到了哪个阶段？对最终的成果有什么帮助？ |  |

---

### 【任务2】总结反思

通过本任务的学习，同学们收获了知识、锻炼了能力、增强了合作意识，为后续任务打下了坚实基础。

## 任务3：蜡烛结构统整与生产包装设计

（来源：r_literacy；理由：补充情境回扣）**情境回扣**：综合所有参数后，你的蜡烛能否真正满足救灾包36小时使用需求？

蜡烛的结构设计并不仅限于棉线的调控，还包括蜡烛的整体形状、蜡油的分布以及可能的附加功能等。设计一款产品的方案，从来都不是一蹴而就的，而是需要反复地论证与优化。

在本次活动中，我们需要对蜡烛的整体结构进行进一步的优化统整。这包括考虑石蜡和棉线组合后的参数、是否添加额外的功能等。

为了进行这一优化统整，我们可以先通过小组讨论，集思广益，提出多种可能的蜡烛结构设计方案。然后，我们进行燃烧实验测试，最后，我们可以利用黏土或其他可塑材料制作出这些设计的模型，以便更直观地观察和评估它们的效果。在评估过程中，我们可以考虑多个维度，如蜡烛的稳定性、燃烧效率、美观度以及生产成本等。

通过这样的优化设计过程，我们期望能够找到一种既实用又美观的蜡烛结构设计方案，为后续的生产包装设计提供坚实的基础。

### 活动1：对蜡烛结构进行优化统整

我们知道石蜡的成分配比、质量、结构以及棉线的长短和粗细都能够影响蜡烛的燃烧，而如何将这些因素综合起来，形成一个质量合格又美观的蜡烛结构，是我们当前面临的主要挑战。

下面，请大家进行小组合作，设计实验方案，选择出合适的石蜡与棉线的组合参数，对蜡烛的整体结构进行优化。在这一过程中，我们需要充分考虑蜡烛的实用性，即其燃烧效率、稳定性以及燃烧时长等关键因素。同时，美观度也是不可忽视的一环，一个设计精良、外观优雅的蜡烛不仅能够提升使用体验，还能在市场上获得更好的竞争力。

---

**【交流研讨】**

小组之间进行交流研讨，设计实验确定石蜡与棉线的最佳组合参数，自主设计记录表进行实验方案设计及结果记录。

各小组在确定好自己的方案之后，请领导管理者到其他小组中进行沟通交流，学习其他的组的方案，再回到自己组中对自己的方案进行进一步的优化完善。

**【实验探究】**

为了确保实验的准确性和有效性，需要制定一个详细的实验计划。首先，基于之前的研究成果，即石蜡的最佳添加比例为蜡烛总质量的40%-50%，以及棉线的最佳股数为18或24股、最佳长度为4-6cm，设计一系列的实验组合。这些组合将涵盖不同的石蜡质量、起酥油含量以及棉线的具体股数和长度，以确保能够全面探索各种可能性。我们可以先探究合适的起酥油比例、棉线股数、棉线长度，根据总质量一定的情况下，蜡烛燃烧速率计算出燃烧24~36小时所需的石蜡质量。

同学们可将不同的起酥油比例、棉线股数和长度组合起来，多做几组实验，记录每种组合下蜡烛的燃烧情况，比较哪种组合的效果最好。

在实验过程中，采用控制变量的方法，每次只改变一个参数，以便准确评估其对蜡烛燃烧性能的影响。详细记录每种组合下蜡烛的燃烧状态，包括火焰的稳定性、高度、颜色以及是否产生黑烟等，同时也会关注蜡烛的外观美观度。

完成实验后，对收集到的数据进行分析，以确定最佳的石蜡与棉线组合参数。这一步骤将涉及对数据的整理和统计，以及对不同组合下蜡烛燃烧性能的对比分析。最终，根据实验结果，选择出既能保证蜡烛稳定、充分燃烧，又具有良好外观美观度的组合参数。

（来源：r_learner；理由：补充预设学生常见困难及教师支架策略）**教师预设**：学生可能试图同时改变起酥油比例和棉线股数。教师可提示“如果同时改变两个变量，你能确定是哪个变量导致燃烧变化吗？请先固定一个变量，每次只改变一个参数”。预期学生能说出“先固定起酥油比例40%，只改变棉线股数”。

---

在设计实验方案时，我们可以先设定一系列不同的石蜡与棉线组合参数，然后通过燃烧实验来测试这些组合的性能。在实验中，我们需要详细记录蜡烛的燃烧状态、火焰大小、稳定性以及燃烧时长等数据，以便后续的分析和比较。

除了燃烧性能外，我们还需要考虑蜡烛的美观度。这包括蜡烛的形状、颜色、纹理以及可能的附加装饰等元素。在小组讨论中，我们可以充分发挥想象力，提出多种创意设计方案。然后，我们可以利用黏土或其他可塑材料制作出这些设计的模型，以便更直观地观察和评估它们的效果。

在评估过程中，我们需要综合考虑多个维度，包括蜡烛的稳定性、燃烧效率、美观度以及生产成本等。通过权衡这些因素，我们可以选择出最合适的蜡烛结构设计方案，为后续的生产包装设计提供有力的支持。

### 活动2：设计蜡烛的包装及生产方案

我们已经设计出能够满足露营地应急需求的蜡烛。接下来，我们需要考虑如何为这些蜡烛设计合适的包装以及制定生产方案。包装不仅要美观，吸引消费者眼球，更重要的是要具有保护性和功能性。

---

**【交流研讨】**

请同学们进行小组合作，讨论露营地应急蜡烛包装需要哪些材料、具备哪些要素，各小组绘制初步的设计草图，标注材料选择和结构特点。

大家可以先分别设计，再利用下述决策矩阵选择出合适的方案：

| 评估维度 | 说明 | 权重（%） | 方案A | 方案B | 方案C | 方案D |
| --- | --- | --- | --- | --- | --- | --- |
| 安全性（1-5分） | 包装是否防燃、防漏、防摔，是否避免使用易燃材料 | 25% |  |  |  |  |
| 实用性（1-5分） | 是否便于携带、易于打开、具有防风/防倒功能 | 20% |  |  |  |  |
| 美观性（1-5分） | 外观设计是否吸引人，是否符合目标用户（露营者）审美 | 15% |  |  |  |  |
| 成本控制（1-5分） | 材料成本是否合理，是否易于批量生产 | 20% |  |  |  |  |
| 创新性（1-5分） | 是否有独特设计（如集成火柴、可折叠支架、观察窗等） | 10% |  |  |  |  |
| 环保性（1-5分） | 是否使用可回收或可降解材料 | 10% |  |  |  |  |
| 总分 |  | 100% |  |  |  |  |

---

在设计包装时，需要注重包装的实用性和美观性。首先，包装材料需要具备一定的防潮、防破损功能，以保证蜡烛在储存和运输过程中的质量。其次，包装设计需要简洁明了，能够清晰地展示产品的信息和特点，可以印刷上产品的名称、成分、使用方法和注意事项等信息，方便用户了解和使用。

---

**【深度倾听】**

汇报并讨论各个小组的作品，思考不同方案在安全性、创新性、可行性上的差异。结合老师和其他小组的建议，反思自己小组方案的不足之处，对包装设计进行优化。

| 汇报者 | 我听到的内容 | 我的质疑 | 我的建议 |
| --- | --- | --- | --- |
| 甲组 |  |  |  |

---

现在我们已经设计了理想的应急蜡烛及其包装，接下来我们需要出具一份该产品的工业生产流程，以便进行规模化生产。

---

**【资料阅读】**

在真实世界中，蜡烛的生产过程主要分为三步：

第一步是原料处理与熔化。将固体蜡料（如石蜡、蜂蜡等）投入熔化锅中，通过蒸汽或电加热至60-80℃使其熔化为液态，同时过滤去除杂质（如灰尘、固体颗粒），确保蜡液纯净。随后将预处理好的烛芯（棉线或纤维线）按规格裁切，备用。

第二步是成型与冷却。将液态蜡通过管道注入金属或硅胶模具，模具内预先固定烛芯（底部用夹子或定位器固定，确保居中）。注入后静置冷却至室温（或通过冷水浴加速凝固），待蜡料完全固化后脱模，形成蜡烛毛坯。

第三步是整理与包装。对脱模后的蜡烛进行修剪（如剪去多余烛芯，修正边缘毛刺），部分产品需进行表面处理（如抛光、印花）。通过自动化流水线进行质量检测（如重量、高度、烛芯垂直度），合格产品装入包装盒，完成贴标、封箱等工序。

**【交流研讨】**

根据资料中提供的信息，组内进行讨论，设计应急蜡烛的生产方案，绘制“生产流程图”。

---

在设计生产方案时，各组同学充分讨论了应急蜡烛生产的各个环节，并绘制了详细的生产流程图。流程图涵盖了原料准备、熔化与过滤、烛芯处理、模具成型、冷却固化、修剪与表面处理、质量检测以及包装入库等关键步骤。

为了确保应急蜡烛的质量，各组还特别注意了原料的选择与处理。应选用高质量的石蜡作为主要原料，并严格控制熔化温度和时间，以确保蜡液的纯净度和流动性。同时，烛芯的选择与处理也至关重要，应选用耐高温、不易燃烧的棉线作为烛芯，并对其进行了精细的裁切和固定，以确保蜡烛的燃烧效果和安全性。质量检测环节更是不可或缺，可采用自动化流水线进行重量、高度、烛芯垂直度等多方面的检测，确保每一支蜡烛都符合质量标准。最后，合格的产品被装入精美的包装盒，贴上标签，封箱入库，等待销售。通过这样的生产方案，我们相信能够制作出高质量的应急蜡烛，满足露营地的应急需求。

---

**【反思优化】**

对比各个小组的作品，思考不同工业生产流程的异同之处。

结合老师和其他小组的建议，反思自己小组方案的不足之处，对生产方案进行优化。

**【自我反思】**

对照自我反思清单梳理在上述任务中的个人收获与发展，总结进度并反思待改进之处：

反思量表：

| 反思问题 | 我的回答 |
| --- | --- |
| 本次任务中，我是否明确了要解决的问题类型？ |  |
| 我是否运用了“设计调控”类任务的问题解决思路？ |  |
| 我在实验中是否清晰识别了自变量、因变量和干扰变量？ |  |
| 在本次设计蜡烛包装及生产方案的任务中，我是否从实用性、美观性、成本控制、创新性和环保性考虑方案设计？ |  |
| 我是否利用决策矩阵与同学们进行充分探讨选择最优方案？ |  |
| 我们的任务已经进展到了哪个阶段？对最终的成果有什么帮助？ |  |

---

在优化生产方案的过程中，同学们发现了一些可以改进的地方并对应地补充完善了自己小组的方案。至此我们已经完整地经历了应急蜡烛从设计到生产的全过程。通过动手实践、分享展示、交流研讨、原型对比和反思优化等环节，我们不仅深入理解了化学反应的认识与调控，还学会了如何将理论知识应用于实际问题的解决中。

### 【任务3】总结反思

**知识归纳**

燃烧测试：同学们掌握了通过计算燃烧一定质量石蜡所需时间，按比例推算整根蜡烛燃烧时长的方法，明确了在燃烧测试中需保持蜡烛各参数一致以确保结果准确性。同时，学会从燃烧时长、稳定性（火焰高度、是否跳动、黑烟情况）、安全性（蜡池是否倾斜等）多维度观察记录，还了解到环境因素（风力、湿度、海拔、温度）、包装材料及密封性对蜡烛燃烧性能的影响。

包装设计：认识到应急蜡烛包装需兼具美观、保护与功能性，理解不同包装材料（如金属壳、纸质壳体、塑料盒）在防护性、成本等方面的特点，学会根据实际需求选择材料与创新结构设计，如可折叠支架、防滑底座、火焰观察窗、火柴/点火器收纳区等。

生产方案：熟悉蜡烛工业生产的主要步骤，包括原料处理与熔化（蜡料熔化、过滤杂质、裁切烛芯）、成型与冷却（注入模具、冷却脱模）、整理与包装（修剪、表面处理、质量检测、包装入库），并能依据此设计应急蜡烛生产方案，明确各环节关键要点，如原料选择与处理、烛芯固定、质量检测指标等。

*（图略）*

**能力发展**

通过设计燃烧测试方案（含数据记录表格、可视化分析图表），提升了实验设计与数据处理能力，能将燃烧速率、蜡池直径等数据转化为 $m\text{-}t$ 曲线图等直观成果；在包装设计与生产流程绘制中，综合运用跨学科知识（如材料特性、结构稳定性），培养了工程思维与创新实践能力；通过小组合作优化方案（如改进包装防潮设计、调整生产工序顺序），增强了团队协作与问题解决能力。

**检查进度**

通过本任务的学习，你又进一步了解了应急蜡烛的制作过程，完成了应急蜡烛的质量测试（验证燃烧时长达标、无明显黑烟）和生产包装方案设计（含材料选择、生产流程图），解决了规模化生产中的关键技术问题（如蜡液纯度控制、烛芯居中定位）。

*（图略）*

在此基础上，请你完成以下任务：

（1）通过对应急蜡烛燃烧项目的学习，梳理知识脉络和学习逻辑框架，完成一份思维导图，体现完整性、逻辑性、创新性。

（2）在课堂上我们已经进行了多次应急蜡烛设计方案的迭代修改，请你以小组的形式设计创意蜡烛，使得蜡烛能够应用在不同场景中，准备材料包括但不限于PPT/视频/海报……

  → .\outputs_practice\demo001_CHEM01_polished.md
  → .\outputs_practice\demo001_CHEM01_process.json

==================================================
运行格式自检...
================================================================
附录 D 提交契约自查报告
目标目录: G:\.Study\.CS\repo\Xpert\code\outputs_practice
================================================================

-- WARN (4) ----------------------------------------
[WARN] STR-04  demo001_BIO01_polished.md: 未发现'过程/任务'类标题（教学过程/任务链/教学环节…）
         修复: 教学过程/任务链是核心结构件，请确认标题可被识别。
[WARN] STR-04  demo001_CHN01_polished.md: 未发现'过程/任务'类标题（教学过程/任务链/教学环节…）
         修复: 教学过程/任务链是核心结构件，请确认标题可被识别。
[WARN] SCH-08  demo001_CHN01_process.json: roles 仅 2 个（工程实现目标要求 ≥3 个差异化专家角色）
         修复: 确认专家角色数量满足需求文档第三节；主持人不计入专家角色数。
[WARN] STR-04  demo001_MATH02_polished.md: 未发现'过程/任务'类标题（教学过程/任务链/教学环节…）
         修复: 教学过程/任务链是核心结构件，请确认标题可被识别。

-- PASS (18) ----------------------------------------
[PASS] NAME-OK 发现 5 对命名合规且成对的提交文件
[PASS] ENC-OK  demo001_BIO01_polished.md: UTF-8 编码、非空（5260 字符）
[PASS] TEX-OK  demo001_BIO01_polished.md: LaTeX 定界符配对正常（$$ ×0, $ ×0）
[PASS] JSN-OK  demo001_BIO01_process.json: Schema 校验通过（roles ×5, discussion ×15, modifications ×67）
[PASS] ENC-OK  demo001_CHEM01_polished.md: UTF-8 编码、非空（22824 字符）
[PASS] TEX-OK  demo001_CHEM01_polished.md: LaTeX 定界符配对正常（$$ ×2, $ ×62）
[PASS] STR-OK  demo001_CHEM01_polished.md: 标题结构粗检通过（检出 7 个一/二级标题）
[PASS] JSN-OK  demo001_CHEM01_process.json: Schema 校验通过（roles ×5, discussion ×10, modifications ×48）
[PASS] ENC-OK  demo001_CHN01_polished.md: UTF-8 编码、非空（5017 字符）
[PASS] TEX-OK  demo001_CHN01_polished.md: LaTeX 定界符配对正常（$$ ×0, $ ×0）
[PASS] JSN-OK  demo001_CHN01_process.json: Schema 校验通过（roles ×2, discussion ×4, modifications ×25）
[PASS] ENC-OK  demo001_MATH01_polished.md: UTF-8 编码、非空（3963 字符）
[PASS] TEX-OK  demo001_MATH01_polished.md: LaTeX 定界符配对正常（$$ ×0, $ ×38）
[PASS] STR-OK  demo001_MATH01_polished.md: 标题结构粗检通过（检出 7 个一/二级标题）
[PASS] JSN-OK  demo001_MATH01_process.json: Schema 校验通过（roles ×5, discussion ×15, modifications ×45）
[PASS] ENC-OK  demo001_MATH02_polished.md: UTF-8 编码、非空（2125 字符）
[PASS] TEX-OK  demo001_MATH02_polished.md: LaTeX 定界符配对正常（$$ ×0, $ ×8）
[PASS] JSN-OK  demo001_MATH02_process.json: Schema 校验通过（roles ×5, discussion ×25, modifications ×125）

================================================================
结论: WARN — 契约层通过，可提交；4 项警告建议处理（结构类警告不处理的评分后果自负）。
================================================================

